[Simulation Monitor: 12]
[2025-04-09 11:51:03.450 -0400] [PROCESS] [cadence.virtuoso.ade.simulationMonitor] - Started the simulation monitor process {"hostname": "ece-linlabsrv01.ece.gatech.edu", "processid": 254977, "logfile": "/nethome/rgoel68/ECE3150/logs_rgoel68/logs0/Job12.log", "simulation monitor command line": "/tools/software/cadence/ic/23.10.120/tools.lnx86/dfII/bin/64bit/spectreMonitor --davinciService DaVinciService_2985901_1744206451 --axlsession fnxSession3 -lscs 000175E1894CBE06FF0966E38F1FFC06BC4D65B0C578C406D07B6FA78410926AD02470F28B50992BD92E69ED90048F74DD2F32AE9C019928D92E011518786B61DBBB00001DA3 -beanhost ece-linlabsrv01.ece.gatech.edu -beanport 11486 -beanLogFile /nethome/rgoel68/ECE3150/logs_rgoel68/logs0/amps_Job12.log -beanbinlog  --domain 0 --interactive yes --netlistOpt no --useMultiPointEvaluation yes --exprEvalShowJobStderr yes --evalSimParallel no --maxSims 0 --historyName ExplorerRun.0 --historyUUID  --exprEvaluator vds --mcMapping mc1.mapping --checkLogStatusInterval 0 --checkSimulatorLogTimeout 1200 --exprEvalMaxTries 3 --maxNFSSyncWait 60 -adeBrokerAddress ece-linlabsrv01.ece.gatech.edu:33605 --fromADE true --virtuosoBinary virtuoso --guiDisplay ece-linlabsrv01.ece.gatech.edu:175 --globalStatus 60 --evaluateMultiMC yes --evalOnSimFail SkipFailedAnalyses --numRetriesOnError 1 --fenixMode explorer --lingertimeout 300 -ahdlLockTimeout 60 --sdbLib project_3 --sdbCell Synchronous_16_bit_add_subtractor --sdbView maestro --heartBeatFileDir /dev/shm --id 12 --uuid 94b71685-1bff-4c50-b2c4-3f8fbaf5f192 --log /nethome/rgoel68/ECE3150/logs_rgoel68/logs0/Job12.log "}
[2025-04-09 11:51:03.450 -0400] [PROCESS] [cadence.virtuoso.ade.simulationMonitor] - Started the simulation monitor process {"hostname": "ece-linlabsrv01.ece.gatech.edu", "processid": 254977, "logfile": "/nethome/rgoel68/ECE3150/logs_rgoel68/logs0/Job12.log", "current directory": "/nethome/rgoel68/ECE3150"}
[2025-04-09 11:51:03.451 -0400] [PROCESS] [cadence.virtuoso.ade.simulationMonitor] - Simulation Monitor has successfully started up. Trying to set up communication channels to other components ... {"hostname": "ece-linlabsrv01.ece.gatech.edu", "processid": 254977, "logfile": "/nethome/rgoel68/ECE3150/logs_rgoel68/logs0/Job12.log"}
[2025-04-09 11:51:03.453 -0400] [PROCESS] [cadence.virtuoso.ade.simulationMonitor] - Communication channels have been successfully set up. Start processing events ... {"hostname": "ece-linlabsrv01.ece.gatech.edu", "processid": 254977, "logfile": "/nethome/rgoel68/ECE3150/logs_rgoel68/logs0/Job12.log"}
[2025-04-09 11:51:03.453 -0400] [PROCESS] [cadence.virtuoso.ade.simulationMonitor] - Considering to start history {"hostname": "ece-linlabsrv01.ece.gatech.edu", "processid": 254977, "history": "ExplorerRun.0", "logfile": "/nethome/rgoel68/ECE3150/logs_rgoel68/logs0/Job12.log"}
[2025-04-09 11:51:03.461 -0400] [PROCESS] [cadence.virtuoso.ade.simulationMonitor] - Padding test token found for runId '3', Linger time '300', currentRunSyn '6', currentTestSyn '7' {"hostname": "ece-linlabsrv01.ece.gatech.edu", "processid": 254977, "history": "ExplorerRun.0", "logfile": "/nethome/rgoel68/ECE3150/logs_rgoel68/logs0/Job12.log"}
[2025-04-09 11:51:03.491 -0400] [PROCESS] [cadence.virtuoso.ade.simulationMonitor] - Padding test token found for runId '3', Linger time '300', currentRunSyn '6', currentTestSyn '7' {"hostname": "ece-linlabsrv01.ece.gatech.edu", "processid": 254977, "history": "ExplorerRun.0", "logfile": "/nethome/rgoel68/ECE3150/logs_rgoel68/logs0/Job12.log"}
[2025-04-09 11:51:03.636 -0400] [PROCESS] [cadence.virtuoso.ade.simulationMonitor] - Padding test token found for runId '3', Linger time '300', currentRunSyn '6', currentTestSyn '7' {"hostname": "ece-linlabsrv01.ece.gatech.edu", "processid": 254977, "history": "ExplorerRun.0", "logfile": "/nethome/rgoel68/ECE3150/logs_rgoel68/logs0/Job12.log"}
[2025-04-09 11:51:04.003 -0400] [PROCESS] [cadence.virtuoso.ade.simulationMonitor] - HostInfo:
Host name (type):	ece-linlabsrv01.ece.gatech.edu (x86_64)
Operating system:	Linux 4.18.0-553.44.1.el8_10.x86_64 #1 SMP Wed Mar 5 10:48:41 EST 2025 {"hostname": "ece-linlabsrv01.ece.gatech.edu", "processid": 254977, "history": "ExplorerRun.0", "logfile": "/nethome/rgoel68/ECE3150/logs_rgoel68/logs0/Job12.log", "nodename": "ece-linlabsrv01.ece.gatech.edu", "domainname": "(none)", "machine": "x86_64", "sysname": "Linux", "release": "4.18.0-553.44.1.el8_10.x86_64", "version": "#1 SMP Wed Mar 5 10:48:41 EST 2025"}
[2025-04-09 11:51:04.003 -0400] [PROCESS] [cadence.virtuoso.ade.simulationMonitor] - UsageInfo:
pid=254977
totalPhysicalMemory=186.850849GB,Used=78.991562GB,totalVirtualMemory=250.850845GB,Used=105.565506GB
Cpu: Cores=112, Load average:4.780000,5.090000,5.940000 {"hostname": "ece-linlabsrv01.ece.gatech.edu", "processid": 254977, "history": "ExplorerRun.0", "logfile": "/nethome/rgoel68/ECE3150/logs_rgoel68/logs0/Job12.log", "pid": "254977", "totalPhysicalMemory": "186.850849", "physicalMemoryUsed": "78.991562", "totalVirtualMemory": "250.850845", "virtualMemoryUsed": "105.565506", "cpuCores": "112", "processes": "8540", "loadAverage1": "4.780000", "loadAverage5": "5.090000", "loadAverage15": "5.940000", "loadAverage1Percent": "0.042679"}
[2025-04-09 11:51:04.009 -0400] [EVENT] [cadence.virtuoso.ade.simulationMonitor] - NewPoint {"history": "ExplorerRun.0", "point": 1, "testname": "project_3_Synchronous_16_bit_add_subtractor_1", "cornername": "Nominal", "event": "NewPoint", "EventSource": "Simulation Monitor", "HistoryName": "ExplorerRun.0", "logFile": "/nethome/rgoel68/ECE3150/logs_rgoel68/logs0/Job12.log", "logFileSize": "5232", "category": "simulation"}
[2025-04-09 11:51:04.211 -0400] [EVENT] [cadence.virtuoso.ade.simulationMonitor] - NewPoint {"history": "ExplorerRun.0", "point": 1, "testname": "project_3_Synchronous_16_bit_add_subtractor_1", "cornername": "Nominal", "event": "NewPoint", "EventSource": "spectre", "HistoryName": "ExplorerRun.0", "logFile": "/nethome/rgoel68/simulation/project_3/Synchronous_16_bit_add_subtractor/maestro/results/maestro/ExplorerRun.0/1/project_3_Synchronous_16_bit_add_subtractor_1/psf/spectre.out", "logFileSize": "-1", "category": "simulation"}
[2025-04-09 11:51:04.425 -0400] [PROCESS] [cadence.virtuoso.ade.simulationMonitor] - Simulator launched {"hostname": "ece-linlabsrv01.ece.gatech.edu", "processid": 254977, "history": "ExplorerRun.0", "testname": "project_3_Synchronous_16_bit_add_subtractor_1", "cornername": "Nominal", "point": 1, "logfile": "/nethome/rgoel68/ECE3150/logs_rgoel68/logs0/Job12.log", "simid": "1", "event": "launch", "category": "simulation"}
[2025-04-09 11:51:04.429 -0400] [PROCESS] [cadence.virtuoso.ade.simulationMonitor] - Expression evaluator launched {"hostname": "ece-linlabsrv01.ece.gatech.edu", "processid": 254977, "history": "ExplorerRun.0", "testname": "project_3_Synchronous_16_bit_add_subtractor_1", "cornername": "Nominal", "point": 1, "logfile": "/nethome/rgoel68/ECE3150/logs_rgoel68/logs0/Job12.log"}
[2025-04-09 11:51:05.058 -0400] [PROCESS] [cadence.virtuoso.ade.simulationMonitor] - Started Simulation {"hostname": "ece-linlabsrv01.ece.gatech.edu", "processid": 254977, "history": "ExplorerRun.0", "testname": "project_3_Synchronous_16_bit_add_subtractor_1", "cornername": "Nominal", "point": 1, "logfile": "/nethome/rgoel68/ECE3150/logs_rgoel68/logs0/Job12.log", "event": "start", "category": "simulation"}
[2025-04-09 11:51:05.559 -0400] [INFO] [cadence.virtuoso.ade.simulationMonitor] - Notice from spectre during Digital Vector read-in.
    Process Vector Files.
    File read: /nethome/rgoel68/ECE3150/sync_adder_tb.vec {"history": "ExplorerRun.0", "point": 1, "testname": "project_3_Synchronous_16_bit_add_subtractor_1", "cornername": "Nominal"}
[2025-04-09 11:51:05.559 -0400] [ERROR] [cadence.virtuoso.ade.simulationMonitor] -     ERROR (SPECTRE-17704): The number of names do not match the number of vectors. Change the number of names to match the number of vectors and run the simulation again.
        
        **** Statement details for above warning or error ****
         Statement: vname       Ctrl A[15:0]  B[15:0]   CLK             ; define the names of the vectors
         File Name: /nethome/rgoel68/ECE3150/sync_adder_tb.vec
         Line Number: 9
        **** End of Statement details **** {"history": "ExplorerRun.0", "point": 1, "testname": "project_3_Synchronous_16_bit_add_subtractor_1", "cornername": "Nominal"}
[2025-04-09 11:51:05.559 -0400] [INFO] [cadence.virtuoso.ade.simulationMonitor] - Peak resident memory used = 178 Mbytes. {"history": "ExplorerRun.0", "point": 1, "testname": "project_3_Synchronous_16_bit_add_subtractor_1", "cornername": "Nominal"}
[2025-04-09 11:51:05.561 -0400] [INFO] [cadence.virtuoso.ade.simulationMonitor] - Time used: CPU = 296 ms, elapsed = 348 ms, util. = 85.2%. {"history": "ExplorerRun.0", "point": 1, "testname": "project_3_Synchronous_16_bit_add_subtractor_1", "cornername": "Nominal"}
[2025-04-09 11:51:05.561 -0400] [INFO] [cadence.virtuoso.ade.simulationMonitor] - Time spent in licensing: elapsed = 42.4 ms, percentage of total = 12.2%. {"history": "ExplorerRun.0", "point": 1, "testname": "project_3_Synchronous_16_bit_add_subtractor_1", "cornername": "Nominal"}
[2025-04-09 11:51:05.562 -0400] [INFO] [cadence.virtuoso.ade.simulationMonitor] - Peak memory used = 180 Mbytes. {"history": "ExplorerRun.0", "point": 1, "testname": "project_3_Synchronous_16_bit_add_subtractor_1", "cornername": "Nominal"}
[2025-04-09 11:51:05.563 -0400] [PROCESS] [cadence.virtuoso.ade.simulationMonitor] - Simulation started at: 11:51:04 AM, Wed Apr 9, 2025, ended at: 11:51:05 AM, Wed Apr 9, 2025, with elapsed time (wall clock): 348 ms. {"history": "ExplorerRun.0", "point": 1, "testname": "project_3_Synchronous_16_bit_add_subtractor_1", "cornername": "Nominal"}
[2025-04-09 11:51:05.564 -0400] [PROCESS] [cadence.virtuoso.ade.simulationMonitor] - spectre completes with 1 error, 0 warnings, and 2 notices. {"history": "ExplorerRun.0", "point": 1, "testname": "project_3_Synchronous_16_bit_add_subtractor_1", "cornername": "Nominal"}
[2025-04-09 11:51:05.564 -0400] [FATAL] [cadence.virtuoso.ade.simulationMonitor] - spectre terminated prematurely due to fatal error. {"history": "ExplorerRun.0", "point": 1, "testname": "project_3_Synchronous_16_bit_add_subtractor_1", "cornername": "Nominal"}
[2025-04-09 11:51:05.564 -0400] [PROCESS] [cadence.virtuoso.ade.simulationMonitor] - Finished simulating for one point {"hostname": "ece-linlabsrv01.ece.gatech.edu", "processid": 254977, "history": "ExplorerRun.0", "testname": "project_3_Synchronous_16_bit_add_subtractor_1", "cornername": "Nominal", "point": 1, "logfile": "/nethome/rgoel68/ECE3150/logs_rgoel68/logs0/Job12.log", "simid": "1", "event": "finish", "category": "simulation"}
[2025-04-09 11:51:05.564 -0400] [ERROR] [cadence.virtuoso.ade.simulationMonitor] - While simulating run ExplorerRun.0, point 1, test project_3_Synchronous_16_bit_add_subtractor_1, received error:
Simulation Error:
 The simulator process returned a non-zero exit code, indicating failure.
The simulator could have crashed or intentionally returned to indicate an error.
Check the simulator log file for more information.  Common causes:
1. Simulator may have crashed during exit even after reporting success in log file.
2. Abrupt automatic simulator termination (e.g., SIGKILL) because the simu... {"history": "ExplorerRun.0", "point": 1, "testname": "project_3_Synchronous_16_bit_add_subtractor_1", "cornername": "Nominal"}
[2025-04-09 11:51:05.564 -0400] [PROCESS] [cadence.virtuoso.ade.simulationMonitor] - Finished Simulation {"hostname": "ece-linlabsrv01.ece.gatech.edu", "processid": 254977, "history": "ExplorerRun.0", "testname": "project_3_Synchronous_16_bit_add_subtractor_1", "cornername": "Nominal", "point": 1, "logfile": "/nethome/rgoel68/ECE3150/logs_rgoel68/logs0/Job12.log", "simid": "1", "event": "finish", "category": "obsolete"}
[2025-04-09 11:52:33.100 -0400] [INFO] [cadence.virtuoso.ade.simulationMonitor] - SimulationMonitor has terminated the vds process '255291', reason: 'Force to stop the expression evalutor process because of new run' {"history": "ExplorerRun.0", "point": 1, "testname": "project_3_Synchronous_16_bit_add_subtractor_1", "cornername": "Nominal"}
[2025-04-09 11:52:33.101 -0400] [PROCESS] [cadence.virtuoso.ade.simulationMonitor] - HostInfo:
Host name (type):	ece-linlabsrv01.ece.gatech.edu (x86_64)
Operating system:	Linux 4.18.0-553.44.1.el8_10.x86_64 #1 SMP Wed Mar 5 10:48:41 EST 2025 {"hostname": "ece-linlabsrv01.ece.gatech.edu", "processid": 254977, "history": "ExplorerRun.0", "testname": "project_3_Synchronous_16_bit_add_subtractor_1", "cornername": "Nominal", "point": 1, "logfile": "/nethome/rgoel68/ECE3150/logs_rgoel68/logs0/Job12.log", "nodename": "ece-linlabsrv01.ece.gatech.edu", "domainname": "(none)", "machine": "x86_64", "sysname": "Linux", "release": "4.18.0-553.44.1.el8_10.x86_64", "version": "#1 SMP Wed Mar 5 10:48:41 EST 2025"}
[2025-04-09 11:52:33.101 -0400] [PROCESS] [cadence.virtuoso.ade.simulationMonitor] - UsageInfo:
pid=254977
totalPhysicalMemory=186.850849GB,Used=78.989269GB,totalVirtualMemory=250.850845GB,Used=105.563213GB
Cpu: Cores=112, Load average:4.190000,4.810000,5.760000 {"hostname": "ece-linlabsrv01.ece.gatech.edu", "processid": 254977, "history": "ExplorerRun.0", "testname": "project_3_Synchronous_16_bit_add_subtractor_1", "cornername": "Nominal", "point": 1, "logfile": "/nethome/rgoel68/ECE3150/logs_rgoel68/logs0/Job12.log", "pid": "254977", "totalPhysicalMemory": "186.850849", "physicalMemoryUsed": "78.989269", "totalVirtualMemory": "250.850845", "virtualMemoryUsed": "105.563213", "cpuCores": "112", "processes": "8539", "loadAverage1": "4.190000", "loadAverage5": "4.810000", "loadAverage15": "5.760000", "loadAverage1Percent": "0.037411"}
[2025-04-09 11:52:33.105 -0400] [EVENT] [cadence.virtuoso.ade.simulationMonitor] - NewPoint {"history": "ExplorerRun.0", "point": 1, "testname": "project_3_Synchronous_16_bit_add_subtractor_1", "cornername": "Nominal", "event": "NewPoint", "EventSource": "Simulation Monitor", "HistoryName": "ExplorerRun.0", "logFile": "/nethome/rgoel68/ECE3150/logs_rgoel68/logs0/Job12.log", "logFileSize": "13836", "category": "simulation"}
[2025-04-09 11:52:33.307 -0400] [EVENT] [cadence.virtuoso.ade.simulationMonitor] - NewPoint {"history": "ExplorerRun.0", "point": 1, "testname": "project_3_Synchronous_16_bit_add_subtractor_1", "cornername": "Nominal", "event": "NewPoint", "EventSource": "spectre", "HistoryName": "ExplorerRun.0", "logFile": "/nethome/rgoel68/simulation/project_3/Synchronous_16_bit_add_subtractor/maestro/results/maestro/ExplorerRun.0/1/project_3_Synchronous_16_bit_add_subtractor_1/psf/spectre.out", "logFileSize": "-1", "category": "simulation"}
[2025-04-09 11:52:33.520 -0400] [PROCESS] [cadence.virtuoso.ade.simulationMonitor] - Simulator launched {"hostname": "ece-linlabsrv01.ece.gatech.edu", "processid": 254977, "history": "ExplorerRun.0", "testname": "project_3_Synchronous_16_bit_add_subtractor_1", "cornername": "Nominal", "point": 1, "logfile": "/nethome/rgoel68/ECE3150/logs_rgoel68/logs0/Job12.log", "simid": "2", "event": "launch", "category": "simulation"}
[2025-04-09 11:52:33.524 -0400] [PROCESS] [cadence.virtuoso.ade.simulationMonitor] - Expression evaluator launched {"hostname": "ece-linlabsrv01.ece.gatech.edu", "processid": 254977, "history": "ExplorerRun.0", "testname": "project_3_Synchronous_16_bit_add_subtractor_1", "cornername": "Nominal", "point": 1, "logfile": "/nethome/rgoel68/ECE3150/logs_rgoel68/logs0/Job12.log"}
[2025-04-09 11:52:34.145 -0400] [PROCESS] [cadence.virtuoso.ade.simulationMonitor] - Started Simulation {"hostname": "ece-linlabsrv01.ece.gatech.edu", "processid": 254977, "history": "ExplorerRun.0", "testname": "project_3_Synchronous_16_bit_add_subtractor_1", "cornername": "Nominal", "point": 1, "logfile": "/nethome/rgoel68/ECE3150/logs_rgoel68/logs0/Job12.log", "event": "start", "category": "simulation"}
[2025-04-09 11:52:34.646 -0400] [INFO] [cadence.virtuoso.ade.simulationMonitor] - Notice from spectre during Digital Vector read-in.
    Process Vector Files.
    File read: /nethome/rgoel68/ECE3150/sync_adder_tb.vec {"history": "ExplorerRun.0", "point": 1, "testname": "project_3_Synchronous_16_bit_add_subtractor_1", "cornername": "Nominal"}
[2025-04-09 11:52:34.646 -0400] [ERROR] [cadence.virtuoso.ade.simulationMonitor] -     ERROR (SPECTRE-17704): The number of names do not match the number of vectors. Change the number of names to match the number of vectors and run the simulation again.
        
        **** Statement details for above warning or error ****
         Statement: vname       Ctrl A<[15:0]>  B<[15:0]> CLK           ; define the names of the vectors
         File Name: /nethome/rgoel68/ECE3150/sync_adder_tb.vec
         Line Number: 9
        **** End of Statement details **** {"history": "ExplorerRun.0", "point": 1, "testname": "project_3_Synchronous_16_bit_add_subtractor_1", "cornername": "Nominal"}
[2025-04-09 11:52:34.647 -0400] [INFO] [cadence.virtuoso.ade.simulationMonitor] - Peak resident memory used = 175 Mbytes. {"history": "ExplorerRun.0", "point": 1, "testname": "project_3_Synchronous_16_bit_add_subtractor_1", "cornername": "Nominal"}
[2025-04-09 11:52:34.651 -0400] [INFO] [cadence.virtuoso.ade.simulationMonitor] - Time used: CPU = 292 ms, elapsed = 333 ms, util. = 87.8%. {"history": "ExplorerRun.0", "point": 1, "testname": "project_3_Synchronous_16_bit_add_subtractor_1", "cornername": "Nominal"}
[2025-04-09 11:52:34.651 -0400] [INFO] [cadence.virtuoso.ade.simulationMonitor] - Time spent in licensing: elapsed = 42.4 ms, percentage of total = 12.7%. {"history": "ExplorerRun.0", "point": 1, "testname": "project_3_Synchronous_16_bit_add_subtractor_1", "cornername": "Nominal"}
[2025-04-09 11:52:34.652 -0400] [INFO] [cadence.virtuoso.ade.simulationMonitor] - Peak memory used = 178 Mbytes. {"history": "ExplorerRun.0", "point": 1, "testname": "project_3_Synchronous_16_bit_add_subtractor_1", "cornername": "Nominal"}
[2025-04-09 11:52:34.653 -0400] [PROCESS] [cadence.virtuoso.ade.simulationMonitor] - Simulation started at: 11:52:33 AM, Wed Apr 9, 2025, ended at: 11:52:34 AM, Wed Apr 9, 2025, with elapsed time (wall clock): 333 ms. {"history": "ExplorerRun.0", "point": 1, "testname": "project_3_Synchronous_16_bit_add_subtractor_1", "cornername": "Nominal"}
[2025-04-09 11:52:34.654 -0400] [PROCESS] [cadence.virtuoso.ade.simulationMonitor] - spectre completes with 1 error, 0 warnings, and 2 notices. {"history": "ExplorerRun.0", "point": 1, "testname": "project_3_Synchronous_16_bit_add_subtractor_1", "cornername": "Nominal"}
[2025-04-09 11:52:34.654 -0400] [FATAL] [cadence.virtuoso.ade.simulationMonitor] - spectre terminated prematurely due to fatal error. {"history": "ExplorerRun.0", "point": 1, "testname": "project_3_Synchronous_16_bit_add_subtractor_1", "cornername": "Nominal"}
[2025-04-09 11:52:34.654 -0400] [PROCESS] [cadence.virtuoso.ade.simulationMonitor] - Finished simulating for one point {"hostname": "ece-linlabsrv01.ece.gatech.edu", "processid": 254977, "history": "ExplorerRun.0", "testname": "project_3_Synchronous_16_bit_add_subtractor_1", "cornername": "Nominal", "point": 1, "logfile": "/nethome/rgoel68/ECE3150/logs_rgoel68/logs0/Job12.log", "simid": "2", "event": "finish", "category": "simulation"}
[2025-04-09 11:52:34.654 -0400] [ERROR] [cadence.virtuoso.ade.simulationMonitor] - While simulating run ExplorerRun.0, point 1, test project_3_Synchronous_16_bit_add_subtractor_1, received error:
Simulation Error:
 The simulator process returned a non-zero exit code, indicating failure.
The simulator could have crashed or intentionally returned to indicate an error.
Check the simulator log file for more information.  Common causes:
1. Simulator may have crashed during exit even after reporting success in log file.
2. Abrupt automatic simulator termination (e.g., SIGKILL) because the simu... {"history": "ExplorerRun.0", "point": 1, "testname": "project_3_Synchronous_16_bit_add_subtractor_1", "cornername": "Nominal"}
[2025-04-09 11:52:34.654 -0400] [PROCESS] [cadence.virtuoso.ade.simulationMonitor] - Finished Simulation {"hostname": "ece-linlabsrv01.ece.gatech.edu", "processid": 254977, "history": "ExplorerRun.0", "testname": "project_3_Synchronous_16_bit_add_subtractor_1", "cornername": "Nominal", "point": 1, "logfile": "/nethome/rgoel68/ECE3150/logs_rgoel68/logs0/Job12.log", "simid": "2", "event": "finish", "category": "obsolete"}
[2025-04-09 11:52:35.658 -0400] [PROCESS] [cadence.virtuoso.ade.simulationMonitor] - Stay with the runId '4', Linger time '300', currentRunSyn '8', currentTestSyn '9' {"hostname": "ece-linlabsrv01.ece.gatech.edu", "processid": 254977, "history": "ExplorerRun.0", "testname": "project_3_Synchronous_16_bit_add_subtractor_1", "cornername": "Nominal", "point": 1, "logfile": "/nethome/rgoel68/ECE3150/logs_rgoel68/logs0/Job12.log"}
[2025-04-09 11:53:48.144 -0400] [PROCESS] [cadence.virtuoso.ade.simulationMonitor] - Padding test token found for runId '5', Linger time '300', currentRunSyn '10', currentTestSyn '11' {"hostname": "ece-linlabsrv01.ece.gatech.edu", "processid": 254977, "history": "ExplorerRun.0", "testname": "project_3_Synchronous_16_bit_add_subtractor_1", "cornername": "Nominal", "point": 1, "logfile": "/nethome/rgoel68/ECE3150/logs_rgoel68/logs0/Job12.log"}
[2025-04-09 11:53:48.159 -0400] [PROCESS] [cadence.virtuoso.ade.simulationMonitor] - Padding test token found for runId '5', Linger time '300', currentRunSyn '10', currentTestSyn '11' {"hostname": "ece-linlabsrv01.ece.gatech.edu", "processid": 254977, "history": "ExplorerRun.0", "testname": "project_3_Synchronous_16_bit_add_subtractor_1", "cornername": "Nominal", "point": 1, "logfile": "/nethome/rgoel68/ECE3150/logs_rgoel68/logs0/Job12.log"}
[2025-04-09 11:53:48.237 -0400] [PROCESS] [cadence.virtuoso.ade.simulationMonitor] - Padding test token found for runId '5', Linger time '300', currentRunSyn '10', currentTestSyn '11' {"hostname": "ece-linlabsrv01.ece.gatech.edu", "processid": 254977, "history": "ExplorerRun.0", "testname": "project_3_Synchronous_16_bit_add_subtractor_1", "cornername": "Nominal", "point": 1, "logfile": "/nethome/rgoel68/ECE3150/logs_rgoel68/logs0/Job12.log"}
[2025-04-09 11:53:48.618 -0400] [PROCESS] [cadence.virtuoso.ade.simulationMonitor] - Padding test token found for runId '5', Linger time '300', currentRunSyn '10', currentTestSyn '11' {"hostname": "ece-linlabsrv01.ece.gatech.edu", "processid": 254977, "history": "ExplorerRun.0", "testname": "project_3_Synchronous_16_bit_add_subtractor_1", "cornername": "Nominal", "point": 1, "logfile": "/nethome/rgoel68/ECE3150/logs_rgoel68/logs0/Job12.log"}
[2025-04-09 11:53:50.003 -0400] [INFO] [cadence.virtuoso.ade.simulationMonitor] - SimulationMonitor has terminated the vds process '266895', reason: 'Force to stop the expression evalutor process because of new run' {"history": "ExplorerRun.0", "point": 1, "testname": "project_3_Synchronous_16_bit_add_subtractor_1", "cornername": "Nominal"}
[2025-04-09 11:53:50.004 -0400] [PROCESS] [cadence.virtuoso.ade.simulationMonitor] - HostInfo:
Host name (type):	ece-linlabsrv01.ece.gatech.edu (x86_64)
Operating system:	Linux 4.18.0-553.44.1.el8_10.x86_64 #1 SMP Wed Mar 5 10:48:41 EST 2025 {"hostname": "ece-linlabsrv01.ece.gatech.edu", "processid": 254977, "history": "ExplorerRun.0", "testname": "project_3_Synchronous_16_bit_add_subtractor_1", "cornername": "Nominal", "point": 1, "logfile": "/nethome/rgoel68/ECE3150/logs_rgoel68/logs0/Job12.log", "nodename": "ece-linlabsrv01.ece.gatech.edu", "domainname": "(none)", "machine": "x86_64", "sysname": "Linux", "release": "4.18.0-553.44.1.el8_10.x86_64", "version": "#1 SMP Wed Mar 5 10:48:41 EST 2025"}
[2025-04-09 11:53:50.004 -0400] [PROCESS] [cadence.virtuoso.ade.simulationMonitor] - UsageInfo:
pid=254977
totalPhysicalMemory=186.850849GB,Used=78.997044GB,totalVirtualMemory=250.850845GB,Used=105.570988GB
Cpu: Cores=112, Load average:4.640000,4.790000,5.670000 {"hostname": "ece-linlabsrv01.ece.gatech.edu", "processid": 254977, "history": "ExplorerRun.0", "testname": "project_3_Synchronous_16_bit_add_subtractor_1", "cornername": "Nominal", "point": 1, "logfile": "/nethome/rgoel68/ECE3150/logs_rgoel68/logs0/Job12.log", "pid": "254977", "totalPhysicalMemory": "186.850849", "physicalMemoryUsed": "78.997044", "totalVirtualMemory": "250.850845", "virtualMemoryUsed": "105.570988", "cpuCores": "112", "processes": "8544", "loadAverage1": "4.640000", "loadAverage5": "4.790000", "loadAverage15": "5.670000", "loadAverage1Percent": "0.041429"}
[2025-04-09 11:53:50.007 -0400] [EVENT] [cadence.virtuoso.ade.simulationMonitor] - NewPoint {"history": "ExplorerRun.0", "point": 1, "testname": "project_3_Synchronous_16_bit_add_subtractor_1", "cornername": "Nominal", "event": "NewPoint", "EventSource": "Simulation Monitor", "HistoryName": "ExplorerRun.0", "logFile": "/nethome/rgoel68/ECE3150/logs_rgoel68/logs0/Job12.log", "logFileSize": "24654", "category": "simulation"}
[2025-04-09 11:53:50.209 -0400] [EVENT] [cadence.virtuoso.ade.simulationMonitor] - NewPoint {"history": "ExplorerRun.0", "point": 1, "testname": "project_3_Synchronous_16_bit_add_subtractor_1", "cornername": "Nominal", "event": "NewPoint", "EventSource": "spectre", "HistoryName": "ExplorerRun.0", "logFile": "/nethome/rgoel68/simulation/project_3/Synchronous_16_bit_add_subtractor/maestro/results/maestro/ExplorerRun.0/1/project_3_Synchronous_16_bit_add_subtractor_1/psf/spectre.out", "logFileSize": "-1", "category": "simulation"}
[2025-04-09 11:53:50.424 -0400] [PROCESS] [cadence.virtuoso.ade.simulationMonitor] - Simulator launched {"hostname": "ece-linlabsrv01.ece.gatech.edu", "processid": 254977, "history": "ExplorerRun.0", "testname": "project_3_Synchronous_16_bit_add_subtractor_1", "cornername": "Nominal", "point": 1, "logfile": "/nethome/rgoel68/ECE3150/logs_rgoel68/logs0/Job12.log", "simid": "3", "event": "launch", "category": "simulation"}
[2025-04-09 11:53:50.428 -0400] [PROCESS] [cadence.virtuoso.ade.simulationMonitor] - Expression evaluator launched {"hostname": "ece-linlabsrv01.ece.gatech.edu", "processid": 254977, "history": "ExplorerRun.0", "testname": "project_3_Synchronous_16_bit_add_subtractor_1", "cornername": "Nominal", "point": 1, "logfile": "/nethome/rgoel68/ECE3150/logs_rgoel68/logs0/Job12.log"}
[2025-04-09 11:53:51.028 -0400] [PROCESS] [cadence.virtuoso.ade.simulationMonitor] - Started Simulation {"hostname": "ece-linlabsrv01.ece.gatech.edu", "processid": 254977, "history": "ExplorerRun.0", "testname": "project_3_Synchronous_16_bit_add_subtractor_1", "cornername": "Nominal", "point": 1, "logfile": "/nethome/rgoel68/ECE3150/logs_rgoel68/logs0/Job12.log", "event": "start", "category": "simulation"}
[2025-04-09 11:53:51.529 -0400] [INFO] [cadence.virtuoso.ade.simulationMonitor] - Notice from spectre during Digital Vector read-in.
    Process Vector Files.
    File read: /nethome/rgoel68/ECE3150/sync_adder_tb.vec {"history": "ExplorerRun.0", "point": 1, "testname": "project_3_Synchronous_16_bit_add_subtractor_1", "cornername": "Nominal"}
[2025-04-09 11:53:51.529 -0400] [ERROR] [cadence.virtuoso.ade.simulationMonitor] -     ERROR (SPECTRE-17704): The number of names do not match the number of vectors. Change the number of names to match the number of vectors and run the simulation again.
        
        **** Statement details for above warning or error ****
         Statement: vname       Ctrl A<[15:0]>  B<[15:0]>               ; define the names of the vectors
         File Name: /nethome/rgoel68/ECE3150/sync_adder_tb.vec
         Line Number: 9
        **** End of Statement details **** {"history": "ExplorerRun.0", "point": 1, "testname": "project_3_Synchronous_16_bit_add_subtractor_1", "cornername": "Nominal"}
[2025-04-09 11:53:51.530 -0400] [INFO] [cadence.virtuoso.ade.simulationMonitor] - Peak resident memory used = 179 Mbytes. {"history": "ExplorerRun.0", "point": 1, "testname": "project_3_Synchronous_16_bit_add_subtractor_1", "cornername": "Nominal"}
[2025-04-09 11:53:51.531 -0400] [INFO] [cadence.virtuoso.ade.simulationMonitor] - Time used: CPU = 292 ms, elapsed = 335 ms, util. = 87.1%. {"history": "ExplorerRun.0", "point": 1, "testname": "project_3_Synchronous_16_bit_add_subtractor_1", "cornername": "Nominal"}
[2025-04-09 11:53:51.531 -0400] [INFO] [cadence.virtuoso.ade.simulationMonitor] - Time spent in licensing: elapsed = 41.1 ms, percentage of total = 12.3%. {"history": "ExplorerRun.0", "point": 1, "testname": "project_3_Synchronous_16_bit_add_subtractor_1", "cornername": "Nominal"}
[2025-04-09 11:53:51.532 -0400] [INFO] [cadence.virtuoso.ade.simulationMonitor] - Peak memory used = 182 Mbytes. {"history": "ExplorerRun.0", "point": 1, "testname": "project_3_Synchronous_16_bit_add_subtractor_1", "cornername": "Nominal"}
[2025-04-09 11:53:51.534 -0400] [PROCESS] [cadence.virtuoso.ade.simulationMonitor] - Simulation started at: 11:53:50 AM, Wed Apr 9, 2025, ended at: 11:53:51 AM, Wed Apr 9, 2025, with elapsed time (wall clock): 335 ms. {"history": "ExplorerRun.0", "point": 1, "testname": "project_3_Synchronous_16_bit_add_subtractor_1", "cornername": "Nominal"}
[2025-04-09 11:53:51.534 -0400] [PROCESS] [cadence.virtuoso.ade.simulationMonitor] - spectre completes with 1 error, 0 warnings, and 2 notices. {"history": "ExplorerRun.0", "point": 1, "testname": "project_3_Synchronous_16_bit_add_subtractor_1", "cornername": "Nominal"}
[2025-04-09 11:53:51.534 -0400] [FATAL] [cadence.virtuoso.ade.simulationMonitor] - spectre terminated prematurely due to fatal error. {"history": "ExplorerRun.0", "point": 1, "testname": "project_3_Synchronous_16_bit_add_subtractor_1", "cornername": "Nominal"}
[2025-04-09 11:53:51.534 -0400] [PROCESS] [cadence.virtuoso.ade.simulationMonitor] - Finished simulating for one point {"hostname": "ece-linlabsrv01.ece.gatech.edu", "processid": 254977, "history": "ExplorerRun.0", "testname": "project_3_Synchronous_16_bit_add_subtractor_1", "cornername": "Nominal", "point": 1, "logfile": "/nethome/rgoel68/ECE3150/logs_rgoel68/logs0/Job12.log", "simid": "3", "event": "finish", "category": "simulation"}
[2025-04-09 11:53:51.534 -0400] [ERROR] [cadence.virtuoso.ade.simulationMonitor] - While simulating run ExplorerRun.0, point 1, test project_3_Synchronous_16_bit_add_subtractor_1, received error:
Simulation Error:
 The simulator process returned a non-zero exit code, indicating failure.
The simulator could have crashed or intentionally returned to indicate an error.
Check the simulator log file for more information.  Common causes:
1. Simulator may have crashed during exit even after reporting success in log file.
2. Abrupt automatic simulator termination (e.g., SIGKILL) because the simu... {"history": "ExplorerRun.0", "point": 1, "testname": "project_3_Synchronous_16_bit_add_subtractor_1", "cornername": "Nominal"}
[2025-04-09 11:53:51.535 -0400] [PROCESS] [cadence.virtuoso.ade.simulationMonitor] - Finished Simulation {"hostname": "ece-linlabsrv01.ece.gatech.edu", "processid": 254977, "history": "ExplorerRun.0", "testname": "project_3_Synchronous_16_bit_add_subtractor_1", "cornername": "Nominal", "point": 1, "logfile": "/nethome/rgoel68/ECE3150/logs_rgoel68/logs0/Job12.log", "simid": "3", "event": "finish", "category": "obsolete"}
[2025-04-09 11:58:15.283 -0400] [INFO] [cadence.virtuoso.ade.simulationMonitor] - SimulationMonitor has terminated the vds process '281568', reason: 'Force to stop the expression evalutor process because of new run' {"history": "ExplorerRun.0", "point": 1, "testname": "project_3_Synchronous_16_bit_add_subtractor_1", "cornername": "Nominal"}
[2025-04-09 11:58:15.284 -0400] [PROCESS] [cadence.virtuoso.ade.simulationMonitor] - HostInfo:
Host name (type):	ece-linlabsrv01.ece.gatech.edu (x86_64)
Operating system:	Linux 4.18.0-553.44.1.el8_10.x86_64 #1 SMP Wed Mar 5 10:48:41 EST 2025 {"hostname": "ece-linlabsrv01.ece.gatech.edu", "processid": 254977, "history": "ExplorerRun.0", "testname": "project_3_Synchronous_16_bit_add_subtractor_1", "cornername": "Nominal", "point": 1, "logfile": "/nethome/rgoel68/ECE3150/logs_rgoel68/logs0/Job12.log", "nodename": "ece-linlabsrv01.ece.gatech.edu", "domainname": "(none)", "machine": "x86_64", "sysname": "Linux", "release": "4.18.0-553.44.1.el8_10.x86_64", "version": "#1 SMP Wed Mar 5 10:48:41 EST 2025"}
[2025-04-09 11:58:15.284 -0400] [PROCESS] [cadence.virtuoso.ade.simulationMonitor] - UsageInfo:
pid=254977
totalPhysicalMemory=186.850849GB,Used=80.980701GB,totalVirtualMemory=250.850845GB,Used=107.554646GB
Cpu: Cores=112, Load average:4.660000,4.630000,5.380000 {"hostname": "ece-linlabsrv01.ece.gatech.edu", "processid": 254977, "history": "ExplorerRun.0", "testname": "project_3_Synchronous_16_bit_add_subtractor_1", "cornername": "Nominal", "point": 1, "logfile": "/nethome/rgoel68/ECE3150/logs_rgoel68/logs0/Job12.log", "pid": "254977", "totalPhysicalMemory": "186.850849", "physicalMemoryUsed": "80.980701", "totalVirtualMemory": "250.850845", "virtualMemoryUsed": "107.554646", "cpuCores": "112", "processes": "8532", "loadAverage1": "4.660000", "loadAverage5": "4.630000", "loadAverage15": "5.380000", "loadAverage1Percent": "0.041607"}
[2025-04-09 11:58:15.288 -0400] [EVENT] [cadence.virtuoso.ade.simulationMonitor] - NewPoint {"history": "ExplorerRun.0", "point": 1, "testname": "project_3_Synchronous_16_bit_add_subtractor_1", "cornername": "Nominal", "event": "NewPoint", "EventSource": "Simulation Monitor", "HistoryName": "ExplorerRun.0", "logFile": "/nethome/rgoel68/ECE3150/logs_rgoel68/logs0/Job12.log", "logFileSize": "33259", "category": "simulation"}
[2025-04-09 11:58:15.490 -0400] [EVENT] [cadence.virtuoso.ade.simulationMonitor] - NewPoint {"history": "ExplorerRun.0", "point": 1, "testname": "project_3_Synchronous_16_bit_add_subtractor_1", "cornername": "Nominal", "event": "NewPoint", "EventSource": "spectre", "HistoryName": "ExplorerRun.0", "logFile": "/nethome/rgoel68/simulation/project_3/Synchronous_16_bit_add_subtractor/maestro/results/maestro/ExplorerRun.0/1/project_3_Synchronous_16_bit_add_subtractor_1/psf/spectre.out", "logFileSize": "-1", "category": "simulation"}
[2025-04-09 11:58:15.705 -0400] [PROCESS] [cadence.virtuoso.ade.simulationMonitor] - Simulator launched {"hostname": "ece-linlabsrv01.ece.gatech.edu", "processid": 254977, "history": "ExplorerRun.0", "testname": "project_3_Synchronous_16_bit_add_subtractor_1", "cornername": "Nominal", "point": 1, "logfile": "/nethome/rgoel68/ECE3150/logs_rgoel68/logs0/Job12.log", "simid": "4", "event": "launch", "category": "simulation"}
[2025-04-09 11:58:15.709 -0400] [PROCESS] [cadence.virtuoso.ade.simulationMonitor] - Expression evaluator launched {"hostname": "ece-linlabsrv01.ece.gatech.edu", "processid": 254977, "history": "ExplorerRun.0", "testname": "project_3_Synchronous_16_bit_add_subtractor_1", "cornername": "Nominal", "point": 1, "logfile": "/nethome/rgoel68/ECE3150/logs_rgoel68/logs0/Job12.log"}
[2025-04-09 11:58:16.326 -0400] [PROCESS] [cadence.virtuoso.ade.simulationMonitor] - Started Simulation {"hostname": "ece-linlabsrv01.ece.gatech.edu", "processid": 254977, "history": "ExplorerRun.0", "testname": "project_3_Synchronous_16_bit_add_subtractor_1", "cornername": "Nominal", "point": 1, "logfile": "/nethome/rgoel68/ECE3150/logs_rgoel68/logs0/Job12.log", "event": "start", "category": "simulation"}
[2025-04-09 11:58:16.826 -0400] [INFO] [cadence.virtuoso.ade.simulationMonitor] - Notice from spectre during Digital Vector read-in.
    Process Vector Files.
    File read: /nethome/rgoel68/ECE3150/sync_adder_tb.vec {"history": "ExplorerRun.0", "point": 1, "testname": "project_3_Synchronous_16_bit_add_subtractor_1", "cornername": "Nominal"}
[2025-04-09 11:58:16.826 -0400] [ERROR] [cadence.virtuoso.ade.simulationMonitor] -     ERROR (SPECTRE-17704): The number of names do not match the number of vectors. Change the number of names to match the number of vectors and run the simulation again.
        
        **** Statement details for above warning or error ****
         Statement: vname       Ctrl A<[15:0]>  B<[15:0]> CLK           ; define the names of the vectors
         File Name: /nethome/rgoel68/ECE3150/sync_adder_tb.vec
         Line Number: 9
        **** End of Statement details **** {"history": "ExplorerRun.0", "point": 1, "testname": "project_3_Synchronous_16_bit_add_subtractor_1", "cornername": "Nominal"}
[2025-04-09 11:58:16.827 -0400] [INFO] [cadence.virtuoso.ade.simulationMonitor] - Peak resident memory used = 178 Mbytes. {"history": "ExplorerRun.0", "point": 1, "testname": "project_3_Synchronous_16_bit_add_subtractor_1", "cornername": "Nominal"}
[2025-04-09 11:58:16.828 -0400] [INFO] [cadence.virtuoso.ade.simulationMonitor] - Time used: CPU = 297 ms, elapsed = 334 ms, util. = 88.9%. {"history": "ExplorerRun.0", "point": 1, "testname": "project_3_Synchronous_16_bit_add_subtractor_1", "cornername": "Nominal"}
[2025-04-09 11:58:16.828 -0400] [INFO] [cadence.virtuoso.ade.simulationMonitor] - Time spent in licensing: elapsed = 40.7 ms, percentage of total = 12.2%. {"history": "ExplorerRun.0", "point": 1, "testname": "project_3_Synchronous_16_bit_add_subtractor_1", "cornername": "Nominal"}
[2025-04-09 11:58:16.829 -0400] [INFO] [cadence.virtuoso.ade.simulationMonitor] - Peak memory used = 181 Mbytes. {"history": "ExplorerRun.0", "point": 1, "testname": "project_3_Synchronous_16_bit_add_subtractor_1", "cornername": "Nominal"}
[2025-04-09 11:58:16.830 -0400] [PROCESS] [cadence.virtuoso.ade.simulationMonitor] - Simulation started at: 11:58:16 AM, Wed Apr 9, 2025, ended at: 11:58:16 AM, Wed Apr 9, 2025, with elapsed time (wall clock): 334 ms. {"history": "ExplorerRun.0", "point": 1, "testname": "project_3_Synchronous_16_bit_add_subtractor_1", "cornername": "Nominal"}
[2025-04-09 11:58:16.831 -0400] [PROCESS] [cadence.virtuoso.ade.simulationMonitor] - spectre completes with 1 error, 0 warnings, and 2 notices. {"history": "ExplorerRun.0", "point": 1, "testname": "project_3_Synchronous_16_bit_add_subtractor_1", "cornername": "Nominal"}
[2025-04-09 11:58:16.831 -0400] [FATAL] [cadence.virtuoso.ade.simulationMonitor] - spectre terminated prematurely due to fatal error. {"history": "ExplorerRun.0", "point": 1, "testname": "project_3_Synchronous_16_bit_add_subtractor_1", "cornername": "Nominal"}
[2025-04-09 11:58:16.831 -0400] [PROCESS] [cadence.virtuoso.ade.simulationMonitor] - Finished simulating for one point {"hostname": "ece-linlabsrv01.ece.gatech.edu", "processid": 254977, "history": "ExplorerRun.0", "testname": "project_3_Synchronous_16_bit_add_subtractor_1", "cornername": "Nominal", "point": 1, "logfile": "/nethome/rgoel68/ECE3150/logs_rgoel68/logs0/Job12.log", "simid": "4", "event": "finish", "category": "simulation"}
[2025-04-09 11:58:16.831 -0400] [ERROR] [cadence.virtuoso.ade.simulationMonitor] - While simulating run ExplorerRun.0, point 1, test project_3_Synchronous_16_bit_add_subtractor_1, received error:
Simulation Error:
 The simulator process returned a non-zero exit code, indicating failure.
The simulator could have crashed or intentionally returned to indicate an error.
Check the simulator log file for more information.  Common causes:
1. Simulator may have crashed during exit even after reporting success in log file.
2. Abrupt automatic simulator termination (e.g., SIGKILL) because the simu... {"history": "ExplorerRun.0", "point": 1, "testname": "project_3_Synchronous_16_bit_add_subtractor_1", "cornername": "Nominal"}
[2025-04-09 11:58:16.831 -0400] [PROCESS] [cadence.virtuoso.ade.simulationMonitor] - Finished Simulation {"hostname": "ece-linlabsrv01.ece.gatech.edu", "processid": 254977, "history": "ExplorerRun.0", "testname": "project_3_Synchronous_16_bit_add_subtractor_1", "cornername": "Nominal", "point": 1, "logfile": "/nethome/rgoel68/ECE3150/logs_rgoel68/logs0/Job12.log", "simid": "4", "event": "finish", "category": "obsolete"}
[2025-04-09 11:58:17.835 -0400] [PROCESS] [cadence.virtuoso.ade.simulationMonitor] - Stay with the runId '6', Linger time '300', currentRunSyn '12', currentTestSyn '13' {"hostname": "ece-linlabsrv01.ece.gatech.edu", "processid": 254977, "history": "ExplorerRun.0", "testname": "project_3_Synchronous_16_bit_add_subtractor_1", "cornername": "Nominal", "point": 1, "logfile": "/nethome/rgoel68/ECE3150/logs_rgoel68/logs0/Job12.log"}
[2025-04-09 12:00:51.594 -0400] [PROCESS] [cadence.virtuoso.ade.simulationMonitor] - Padding test token found for runId '7', Linger time '300', currentRunSyn '14', currentTestSyn '15' {"hostname": "ece-linlabsrv01.ece.gatech.edu", "processid": 254977, "history": "ExplorerRun.0", "testname": "project_3_Synchronous_16_bit_add_subtractor_1", "cornername": "Nominal", "point": 1, "logfile": "/nethome/rgoel68/ECE3150/logs_rgoel68/logs0/Job12.log"}
[2025-04-09 12:00:51.612 -0400] [PROCESS] [cadence.virtuoso.ade.simulationMonitor] - Padding test token found for runId '7', Linger time '300', currentRunSyn '14', currentTestSyn '15' {"hostname": "ece-linlabsrv01.ece.gatech.edu", "processid": 254977, "history": "ExplorerRun.0", "testname": "project_3_Synchronous_16_bit_add_subtractor_1", "cornername": "Nominal", "point": 1, "logfile": "/nethome/rgoel68/ECE3150/logs_rgoel68/logs0/Job12.log"}
[2025-04-09 12:00:51.693 -0400] [PROCESS] [cadence.virtuoso.ade.simulationMonitor] - Padding test token found for runId '7', Linger time '300', currentRunSyn '14', currentTestSyn '15' {"hostname": "ece-linlabsrv01.ece.gatech.edu", "processid": 254977, "history": "ExplorerRun.0", "testname": "project_3_Synchronous_16_bit_add_subtractor_1", "cornername": "Nominal", "point": 1, "logfile": "/nethome/rgoel68/ECE3150/logs_rgoel68/logs0/Job12.log"}
[2025-04-09 12:00:53.003 -0400] [INFO] [cadence.virtuoso.ade.simulationMonitor] - SimulationMonitor has terminated the vds process '318711', reason: 'Force to stop the expression evalutor process because of new run' {"history": "ExplorerRun.0", "point": 1, "testname": "project_3_Synchronous_16_bit_add_subtractor_1", "cornername": "Nominal"}
[2025-04-09 12:00:53.004 -0400] [PROCESS] [cadence.virtuoso.ade.simulationMonitor] - HostInfo:
Host name (type):	ece-linlabsrv01.ece.gatech.edu (x86_64)
Operating system:	Linux 4.18.0-553.44.1.el8_10.x86_64 #1 SMP Wed Mar 5 10:48:41 EST 2025 {"hostname": "ece-linlabsrv01.ece.gatech.edu", "processid": 254977, "history": "ExplorerRun.0", "testname": "project_3_Synchronous_16_bit_add_subtractor_1", "cornername": "Nominal", "point": 1, "logfile": "/nethome/rgoel68/ECE3150/logs_rgoel68/logs0/Job12.log", "nodename": "ece-linlabsrv01.ece.gatech.edu", "domainname": "(none)", "machine": "x86_64", "sysname": "Linux", "release": "4.18.0-553.44.1.el8_10.x86_64", "version": "#1 SMP Wed Mar 5 10:48:41 EST 2025"}
[2025-04-09 12:00:53.005 -0400] [PROCESS] [cadence.virtuoso.ade.simulationMonitor] - UsageInfo:
pid=254977
totalPhysicalMemory=186.850849GB,Used=80.019501GB,totalVirtualMemory=250.850845GB,Used=106.593445GB
Cpu: Cores=112, Load average:11.710000,7.720000,6.400000 {"hostname": "ece-linlabsrv01.ece.gatech.edu", "processid": 254977, "history": "ExplorerRun.0", "testname": "project_3_Synchronous_16_bit_add_subtractor_1", "cornername": "Nominal", "point": 1, "logfile": "/nethome/rgoel68/ECE3150/logs_rgoel68/logs0/Job12.log", "pid": "254977", "totalPhysicalMemory": "186.850849", "physicalMemoryUsed": "80.019501", "totalVirtualMemory": "250.850845", "virtualMemoryUsed": "106.593445", "cpuCores": "112", "processes": "8644", "loadAverage1": "11.710000", "loadAverage5": "7.720000", "loadAverage15": "6.400000", "loadAverage1Percent": "0.104554"}
[2025-04-09 12:00:53.008 -0400] [EVENT] [cadence.virtuoso.ade.simulationMonitor] - NewPoint {"history": "ExplorerRun.0", "point": 1, "testname": "project_3_Synchronous_16_bit_add_subtractor_1", "cornername": "Nominal", "event": "NewPoint", "EventSource": "Simulation Monitor", "HistoryName": "ExplorerRun.0", "logFile": "/nethome/rgoel68/ECE3150/logs_rgoel68/logs0/Job12.log", "logFileSize": "43635", "category": "simulation"}
[2025-04-09 12:00:53.210 -0400] [EVENT] [cadence.virtuoso.ade.simulationMonitor] - NewPoint {"history": "ExplorerRun.0", "point": 1, "testname": "project_3_Synchronous_16_bit_add_subtractor_1", "cornername": "Nominal", "event": "NewPoint", "EventSource": "spectre", "HistoryName": "ExplorerRun.0", "logFile": "/nethome/rgoel68/simulation/project_3/Synchronous_16_bit_add_subtractor/maestro/results/maestro/ExplorerRun.0/1/project_3_Synchronous_16_bit_add_subtractor_1/psf/spectre.out", "logFileSize": "-1", "category": "simulation"}
[2025-04-09 12:00:53.431 -0400] [PROCESS] [cadence.virtuoso.ade.simulationMonitor] - Simulator launched {"hostname": "ece-linlabsrv01.ece.gatech.edu", "processid": 254977, "history": "ExplorerRun.0", "testname": "project_3_Synchronous_16_bit_add_subtractor_1", "cornername": "Nominal", "point": 1, "logfile": "/nethome/rgoel68/ECE3150/logs_rgoel68/logs0/Job12.log", "simid": "5", "event": "launch", "category": "simulation"}
[2025-04-09 12:00:53.438 -0400] [PROCESS] [cadence.virtuoso.ade.simulationMonitor] - Expression evaluator launched {"hostname": "ece-linlabsrv01.ece.gatech.edu", "processid": 254977, "history": "ExplorerRun.0", "testname": "project_3_Synchronous_16_bit_add_subtractor_1", "cornername": "Nominal", "point": 1, "logfile": "/nethome/rgoel68/ECE3150/logs_rgoel68/logs0/Job12.log"}
[2025-04-09 12:00:54.126 -0400] [PROCESS] [cadence.virtuoso.ade.simulationMonitor] - Started Simulation {"hostname": "ece-linlabsrv01.ece.gatech.edu", "processid": 254977, "history": "ExplorerRun.0", "testname": "project_3_Synchronous_16_bit_add_subtractor_1", "cornername": "Nominal", "point": 1, "logfile": "/nethome/rgoel68/ECE3150/logs_rgoel68/logs0/Job12.log", "event": "start", "category": "simulation"}
[2025-04-09 12:00:54.626 -0400] [INFO] [cadence.virtuoso.ade.simulationMonitor] - Notice from spectre during Digital Vector read-in.
    Process Vector Files.
    File read: /nethome/rgoel68/ECE3150/sync_adder_tb.vec {"history": "ExplorerRun.0", "point": 1, "testname": "project_3_Synchronous_16_bit_add_subtractor_1", "cornername": "Nominal"}
[2025-04-09 12:00:54.626 -0400] [ERROR] [cadence.virtuoso.ade.simulationMonitor] -     ERROR (SPECTRE-17704): The number of names do not match the number of vectors. Change the number of names to match the number of vectors and run the simulation again.
        
        **** Statement details for above warning or error ****
         Statement: vname       Ctrl A<[15:0]> B<[15:0]> CLK            ; define the names of the vectors
         File Name: /nethome/rgoel68/ECE3150/sync_adder_tb.vec
         Line Number: 9
        **** End of Statement details **** {"history": "ExplorerRun.0", "point": 1, "testname": "project_3_Synchronous_16_bit_add_subtractor_1", "cornername": "Nominal"}
[2025-04-09 12:00:54.627 -0400] [INFO] [cadence.virtuoso.ade.simulationMonitor] - Peak resident memory used = 174 Mbytes. {"history": "ExplorerRun.0", "point": 1, "testname": "project_3_Synchronous_16_bit_add_subtractor_1", "cornername": "Nominal"}
[2025-04-09 12:00:54.628 -0400] [INFO] [cadence.virtuoso.ade.simulationMonitor] - Time used: CPU = 295 ms, elapsed = 366 ms, util. = 80.6%. {"history": "ExplorerRun.0", "point": 1, "testname": "project_3_Synchronous_16_bit_add_subtractor_1", "cornername": "Nominal"}
[2025-04-09 12:00:54.628 -0400] [INFO] [cadence.virtuoso.ade.simulationMonitor] - Time spent in licensing: elapsed = 40.1 ms, percentage of total = 11%. {"history": "ExplorerRun.0", "point": 1, "testname": "project_3_Synchronous_16_bit_add_subtractor_1", "cornername": "Nominal"}
[2025-04-09 12:00:54.629 -0400] [INFO] [cadence.virtuoso.ade.simulationMonitor] - Peak memory used = 177 Mbytes. {"history": "ExplorerRun.0", "point": 1, "testname": "project_3_Synchronous_16_bit_add_subtractor_1", "cornername": "Nominal"}
[2025-04-09 12:00:54.630 -0400] [PROCESS] [cadence.virtuoso.ade.simulationMonitor] - Simulation started at: 12:00:53 PM, Wed Apr 9, 2025, ended at: 12:00:54 PM, Wed Apr 9, 2025, with elapsed time (wall clock): 366 ms. {"history": "ExplorerRun.0", "point": 1, "testname": "project_3_Synchronous_16_bit_add_subtractor_1", "cornername": "Nominal"}
[2025-04-09 12:00:54.630 -0400] [PROCESS] [cadence.virtuoso.ade.simulationMonitor] - spectre completes with 1 error, 0 warnings, and 2 notices. {"history": "ExplorerRun.0", "point": 1, "testname": "project_3_Synchronous_16_bit_add_subtractor_1", "cornername": "Nominal"}
[2025-04-09 12:00:54.630 -0400] [FATAL] [cadence.virtuoso.ade.simulationMonitor] - spectre terminated prematurely due to fatal error. {"history": "ExplorerRun.0", "point": 1, "testname": "project_3_Synchronous_16_bit_add_subtractor_1", "cornername": "Nominal"}
[2025-04-09 12:00:54.631 -0400] [PROCESS] [cadence.virtuoso.ade.simulationMonitor] - Finished simulating for one point {"hostname": "ece-linlabsrv01.ece.gatech.edu", "processid": 254977, "history": "ExplorerRun.0", "testname": "project_3_Synchronous_16_bit_add_subtractor_1", "cornername": "Nominal", "point": 1, "logfile": "/nethome/rgoel68/ECE3150/logs_rgoel68/logs0/Job12.log", "simid": "5", "event": "finish", "category": "simulation"}
[2025-04-09 12:00:54.631 -0400] [ERROR] [cadence.virtuoso.ade.simulationMonitor] - While simulating run ExplorerRun.0, point 1, test project_3_Synchronous_16_bit_add_subtractor_1, received error:
Simulation Error:
 The simulator process returned a non-zero exit code, indicating failure.
The simulator could have crashed or intentionally returned to indicate an error.
Check the simulator log file for more information.  Common causes:
1. Simulator may have crashed during exit even after reporting success in log file.
2. Abrupt automatic simulator termination (e.g., SIGKILL) because the simu... {"history": "ExplorerRun.0", "point": 1, "testname": "project_3_Synchronous_16_bit_add_subtractor_1", "cornername": "Nominal"}
[2025-04-09 12:00:54.631 -0400] [PROCESS] [cadence.virtuoso.ade.simulationMonitor] - Finished Simulation {"hostname": "ece-linlabsrv01.ece.gatech.edu", "processid": 254977, "history": "ExplorerRun.0", "testname": "project_3_Synchronous_16_bit_add_subtractor_1", "cornername": "Nominal", "point": 1, "logfile": "/nethome/rgoel68/ECE3150/logs_rgoel68/logs0/Job12.log", "simid": "5", "event": "finish", "category": "obsolete"}
[2025-04-09 12:00:55.635 -0400] [PROCESS] [cadence.virtuoso.ade.simulationMonitor] - Stay with the runId '7', Linger time '300', currentRunSyn '14', currentTestSyn '15' {"hostname": "ece-linlabsrv01.ece.gatech.edu", "processid": 254977, "history": "ExplorerRun.0", "testname": "project_3_Synchronous_16_bit_add_subtractor_1", "cornername": "Nominal", "point": 1, "logfile": "/nethome/rgoel68/ECE3150/logs_rgoel68/logs0/Job12.log"}
[2025-04-09 12:02:11.804 -0400] [INFO] [cadence.virtuoso.ade.simulationMonitor] - SimulationMonitor has terminated the vds process '344574', reason: 'Force to stop the expression evalutor process because of new run' {"history": "ExplorerRun.0", "point": 1, "testname": "project_3_Synchronous_16_bit_add_subtractor_1", "cornername": "Nominal"}
[2025-04-09 12:02:11.805 -0400] [PROCESS] [cadence.virtuoso.ade.simulationMonitor] - HostInfo:
Host name (type):	ece-linlabsrv01.ece.gatech.edu (x86_64)
Operating system:	Linux 4.18.0-553.44.1.el8_10.x86_64 #1 SMP Wed Mar 5 10:48:41 EST 2025 {"hostname": "ece-linlabsrv01.ece.gatech.edu", "processid": 254977, "history": "ExplorerRun.0", "testname": "project_3_Synchronous_16_bit_add_subtractor_1", "cornername": "Nominal", "point": 1, "logfile": "/nethome/rgoel68/ECE3150/logs_rgoel68/logs0/Job12.log", "nodename": "ece-linlabsrv01.ece.gatech.edu", "domainname": "(none)", "machine": "x86_64", "sysname": "Linux", "release": "4.18.0-553.44.1.el8_10.x86_64", "version": "#1 SMP Wed Mar 5 10:48:41 EST 2025"}
[2025-04-09 12:02:11.806 -0400] [PROCESS] [cadence.virtuoso.ade.simulationMonitor] - UsageInfo:
pid=254977
totalPhysicalMemory=186.850849GB,Used=80.046246GB,totalVirtualMemory=250.850845GB,Used=106.620190GB
Cpu: Cores=112, Load average:7.590000,7.280000,6.350000 {"hostname": "ece-linlabsrv01.ece.gatech.edu", "processid": 254977, "history": "ExplorerRun.0", "testname": "project_3_Synchronous_16_bit_add_subtractor_1", "cornername": "Nominal", "point": 1, "logfile": "/nethome/rgoel68/ECE3150/logs_rgoel68/logs0/Job12.log", "pid": "254977", "totalPhysicalMemory": "186.850849", "physicalMemoryUsed": "80.046246", "totalVirtualMemory": "250.850845", "virtualMemoryUsed": "106.620190", "cpuCores": "112", "processes": "8677", "loadAverage1": "7.590000", "loadAverage5": "7.280000", "loadAverage15": "6.350000", "loadAverage1Percent": "0.067768"}
[2025-04-09 12:02:11.811 -0400] [EVENT] [cadence.virtuoso.ade.simulationMonitor] - NewPoint {"history": "ExplorerRun.0", "point": 1, "testname": "project_3_Synchronous_16_bit_add_subtractor_1", "cornername": "Nominal", "event": "NewPoint", "EventSource": "Simulation Monitor", "HistoryName": "ExplorerRun.0", "logFile": "/nethome/rgoel68/ECE3150/logs_rgoel68/logs0/Job12.log", "logFileSize": "52669", "category": "simulation"}
[2025-04-09 12:02:12.012 -0400] [EVENT] [cadence.virtuoso.ade.simulationMonitor] - NewPoint {"history": "ExplorerRun.0", "point": 1, "testname": "project_3_Synchronous_16_bit_add_subtractor_1", "cornername": "Nominal", "event": "NewPoint", "EventSource": "spectre", "HistoryName": "ExplorerRun.0", "logFile": "/nethome/rgoel68/simulation/project_3/Synchronous_16_bit_add_subtractor/maestro/results/maestro/ExplorerRun.0/1/project_3_Synchronous_16_bit_add_subtractor_1/psf/spectre.out", "logFileSize": "-1", "category": "simulation"}
[2025-04-09 12:02:12.218 -0400] [PROCESS] [cadence.virtuoso.ade.simulationMonitor] - Simulator launched {"hostname": "ece-linlabsrv01.ece.gatech.edu", "processid": 254977, "history": "ExplorerRun.0", "testname": "project_3_Synchronous_16_bit_add_subtractor_1", "cornername": "Nominal", "point": 1, "logfile": "/nethome/rgoel68/ECE3150/logs_rgoel68/logs0/Job12.log", "simid": "6", "event": "launch", "category": "simulation"}
[2025-04-09 12:02:12.223 -0400] [PROCESS] [cadence.virtuoso.ade.simulationMonitor] - Expression evaluator launched {"hostname": "ece-linlabsrv01.ece.gatech.edu", "processid": 254977, "history": "ExplorerRun.0", "testname": "project_3_Synchronous_16_bit_add_subtractor_1", "cornername": "Nominal", "point": 1, "logfile": "/nethome/rgoel68/ECE3150/logs_rgoel68/logs0/Job12.log"}
[2025-04-09 12:02:12.863 -0400] [PROCESS] [cadence.virtuoso.ade.simulationMonitor] - Started Simulation {"hostname": "ece-linlabsrv01.ece.gatech.edu", "processid": 254977, "history": "ExplorerRun.0", "testname": "project_3_Synchronous_16_bit_add_subtractor_1", "cornername": "Nominal", "point": 1, "logfile": "/nethome/rgoel68/ECE3150/logs_rgoel68/logs0/Job12.log", "event": "start", "category": "simulation"}
[2025-04-09 12:02:13.364 -0400] [INFO] [cadence.virtuoso.ade.simulationMonitor] - Notice from spectre during Digital Vector read-in.
    Process Vector Files.
    File read: /nethome/rgoel68/ECE3150/sync_adder_tb.vec {"history": "ExplorerRun.0", "point": 1, "testname": "project_3_Synchronous_16_bit_add_subtractor_1", "cornername": "Nominal"}
[2025-04-09 12:02:13.364 -0400] [ERROR] [cadence.virtuoso.ade.simulationMonitor] -     ERROR (SPECTRE-17704): The number of names do not match the number of vectors. Change the number of names to match the number of vectors and run the simulation again.
        
        **** Statement details for above warning or error ****
         Statement: vname       Ctrl A<[15:0]> B<[15:0]> CLK            ; define the names of the vectors
         File Name: /nethome/rgoel68/ECE3150/sync_adder_tb.vec
         Line Number: 7
        **** End of Statement details **** {"history": "ExplorerRun.0", "point": 1, "testname": "project_3_Synchronous_16_bit_add_subtractor_1", "cornername": "Nominal"}
[2025-04-09 12:02:13.365 -0400] [INFO] [cadence.virtuoso.ade.simulationMonitor] - Peak resident memory used = 176 Mbytes. {"history": "ExplorerRun.0", "point": 1, "testname": "project_3_Synchronous_16_bit_add_subtractor_1", "cornername": "Nominal"}
[2025-04-09 12:02:13.366 -0400] [INFO] [cadence.virtuoso.ade.simulationMonitor] - Time used: CPU = 308 ms, elapsed = 338 ms, util. = 91.1%. {"history": "ExplorerRun.0", "point": 1, "testname": "project_3_Synchronous_16_bit_add_subtractor_1", "cornername": "Nominal"}
[2025-04-09 12:02:13.366 -0400] [INFO] [cadence.virtuoso.ade.simulationMonitor] - Time spent in licensing: elapsed = 43.4 ms, percentage of total = 12.9%. {"history": "ExplorerRun.0", "point": 1, "testname": "project_3_Synchronous_16_bit_add_subtractor_1", "cornername": "Nominal"}
[2025-04-09 12:02:13.367 -0400] [INFO] [cadence.virtuoso.ade.simulationMonitor] - Peak memory used = 179 Mbytes. {"history": "ExplorerRun.0", "point": 1, "testname": "project_3_Synchronous_16_bit_add_subtractor_1", "cornername": "Nominal"}
[2025-04-09 12:02:13.368 -0400] [PROCESS] [cadence.virtuoso.ade.simulationMonitor] - Simulation started at: 12:02:12 PM, Wed Apr 9, 2025, ended at: 12:02:12 PM, Wed Apr 9, 2025, with elapsed time (wall clock): 338 ms. {"history": "ExplorerRun.0", "point": 1, "testname": "project_3_Synchronous_16_bit_add_subtractor_1", "cornername": "Nominal"}
[2025-04-09 12:02:13.368 -0400] [PROCESS] [cadence.virtuoso.ade.simulationMonitor] - spectre completes with 1 error, 0 warnings, and 2 notices. {"history": "ExplorerRun.0", "point": 1, "testname": "project_3_Synchronous_16_bit_add_subtractor_1", "cornername": "Nominal"}
[2025-04-09 12:02:13.369 -0400] [FATAL] [cadence.virtuoso.ade.simulationMonitor] - spectre terminated prematurely due to fatal error. {"history": "ExplorerRun.0", "point": 1, "testname": "project_3_Synchronous_16_bit_add_subtractor_1", "cornername": "Nominal"}
[2025-04-09 12:02:13.369 -0400] [PROCESS] [cadence.virtuoso.ade.simulationMonitor] - Finished simulating for one point {"hostname": "ece-linlabsrv01.ece.gatech.edu", "processid": 254977, "history": "ExplorerRun.0", "testname": "project_3_Synchronous_16_bit_add_subtractor_1", "cornername": "Nominal", "point": 1, "logfile": "/nethome/rgoel68/ECE3150/logs_rgoel68/logs0/Job12.log", "simid": "6", "event": "finish", "category": "simulation"}
[2025-04-09 12:02:13.369 -0400] [ERROR] [cadence.virtuoso.ade.simulationMonitor] - While simulating run ExplorerRun.0, point 1, test project_3_Synchronous_16_bit_add_subtractor_1, received error:
Simulation Error:
 The simulator process returned a non-zero exit code, indicating failure.
The simulator could have crashed or intentionally returned to indicate an error.
Check the simulator log file for more information.  Common causes:
1. Simulator may have crashed during exit even after reporting success in log file.
2. Abrupt automatic simulator termination (e.g., SIGKILL) because the simu... {"history": "ExplorerRun.0", "point": 1, "testname": "project_3_Synchronous_16_bit_add_subtractor_1", "cornername": "Nominal"}
[2025-04-09 12:02:13.369 -0400] [PROCESS] [cadence.virtuoso.ade.simulationMonitor] - Finished Simulation {"hostname": "ece-linlabsrv01.ece.gatech.edu", "processid": 254977, "history": "ExplorerRun.0", "testname": "project_3_Synchronous_16_bit_add_subtractor_1", "cornername": "Nominal", "point": 1, "logfile": "/nethome/rgoel68/ECE3150/logs_rgoel68/logs0/Job12.log", "simid": "6", "event": "finish", "category": "obsolete"}
[2025-04-09 12:03:12.891 -0400] [PROCESS] [cadence.virtuoso.ade.simulationMonitor] - get signal Terminated<15> from user:rgoel68, which pid:254970:/tools/software/cadence/ic/latest/tools/bin/64bit/cdsServIpc {"hostname": "ece-linlabsrv01.ece.gatech.edu", "processid": 254977, "history": "ExplorerRun.0", "testname": "project_3_Synchronous_16_bit_add_subtractor_1", "cornername": "Nominal", "point": 1, "logfile": "/nethome/rgoel68/ECE3150/logs_rgoel68/logs0/Job12.log", "signal": "15", "signalName": "Terminated", "which": "/tools/software/cadence/ic/latest/tools/bin/64bit/cdsServIpc", "pid": "254970", "user": "rgoel68", "uid": "3310759"}
[2025-04-09 12:03:12.891 -0400] [INFO] [cadence.virtuoso.ade.simulationMonitor] - SimulationMonitor has terminated the  process '390087', reason: 'simulationMonitor is handling signal 15' {"history": "ExplorerRun.0", "point": 1, "testname": "project_3_Synchronous_16_bit_add_subtractor_1", "cornername": "Nominal"}
