[Simulation Monitor: 16]
[2025-04-21 17:39:22.875 -0400] [PROCESS] [cadence.virtuoso.ade.simulationMonitor] - Started the simulation monitor process {"hostname": "ece-linlabsrv01.ece.gatech.edu", "processid": 2471748, "logfile": "/nethome/rgoel68/ECE3150/logs_rgoel68/logs0/Job16.log", "simulation monitor command line": "/tools/software/cadence/ic/23.10.120/tools.lnx86/dfII/bin/64bit/spectreMonitor --davinciService DaVinciService_1521812_1745251648 --axlsession fnxSession3 -lscs 000175E1894CBE06FF0966E38F1FFC06BC4D65B0C578C406D07B6FA78410926AD02470F28B50992BD92E69ED90048F74DD2F32AE9C019928D92E0EE53415470CD44B00001DA3 -beanhost ece-linlabsrv01.ece.gatech.edu -beanport 11727 -beanLogFile /nethome/rgoel68/ECE3150/logs_rgoel68/logs0/amps_Job16.log -beanbinlog  --domain 0 --interactive yes --netlistOpt no --useMultiPointEvaluation yes --exprEvalShowJobStderr yes --evalSimParallel no --maxSims 0 --historyName ExplorerRun.0 --historyUUID  --exprEvaluator vds --mcMapping mc1.mapping --checkLogStatusInterval 0 --checkSimulatorLogTimeout 1200 --exprEvalMaxTries 3 --maxNFSSyncWait 60 -adeBrokerAddress ece-linlabsrv01.ece.gatech.edu:34573 --fromADE true --virtuosoBinary virtuoso --guiDisplay ece-linlabsrv01.ece.gatech.edu:185 --globalStatus 60 --evaluateMultiMC yes --evalOnSimFail SkipFailedAnalyses --numRetriesOnError 1 --fenixMode explorer --lingertimeout 300 -ahdlLockTimeout 60 --sdbLib project3 --sdbCell Synchronous_16_bit_add_subtractor_clk_buffer --sdbView maestro --heartBeatFileDir /dev/shm --id 16 --uuid 5ab19879-a37a-4ede-9292-4a5ce4632c43 --log /nethome/rgoel68/ECE3150/logs_rgoel68/logs0/Job16.log "}
[2025-04-21 17:39:22.875 -0400] [PROCESS] [cadence.virtuoso.ade.simulationMonitor] - Started the simulation monitor process {"hostname": "ece-linlabsrv01.ece.gatech.edu", "processid": 2471748, "logfile": "/nethome/rgoel68/ECE3150/logs_rgoel68/logs0/Job16.log", "current directory": "/nethome/rgoel68/ECE3150"}
[2025-04-21 17:39:22.876 -0400] [PROCESS] [cadence.virtuoso.ade.simulationMonitor] - Simulation Monitor has successfully started up. Trying to set up communication channels to other components ... {"hostname": "ece-linlabsrv01.ece.gatech.edu", "processid": 2471748, "logfile": "/nethome/rgoel68/ECE3150/logs_rgoel68/logs0/Job16.log"}
[2025-04-21 17:39:22.878 -0400] [PROCESS] [cadence.virtuoso.ade.simulationMonitor] - Communication channels have been successfully set up. Start processing events ... {"hostname": "ece-linlabsrv01.ece.gatech.edu", "processid": 2471748, "logfile": "/nethome/rgoel68/ECE3150/logs_rgoel68/logs0/Job16.log"}
[2025-04-21 17:39:22.878 -0400] [PROCESS] [cadence.virtuoso.ade.simulationMonitor] - Considering to start history {"hostname": "ece-linlabsrv01.ece.gatech.edu", "processid": 2471748, "history": "ExplorerRun.0", "logfile": "/nethome/rgoel68/ECE3150/logs_rgoel68/logs0/Job16.log"}
[2025-04-21 17:39:22.881 -0400] [PROCESS] [cadence.virtuoso.ade.simulationMonitor] - HostInfo:
Host name (type):	ece-linlabsrv01.ece.gatech.edu (x86_64)
Operating system:	Linux 4.18.0-553.44.1.el8_10.x86_64 #1 SMP Wed Mar 5 10:48:41 EST 2025 {"hostname": "ece-linlabsrv01.ece.gatech.edu", "processid": 2471748, "history": "ExplorerRun.0", "logfile": "/nethome/rgoel68/ECE3150/logs_rgoel68/logs0/Job16.log", "nodename": "ece-linlabsrv01.ece.gatech.edu", "domainname": "(none)", "machine": "x86_64", "sysname": "Linux", "release": "4.18.0-553.44.1.el8_10.x86_64", "version": "#1 SMP Wed Mar 5 10:48:41 EST 2025"}
[2025-04-21 17:39:22.881 -0400] [PROCESS] [cadence.virtuoso.ade.simulationMonitor] - UsageInfo:
pid=2471748
totalPhysicalMemory=186.850849GB,Used=173.551224GB,totalVirtualMemory=250.850845GB,Used=219.782738GB
Cpu: Cores=112, Load average:37.100000,43.560000,41.890000 {"hostname": "ece-linlabsrv01.ece.gatech.edu", "processid": 2471748, "history": "ExplorerRun.0", "logfile": "/nethome/rgoel68/ECE3150/logs_rgoel68/logs0/Job16.log", "pid": "2471748", "totalPhysicalMemory": "186.850849", "physicalMemoryUsed": "173.551224", "totalVirtualMemory": "250.850845", "virtualMemoryUsed": "219.782738", "cpuCores": "112", "processes": "23874", "loadAverage1": "37.100000", "loadAverage5": "43.560000", "loadAverage15": "41.890000", "loadAverage1Percent": "0.331250"}
[2025-04-21 17:39:22.936 -0400] [EVENT] [cadence.virtuoso.ade.simulationMonitor] - NewPoint {"history": "ExplorerRun.0", "point": 1, "testname": "project3_Synchronous_16_bit_add_subtractor_clk_buffer_1", "cornername": "Nominal", "event": "NewPoint", "EventSource": "Simulation Monitor", "HistoryName": "ExplorerRun.0", "logFile": "/nethome/rgoel68/ECE3150/logs_rgoel68/logs0/Job16.log", "logFileSize": "4222", "category": "simulation"}
[2025-04-21 17:39:23.138 -0400] [EVENT] [cadence.virtuoso.ade.simulationMonitor] - NewPoint {"history": "ExplorerRun.0", "point": 1, "testname": "project3_Synchronous_16_bit_add_subtractor_clk_buffer_1", "cornername": "Nominal", "event": "NewPoint", "EventSource": "spectre", "HistoryName": "ExplorerRun.0", "logFile": "/nethome/rgoel68/simulation/project3/Synchronous_16_bit_add_subtractor_clk_buffer/maestro/results/maestro/ExplorerRun.0/1/project3_Synchronous_16_bit_add_subtractor_clk_buffer_1/psf/spectre.out", "logFileSize": "-1", "category": "simulation"}
[2025-04-21 17:39:23.369 -0400] [PROCESS] [cadence.virtuoso.ade.simulationMonitor] - Simulator launched {"hostname": "ece-linlabsrv01.ece.gatech.edu", "processid": 2471748, "history": "ExplorerRun.0", "testname": "project3_Synchronous_16_bit_add_subtractor_clk_buffer_1", "cornername": "Nominal", "point": 1, "logfile": "/nethome/rgoel68/ECE3150/logs_rgoel68/logs0/Job16.log", "simid": "1", "event": "launch", "category": "simulation"}
[2025-04-21 17:39:23.375 -0400] [PROCESS] [cadence.virtuoso.ade.simulationMonitor] - Expression evaluator launched {"hostname": "ece-linlabsrv01.ece.gatech.edu", "processid": 2471748, "history": "ExplorerRun.0", "testname": "project3_Synchronous_16_bit_add_subtractor_clk_buffer_1", "cornername": "Nominal", "point": 1, "logfile": "/nethome/rgoel68/ECE3150/logs_rgoel68/logs0/Job16.log"}
[2025-04-21 17:39:27.859 -0400] [PROCESS] [cadence.virtuoso.ade.simulationMonitor] - Started Simulation {"hostname": "ece-linlabsrv01.ece.gatech.edu", "processid": 2471748, "history": "ExplorerRun.0", "testname": "project3_Synchronous_16_bit_add_subtractor_clk_buffer_1", "cornername": "Nominal", "point": 1, "logfile": "/nethome/rgoel68/ECE3150/logs_rgoel68/logs0/Job16.log", "event": "start", "category": "simulation"}
[2025-04-21 17:39:27.860 -0400] [INFO] [cadence.virtuoso.ade.simulationMonitor] - Notice from spectre during Digital Vector read-in.
    Process Vector Files.
    File read: /nethome/rgoel68/ECE3150/sync_adder_f_min_max_tb.vec {"history": "ExplorerRun.0", "point": 1, "testname": "project3_Synchronous_16_bit_add_subtractor_clk_buffer_1", "cornername": "Nominal"}
[2025-04-21 17:39:27.860 -0400] [INFO] [cadence.virtuoso.ade.simulationMonitor] - Peak resident memory used = 162 Mbytes. {"history": "ExplorerRun.0", "point": 1, "testname": "project3_Synchronous_16_bit_add_subtractor_clk_buffer_1", "cornername": "Nominal"}
[2025-04-21 17:39:27.860 -0400] [WARN] [cadence.virtuoso.ade.simulationMonitor] -     WARNING (SFE-102): "input.scs" 37: Parameter `ld', specified for model `PMOS_VTL' of primitive `bsim4', has been ignored because it is an invalid instance parameter. Specify a valid model parameter and rerun the simulation. Type `spectre -h bsim4' to get more information on valid model parameters. {"history": "ExplorerRun.0", "point": 1, "testname": "project3_Synchronous_16_bit_add_subtractor_clk_buffer_1", "cornername": "Nominal"}
[2025-04-21 17:39:27.860 -0400] [WARN] [cadence.virtuoso.ade.simulationMonitor] -     WARNING (SFE-102): "input.scs" 39: Parameter `ld', specified for model `PMOS_VTL' of primitive `bsim4', has been ignored because it is an invalid instance parameter. Specify a valid model parameter and rerun the simulation. Type `spectre -h bsim4' to get more information on valid model parameters. {"history": "ExplorerRun.0", "point": 1, "testname": "project3_Synchronous_16_bit_add_subtractor_clk_buffer_1", "cornername": "Nominal"}
[2025-04-21 17:39:27.860 -0400] [WARN] [cadence.virtuoso.ade.simulationMonitor] -     WARNING (SFE-102): "input.scs" 41: Parameter `ld', specified for model `PMOS_VTL' of primitive `bsim4', has been ignored because it is an invalid instance parameter. Specify a valid model parameter and rerun the simulation. Type `spectre -h bsim4' to get more information on valid model parameters. {"history": "ExplorerRun.0", "point": 1, "testname": "project3_Synchronous_16_bit_add_subtractor_clk_buffer_1", "cornername": "Nominal"}
[2025-04-21 17:39:27.860 -0400] [WARN] [cadence.virtuoso.ade.simulationMonitor] -     WARNING (SFE-102): "input.scs" 43: Parameter `ld', specified for model `PMOS_VTL' of primitive `bsim4', has been ignored because it is an invalid instance parameter. Specify a valid model parameter and rerun the simulation. Type `spectre -h bsim4' to get more information on valid model parameters. {"history": "ExplorerRun.0", "point": 1, "testname": "project3_Synchronous_16_bit_add_subtractor_clk_buffer_1", "cornername": "Nominal"}
[2025-04-21 17:39:27.860 -0400] [WARN] [cadence.virtuoso.ade.simulationMonitor] -     WARNING (SFE-102): "input.scs" 45: Parameter `ld', specified for model `NMOS_VTL' of primitive `bsim4', has been ignored because it is an invalid instance parameter. Specify a valid model parameter and rerun the simulation. Type `spectre -h bsim4' to get more information on valid model parameters.
        Further occurrences of this warning will be suppressed. {"history": "ExplorerRun.0", "point": 1, "testname": "project3_Synchronous_16_bit_add_subtractor_clk_buffer_1", "cornername": "Nominal"}
[2025-04-21 17:39:27.860 -0400] [INFO] [cadence.virtuoso.ade.simulationMonitor] - Peak resident memory used = 175 Mbytes. {"history": "ExplorerRun.0", "point": 1, "testname": "project3_Synchronous_16_bit_add_subtractor_clk_buffer_1", "cornername": "Nominal"}
[2025-04-21 17:39:27.860 -0400] [INFO] [cadence.virtuoso.ade.simulationMonitor] - Peak resident memory used = 183 Mbytes. {"history": "ExplorerRun.0", "point": 1, "testname": "project3_Synchronous_16_bit_add_subtractor_clk_buffer_1", "cornername": "Nominal"}
[2025-04-21 17:39:27.864 -0400] [INFO] [cadence.virtuoso.ade.simulationMonitor] -               nodes 1512 {"history": "ExplorerRun.0", "point": 1, "testname": "project3_Synchronous_16_bit_add_subtractor_clk_buffer_1", "cornername": "Nominal"}
[2025-04-21 17:39:27.864 -0400] [INFO] [cadence.virtuoso.ade.simulationMonitor] - Notice from spectre during initial setup.
    Protected devices exist and are not included in the circuit inventory.
    APS enabled.
    2849 warnings suppressed. {"history": "ExplorerRun.0", "point": 1, "testname": "project3_Synchronous_16_bit_add_subtractor_clk_buffer_1", "cornername": "Nominal"}
[2025-04-21 17:39:27.864 -0400] [INFO] [cadence.virtuoso.ade.simulationMonitor] - Notice from spectre.
    Multithreading enabled: 8 threads in the system with 112 available processors. {"history": "ExplorerRun.0", "point": 1, "testname": "project3_Synchronous_16_bit_add_subtractor_clk_buffer_1", "cornername": "Nominal"}
[2025-04-21 17:39:27.864 -0400] [INFO] [cadence.virtuoso.ade.simulationMonitor] - Peak resident memory used = 212 Mbytes. {"history": "ExplorerRun.0", "point": 1, "testname": "project3_Synchronous_16_bit_add_subtractor_clk_buffer_1", "cornername": "Nominal"}
[2025-04-21 17:39:27.865 -0400] [INFO] [cadence.virtuoso.ade.simulationMonitor] -    -   (APS) Multi-threading. The recommended number of threads is 8, consider adding +mt=8 on command line. {"history": "ExplorerRun.0", "point": 1, "testname": "project3_Synchronous_16_bit_add_subtractor_clk_buffer_1", "cornername": "Nominal"}
[2025-04-21 17:39:27.865 -0400] [INFO] [cadence.virtuoso.ade.simulationMonitor] - Notice from spectre during IC analysis, during transient analysis `tran'.
    Bad pivoting is found during DC analysis. Option dc_pivot_check=yes is recommended for possible improvement of convergence. {"history": "ExplorerRun.0", "point": 1, "testname": "project3_Synchronous_16_bit_add_subtractor_clk_buffer_1", "cornername": "Nominal"}
[2025-04-21 17:39:44.380 -0400] [INFO] [cadence.virtuoso.ade.simulationMonitor] - Notice from spectre at time = 27.9606 ns during transient analysis `tran'.
    Found trapezoidal ringing on node _vvdd!:p. {"history": "ExplorerRun.0", "point": 1, "testname": "project3_Synchronous_16_bit_add_subtractor_clk_buffer_1", "cornername": "Nominal"}
[2025-04-21 17:39:44.380 -0400] [INFO] [cadence.virtuoso.ade.simulationMonitor] - Notice from spectre at time = 30.1606 ns during transient analysis `tran'.
    Found trapezoidal ringing on node _vvdd!:p. {"history": "ExplorerRun.0", "point": 1, "testname": "project3_Synchronous_16_bit_add_subtractor_clk_buffer_1", "cornername": "Nominal"}
[2025-04-21 17:39:44.380 -0400] [INFO] [cadence.virtuoso.ade.simulationMonitor] - Notice from spectre at time = 32.3606 ns during transient analysis `tran'.
    Found trapezoidal ringing on node _vvdd!:p. {"history": "ExplorerRun.0", "point": 1, "testname": "project3_Synchronous_16_bit_add_subtractor_clk_buffer_1", "cornername": "Nominal"}
[2025-04-21 17:39:44.380 -0400] [INFO] [cadence.virtuoso.ade.simulationMonitor] - Notice from spectre at time = 34.5606 ns during transient analysis `tran'.
    Found trapezoidal ringing on node _vvdd!:p. {"history": "ExplorerRun.0", "point": 1, "testname": "project3_Synchronous_16_bit_add_subtractor_clk_buffer_1", "cornername": "Nominal"}
[2025-04-21 17:39:44.380 -0400] [INFO] [cadence.virtuoso.ade.simulationMonitor] - Notice from spectre at time = 36.7606 ns during transient analysis `tran'.
    Found trapezoidal ringing on node _vvdd!:p.
        Further occurrences of this notice will be suppressed. {"history": "ExplorerRun.0", "point": 1, "testname": "project3_Synchronous_16_bit_add_subtractor_clk_buffer_1", "cornername": "Nominal"}
[2025-04-21 17:39:44.380 -0400] [INFO] [cadence.virtuoso.ade.simulationMonitor] - Notice from spectre during transient analysis `tran'.
    Trapezoidal ringing is detected during tran analysis.
        Please use method=trap for better results and performance. {"history": "ExplorerRun.0", "point": 1, "testname": "project3_Synchronous_16_bit_add_subtractor_clk_buffer_1", "cornername": "Nominal"}
[2025-04-21 17:39:44.381 -0400] [INFO] [cadence.virtuoso.ade.simulationMonitor] - Intrinsic tran analysis time:    CPU = 106.52 s, elapsed = 18.4698 s. {"history": "ExplorerRun.0", "point": 1, "testname": "project3_Synchronous_16_bit_add_subtractor_clk_buffer_1", "cornername": "Nominal"}
[2025-04-21 17:39:44.881 -0400] [INFO] [cadence.virtuoso.ade.simulationMonitor] - Total time required for tran analysis `tran': CPU = 110.311 s (1m  50.3s), elapsed = 19.3564 s, util. = 570%. {"history": "ExplorerRun.0", "point": 1, "testname": "project3_Synchronous_16_bit_add_subtractor_clk_buffer_1", "cornername": "Nominal"}
[2025-04-21 17:39:44.881 -0400] [INFO] [cadence.virtuoso.ade.simulationMonitor] - Peak resident memory used = 352 Mbytes. {"history": "ExplorerRun.0", "point": 1, "testname": "project3_Synchronous_16_bit_add_subtractor_clk_buffer_1", "cornername": "Nominal"}
[2025-04-21 17:39:44.881 -0400] [INFO] [cadence.virtuoso.ade.simulationMonitor] - Notice from spectre.
    34 notices suppressed. {"history": "ExplorerRun.0", "point": 1, "testname": "project3_Synchronous_16_bit_add_subtractor_clk_buffer_1", "cornername": "Nominal"}
[2025-04-21 17:39:45.383 -0400] [INFO] [cadence.virtuoso.ade.simulationMonitor] - Time used: CPU = 112 s (1m  51.8s), elapsed = 20.9 s, util. = 534%. {"history": "ExplorerRun.0", "point": 1, "testname": "project3_Synchronous_16_bit_add_subtractor_clk_buffer_1", "cornername": "Nominal"}
[2025-04-21 17:39:45.383 -0400] [INFO] [cadence.virtuoso.ade.simulationMonitor] - Time spent in licensing: elapsed = 59 ms. {"history": "ExplorerRun.0", "point": 1, "testname": "project3_Synchronous_16_bit_add_subtractor_clk_buffer_1", "cornername": "Nominal"}
[2025-04-21 17:39:45.384 -0400] [INFO] [cadence.virtuoso.ade.simulationMonitor] - Peak memory used = 352 Mbytes. {"history": "ExplorerRun.0", "point": 1, "testname": "project3_Synchronous_16_bit_add_subtractor_clk_buffer_1", "cornername": "Nominal"}
[2025-04-21 17:39:45.385 -0400] [PROCESS] [cadence.virtuoso.ade.simulationMonitor] - Simulation started at: 5:39:23 PM, Mon Apr 21, 2025, ended at: 5:39:44 PM, Mon Apr 21, 2025, with elapsed time (wall clock): 20.9 s. {"history": "ExplorerRun.0", "point": 1, "testname": "project3_Synchronous_16_bit_add_subtractor_clk_buffer_1", "cornername": "Nominal"}
[2025-04-21 17:39:45.385 -0400] [PROCESS] [cadence.virtuoso.ade.simulationMonitor] - spectre completes with 0 errors, 5 warnings, and 15 notices. {"history": "ExplorerRun.0", "point": 1, "testname": "project3_Synchronous_16_bit_add_subtractor_clk_buffer_1", "cornername": "Nominal"}
[2025-04-21 17:39:45.385 -0400] [PROCESS] [cadence.virtuoso.ade.simulationMonitor] - Finished simulating for one point {"hostname": "ece-linlabsrv01.ece.gatech.edu", "processid": 2471748, "history": "ExplorerRun.0", "testname": "project3_Synchronous_16_bit_add_subtractor_clk_buffer_1", "cornername": "Nominal", "point": 1, "logfile": "/nethome/rgoel68/ECE3150/logs_rgoel68/logs0/Job16.log", "simid": "1", "event": "finish", "category": "simulation"}
[2025-04-21 17:39:45.386 -0400] [PROCESS] [cadence.virtuoso.ade.simulationMonitor] - Simulator exited {"hostname": "ece-linlabsrv01.ece.gatech.edu", "processid": 2471748, "history": "ExplorerRun.0", "testname": "project3_Synchronous_16_bit_add_subtractor_clk_buffer_1", "cornername": "Nominal", "point": 1, "logfile": "/nethome/rgoel68/ECE3150/logs_rgoel68/logs0/Job16.log", "exitStatus": "0"}
[2025-04-21 17:39:45.386 -0400] [PROCESS] [cadence.virtuoso.ade.simulationMonitor] - Finished Simulation {"hostname": "ece-linlabsrv01.ece.gatech.edu", "processid": 2471748, "history": "ExplorerRun.0", "testname": "project3_Synchronous_16_bit_add_subtractor_clk_buffer_1", "cornername": "Nominal", "point": 1, "logfile": "/nethome/rgoel68/ECE3150/logs_rgoel68/logs0/Job16.log", "simid": "1", "event": "finish", "category": "obsolete"}
[2025-04-21 17:39:47.388 -0400] [PROCESS] [cadence.virtuoso.ade.simulationMonitor] - Point Finished {"hostname": "ece-linlabsrv01.ece.gatech.edu", "processid": 2471748, "history": "ExplorerRun.0", "testname": "project3_Synchronous_16_bit_add_subtractor_clk_buffer_1", "cornername": "Nominal", "point": 1, "logfile": "/nethome/rgoel68/ECE3150/logs_rgoel68/logs0/Job16.log", "event": "finish", "category": "sim-eval"}
[2025-04-21 17:39:48.390 -0400] [PROCESS] [cadence.virtuoso.ade.simulationMonitor] - Stay with the runId '2', Linger time '300', currentRunSyn '5', currentTestSyn '6' {"hostname": "ece-linlabsrv01.ece.gatech.edu", "processid": 2471748, "history": "ExplorerRun.0", "testname": "project3_Synchronous_16_bit_add_subtractor_clk_buffer_1", "cornername": "Nominal", "point": 1, "logfile": "/nethome/rgoel68/ECE3150/logs_rgoel68/logs0/Job16.log"}
[2025-04-21 17:39:49.390 -0400] [PROCESS] [cadence.virtuoso.ade.simulationMonitor] - Stay with the runId '2', Linger time '300', currentRunSyn '5', currentTestSyn '6' {"hostname": "ece-linlabsrv01.ece.gatech.edu", "processid": 2471748, "history": "ExplorerRun.0", "testname": "project3_Synchronous_16_bit_add_subtractor_clk_buffer_1", "cornername": "Nominal", "point": 1, "logfile": "/nethome/rgoel68/ECE3150/logs_rgoel68/logs0/Job16.log"}
[2025-04-21 17:44:48.572 -0400] [PROCESS] [cadence.virtuoso.ade.simulationMonitor] - Current memory used: 81.4805 MBytes, peak memory used: 82.9297 MBytes {"hostname": "ece-linlabsrv01.ece.gatech.edu", "processid": 2471748, "history": "ExplorerRun.0", "testname": "project3_Synchronous_16_bit_add_subtractor_clk_buffer_1", "cornername": "Nominal", "point": 1, "logfile": "/nethome/rgoel68/ECE3150/logs_rgoel68/logs0/Job16.log"}
[2025-04-21 17:44:48.572 -0400] [PROCESS] [cadence.virtuoso.ade.simulationMonitor] - Simulation Monitor process exits. {"hostname": "ece-linlabsrv01.ece.gatech.edu", "processid": 2471748, "history": "ExplorerRun.0", "testname": "project3_Synchronous_16_bit_add_subtractor_clk_buffer_1", "cornername": "Nominal", "point": 1, "logfile": "/nethome/rgoel68/ECE3150/logs_rgoel68/logs0/Job16.log"}
