[Simulation Monitor: 15]
[2025-04-21 16:39:11.569 -0400] [PROCESS] [cadence.virtuoso.ade.simulationMonitor] - Started the simulation monitor process {"hostname": "ece-linlabsrv01.ece.gatech.edu", "processid": 2713999, "logfile": "/nethome/rgoel68/ECE3150/logs_rgoel68/logs0/Job15.log", "simulation monitor command line": "/tools/software/cadence/ic/23.10.120/tools.lnx86/dfII/bin/64bit/spectreMonitor --davinciService DaVinciService_1521812_1745251648 --axlsession fnxSession3 -lscs 000175E1894CBE06FF0966E38F1FFC06BC4D65B0C578C406D07B6FA78410926AD02470F28B50992BD92E69ED90048F74DD2F32AE9C019928D92E0EE523F050E9D44B00001DB6 -beanhost ece-linlabsrv01.ece.gatech.edu -beanport 11727 -beanLogFile /nethome/rgoel68/ECE3150/logs_rgoel68/logs0/amps_Job15.log -beanbinlog  --domain 0 --interactive yes --netlistOpt no --useMultiPointEvaluation yes --exprEvalShowJobStderr yes --evalSimParallel no --maxSims 0 --historyName ExplorerRun.0 --historyUUID  --exprEvaluator vds --mcMapping mc1.mapping --checkLogStatusInterval 0 --checkSimulatorLogTimeout 1200 --exprEvalMaxTries 3 --maxNFSSyncWait 60 -adeBrokerAddress ece-linlabsrv01.ece.gatech.edu:34573 --fromADE true --virtuosoBinary virtuoso --guiDisplay ece-linlabsrv01.ece.gatech.edu:185 --globalStatus 60 --evaluateMultiMC yes --evalOnSimFail SkipFailedAnalyses --numRetriesOnError 1 --fenixMode explorer --lingertimeout 300 -ahdlLockTimeout 60 --sdbLib project3 --sdbCell Synchronous_16_bit_add_subtractor_clk_buffer --sdbView maestro --heartBeatFileDir /dev/shm --id 15 --uuid 1dc45c60-1017-43b2-9581-31f521a78823 --log /nethome/rgoel68/ECE3150/logs_rgoel68/logs0/Job15.log "}
[2025-04-21 16:39:11.570 -0400] [PROCESS] [cadence.virtuoso.ade.simulationMonitor] - Started the simulation monitor process {"hostname": "ece-linlabsrv01.ece.gatech.edu", "processid": 2713999, "logfile": "/nethome/rgoel68/ECE3150/logs_rgoel68/logs0/Job15.log", "current directory": "/nethome/rgoel68/ECE3150"}
[2025-04-21 16:39:11.570 -0400] [PROCESS] [cadence.virtuoso.ade.simulationMonitor] - Simulation Monitor has successfully started up. Trying to set up communication channels to other components ... {"hostname": "ece-linlabsrv01.ece.gatech.edu", "processid": 2713999, "logfile": "/nethome/rgoel68/ECE3150/logs_rgoel68/logs0/Job15.log"}
[2025-04-21 16:39:11.571 -0400] [PROCESS] [cadence.virtuoso.ade.simulationMonitor] - Communication channels have been successfully set up. Start processing events ... {"hostname": "ece-linlabsrv01.ece.gatech.edu", "processid": 2713999, "logfile": "/nethome/rgoel68/ECE3150/logs_rgoel68/logs0/Job15.log"}
[2025-04-21 16:39:11.572 -0400] [PROCESS] [cadence.virtuoso.ade.simulationMonitor] - Considering to start history {"hostname": "ece-linlabsrv01.ece.gatech.edu", "processid": 2713999, "history": "ExplorerRun.0", "logfile": "/nethome/rgoel68/ECE3150/logs_rgoel68/logs0/Job15.log"}
[2025-04-21 16:39:11.574 -0400] [PROCESS] [cadence.virtuoso.ade.simulationMonitor] - HostInfo:
Host name (type):	ece-linlabsrv01.ece.gatech.edu (x86_64)
Operating system:	Linux 4.18.0-553.44.1.el8_10.x86_64 #1 SMP Wed Mar 5 10:48:41 EST 2025 {"hostname": "ece-linlabsrv01.ece.gatech.edu", "processid": 2713999, "history": "ExplorerRun.0", "logfile": "/nethome/rgoel68/ECE3150/logs_rgoel68/logs0/Job15.log", "nodename": "ece-linlabsrv01.ece.gatech.edu", "domainname": "(none)", "machine": "x86_64", "sysname": "Linux", "release": "4.18.0-553.44.1.el8_10.x86_64", "version": "#1 SMP Wed Mar 5 10:48:41 EST 2025"}
[2025-04-21 16:39:11.575 -0400] [PROCESS] [cadence.virtuoso.ade.simulationMonitor] - UsageInfo:
pid=2713999
totalPhysicalMemory=186.850849GB,Used=174.165722GB,totalVirtualMemory=250.850845GB,Used=219.843269GB
Cpu: Cores=112, Load average:39.140000,31.630000,28.710000 {"hostname": "ece-linlabsrv01.ece.gatech.edu", "processid": 2713999, "history": "ExplorerRun.0", "logfile": "/nethome/rgoel68/ECE3150/logs_rgoel68/logs0/Job15.log", "pid": "2713999", "totalPhysicalMemory": "186.850849", "physicalMemoryUsed": "174.165722", "totalVirtualMemory": "250.850845", "virtualMemoryUsed": "219.843269", "cpuCores": "112", "processes": "22290", "loadAverage1": "39.140000", "loadAverage5": "31.630000", "loadAverage15": "28.710000", "loadAverage1Percent": "0.349464"}
[2025-04-21 16:39:11.578 -0400] [EVENT] [cadence.virtuoso.ade.simulationMonitor] - NewPoint {"history": "ExplorerRun.0", "point": 1, "testname": "project3_Synchronous_16_bit_add_subtractor_clk_buffer_1", "cornername": "Nominal", "event": "NewPoint", "EventSource": "Simulation Monitor", "HistoryName": "ExplorerRun.0", "logFile": "/nethome/rgoel68/ECE3150/logs_rgoel68/logs0/Job15.log", "logFileSize": "4222", "category": "simulation"}
[2025-04-21 16:39:11.881 -0400] [EVENT] [cadence.virtuoso.ade.simulationMonitor] - NewPoint {"history": "ExplorerRun.0", "point": 1, "testname": "project3_Synchronous_16_bit_add_subtractor_clk_buffer_1", "cornername": "Nominal", "event": "NewPoint", "EventSource": "spectre", "HistoryName": "ExplorerRun.0", "logFile": "/nethome/rgoel68/simulation/project3/Synchronous_16_bit_add_subtractor_clk_buffer/maestro/results/maestro/ExplorerRun.0/1/project3_Synchronous_16_bit_add_subtractor_clk_buffer_1/psf/spectre.out", "logFileSize": "-1", "category": "simulation"}
[2025-04-21 16:39:12.128 -0400] [PROCESS] [cadence.virtuoso.ade.simulationMonitor] - Simulator launched {"hostname": "ece-linlabsrv01.ece.gatech.edu", "processid": 2713999, "history": "ExplorerRun.0", "testname": "project3_Synchronous_16_bit_add_subtractor_clk_buffer_1", "cornername": "Nominal", "point": 1, "logfile": "/nethome/rgoel68/ECE3150/logs_rgoel68/logs0/Job15.log", "simid": "1", "event": "launch", "category": "simulation"}
[2025-04-21 16:39:12.133 -0400] [PROCESS] [cadence.virtuoso.ade.simulationMonitor] - Expression evaluator launched {"hostname": "ece-linlabsrv01.ece.gatech.edu", "processid": 2713999, "history": "ExplorerRun.0", "testname": "project3_Synchronous_16_bit_add_subtractor_clk_buffer_1", "cornername": "Nominal", "point": 1, "logfile": "/nethome/rgoel68/ECE3150/logs_rgoel68/logs0/Job15.log"}
[2025-04-21 16:39:16.028 -0400] [PROCESS] [cadence.virtuoso.ade.simulationMonitor] - Started Simulation {"hostname": "ece-linlabsrv01.ece.gatech.edu", "processid": 2713999, "history": "ExplorerRun.0", "testname": "project3_Synchronous_16_bit_add_subtractor_clk_buffer_1", "cornername": "Nominal", "point": 1, "logfile": "/nethome/rgoel68/ECE3150/logs_rgoel68/logs0/Job15.log", "event": "start", "category": "simulation"}
[2025-04-21 16:39:16.028 -0400] [INFO] [cadence.virtuoso.ade.simulationMonitor] - Notice from spectre during Digital Vector read-in.
    Process Vector Files.
    File read: /nethome/rgoel68/ECE3150/sync_adder_tb.vec {"history": "ExplorerRun.0", "point": 1, "testname": "project3_Synchronous_16_bit_add_subtractor_clk_buffer_1", "cornername": "Nominal"}
[2025-04-21 16:39:16.028 -0400] [INFO] [cadence.virtuoso.ade.simulationMonitor] - Peak resident memory used = 177 Mbytes. {"history": "ExplorerRun.0", "point": 1, "testname": "project3_Synchronous_16_bit_add_subtractor_clk_buffer_1", "cornername": "Nominal"}
[2025-04-21 16:39:16.028 -0400] [WARN] [cadence.virtuoso.ade.simulationMonitor] -     WARNING (SFE-102): "input.scs" 37: Parameter `ld', specified for model `PMOS_VTL' of primitive `bsim4', has been ignored because it is an invalid instance parameter. Specify a valid model parameter and rerun the simulation. Type `spectre -h bsim4' to get more information on valid model parameters. {"history": "ExplorerRun.0", "point": 1, "testname": "project3_Synchronous_16_bit_add_subtractor_clk_buffer_1", "cornername": "Nominal"}
[2025-04-21 16:39:16.028 -0400] [WARN] [cadence.virtuoso.ade.simulationMonitor] -     WARNING (SFE-102): "input.scs" 39: Parameter `ld', specified for model `PMOS_VTL' of primitive `bsim4', has been ignored because it is an invalid instance parameter. Specify a valid model parameter and rerun the simulation. Type `spectre -h bsim4' to get more information on valid model parameters. {"history": "ExplorerRun.0", "point": 1, "testname": "project3_Synchronous_16_bit_add_subtractor_clk_buffer_1", "cornername": "Nominal"}
[2025-04-21 16:39:16.028 -0400] [WARN] [cadence.virtuoso.ade.simulationMonitor] -     WARNING (SFE-102): "input.scs" 41: Parameter `ld', specified for model `PMOS_VTL' of primitive `bsim4', has been ignored because it is an invalid instance parameter. Specify a valid model parameter and rerun the simulation. Type `spectre -h bsim4' to get more information on valid model parameters. {"history": "ExplorerRun.0", "point": 1, "testname": "project3_Synchronous_16_bit_add_subtractor_clk_buffer_1", "cornername": "Nominal"}
[2025-04-21 16:39:16.029 -0400] [WARN] [cadence.virtuoso.ade.simulationMonitor] -     WARNING (SFE-102): "input.scs" 43: Parameter `ld', specified for model `PMOS_VTL' of primitive `bsim4', has been ignored because it is an invalid instance parameter. Specify a valid model parameter and rerun the simulation. Type `spectre -h bsim4' to get more information on valid model parameters. {"history": "ExplorerRun.0", "point": 1, "testname": "project3_Synchronous_16_bit_add_subtractor_clk_buffer_1", "cornername": "Nominal"}
[2025-04-21 16:39:16.029 -0400] [WARN] [cadence.virtuoso.ade.simulationMonitor] -     WARNING (SFE-102): "input.scs" 45: Parameter `ld', specified for model `NMOS_VTL' of primitive `bsim4', has been ignored because it is an invalid instance parameter. Specify a valid model parameter and rerun the simulation. Type `spectre -h bsim4' to get more information on valid model parameters.
        Further occurrences of this warning will be suppressed. {"history": "ExplorerRun.0", "point": 1, "testname": "project3_Synchronous_16_bit_add_subtractor_clk_buffer_1", "cornername": "Nominal"}
[2025-04-21 16:39:16.029 -0400] [INFO] [cadence.virtuoso.ade.simulationMonitor] - Peak resident memory used = 190 Mbytes. {"history": "ExplorerRun.0", "point": 1, "testname": "project3_Synchronous_16_bit_add_subtractor_clk_buffer_1", "cornername": "Nominal"}
[2025-04-21 16:39:16.029 -0400] [INFO] [cadence.virtuoso.ade.simulationMonitor] - Peak resident memory used = 198 Mbytes. {"history": "ExplorerRun.0", "point": 1, "testname": "project3_Synchronous_16_bit_add_subtractor_clk_buffer_1", "cornername": "Nominal"}
[2025-04-21 16:39:16.041 -0400] [INFO] [cadence.virtuoso.ade.simulationMonitor] -               nodes 1512 {"history": "ExplorerRun.0", "point": 1, "testname": "project3_Synchronous_16_bit_add_subtractor_clk_buffer_1", "cornername": "Nominal"}
[2025-04-21 16:39:16.041 -0400] [INFO] [cadence.virtuoso.ade.simulationMonitor] - Notice from spectre during initial setup.
    Protected devices exist and are not included in the circuit inventory.
    APS enabled.
    2849 warnings suppressed. {"history": "ExplorerRun.0", "point": 1, "testname": "project3_Synchronous_16_bit_add_subtractor_clk_buffer_1", "cornername": "Nominal"}
[2025-04-21 16:39:16.042 -0400] [INFO] [cadence.virtuoso.ade.simulationMonitor] - Notice from spectre.
    Multithreading enabled: 8 threads in the system with 112 available processors. {"history": "ExplorerRun.0", "point": 1, "testname": "project3_Synchronous_16_bit_add_subtractor_clk_buffer_1", "cornername": "Nominal"}
[2025-04-21 16:39:16.042 -0400] [INFO] [cadence.virtuoso.ade.simulationMonitor] - Peak resident memory used = 227 Mbytes. {"history": "ExplorerRun.0", "point": 1, "testname": "project3_Synchronous_16_bit_add_subtractor_clk_buffer_1", "cornername": "Nominal"}
[2025-04-21 16:39:16.043 -0400] [INFO] [cadence.virtuoso.ade.simulationMonitor] -    -   (APS) Multi-threading. The recommended number of threads is 8, consider adding +mt=8 on command line. {"history": "ExplorerRun.0", "point": 1, "testname": "project3_Synchronous_16_bit_add_subtractor_clk_buffer_1", "cornername": "Nominal"}
[2025-04-21 16:39:16.043 -0400] [INFO] [cadence.virtuoso.ade.simulationMonitor] - Notice from spectre during IC analysis, during transient analysis `tran'.
    Bad pivoting is found during DC analysis. Option dc_pivot_check=yes is recommended for possible improvement of convergence. {"history": "ExplorerRun.0", "point": 1, "testname": "project3_Synchronous_16_bit_add_subtractor_clk_buffer_1", "cornername": "Nominal"}
[2025-04-21 16:39:34.060 -0400] [WARN] [cadence.virtuoso.ade.simulationMonitor] -     WARNING (CMI-2015): Unable to open the state file `spectre.fc'.
         Ensure that the specified file or directory exists. {"history": "ExplorerRun.0", "point": 1, "testname": "project3_Synchronous_16_bit_add_subtractor_clk_buffer_1", "cornername": "Nominal"}
[2025-04-21 16:39:34.073 -0400] [INFO] [cadence.virtuoso.ade.simulationMonitor] - Intrinsic tran analysis time:    CPU = 143.824 s, elapsed = 19.3224 s. {"history": "ExplorerRun.0", "point": 1, "testname": "project3_Synchronous_16_bit_add_subtractor_clk_buffer_1", "cornername": "Nominal"}
[2025-04-21 16:39:34.574 -0400] [INFO] [cadence.virtuoso.ade.simulationMonitor] - Total time required for tran analysis `tran': CPU = 148.158 s (2m  28.2s), elapsed = 20.2225 s, util. = 733%. {"history": "ExplorerRun.0", "point": 1, "testname": "project3_Synchronous_16_bit_add_subtractor_clk_buffer_1", "cornername": "Nominal"}
[2025-04-21 16:39:34.575 -0400] [INFO] [cadence.virtuoso.ade.simulationMonitor] - Peak resident memory used = 367 Mbytes. {"history": "ExplorerRun.0", "point": 1, "testname": "project3_Synchronous_16_bit_add_subtractor_clk_buffer_1", "cornername": "Nominal"}
[2025-04-21 16:39:34.575 -0400] [WARN] [cadence.virtuoso.ade.simulationMonitor] -     WARNING (SPECTRE-10001): Attempt #1: Could not open file `../psf//element.info' because your file server is overloaded. Use a different file server or contact your IT department for assistance before rerunning the simulation. {"history": "ExplorerRun.0", "point": 1, "testname": "project3_Synchronous_16_bit_add_subtractor_clk_buffer_1", "cornername": "Nominal"}
[2025-04-21 16:39:34.575 -0400] [WARN] [cadence.virtuoso.ade.simulationMonitor] -     WARNING (SPECTRE-10001): Attempt #2: Could not open file `../psf//element.info' because your file server is overloaded. Use a different file server or contact your IT department for assistance before rerunning the simulation. {"history": "ExplorerRun.0", "point": 1, "testname": "project3_Synchronous_16_bit_add_subtractor_clk_buffer_1", "cornername": "Nominal"}
[2025-04-21 16:39:34.575 -0400] [WARN] [cadence.virtuoso.ade.simulationMonitor] -     WARNING (SPECTRE-10001): Attempt #3: Could not open file `../psf//element.info' because your file server is overloaded. Use a different file server or contact your IT department for assistance before rerunning the simulation. {"history": "ExplorerRun.0", "point": 1, "testname": "project3_Synchronous_16_bit_add_subtractor_clk_buffer_1", "cornername": "Nominal"}
[2025-04-21 16:39:34.575 -0400] [WARN] [cadence.virtuoso.ade.simulationMonitor] -     WARNING (SPECTRE-10001): Attempt #4: Could not open file `../psf//element.info' because your file server is overloaded. Use a different file server or contact your IT department for assistance before rerunning the simulation. {"history": "ExplorerRun.0", "point": 1, "testname": "project3_Synchronous_16_bit_add_subtractor_clk_buffer_1", "cornername": "Nominal"}
[2025-04-21 16:39:34.575 -0400] [WARN] [cadence.virtuoso.ade.simulationMonitor] -     WARNING (SPECTRE-10001): Attempt #5: Could not open file `../psf//element.info' because your file server is overloaded. Use a different file server or contact your IT department for assistance before rerunning the simulation.
        Further occurrences of this warning will be suppressed. {"history": "ExplorerRun.0", "point": 1, "testname": "project3_Synchronous_16_bit_add_subtractor_clk_buffer_1", "cornername": "Nominal"}
[2025-04-21 16:39:34.575 -0400] [ERROR] [cadence.virtuoso.ade.simulationMonitor] -     FATAL: Internal error with exception. Terminating simulation. Encountered a critical error during simulation. Run `mmsimpack' (see mmsimpack -h for detailed usage information) to package the netlist and log files as a compressed tar file. Then, contact your Cadence representative or submit a service request via Cadence Online Support, including the tar file and any other information that could help identify the problem. {"history": "ExplorerRun.0", "point": 1, "testname": "project3_Synchronous_16_bit_add_subtractor_clk_buffer_1", "cornername": "Nominal"}
[2025-04-21 16:39:34.583 -0400] [ERROR] [cadence.virtuoso.ade.simulationMonitor] -     ERROR (USIMUWI-20005): Could not save the waveform because file `../psf/element.info' could not be opened. Contact your IT department to check file system permissions and quota before rerunning the simulation. {"history": "ExplorerRun.0", "point": 1, "testname": "project3_Synchronous_16_bit_add_subtractor_clk_buffer_1", "cornername": "Nominal"}
[2025-04-21 16:39:34.593 -0400] [INFO] [cadence.virtuoso.ade.simulationMonitor] - Time used: CPU = 153 s (2m  33.0s), elapsed = 21.8 s, util. = 700%. {"history": "ExplorerRun.0", "point": 1, "testname": "project3_Synchronous_16_bit_add_subtractor_clk_buffer_1", "cornername": "Nominal"}
[2025-04-21 16:39:34.593 -0400] [INFO] [cadence.virtuoso.ade.simulationMonitor] - Time spent in licensing: elapsed = 79.2 ms. {"history": "ExplorerRun.0", "point": 1, "testname": "project3_Synchronous_16_bit_add_subtractor_clk_buffer_1", "cornername": "Nominal"}
[2025-04-21 16:39:34.612 -0400] [INFO] [cadence.virtuoso.ade.simulationMonitor] - Peak memory used = 367 Mbytes. {"history": "ExplorerRun.0", "point": 1, "testname": "project3_Synchronous_16_bit_add_subtractor_clk_buffer_1", "cornername": "Nominal"}
[2025-04-21 16:39:34.614 -0400] [PROCESS] [cadence.virtuoso.ade.simulationMonitor] - Simulation started at: 4:39:12 PM, Mon Apr 21, 2025, ended at: 4:39:34 PM, Mon Apr 21, 2025, with elapsed time (wall clock): 21.8 s. {"history": "ExplorerRun.0", "point": 1, "testname": "project3_Synchronous_16_bit_add_subtractor_clk_buffer_1", "cornername": "Nominal"}
[2025-04-21 16:39:34.615 -0400] [PROCESS] [cadence.virtuoso.ade.simulationMonitor] - spectre completes with 2 errors, 12 warnings, and 8 notices. {"history": "ExplorerRun.0", "point": 1, "testname": "project3_Synchronous_16_bit_add_subtractor_clk_buffer_1", "cornername": "Nominal"}
[2025-04-21 16:39:34.615 -0400] [FATAL] [cadence.virtuoso.ade.simulationMonitor] - spectre terminated prematurely due to fatal error. {"history": "ExplorerRun.0", "point": 1, "testname": "project3_Synchronous_16_bit_add_subtractor_clk_buffer_1", "cornername": "Nominal"}
[2025-04-21 16:39:34.615 -0400] [PROCESS] [cadence.virtuoso.ade.simulationMonitor] - Finished simulating for one point {"hostname": "ece-linlabsrv01.ece.gatech.edu", "processid": 2713999, "history": "ExplorerRun.0", "testname": "project3_Synchronous_16_bit_add_subtractor_clk_buffer_1", "cornername": "Nominal", "point": 1, "logfile": "/nethome/rgoel68/ECE3150/logs_rgoel68/logs0/Job15.log", "simid": "1", "event": "finish", "category": "simulation"}
[2025-04-21 16:39:34.615 -0400] [ERROR] [cadence.virtuoso.ade.simulationMonitor] - While simulating run ExplorerRun.0, point 1, test project3_Synchronous_16_bit_add_subtractor_clk_buffer_1, received error:
Simulation Error:
 The simulator process returned a non-zero exit code, indicating failure.
The simulator could have crashed or intentionally returned to indicate an error.
Check the simulator log file for more information.  Common causes:
1. Simulator may have crashed during exit even after reporting success in log file.
2. Abrupt automatic simulator termination (e.g., SIGKILL) becaus... {"history": "ExplorerRun.0", "point": 1, "testname": "project3_Synchronous_16_bit_add_subtractor_clk_buffer_1", "cornername": "Nominal"}
[2025-04-21 16:39:34.615 -0400] [PROCESS] [cadence.virtuoso.ade.simulationMonitor] - Finished Simulation {"hostname": "ece-linlabsrv01.ece.gatech.edu", "processid": 2713999, "history": "ExplorerRun.0", "testname": "project3_Synchronous_16_bit_add_subtractor_clk_buffer_1", "cornername": "Nominal", "point": 1, "logfile": "/nethome/rgoel68/ECE3150/logs_rgoel68/logs0/Job15.log", "simid": "1", "event": "finish", "category": "obsolete"}
[2025-04-21 16:39:40.125 -0400] [PROCESS] [cadence.virtuoso.ade.simulationMonitor] - Point Finished {"hostname": "ece-linlabsrv01.ece.gatech.edu", "processid": 2713999, "history": "ExplorerRun.0", "testname": "project3_Synchronous_16_bit_add_subtractor_clk_buffer_1", "cornername": "Nominal", "point": 1, "logfile": "/nethome/rgoel68/ECE3150/logs_rgoel68/logs0/Job15.log", "event": "finish", "category": "sim-eval"}
[2025-04-21 16:39:41.127 -0400] [PROCESS] [cadence.virtuoso.ade.simulationMonitor] - Stay with the runId '0', Linger time '300', currentRunSyn '1', currentTestSyn '2' {"hostname": "ece-linlabsrv01.ece.gatech.edu", "processid": 2713999, "history": "ExplorerRun.0", "testname": "project3_Synchronous_16_bit_add_subtractor_clk_buffer_1", "cornername": "Nominal", "point": 1, "logfile": "/nethome/rgoel68/ECE3150/logs_rgoel68/logs0/Job15.log"}
[2025-04-21 16:39:42.127 -0400] [PROCESS] [cadence.virtuoso.ade.simulationMonitor] - Stay with the runId '0', Linger time '300', currentRunSyn '1', currentTestSyn '2' {"hostname": "ece-linlabsrv01.ece.gatech.edu", "processid": 2713999, "history": "ExplorerRun.0", "testname": "project3_Synchronous_16_bit_add_subtractor_clk_buffer_1", "cornername": "Nominal", "point": 1, "logfile": "/nethome/rgoel68/ECE3150/logs_rgoel68/logs0/Job15.log"}
[2025-04-21 16:40:30.451 -0400] [INFO] [cadence.virtuoso.ade.simulationMonitor] - SimulationMonitor has terminated the vds process '2719166', reason: 'Force to stop the expression evalutor process because of new run' {"history": "ExplorerRun.0", "point": 1, "testname": "project3_Synchronous_16_bit_add_subtractor_clk_buffer_1", "cornername": "Nominal"}
[2025-04-21 16:40:30.455 -0400] [PROCESS] [cadence.virtuoso.ade.simulationMonitor] - HostInfo:
Host name (type):	ece-linlabsrv01.ece.gatech.edu (x86_64)
Operating system:	Linux 4.18.0-553.44.1.el8_10.x86_64 #1 SMP Wed Mar 5 10:48:41 EST 2025 {"hostname": "ece-linlabsrv01.ece.gatech.edu", "processid": 2713999, "history": "ExplorerRun.0", "testname": "project3_Synchronous_16_bit_add_subtractor_clk_buffer_1", "cornername": "Nominal", "point": 1, "logfile": "/nethome/rgoel68/ECE3150/logs_rgoel68/logs0/Job15.log", "nodename": "ece-linlabsrv01.ece.gatech.edu", "domainname": "(none)", "machine": "x86_64", "sysname": "Linux", "release": "4.18.0-553.44.1.el8_10.x86_64", "version": "#1 SMP Wed Mar 5 10:48:41 EST 2025"}
[2025-04-21 16:40:30.455 -0400] [PROCESS] [cadence.virtuoso.ade.simulationMonitor] - UsageInfo:
pid=2713999
totalPhysicalMemory=186.850849GB,Used=170.613445GB,totalVirtualMemory=250.850845GB,Used=216.290016GB
Cpu: Cores=112, Load average:24.980000,29.370000,28.190000 {"hostname": "ece-linlabsrv01.ece.gatech.edu", "processid": 2713999, "history": "ExplorerRun.0", "testname": "project3_Synchronous_16_bit_add_subtractor_clk_buffer_1", "cornername": "Nominal", "point": 1, "logfile": "/nethome/rgoel68/ECE3150/logs_rgoel68/logs0/Job15.log", "pid": "2713999", "totalPhysicalMemory": "186.850849", "physicalMemoryUsed": "170.613445", "totalVirtualMemory": "250.850845", "virtualMemoryUsed": "216.290016", "cpuCores": "112", "processes": "22227", "loadAverage1": "24.980000", "loadAverage5": "29.370000", "loadAverage15": "28.190000", "loadAverage1Percent": "0.223036"}
[2025-04-21 16:40:30.463 -0400] [EVENT] [cadence.virtuoso.ade.simulationMonitor] - NewPoint {"history": "ExplorerRun.0", "point": 1, "testname": "project3_Synchronous_16_bit_add_subtractor_clk_buffer_1", "cornername": "Nominal", "event": "NewPoint", "EventSource": "Simulation Monitor", "HistoryName": "ExplorerRun.0", "logFile": "/nethome/rgoel68/ECE3150/logs_rgoel68/logs0/Job15.log", "logFileSize": "23412", "category": "simulation"}
[2025-04-21 16:40:30.665 -0400] [EVENT] [cadence.virtuoso.ade.simulationMonitor] - NewPoint {"history": "ExplorerRun.0", "point": 1, "testname": "project3_Synchronous_16_bit_add_subtractor_clk_buffer_1", "cornername": "Nominal", "event": "NewPoint", "EventSource": "spectre", "HistoryName": "ExplorerRun.0", "logFile": "/nethome/rgoel68/simulation/project3/Synchronous_16_bit_add_subtractor_clk_buffer/maestro/results/maestro/ExplorerRun.0/1/project3_Synchronous_16_bit_add_subtractor_clk_buffer_1/psf/spectre.out", "logFileSize": "-1", "category": "simulation"}
[2025-04-21 16:40:30.885 -0400] [PROCESS] [cadence.virtuoso.ade.simulationMonitor] - Simulator launched {"hostname": "ece-linlabsrv01.ece.gatech.edu", "processid": 2713999, "history": "ExplorerRun.0", "testname": "project3_Synchronous_16_bit_add_subtractor_clk_buffer_1", "cornername": "Nominal", "point": 1, "logfile": "/nethome/rgoel68/ECE3150/logs_rgoel68/logs0/Job15.log", "simid": "2", "event": "launch", "category": "simulation"}
[2025-04-21 16:40:30.893 -0400] [PROCESS] [cadence.virtuoso.ade.simulationMonitor] - Expression evaluator launched {"hostname": "ece-linlabsrv01.ece.gatech.edu", "processid": 2713999, "history": "ExplorerRun.0", "testname": "project3_Synchronous_16_bit_add_subtractor_clk_buffer_1", "cornername": "Nominal", "point": 1, "logfile": "/nethome/rgoel68/ECE3150/logs_rgoel68/logs0/Job15.log"}
[2025-04-21 16:40:34.673 -0400] [PROCESS] [cadence.virtuoso.ade.simulationMonitor] - Started Simulation {"hostname": "ece-linlabsrv01.ece.gatech.edu", "processid": 2713999, "history": "ExplorerRun.0", "testname": "project3_Synchronous_16_bit_add_subtractor_clk_buffer_1", "cornername": "Nominal", "point": 1, "logfile": "/nethome/rgoel68/ECE3150/logs_rgoel68/logs0/Job15.log", "event": "start", "category": "simulation"}
[2025-04-21 16:40:34.673 -0400] [INFO] [cadence.virtuoso.ade.simulationMonitor] - Notice from spectre during Digital Vector read-in.
    Process Vector Files.
    File read: /nethome/rgoel68/ECE3150/sync_adder_tb.vec {"history": "ExplorerRun.0", "point": 1, "testname": "project3_Synchronous_16_bit_add_subtractor_clk_buffer_1", "cornername": "Nominal"}
[2025-04-21 16:40:34.673 -0400] [INFO] [cadence.virtuoso.ade.simulationMonitor] - Peak resident memory used = 162 Mbytes. {"history": "ExplorerRun.0", "point": 1, "testname": "project3_Synchronous_16_bit_add_subtractor_clk_buffer_1", "cornername": "Nominal"}
[2025-04-21 16:40:34.673 -0400] [WARN] [cadence.virtuoso.ade.simulationMonitor] -     WARNING (SFE-102): "input.scs" 37: Parameter `ld', specified for model `PMOS_VTL' of primitive `bsim4', has been ignored because it is an invalid instance parameter. Specify a valid model parameter and rerun the simulation. Type `spectre -h bsim4' to get more information on valid model parameters. {"history": "ExplorerRun.0", "point": 1, "testname": "project3_Synchronous_16_bit_add_subtractor_clk_buffer_1", "cornername": "Nominal"}
[2025-04-21 16:40:34.673 -0400] [WARN] [cadence.virtuoso.ade.simulationMonitor] -     WARNING (SFE-102): "input.scs" 39: Parameter `ld', specified for model `PMOS_VTL' of primitive `bsim4', has been ignored because it is an invalid instance parameter. Specify a valid model parameter and rerun the simulation. Type `spectre -h bsim4' to get more information on valid model parameters. {"history": "ExplorerRun.0", "point": 1, "testname": "project3_Synchronous_16_bit_add_subtractor_clk_buffer_1", "cornername": "Nominal"}
[2025-04-21 16:40:34.673 -0400] [WARN] [cadence.virtuoso.ade.simulationMonitor] -     WARNING (SFE-102): "input.scs" 41: Parameter `ld', specified for model `PMOS_VTL' of primitive `bsim4', has been ignored because it is an invalid instance parameter. Specify a valid model parameter and rerun the simulation. Type `spectre -h bsim4' to get more information on valid model parameters. {"history": "ExplorerRun.0", "point": 1, "testname": "project3_Synchronous_16_bit_add_subtractor_clk_buffer_1", "cornername": "Nominal"}
[2025-04-21 16:40:34.673 -0400] [WARN] [cadence.virtuoso.ade.simulationMonitor] -     WARNING (SFE-102): "input.scs" 43: Parameter `ld', specified for model `PMOS_VTL' of primitive `bsim4', has been ignored because it is an invalid instance parameter. Specify a valid model parameter and rerun the simulation. Type `spectre -h bsim4' to get more information on valid model parameters. {"history": "ExplorerRun.0", "point": 1, "testname": "project3_Synchronous_16_bit_add_subtractor_clk_buffer_1", "cornername": "Nominal"}
[2025-04-21 16:40:34.674 -0400] [WARN] [cadence.virtuoso.ade.simulationMonitor] -     WARNING (SFE-102): "input.scs" 45: Parameter `ld', specified for model `NMOS_VTL' of primitive `bsim4', has been ignored because it is an invalid instance parameter. Specify a valid model parameter and rerun the simulation. Type `spectre -h bsim4' to get more information on valid model parameters.
        Further occurrences of this warning will be suppressed. {"history": "ExplorerRun.0", "point": 1, "testname": "project3_Synchronous_16_bit_add_subtractor_clk_buffer_1", "cornername": "Nominal"}
[2025-04-21 16:40:34.674 -0400] [INFO] [cadence.virtuoso.ade.simulationMonitor] - Peak resident memory used = 175 Mbytes. {"history": "ExplorerRun.0", "point": 1, "testname": "project3_Synchronous_16_bit_add_subtractor_clk_buffer_1", "cornername": "Nominal"}
[2025-04-21 16:40:34.674 -0400] [INFO] [cadence.virtuoso.ade.simulationMonitor] - Peak resident memory used = 183 Mbytes. {"history": "ExplorerRun.0", "point": 1, "testname": "project3_Synchronous_16_bit_add_subtractor_clk_buffer_1", "cornername": "Nominal"}
[2025-04-21 16:40:34.676 -0400] [INFO] [cadence.virtuoso.ade.simulationMonitor] -               nodes 1512 {"history": "ExplorerRun.0", "point": 1, "testname": "project3_Synchronous_16_bit_add_subtractor_clk_buffer_1", "cornername": "Nominal"}
[2025-04-21 16:40:34.677 -0400] [INFO] [cadence.virtuoso.ade.simulationMonitor] - Notice from spectre during initial setup.
    Protected devices exist and are not included in the circuit inventory.
    APS enabled.
    2849 warnings suppressed. {"history": "ExplorerRun.0", "point": 1, "testname": "project3_Synchronous_16_bit_add_subtractor_clk_buffer_1", "cornername": "Nominal"}
[2025-04-21 16:40:34.677 -0400] [INFO] [cadence.virtuoso.ade.simulationMonitor] - Notice from spectre.
    Multithreading enabled: 8 threads in the system with 112 available processors. {"history": "ExplorerRun.0", "point": 1, "testname": "project3_Synchronous_16_bit_add_subtractor_clk_buffer_1", "cornername": "Nominal"}
[2025-04-21 16:40:34.677 -0400] [INFO] [cadence.virtuoso.ade.simulationMonitor] - Peak resident memory used = 212 Mbytes. {"history": "ExplorerRun.0", "point": 1, "testname": "project3_Synchronous_16_bit_add_subtractor_clk_buffer_1", "cornername": "Nominal"}
[2025-04-21 16:40:34.678 -0400] [INFO] [cadence.virtuoso.ade.simulationMonitor] -    -   (APS) Multi-threading. The recommended number of threads is 8, consider adding +mt=8 on command line. {"history": "ExplorerRun.0", "point": 1, "testname": "project3_Synchronous_16_bit_add_subtractor_clk_buffer_1", "cornername": "Nominal"}
[2025-04-21 16:40:34.678 -0400] [INFO] [cadence.virtuoso.ade.simulationMonitor] - Notice from spectre during IC analysis, during transient analysis `tran'.
    Bad pivoting is found during DC analysis. Option dc_pivot_check=yes is recommended for possible improvement of convergence. {"history": "ExplorerRun.0", "point": 1, "testname": "project3_Synchronous_16_bit_add_subtractor_clk_buffer_1", "cornername": "Nominal"}
[2025-04-21 16:40:50.691 -0400] [INFO] [cadence.virtuoso.ade.simulationMonitor] - Intrinsic tran analysis time:    CPU = 106.949 s, elapsed = 17.3052 s. {"history": "ExplorerRun.0", "point": 1, "testname": "project3_Synchronous_16_bit_add_subtractor_clk_buffer_1", "cornername": "Nominal"}
[2025-04-21 16:40:50.691 -0400] [INFO] [cadence.virtuoso.ade.simulationMonitor] - Total time required for tran analysis `tran': CPU = 110.227 s (1m  50.2s), elapsed = 17.9854 s, util. = 613%. {"history": "ExplorerRun.0", "point": 1, "testname": "project3_Synchronous_16_bit_add_subtractor_clk_buffer_1", "cornername": "Nominal"}
[2025-04-21 16:40:50.691 -0400] [INFO] [cadence.virtuoso.ade.simulationMonitor] - Peak resident memory used = 354 Mbytes. {"history": "ExplorerRun.0", "point": 1, "testname": "project3_Synchronous_16_bit_add_subtractor_clk_buffer_1", "cornername": "Nominal"}
[2025-04-21 16:40:51.195 -0400] [INFO] [cadence.virtuoso.ade.simulationMonitor] - Time used: CPU = 112 s (1m  51.6s), elapsed = 19.4 s, util. = 575%. {"history": "ExplorerRun.0", "point": 1, "testname": "project3_Synchronous_16_bit_add_subtractor_clk_buffer_1", "cornername": "Nominal"}
[2025-04-21 16:40:51.195 -0400] [INFO] [cadence.virtuoso.ade.simulationMonitor] - Time spent in licensing: elapsed = 59.9 ms. {"history": "ExplorerRun.0", "point": 1, "testname": "project3_Synchronous_16_bit_add_subtractor_clk_buffer_1", "cornername": "Nominal"}
[2025-04-21 16:40:51.195 -0400] [INFO] [cadence.virtuoso.ade.simulationMonitor] - Peak memory used = 354 Mbytes. {"history": "ExplorerRun.0", "point": 1, "testname": "project3_Synchronous_16_bit_add_subtractor_clk_buffer_1", "cornername": "Nominal"}
[2025-04-21 16:40:51.197 -0400] [PROCESS] [cadence.virtuoso.ade.simulationMonitor] - Simulation started at: 4:40:31 PM, Mon Apr 21, 2025, ended at: 4:40:50 PM, Mon Apr 21, 2025, with elapsed time (wall clock): 19.4 s. {"history": "ExplorerRun.0", "point": 1, "testname": "project3_Synchronous_16_bit_add_subtractor_clk_buffer_1", "cornername": "Nominal"}
[2025-04-21 16:40:51.198 -0400] [PROCESS] [cadence.virtuoso.ade.simulationMonitor] - spectre completes with 0 errors, 5 warnings, and 8 notices. {"history": "ExplorerRun.0", "point": 1, "testname": "project3_Synchronous_16_bit_add_subtractor_clk_buffer_1", "cornername": "Nominal"}
[2025-04-21 16:40:51.198 -0400] [PROCESS] [cadence.virtuoso.ade.simulationMonitor] - Finished simulating for one point {"hostname": "ece-linlabsrv01.ece.gatech.edu", "processid": 2713999, "history": "ExplorerRun.0", "testname": "project3_Synchronous_16_bit_add_subtractor_clk_buffer_1", "cornername": "Nominal", "point": 1, "logfile": "/nethome/rgoel68/ECE3150/logs_rgoel68/logs0/Job15.log", "simid": "2", "event": "finish", "category": "simulation"}
[2025-04-21 16:40:51.198 -0400] [PROCESS] [cadence.virtuoso.ade.simulationMonitor] - Simulator exited {"hostname": "ece-linlabsrv01.ece.gatech.edu", "processid": 2713999, "history": "ExplorerRun.0", "testname": "project3_Synchronous_16_bit_add_subtractor_clk_buffer_1", "cornername": "Nominal", "point": 1, "logfile": "/nethome/rgoel68/ECE3150/logs_rgoel68/logs0/Job15.log", "exitStatus": "0"}
[2025-04-21 16:40:51.198 -0400] [PROCESS] [cadence.virtuoso.ade.simulationMonitor] - Finished Simulation {"hostname": "ece-linlabsrv01.ece.gatech.edu", "processid": 2713999, "history": "ExplorerRun.0", "testname": "project3_Synchronous_16_bit_add_subtractor_clk_buffer_1", "cornername": "Nominal", "point": 1, "logfile": "/nethome/rgoel68/ECE3150/logs_rgoel68/logs0/Job15.log", "simid": "2", "event": "finish", "category": "obsolete"}
[2025-04-21 16:40:53.200 -0400] [PROCESS] [cadence.virtuoso.ade.simulationMonitor] - Point Finished {"hostname": "ece-linlabsrv01.ece.gatech.edu", "processid": 2713999, "history": "ExplorerRun.0", "testname": "project3_Synchronous_16_bit_add_subtractor_clk_buffer_1", "cornername": "Nominal", "point": 1, "logfile": "/nethome/rgoel68/ECE3150/logs_rgoel68/logs0/Job15.log", "event": "finish", "category": "sim-eval"}
[2025-04-21 16:40:54.202 -0400] [PROCESS] [cadence.virtuoso.ade.simulationMonitor] - Stay with the runId '1', Linger time '300', currentRunSyn '3', currentTestSyn '4' {"hostname": "ece-linlabsrv01.ece.gatech.edu", "processid": 2713999, "history": "ExplorerRun.0", "testname": "project3_Synchronous_16_bit_add_subtractor_clk_buffer_1", "cornername": "Nominal", "point": 1, "logfile": "/nethome/rgoel68/ECE3150/logs_rgoel68/logs0/Job15.log"}
[2025-04-21 16:40:55.202 -0400] [PROCESS] [cadence.virtuoso.ade.simulationMonitor] - Stay with the runId '1', Linger time '300', currentRunSyn '3', currentTestSyn '4' {"hostname": "ece-linlabsrv01.ece.gatech.edu", "processid": 2713999, "history": "ExplorerRun.0", "testname": "project3_Synchronous_16_bit_add_subtractor_clk_buffer_1", "cornername": "Nominal", "point": 1, "logfile": "/nethome/rgoel68/ECE3150/logs_rgoel68/logs0/Job15.log"}
[2025-04-21 16:45:54.691 -0400] [PROCESS] [cadence.virtuoso.ade.simulationMonitor] - Current memory used: 80.9219 MBytes, peak memory used: 81.0977 MBytes {"hostname": "ece-linlabsrv01.ece.gatech.edu", "processid": 2713999, "history": "ExplorerRun.0", "testname": "project3_Synchronous_16_bit_add_subtractor_clk_buffer_1", "cornername": "Nominal", "point": 1, "logfile": "/nethome/rgoel68/ECE3150/logs_rgoel68/logs0/Job15.log"}
[2025-04-21 16:45:54.691 -0400] [PROCESS] [cadence.virtuoso.ade.simulationMonitor] - Simulation Monitor process exits. {"hostname": "ece-linlabsrv01.ece.gatech.edu", "processid": 2713999, "history": "ExplorerRun.0", "testname": "project3_Synchronous_16_bit_add_subtractor_clk_buffer_1", "cornername": "Nominal", "point": 1, "logfile": "/nethome/rgoel68/ECE3150/logs_rgoel68/logs0/Job15.log"}
