[Simulation Monitor: 10]
[2025-04-22 01:29:55.551 -0400] [PROCESS] [cadence.virtuoso.ade.simulationMonitor] - Started the simulation monitor process {"hostname": "ece-linlabsrv01.ece.gatech.edu", "processid": 2270633, "logfile": "/nethome/rgoel68/ECE3150/logs_rgoel68/logs0/Job10.log", "simulation monitor command line": "/tools/software/cadence/ic/23.10.120/tools.lnx86/dfII/bin/64bit/spectreMonitor --davinciService DaVinciService_486488_1745297253 --axlsession fnxSession1 -lscs 000175E1894CBE06FF0966E38F1FFC06BC4D65B0C578C406D07B6FA78410926AD02470F28B50992BD92E69ED90048F74DD2F32AE9C019928D92E0EE4A64CD555D44A00001DC7 -beanhost ece-linlabsrv01.ece.gatech.edu -beanport 11854 -beanLogFile /nethome/rgoel68/ECE3150/logs_rgoel68/logs0/amps_Job10.log -beanbinlog  --domain 0 --interactive yes --netlistOpt no --useMultiPointEvaluation yes --exprEvalShowJobStderr yes --evalSimParallel no --maxSims 0 --historyName ExplorerRun.0 --historyUUID  --exprEvaluator vds --mcMapping mc1.mapping --checkLogStatusInterval 0 --checkSimulatorLogTimeout 1200 --exprEvalMaxTries 3 --maxNFSSyncWait 60 -adeBrokerAddress ece-linlabsrv01.ece.gatech.edu:42847 --fromADE true --virtuosoBinary virtuoso --guiDisplay ece-linlabsrv01.ece.gatech.edu:140 --globalStatus 60 --evaluateMultiMC yes --evalOnSimFail SkipFailedAnalyses --numRetriesOnError 1 --fenixMode explorer --lingertimeout 300 -ahdlLockTimeout 60 --sdbLib project3 --sdbCell inverter_vth --sdbView maestro --heartBeatFileDir /dev/shm --id 10 --uuid 065b0ad4-1f0b-4a46-b33a-c7c9a0bcba6d --log /nethome/rgoel68/ECE3150/logs_rgoel68/logs0/Job10.log "}
[2025-04-22 01:29:55.552 -0400] [PROCESS] [cadence.virtuoso.ade.simulationMonitor] - Started the simulation monitor process {"hostname": "ece-linlabsrv01.ece.gatech.edu", "processid": 2270633, "logfile": "/nethome/rgoel68/ECE3150/logs_rgoel68/logs0/Job10.log", "current directory": "/nethome/rgoel68/ECE3150"}
[2025-04-22 01:29:55.552 -0400] [PROCESS] [cadence.virtuoso.ade.simulationMonitor] - Simulation Monitor has successfully started up. Trying to set up communication channels to other components ... {"hostname": "ece-linlabsrv01.ece.gatech.edu", "processid": 2270633, "logfile": "/nethome/rgoel68/ECE3150/logs_rgoel68/logs0/Job10.log"}
[2025-04-22 01:29:55.553 -0400] [PROCESS] [cadence.virtuoso.ade.simulationMonitor] - Communication channels have been successfully set up. Start processing events ... {"hostname": "ece-linlabsrv01.ece.gatech.edu", "processid": 2270633, "logfile": "/nethome/rgoel68/ECE3150/logs_rgoel68/logs0/Job10.log"}
[2025-04-22 01:29:55.554 -0400] [PROCESS] [cadence.virtuoso.ade.simulationMonitor] - Considering to start history {"hostname": "ece-linlabsrv01.ece.gatech.edu", "processid": 2270633, "history": "ExplorerRun.0", "logfile": "/nethome/rgoel68/ECE3150/logs_rgoel68/logs0/Job10.log"}
[2025-04-22 01:29:55.556 -0400] [PROCESS] [cadence.virtuoso.ade.simulationMonitor] - HostInfo:
Host name (type):	ece-linlabsrv01.ece.gatech.edu (x86_64)
Operating system:	Linux 4.18.0-553.44.1.el8_10.x86_64 #1 SMP Wed Mar 5 10:48:41 EST 2025 {"hostname": "ece-linlabsrv01.ece.gatech.edu", "processid": 2270633, "history": "ExplorerRun.0", "logfile": "/nethome/rgoel68/ECE3150/logs_rgoel68/logs0/Job10.log", "nodename": "ece-linlabsrv01.ece.gatech.edu", "domainname": "(none)", "machine": "x86_64", "sysname": "Linux", "release": "4.18.0-553.44.1.el8_10.x86_64", "version": "#1 SMP Wed Mar 5 10:48:41 EST 2025"}
[2025-04-22 01:29:55.556 -0400] [PROCESS] [cadence.virtuoso.ade.simulationMonitor] - UsageInfo:
pid=2270633
totalPhysicalMemory=186.850849GB,Used=148.153126GB,totalVirtualMemory=250.850845GB,Used=206.241470GB
Cpu: Cores=112, Load average:25.740000,22.420000,23.100000 {"hostname": "ece-linlabsrv01.ece.gatech.edu", "processid": 2270633, "history": "ExplorerRun.0", "logfile": "/nethome/rgoel68/ECE3150/logs_rgoel68/logs0/Job10.log", "pid": "2270633", "totalPhysicalMemory": "186.850849", "physicalMemoryUsed": "148.153126", "totalVirtualMemory": "250.850845", "virtualMemoryUsed": "206.241470", "cpuCores": "112", "processes": "20491", "loadAverage1": "25.740000", "loadAverage5": "22.420000", "loadAverage15": "23.100000", "loadAverage1Percent": "0.229821"}
[2025-04-22 01:29:55.561 -0400] [EVENT] [cadence.virtuoso.ade.simulationMonitor] - NewPoint {"history": "ExplorerRun.0", "point": 1, "testname": "project3_inverter_vth_1", "cornername": "Nominal", "event": "NewPoint", "EventSource": "Simulation Monitor", "HistoryName": "ExplorerRun.0", "logFile": "/nethome/rgoel68/ECE3150/logs_rgoel68/logs0/Job10.log", "logFileSize": "4189", "category": "simulation"}
[2025-04-22 01:29:55.763 -0400] [EVENT] [cadence.virtuoso.ade.simulationMonitor] - NewPoint {"history": "ExplorerRun.0", "point": 1, "testname": "project3_inverter_vth_1", "cornername": "Nominal", "event": "NewPoint", "EventSource": "spectre", "HistoryName": "ExplorerRun.0", "logFile": "/nethome/rgoel68/simulation/project3/inverter_vth/maestro/results/maestro/ExplorerRun.0/1/project3_inverter_vth_1/psf/spectre.out", "logFileSize": "-1", "category": "simulation"}
[2025-04-22 01:29:55.985 -0400] [PROCESS] [cadence.virtuoso.ade.simulationMonitor] - Simulator launched {"hostname": "ece-linlabsrv01.ece.gatech.edu", "processid": 2270633, "history": "ExplorerRun.0", "testname": "project3_inverter_vth_1", "cornername": "Nominal", "point": 1, "logfile": "/nethome/rgoel68/ECE3150/logs_rgoel68/logs0/Job10.log", "simid": "1", "event": "launch", "category": "simulation"}
[2025-04-22 01:29:55.989 -0400] [PROCESS] [cadence.virtuoso.ade.simulationMonitor] - Expression evaluator launched {"hostname": "ece-linlabsrv01.ece.gatech.edu", "processid": 2270633, "history": "ExplorerRun.0", "testname": "project3_inverter_vth_1", "cornername": "Nominal", "point": 1, "logfile": "/nethome/rgoel68/ECE3150/logs_rgoel68/logs0/Job10.log"}
[2025-04-22 01:29:59.131 -0400] [INFO] [cadence.virtuoso.ade.simulationMonitor] - Peak resident memory used = 164 Mbytes. {"history": "ExplorerRun.0", "point": 1, "testname": "project3_inverter_vth_1", "cornername": "Nominal"}
[2025-04-22 01:29:59.131 -0400] [WARN] [cadence.virtuoso.ade.simulationMonitor] -     WARNING (SFE-102): "input.scs" 23: Parameter `ld', specified for model `NMOS_VTH' of primitive `bsim4', has been ignored because it is an invalid instance parameter. Specify a valid model parameter and rerun the simulation. Type `spectre -h bsim4' to get more information on valid model parameters. {"history": "ExplorerRun.0", "point": 1, "testname": "project3_inverter_vth_1", "cornername": "Nominal"}
[2025-04-22 01:29:59.131 -0400] [WARN] [cadence.virtuoso.ade.simulationMonitor] -     WARNING (SFE-102): "input.scs" 25: Parameter `ld', specified for model `PMOS_VTH' of primitive `bsim4', has been ignored because it is an invalid instance parameter. Specify a valid model parameter and rerun the simulation. Type `spectre -h bsim4' to get more information on valid model parameters. {"history": "ExplorerRun.0", "point": 1, "testname": "project3_inverter_vth_1", "cornername": "Nominal"}
[2025-04-22 01:29:59.131 -0400] [INFO] [cadence.virtuoso.ade.simulationMonitor] - Peak resident memory used = 173 Mbytes. {"history": "ExplorerRun.0", "point": 1, "testname": "project3_inverter_vth_1", "cornername": "Nominal"}
[2025-04-22 01:29:59.132 -0400] [INFO] [cadence.virtuoso.ade.simulationMonitor] - Peak resident memory used = 173 Mbytes. {"history": "ExplorerRun.0", "point": 1, "testname": "project3_inverter_vth_1", "cornername": "Nominal"}
[2025-04-22 01:29:59.132 -0400] [INFO] [cadence.virtuoso.ade.simulationMonitor] - Notice from spectre during initial setup.
    Multithreading is disabled due to the size of the design being too small. {"history": "ExplorerRun.0", "point": 1, "testname": "project3_inverter_vth_1", "cornername": "Nominal"}
[2025-04-22 01:29:59.135 -0400] [INFO] [cadence.virtuoso.ade.simulationMonitor] -               nodes 3 {"history": "ExplorerRun.0", "point": 1, "testname": "project3_inverter_vth_1", "cornername": "Nominal"}
[2025-04-22 01:29:59.135 -0400] [INFO] [cadence.virtuoso.ade.simulationMonitor] - Notice from spectre during initial setup.
    Protected devices exist and are not included in the circuit inventory.
    APS enabled. {"history": "ExplorerRun.0", "point": 1, "testname": "project3_inverter_vth_1", "cornername": "Nominal"}
[2025-04-22 01:29:59.135 -0400] [INFO] [cadence.virtuoso.ade.simulationMonitor] - Peak resident memory used = 177 Mbytes. {"history": "ExplorerRun.0", "point": 1, "testname": "project3_inverter_vth_1", "cornername": "Nominal"}
[2025-04-22 01:29:59.135 -0400] [INFO] [cadence.virtuoso.ade.simulationMonitor] -    -   (APS) Multi-threading. The recommended number of threads is 1, consider adding +mt=1 on command line. {"history": "ExplorerRun.0", "point": 1, "testname": "project3_inverter_vth_1", "cornername": "Nominal"}
[2025-04-22 01:29:59.136 -0400] [INFO] [cadence.virtuoso.ade.simulationMonitor] - Notice from spectre during transient analysis `tran'.
    Multithreading is disabled due to the size of the design being too small. {"history": "ExplorerRun.0", "point": 1, "testname": "project3_inverter_vth_1", "cornername": "Nominal"}
[2025-04-22 01:29:59.136 -0400] [INFO] [cadence.virtuoso.ade.simulationMonitor] - Intrinsic tran analysis time:    CPU = 7.375 ms, elapsed = 12.4569 ms. {"history": "ExplorerRun.0", "point": 1, "testname": "project3_inverter_vth_1", "cornername": "Nominal"}
[2025-04-22 01:29:59.136 -0400] [INFO] [cadence.virtuoso.ade.simulationMonitor] - Total time required for tran analysis `tran': CPU = 9.665 ms, elapsed = 16.115 ms, util. = 60%. {"history": "ExplorerRun.0", "point": 1, "testname": "project3_inverter_vth_1", "cornername": "Nominal"}
[2025-04-22 01:29:59.136 -0400] [INFO] [cadence.virtuoso.ade.simulationMonitor] - Peak resident memory used = 183 Mbytes. {"history": "ExplorerRun.0", "point": 1, "testname": "project3_inverter_vth_1", "cornername": "Nominal"}
[2025-04-22 01:29:59.137 -0400] [INFO] [cadence.virtuoso.ade.simulationMonitor] - Time used: CPU = 390 ms, elapsed = 465 ms, util. = 83.9%. {"history": "ExplorerRun.0", "point": 1, "testname": "project3_inverter_vth_1", "cornername": "Nominal"}
[2025-04-22 01:29:59.137 -0400] [INFO] [cadence.virtuoso.ade.simulationMonitor] - Time spent in licensing: elapsed = 38.4 ms, percentage of total = 8.26%. {"history": "ExplorerRun.0", "point": 1, "testname": "project3_inverter_vth_1", "cornername": "Nominal"}
[2025-04-22 01:29:59.138 -0400] [INFO] [cadence.virtuoso.ade.simulationMonitor] - Peak memory used = 185 Mbytes. {"history": "ExplorerRun.0", "point": 1, "testname": "project3_inverter_vth_1", "cornername": "Nominal"}
[2025-04-22 01:29:59.140 -0400] [PROCESS] [cadence.virtuoso.ade.simulationMonitor] - Simulation started at: 1:29:56 AM, Tue Apr 22, 2025, ended at: 1:29:56 AM, Tue Apr 22, 2025, with elapsed time (wall clock): 465 ms. {"history": "ExplorerRun.0", "point": 1, "testname": "project3_inverter_vth_1", "cornername": "Nominal"}
[2025-04-22 01:29:59.140 -0400] [PROCESS] [cadence.virtuoso.ade.simulationMonitor] - spectre completes with 0 errors, 2 warnings, and 5 notices. {"history": "ExplorerRun.0", "point": 1, "testname": "project3_inverter_vth_1", "cornername": "Nominal"}
[2025-04-22 01:29:59.140 -0400] [PROCESS] [cadence.virtuoso.ade.simulationMonitor] - Finished simulating for one point {"hostname": "ece-linlabsrv01.ece.gatech.edu", "processid": 2270633, "history": "ExplorerRun.0", "testname": "project3_inverter_vth_1", "cornername": "Nominal", "point": 1, "logfile": "/nethome/rgoel68/ECE3150/logs_rgoel68/logs0/Job10.log", "simid": "1", "event": "finish", "category": "simulation"}
[2025-04-22 01:29:59.140 -0400] [PROCESS] [cadence.virtuoso.ade.simulationMonitor] - Simulator exited {"hostname": "ece-linlabsrv01.ece.gatech.edu", "processid": 2270633, "history": "ExplorerRun.0", "testname": "project3_inverter_vth_1", "cornername": "Nominal", "point": 1, "logfile": "/nethome/rgoel68/ECE3150/logs_rgoel68/logs0/Job10.log", "exitStatus": "0"}
[2025-04-22 01:29:59.140 -0400] [PROCESS] [cadence.virtuoso.ade.simulationMonitor] - Finished Simulation {"hostname": "ece-linlabsrv01.ece.gatech.edu", "processid": 2270633, "history": "ExplorerRun.0", "testname": "project3_inverter_vth_1", "cornername": "Nominal", "point": 1, "logfile": "/nethome/rgoel68/ECE3150/logs_rgoel68/logs0/Job10.log", "simid": "1", "event": "finish", "category": "obsolete"}
[2025-04-22 01:30:01.642 -0400] [PROCESS] [cadence.virtuoso.ade.simulationMonitor] - Point Finished {"hostname": "ece-linlabsrv01.ece.gatech.edu", "processid": 2270633, "history": "ExplorerRun.0", "testname": "project3_inverter_vth_1", "cornername": "Nominal", "point": 1, "logfile": "/nethome/rgoel68/ECE3150/logs_rgoel68/logs0/Job10.log", "event": "finish", "category": "sim-eval"}
[2025-04-22 01:30:02.644 -0400] [PROCESS] [cadence.virtuoso.ade.simulationMonitor] - Stay with the runId '0', Linger time '300', currentRunSyn '1', currentTestSyn '2' {"hostname": "ece-linlabsrv01.ece.gatech.edu", "processid": 2270633, "history": "ExplorerRun.0", "testname": "project3_inverter_vth_1", "cornername": "Nominal", "point": 1, "logfile": "/nethome/rgoel68/ECE3150/logs_rgoel68/logs0/Job10.log"}
[2025-04-22 01:32:01.785 -0400] [INFO] [cadence.virtuoso.ade.simulationMonitor] - SimulationMonitor has terminated the vds process '2271607', reason: 'Force to stop the expression evalutor process because of new run' {"history": "ExplorerRun.0", "point": 1, "testname": "project3_inverter_vth_1", "cornername": "Nominal"}
[2025-04-22 01:32:01.786 -0400] [PROCESS] [cadence.virtuoso.ade.simulationMonitor] - HostInfo:
Host name (type):	ece-linlabsrv01.ece.gatech.edu (x86_64)
Operating system:	Linux 4.18.0-553.44.1.el8_10.x86_64 #1 SMP Wed Mar 5 10:48:41 EST 2025 {"hostname": "ece-linlabsrv01.ece.gatech.edu", "processid": 2270633, "history": "ExplorerRun.0", "testname": "project3_inverter_vth_1", "cornername": "Nominal", "point": 1, "logfile": "/nethome/rgoel68/ECE3150/logs_rgoel68/logs0/Job10.log", "nodename": "ece-linlabsrv01.ece.gatech.edu", "domainname": "(none)", "machine": "x86_64", "sysname": "Linux", "release": "4.18.0-553.44.1.el8_10.x86_64", "version": "#1 SMP Wed Mar 5 10:48:41 EST 2025"}
[2025-04-22 01:32:01.786 -0400] [PROCESS] [cadence.virtuoso.ade.simulationMonitor] - UsageInfo:
pid=2270633
totalPhysicalMemory=186.850849GB,Used=143.057285GB,totalVirtualMemory=250.850845GB,Used=201.145630GB
Cpu: Cores=112, Load average:13.940000,19.240000,21.840000 {"hostname": "ece-linlabsrv01.ece.gatech.edu", "processid": 2270633, "history": "ExplorerRun.0", "testname": "project3_inverter_vth_1", "cornername": "Nominal", "point": 1, "logfile": "/nethome/rgoel68/ECE3150/logs_rgoel68/logs0/Job10.log", "pid": "2270633", "totalPhysicalMemory": "186.850849", "physicalMemoryUsed": "143.057285", "totalVirtualMemory": "250.850845", "virtualMemoryUsed": "201.145630", "cpuCores": "112", "processes": "20185", "loadAverage1": "13.940000", "loadAverage5": "19.240000", "loadAverage15": "21.840000", "loadAverage1Percent": "0.124464"}
[2025-04-22 01:32:01.797 -0400] [EVENT] [cadence.virtuoso.ade.simulationMonitor] - NewPoint {"history": "ExplorerRun.0", "point": 1, "testname": "project3_inverter_vth_1", "cornername": "Nominal", "event": "NewPoint", "EventSource": "Simulation Monitor", "HistoryName": "ExplorerRun.0", "logFile": "/nethome/rgoel68/ECE3150/logs_rgoel68/logs0/Job10.log", "logFileSize": "15044", "category": "simulation"}
[2025-04-22 01:32:01.998 -0400] [EVENT] [cadence.virtuoso.ade.simulationMonitor] - NewPoint {"history": "ExplorerRun.0", "point": 1, "testname": "project3_inverter_vth_1", "cornername": "Nominal", "event": "NewPoint", "EventSource": "spectre", "HistoryName": "ExplorerRun.0", "logFile": "/nethome/rgoel68/simulation/project3/inverter_vth/maestro/results/maestro/ExplorerRun.0/1/project3_inverter_vth_1/psf/spectre.out", "logFileSize": "-1", "category": "simulation"}
[2025-04-22 01:32:02.225 -0400] [PROCESS] [cadence.virtuoso.ade.simulationMonitor] - Simulator launched {"hostname": "ece-linlabsrv01.ece.gatech.edu", "processid": 2270633, "history": "ExplorerRun.0", "testname": "project3_inverter_vth_1", "cornername": "Nominal", "point": 1, "logfile": "/nethome/rgoel68/ECE3150/logs_rgoel68/logs0/Job10.log", "simid": "2", "event": "launch", "category": "simulation"}
[2025-04-22 01:32:02.229 -0400] [PROCESS] [cadence.virtuoso.ade.simulationMonitor] - Expression evaluator launched {"hostname": "ece-linlabsrv01.ece.gatech.edu", "processid": 2270633, "history": "ExplorerRun.0", "testname": "project3_inverter_vth_1", "cornername": "Nominal", "point": 1, "logfile": "/nethome/rgoel68/ECE3150/logs_rgoel68/logs0/Job10.log"}
[2025-04-22 01:32:05.249 -0400] [INFO] [cadence.virtuoso.ade.simulationMonitor] - Peak resident memory used = 177 Mbytes. {"history": "ExplorerRun.0", "point": 1, "testname": "project3_inverter_vth_1", "cornername": "Nominal"}
[2025-04-22 01:32:05.249 -0400] [WARN] [cadence.virtuoso.ade.simulationMonitor] -     WARNING (SFE-102): "input.scs" 23: Parameter `ld', specified for model `NMOS_VTH' of primitive `bsim4', has been ignored because it is an invalid instance parameter. Specify a valid model parameter and rerun the simulation. Type `spectre -h bsim4' to get more information on valid model parameters. {"history": "ExplorerRun.0", "point": 1, "testname": "project3_inverter_vth_1", "cornername": "Nominal"}
[2025-04-22 01:32:05.249 -0400] [WARN] [cadence.virtuoso.ade.simulationMonitor] -     WARNING (SFE-102): "input.scs" 25: Parameter `ld', specified for model `PMOS_VTH' of primitive `bsim4', has been ignored because it is an invalid instance parameter. Specify a valid model parameter and rerun the simulation. Type `spectre -h bsim4' to get more information on valid model parameters. {"history": "ExplorerRun.0", "point": 1, "testname": "project3_inverter_vth_1", "cornername": "Nominal"}
[2025-04-22 01:32:05.249 -0400] [INFO] [cadence.virtuoso.ade.simulationMonitor] - Peak resident memory used = 185 Mbytes. {"history": "ExplorerRun.0", "point": 1, "testname": "project3_inverter_vth_1", "cornername": "Nominal"}
[2025-04-22 01:32:05.249 -0400] [INFO] [cadence.virtuoso.ade.simulationMonitor] - Peak resident memory used = 186 Mbytes. {"history": "ExplorerRun.0", "point": 1, "testname": "project3_inverter_vth_1", "cornername": "Nominal"}
[2025-04-22 01:32:05.249 -0400] [INFO] [cadence.virtuoso.ade.simulationMonitor] - Notice from spectre during initial setup.
    Multithreading is disabled due to the size of the design being too small. {"history": "ExplorerRun.0", "point": 1, "testname": "project3_inverter_vth_1", "cornername": "Nominal"}
[2025-04-22 01:32:05.252 -0400] [INFO] [cadence.virtuoso.ade.simulationMonitor] -               nodes 3 {"history": "ExplorerRun.0", "point": 1, "testname": "project3_inverter_vth_1", "cornername": "Nominal"}
[2025-04-22 01:32:05.252 -0400] [INFO] [cadence.virtuoso.ade.simulationMonitor] - Notice from spectre during initial setup.
    Protected devices exist and are not included in the circuit inventory.
    APS enabled. {"history": "ExplorerRun.0", "point": 1, "testname": "project3_inverter_vth_1", "cornername": "Nominal"}
[2025-04-22 01:32:05.252 -0400] [INFO] [cadence.virtuoso.ade.simulationMonitor] - Peak resident memory used = 189 Mbytes. {"history": "ExplorerRun.0", "point": 1, "testname": "project3_inverter_vth_1", "cornername": "Nominal"}
[2025-04-22 01:32:05.253 -0400] [INFO] [cadence.virtuoso.ade.simulationMonitor] -    -   (APS) Multi-threading. The recommended number of threads is 1, consider adding +mt=1 on command line. {"history": "ExplorerRun.0", "point": 1, "testname": "project3_inverter_vth_1", "cornername": "Nominal"}
[2025-04-22 01:32:05.253 -0400] [INFO] [cadence.virtuoso.ade.simulationMonitor] - Notice from spectre during transient analysis `tran'.
    Multithreading is disabled due to the size of the design being too small. {"history": "ExplorerRun.0", "point": 1, "testname": "project3_inverter_vth_1", "cornername": "Nominal"}
[2025-04-22 01:32:05.254 -0400] [INFO] [cadence.virtuoso.ade.simulationMonitor] - Intrinsic tran analysis time:    CPU = 7.038 ms, elapsed = 14.873 ms. {"history": "ExplorerRun.0", "point": 1, "testname": "project3_inverter_vth_1", "cornername": "Nominal"}
[2025-04-22 01:32:05.254 -0400] [INFO] [cadence.virtuoso.ade.simulationMonitor] - Total time required for tran analysis `tran': CPU = 9.465 ms, elapsed = 18.712 ms, util. = 50.6%. {"history": "ExplorerRun.0", "point": 1, "testname": "project3_inverter_vth_1", "cornername": "Nominal"}
[2025-04-22 01:32:05.254 -0400] [INFO] [cadence.virtuoso.ade.simulationMonitor] - Peak resident memory used = 197 Mbytes. {"history": "ExplorerRun.0", "point": 1, "testname": "project3_inverter_vth_1", "cornername": "Nominal"}
[2025-04-22 01:32:05.255 -0400] [INFO] [cadence.virtuoso.ade.simulationMonitor] - Time used: CPU = 378 ms, elapsed = 457 ms, util. = 82.8%. {"history": "ExplorerRun.0", "point": 1, "testname": "project3_inverter_vth_1", "cornername": "Nominal"}
[2025-04-22 01:32:05.255 -0400] [INFO] [cadence.virtuoso.ade.simulationMonitor] - Time spent in licensing: elapsed = 36.1 ms, percentage of total = 7.9%. {"history": "ExplorerRun.0", "point": 1, "testname": "project3_inverter_vth_1", "cornername": "Nominal"}
[2025-04-22 01:32:05.255 -0400] [INFO] [cadence.virtuoso.ade.simulationMonitor] - Peak memory used = 198 Mbytes. {"history": "ExplorerRun.0", "point": 1, "testname": "project3_inverter_vth_1", "cornername": "Nominal"}
[2025-04-22 01:32:05.257 -0400] [PROCESS] [cadence.virtuoso.ade.simulationMonitor] - Simulation started at: 1:32:02 AM, Tue Apr 22, 2025, ended at: 1:32:03 AM, Tue Apr 22, 2025, with elapsed time (wall clock): 457 ms. {"history": "ExplorerRun.0", "point": 1, "testname": "project3_inverter_vth_1", "cornername": "Nominal"}
[2025-04-22 01:32:05.257 -0400] [PROCESS] [cadence.virtuoso.ade.simulationMonitor] - spectre completes with 0 errors, 2 warnings, and 5 notices. {"history": "ExplorerRun.0", "point": 1, "testname": "project3_inverter_vth_1", "cornername": "Nominal"}
[2025-04-22 01:32:05.257 -0400] [PROCESS] [cadence.virtuoso.ade.simulationMonitor] - Finished simulating for one point {"hostname": "ece-linlabsrv01.ece.gatech.edu", "processid": 2270633, "history": "ExplorerRun.0", "testname": "project3_inverter_vth_1", "cornername": "Nominal", "point": 1, "logfile": "/nethome/rgoel68/ECE3150/logs_rgoel68/logs0/Job10.log", "simid": "2", "event": "finish", "category": "simulation"}
[2025-04-22 01:32:05.257 -0400] [PROCESS] [cadence.virtuoso.ade.simulationMonitor] - Simulator exited {"hostname": "ece-linlabsrv01.ece.gatech.edu", "processid": 2270633, "history": "ExplorerRun.0", "testname": "project3_inverter_vth_1", "cornername": "Nominal", "point": 1, "logfile": "/nethome/rgoel68/ECE3150/logs_rgoel68/logs0/Job10.log", "exitStatus": "0"}
[2025-04-22 01:32:05.257 -0400] [PROCESS] [cadence.virtuoso.ade.simulationMonitor] - Finished Simulation {"hostname": "ece-linlabsrv01.ece.gatech.edu", "processid": 2270633, "history": "ExplorerRun.0", "testname": "project3_inverter_vth_1", "cornername": "Nominal", "point": 1, "logfile": "/nethome/rgoel68/ECE3150/logs_rgoel68/logs0/Job10.log", "simid": "2", "event": "finish", "category": "obsolete"}
[2025-04-22 01:32:08.260 -0400] [PROCESS] [cadence.virtuoso.ade.simulationMonitor] - Point Finished {"hostname": "ece-linlabsrv01.ece.gatech.edu", "processid": 2270633, "history": "ExplorerRun.0", "testname": "project3_inverter_vth_1", "cornername": "Nominal", "point": 1, "logfile": "/nethome/rgoel68/ECE3150/logs_rgoel68/logs0/Job10.log", "event": "finish", "category": "sim-eval"}
[2025-04-22 01:32:09.262 -0400] [PROCESS] [cadence.virtuoso.ade.simulationMonitor] - Stay with the runId '1', Linger time '300', currentRunSyn '3', currentTestSyn '4' {"hostname": "ece-linlabsrv01.ece.gatech.edu", "processid": 2270633, "history": "ExplorerRun.0", "testname": "project3_inverter_vth_1", "cornername": "Nominal", "point": 1, "logfile": "/nethome/rgoel68/ECE3150/logs_rgoel68/logs0/Job10.log"}
[2025-04-22 01:37:09.134 -0400] [PROCESS] [cadence.virtuoso.ade.simulationMonitor] - Current memory used: 80.9062 MBytes, peak memory used: 80.9102 MBytes {"hostname": "ece-linlabsrv01.ece.gatech.edu", "processid": 2270633, "history": "ExplorerRun.0", "testname": "project3_inverter_vth_1", "cornername": "Nominal", "point": 1, "logfile": "/nethome/rgoel68/ECE3150/logs_rgoel68/logs0/Job10.log"}
[2025-04-22 01:37:09.134 -0400] [PROCESS] [cadence.virtuoso.ade.simulationMonitor] - Simulation Monitor process exits. {"hostname": "ece-linlabsrv01.ece.gatech.edu", "processid": 2270633, "history": "ExplorerRun.0", "testname": "project3_inverter_vth_1", "cornername": "Nominal", "point": 1, "logfile": "/nethome/rgoel68/ECE3150/logs_rgoel68/logs0/Job10.log"}
