[Simulation Monitor: 14]
[2025-04-09 16:32:09.436 -0400] [PROCESS] [cadence.virtuoso.ade.simulationMonitor] - Started the simulation monitor process {"hostname": "ece-linlabsrv01.ece.gatech.edu", "processid": 203449, "logfile": "/nethome/rgoel68/ECE3150/logs_rgoel68/logs0/Job14.log", "simulation monitor command line": "/tools/software/cadence/ic/23.10.120/tools.lnx86/dfII/bin/64bit/spectreMonitor --davinciService DaVinciService_401055_1744214642 --axlsession fnxSession2 -lscs 000175E1894CBE06FF0966E38F1FFC06BC4D65B0C578C406D07B6FA78410926AD02470F28B50992BD92E69ED90048F74DD2F32AE9C019928D92E01155657254EDBBB00001DA3 -beanhost ece-linlabsrv01.ece.gatech.edu -beanport 11950 -beanLogFile /nethome/rgoel68/ECE3150/logs_rgoel68/logs0/amps_Job14.log -beanbinlog  --domain 0 --interactive yes --netlistOpt no --useMultiPointEvaluation yes --exprEvalShowJobStderr yes --evalSimParallel no --maxSims 0 --historyName ExplorerRun.0 --historyUUID  --exprEvaluator vds --mcMapping mc1.mapping --checkLogStatusInterval 0 --checkSimulatorLogTimeout 1200 --exprEvalMaxTries 3 --maxNFSSyncWait 60 -adeBrokerAddress ece-linlabsrv01.ece.gatech.edu:46485 --fromADE true --virtuosoBinary virtuoso --guiDisplay ece-linlabsrv01.ece.gatech.edu:175 --globalStatus 60 --evaluateMultiMC yes --evalOnSimFail SkipFailedAnalyses --numRetriesOnError 1 --fenixMode explorer --lingertimeout 300 -ahdlLockTimeout 60 --sdbLib project_3 --sdbCell Synchronous_16_bit_add_subtractor --sdbView maestro --heartBeatFileDir /dev/shm --id 14 --uuid 918a3ee8-6268-4d12-bbe0-d5cc51fd38c6 --log /nethome/rgoel68/ECE3150/logs_rgoel68/logs0/Job14.log "}
[2025-04-09 16:32:09.436 -0400] [PROCESS] [cadence.virtuoso.ade.simulationMonitor] - Started the simulation monitor process {"hostname": "ece-linlabsrv01.ece.gatech.edu", "processid": 203449, "logfile": "/nethome/rgoel68/ECE3150/logs_rgoel68/logs0/Job14.log", "current directory": "/nethome/rgoel68/ECE3150"}
[2025-04-09 16:32:09.436 -0400] [PROCESS] [cadence.virtuoso.ade.simulationMonitor] - Simulation Monitor has successfully started up. Trying to set up communication channels to other components ... {"hostname": "ece-linlabsrv01.ece.gatech.edu", "processid": 203449, "logfile": "/nethome/rgoel68/ECE3150/logs_rgoel68/logs0/Job14.log"}
[2025-04-09 16:32:09.439 -0400] [PROCESS] [cadence.virtuoso.ade.simulationMonitor] - Communication channels have been successfully set up. Start processing events ... {"hostname": "ece-linlabsrv01.ece.gatech.edu", "processid": 203449, "logfile": "/nethome/rgoel68/ECE3150/logs_rgoel68/logs0/Job14.log"}
[2025-04-09 16:32:09.439 -0400] [PROCESS] [cadence.virtuoso.ade.simulationMonitor] - Considering to start history {"hostname": "ece-linlabsrv01.ece.gatech.edu", "processid": 203449, "history": "ExplorerRun.0", "logfile": "/nethome/rgoel68/ECE3150/logs_rgoel68/logs0/Job14.log"}
[2025-04-09 16:32:09.441 -0400] [PROCESS] [cadence.virtuoso.ade.simulationMonitor] - HostInfo:
Host name (type):	ece-linlabsrv01.ece.gatech.edu (x86_64)
Operating system:	Linux 4.18.0-553.44.1.el8_10.x86_64 #1 SMP Wed Mar 5 10:48:41 EST 2025 {"hostname": "ece-linlabsrv01.ece.gatech.edu", "processid": 203449, "history": "ExplorerRun.0", "logfile": "/nethome/rgoel68/ECE3150/logs_rgoel68/logs0/Job14.log", "nodename": "ece-linlabsrv01.ece.gatech.edu", "domainname": "(none)", "machine": "x86_64", "sysname": "Linux", "release": "4.18.0-553.44.1.el8_10.x86_64", "version": "#1 SMP Wed Mar 5 10:48:41 EST 2025"}
[2025-04-09 16:32:09.441 -0400] [PROCESS] [cadence.virtuoso.ade.simulationMonitor] - UsageInfo:
pid=203449
totalPhysicalMemory=186.850849GB,Used=128.335167GB,totalVirtualMemory=250.850845GB,Used=154.676933GB
Cpu: Cores=112, Load average:29.690000,18.110000,16.580000 {"hostname": "ece-linlabsrv01.ece.gatech.edu", "processid": 203449, "history": "ExplorerRun.0", "logfile": "/nethome/rgoel68/ECE3150/logs_rgoel68/logs0/Job14.log", "pid": "203449", "totalPhysicalMemory": "186.850849", "physicalMemoryUsed": "128.335167", "totalVirtualMemory": "250.850845", "virtualMemoryUsed": "154.676933", "cpuCores": "112", "processes": "13566", "loadAverage1": "29.690000", "loadAverage5": "18.110000", "loadAverage15": "16.580000", "loadAverage1Percent": "0.265089"}
[2025-04-09 16:32:09.446 -0400] [EVENT] [cadence.virtuoso.ade.simulationMonitor] - NewPoint {"history": "ExplorerRun.0", "point": 1, "testname": "project_3_Synchronous_16_bit_add_subtractor_1", "cornername": "Nominal", "event": "NewPoint", "EventSource": "Simulation Monitor", "HistoryName": "ExplorerRun.0", "logFile": "/nethome/rgoel68/ECE3150/logs_rgoel68/logs0/Job14.log", "logFileSize": "4202", "category": "simulation"}
[2025-04-09 16:32:09.648 -0400] [EVENT] [cadence.virtuoso.ade.simulationMonitor] - NewPoint {"history": "ExplorerRun.0", "point": 1, "testname": "project_3_Synchronous_16_bit_add_subtractor_1", "cornername": "Nominal", "event": "NewPoint", "EventSource": "spectre", "HistoryName": "ExplorerRun.0", "logFile": "/nethome/rgoel68/simulation/project_3/Synchronous_16_bit_add_subtractor/maestro/results/maestro/ExplorerRun.0/1/project_3_Synchronous_16_bit_add_subtractor_1/psf/spectre.out", "logFileSize": "-1", "category": "simulation"}
[2025-04-09 16:32:09.893 -0400] [PROCESS] [cadence.virtuoso.ade.simulationMonitor] - Simulator launched {"hostname": "ece-linlabsrv01.ece.gatech.edu", "processid": 203449, "history": "ExplorerRun.0", "testname": "project_3_Synchronous_16_bit_add_subtractor_1", "cornername": "Nominal", "point": 1, "logfile": "/nethome/rgoel68/ECE3150/logs_rgoel68/logs0/Job14.log", "simid": "1", "event": "launch", "category": "simulation"}
[2025-04-09 16:32:09.898 -0400] [PROCESS] [cadence.virtuoso.ade.simulationMonitor] - Expression evaluator launched {"hostname": "ece-linlabsrv01.ece.gatech.edu", "processid": 203449, "history": "ExplorerRun.0", "testname": "project_3_Synchronous_16_bit_add_subtractor_1", "cornername": "Nominal", "point": 1, "logfile": "/nethome/rgoel68/ECE3150/logs_rgoel68/logs0/Job14.log"}
[2025-04-09 16:32:11.377 -0400] [PROCESS] [cadence.virtuoso.ade.simulationMonitor] - Started Simulation {"hostname": "ece-linlabsrv01.ece.gatech.edu", "processid": 203449, "history": "ExplorerRun.0", "testname": "project_3_Synchronous_16_bit_add_subtractor_1", "cornername": "Nominal", "point": 1, "logfile": "/nethome/rgoel68/ECE3150/logs_rgoel68/logs0/Job14.log", "event": "start", "category": "simulation"}
[2025-04-09 16:32:11.377 -0400] [INFO] [cadence.virtuoso.ade.simulationMonitor] - Notice from spectre during Digital Vector read-in.
    Process Vector Files.
    File read: /nethome/rgoel68/ECE3150/sync_adder_tb.vec {"history": "ExplorerRun.0", "point": 1, "testname": "project_3_Synchronous_16_bit_add_subtractor_1", "cornername": "Nominal"}
[2025-04-09 16:32:11.377 -0400] [INFO] [cadence.virtuoso.ade.simulationMonitor] - Peak resident memory used = 176 Mbytes. {"history": "ExplorerRun.0", "point": 1, "testname": "project_3_Synchronous_16_bit_add_subtractor_1", "cornername": "Nominal"}
[2025-04-09 16:32:11.377 -0400] [WARN] [cadence.virtuoso.ade.simulationMonitor] -     WARNING (SFE-102): "input.scs" 37: Parameter `ld', specified for model `PMOS_VTL' of primitive `bsim4', has been ignored because it is an invalid instance parameter. Specify a valid model parameter and rerun the simulation. Type `spectre -h bsim4' to get more information on valid model parameters. {"history": "ExplorerRun.0", "point": 1, "testname": "project_3_Synchronous_16_bit_add_subtractor_1", "cornername": "Nominal"}
[2025-04-09 16:32:11.377 -0400] [WARN] [cadence.virtuoso.ade.simulationMonitor] -     WARNING (SFE-102): "input.scs" 39: Parameter `ld', specified for model `PMOS_VTL' of primitive `bsim4', has been ignored because it is an invalid instance parameter. Specify a valid model parameter and rerun the simulation. Type `spectre -h bsim4' to get more information on valid model parameters. {"history": "ExplorerRun.0", "point": 1, "testname": "project_3_Synchronous_16_bit_add_subtractor_1", "cornername": "Nominal"}
[2025-04-09 16:32:11.377 -0400] [WARN] [cadence.virtuoso.ade.simulationMonitor] -     WARNING (SFE-102): "input.scs" 41: Parameter `ld', specified for model `PMOS_VTL' of primitive `bsim4', has been ignored because it is an invalid instance parameter. Specify a valid model parameter and rerun the simulation. Type `spectre -h bsim4' to get more information on valid model parameters. {"history": "ExplorerRun.0", "point": 1, "testname": "project_3_Synchronous_16_bit_add_subtractor_1", "cornername": "Nominal"}
[2025-04-09 16:32:11.377 -0400] [WARN] [cadence.virtuoso.ade.simulationMonitor] -     WARNING (SFE-102): "input.scs" 43: Parameter `ld', specified for model `PMOS_VTL' of primitive `bsim4', has been ignored because it is an invalid instance parameter. Specify a valid model parameter and rerun the simulation. Type `spectre -h bsim4' to get more information on valid model parameters. {"history": "ExplorerRun.0", "point": 1, "testname": "project_3_Synchronous_16_bit_add_subtractor_1", "cornername": "Nominal"}
[2025-04-09 16:32:11.377 -0400] [WARN] [cadence.virtuoso.ade.simulationMonitor] -     WARNING (SFE-102): "input.scs" 45: Parameter `ld', specified for model `NMOS_VTL' of primitive `bsim4', has been ignored because it is an invalid instance parameter. Specify a valid model parameter and rerun the simulation. Type `spectre -h bsim4' to get more information on valid model parameters.
        Further occurrences of this warning will be suppressed. {"history": "ExplorerRun.0", "point": 1, "testname": "project_3_Synchronous_16_bit_add_subtractor_1", "cornername": "Nominal"}
[2025-04-09 16:32:11.377 -0400] [INFO] [cadence.virtuoso.ade.simulationMonitor] - Peak resident memory used = 189 Mbytes. {"history": "ExplorerRun.0", "point": 1, "testname": "project_3_Synchronous_16_bit_add_subtractor_1", "cornername": "Nominal"}
[2025-04-09 16:32:11.377 -0400] [INFO] [cadence.virtuoso.ade.simulationMonitor] - Peak resident memory used = 197 Mbytes. {"history": "ExplorerRun.0", "point": 1, "testname": "project_3_Synchronous_16_bit_add_subtractor_1", "cornername": "Nominal"}
[2025-04-09 16:32:11.385 -0400] [INFO] [cadence.virtuoso.ade.simulationMonitor] -               nodes 1497 {"history": "ExplorerRun.0", "point": 1, "testname": "project_3_Synchronous_16_bit_add_subtractor_1", "cornername": "Nominal"}
[2025-04-09 16:32:11.385 -0400] [INFO] [cadence.virtuoso.ade.simulationMonitor] - Notice from spectre during initial setup.
    Protected devices exist and are not included in the circuit inventory.
    APS enabled.
    2821 warnings suppressed. {"history": "ExplorerRun.0", "point": 1, "testname": "project_3_Synchronous_16_bit_add_subtractor_1", "cornername": "Nominal"}
[2025-04-09 16:32:11.394 -0400] [INFO] [cadence.virtuoso.ade.simulationMonitor] - Notice from spectre.
    Multithreading enabled: 8 threads in the system with 112 available processors. {"history": "ExplorerRun.0", "point": 1, "testname": "project_3_Synchronous_16_bit_add_subtractor_1", "cornername": "Nominal"}
[2025-04-09 16:32:11.394 -0400] [INFO] [cadence.virtuoso.ade.simulationMonitor] - Peak resident memory used = 226 Mbytes. {"history": "ExplorerRun.0", "point": 1, "testname": "project_3_Synchronous_16_bit_add_subtractor_1", "cornername": "Nominal"}
[2025-04-09 16:32:11.395 -0400] [INFO] [cadence.virtuoso.ade.simulationMonitor] -    -   (APS) Multi-threading. The recommended number of threads is 8, consider adding +mt=8 on command line. {"history": "ExplorerRun.0", "point": 1, "testname": "project_3_Synchronous_16_bit_add_subtractor_1", "cornername": "Nominal"}
[2025-04-09 16:32:12.395 -0400] [INFO] [cadence.virtuoso.ade.simulationMonitor] - Notice from spectre during IC analysis, during transient analysis `tran'.
    Bad pivoting is found during DC analysis. Option dc_pivot_check=yes is recommended for possible improvement of convergence. {"history": "ExplorerRun.0", "point": 1, "testname": "project_3_Synchronous_16_bit_add_subtractor_1", "cornername": "Nominal"}
[2025-04-09 16:32:25.400 -0400] [INFO] [cadence.virtuoso.ade.simulationMonitor] - Notice from spectre at time = 123.905 ns during transient analysis `tran'.
    Found trapezoidal ringing on node _vvdd!:p. {"history": "ExplorerRun.0", "point": 1, "testname": "project_3_Synchronous_16_bit_add_subtractor_1", "cornername": "Nominal"}
[2025-04-09 16:32:25.400 -0400] [INFO] [cadence.virtuoso.ade.simulationMonitor] - Notice from spectre at time = 126.505 ns during transient analysis `tran'.
    Found trapezoidal ringing on node _vvdd!:p. {"history": "ExplorerRun.0", "point": 1, "testname": "project_3_Synchronous_16_bit_add_subtractor_1", "cornername": "Nominal"}
[2025-04-09 16:32:25.400 -0400] [INFO] [cadence.virtuoso.ade.simulationMonitor] - Notice from spectre at time = 128.252 ns during transient analysis `tran'.
    Found trapezoidal ringing on node _vvdd!:p. {"history": "ExplorerRun.0", "point": 1, "testname": "project_3_Synchronous_16_bit_add_subtractor_1", "cornername": "Nominal"}
[2025-04-09 16:32:25.400 -0400] [INFO] [cadence.virtuoso.ade.simulationMonitor] - Notice from spectre at time = 130 ns during transient analysis `tran'.
    Found trapezoidal ringing on node _vvdd!:p. {"history": "ExplorerRun.0", "point": 1, "testname": "project_3_Synchronous_16_bit_add_subtractor_1", "cornername": "Nominal"}
[2025-04-09 16:32:25.400 -0400] [INFO] [cadence.virtuoso.ade.simulationMonitor] - Notice from spectre during transient analysis `tran'.
    Trapezoidal ringing is detected during tran analysis.
        Please use method=trap for better results and performance. {"history": "ExplorerRun.0", "point": 1, "testname": "project_3_Synchronous_16_bit_add_subtractor_1", "cornername": "Nominal"}
[2025-04-09 16:32:25.401 -0400] [INFO] [cadence.virtuoso.ade.simulationMonitor] - Intrinsic tran analysis time:    CPU = 95.2794 s, elapsed = 12.7634 s. {"history": "ExplorerRun.0", "point": 1, "testname": "project_3_Synchronous_16_bit_add_subtractor_1", "cornername": "Nominal"}
[2025-04-09 16:32:25.402 -0400] [INFO] [cadence.virtuoso.ade.simulationMonitor] - Total time required for tran analysis `tran': CPU = 99.7157 s (1m  39.7s), elapsed = 13.6817 s, util. = 729%. {"history": "ExplorerRun.0", "point": 1, "testname": "project_3_Synchronous_16_bit_add_subtractor_1", "cornername": "Nominal"}
[2025-04-09 16:32:25.402 -0400] [INFO] [cadence.virtuoso.ade.simulationMonitor] - Peak resident memory used = 365 Mbytes. {"history": "ExplorerRun.0", "point": 1, "testname": "project_3_Synchronous_16_bit_add_subtractor_1", "cornername": "Nominal"}
[2025-04-09 16:32:25.403 -0400] [INFO] [cadence.virtuoso.ade.simulationMonitor] - Time used: CPU = 103 s (1m  43.3s), elapsed = 15 s, util. = 687%. {"history": "ExplorerRun.0", "point": 1, "testname": "project_3_Synchronous_16_bit_add_subtractor_1", "cornername": "Nominal"}
[2025-04-09 16:32:25.403 -0400] [INFO] [cadence.virtuoso.ade.simulationMonitor] - Time spent in licensing: elapsed = 61.4 ms. {"history": "ExplorerRun.0", "point": 1, "testname": "project_3_Synchronous_16_bit_add_subtractor_1", "cornername": "Nominal"}
[2025-04-09 16:32:25.403 -0400] [INFO] [cadence.virtuoso.ade.simulationMonitor] - Peak memory used = 365 Mbytes. {"history": "ExplorerRun.0", "point": 1, "testname": "project_3_Synchronous_16_bit_add_subtractor_1", "cornername": "Nominal"}
[2025-04-09 16:32:25.405 -0400] [PROCESS] [cadence.virtuoso.ade.simulationMonitor] - Simulation started at: 4:32:10 PM, Wed Apr 9, 2025, ended at: 4:32:25 PM, Wed Apr 9, 2025, with elapsed time (wall clock): 15 s. {"history": "ExplorerRun.0", "point": 1, "testname": "project_3_Synchronous_16_bit_add_subtractor_1", "cornername": "Nominal"}
[2025-04-09 16:32:25.405 -0400] [PROCESS] [cadence.virtuoso.ade.simulationMonitor] - spectre completes with 0 errors, 5 warnings, and 13 notices. {"history": "ExplorerRun.0", "point": 1, "testname": "project_3_Synchronous_16_bit_add_subtractor_1", "cornername": "Nominal"}
[2025-04-09 16:32:25.405 -0400] [PROCESS] [cadence.virtuoso.ade.simulationMonitor] - Finished simulating for one point {"hostname": "ece-linlabsrv01.ece.gatech.edu", "processid": 203449, "history": "ExplorerRun.0", "testname": "project_3_Synchronous_16_bit_add_subtractor_1", "cornername": "Nominal", "point": 1, "logfile": "/nethome/rgoel68/ECE3150/logs_rgoel68/logs0/Job14.log", "simid": "1", "event": "finish", "category": "simulation"}
[2025-04-09 16:32:25.405 -0400] [PROCESS] [cadence.virtuoso.ade.simulationMonitor] - Simulator exited {"hostname": "ece-linlabsrv01.ece.gatech.edu", "processid": 203449, "history": "ExplorerRun.0", "testname": "project_3_Synchronous_16_bit_add_subtractor_1", "cornername": "Nominal", "point": 1, "logfile": "/nethome/rgoel68/ECE3150/logs_rgoel68/logs0/Job14.log", "exitStatus": "0"}
[2025-04-09 16:32:25.405 -0400] [PROCESS] [cadence.virtuoso.ade.simulationMonitor] - Finished Simulation {"hostname": "ece-linlabsrv01.ece.gatech.edu", "processid": 203449, "history": "ExplorerRun.0", "testname": "project_3_Synchronous_16_bit_add_subtractor_1", "cornername": "Nominal", "point": 1, "logfile": "/nethome/rgoel68/ECE3150/logs_rgoel68/logs0/Job14.log", "simid": "1", "event": "finish", "category": "obsolete"}
[2025-04-09 16:32:27.408 -0400] [PROCESS] [cadence.virtuoso.ade.simulationMonitor] - Point Finished {"hostname": "ece-linlabsrv01.ece.gatech.edu", "processid": 203449, "history": "ExplorerRun.0", "testname": "project_3_Synchronous_16_bit_add_subtractor_1", "cornername": "Nominal", "point": 1, "logfile": "/nethome/rgoel68/ECE3150/logs_rgoel68/logs0/Job14.log", "event": "finish", "category": "sim-eval"}
[2025-04-09 16:32:28.409 -0400] [PROCESS] [cadence.virtuoso.ade.simulationMonitor] - Stay with the runId '2', Linger time '300', currentRunSyn '5', currentTestSyn '6' {"hostname": "ece-linlabsrv01.ece.gatech.edu", "processid": 203449, "history": "ExplorerRun.0", "testname": "project_3_Synchronous_16_bit_add_subtractor_1", "cornername": "Nominal", "point": 1, "logfile": "/nethome/rgoel68/ECE3150/logs_rgoel68/logs0/Job14.log"}
[2025-04-09 16:37:28.680 -0400] [PROCESS] [cadence.virtuoso.ade.simulationMonitor] - Current memory used: 80.9844 MBytes, peak memory used: 80.9844 MBytes {"hostname": "ece-linlabsrv01.ece.gatech.edu", "processid": 203449, "history": "ExplorerRun.0", "testname": "project_3_Synchronous_16_bit_add_subtractor_1", "cornername": "Nominal", "point": 1, "logfile": "/nethome/rgoel68/ECE3150/logs_rgoel68/logs0/Job14.log"}
[2025-04-09 16:37:28.680 -0400] [PROCESS] [cadence.virtuoso.ade.simulationMonitor] - Simulation Monitor process exits. {"hostname": "ece-linlabsrv01.ece.gatech.edu", "processid": 203449, "history": "ExplorerRun.0", "testname": "project_3_Synchronous_16_bit_add_subtractor_1", "cornername": "Nominal", "point": 1, "logfile": "/nethome/rgoel68/ECE3150/logs_rgoel68/logs0/Job14.log"}
