[Simulation Monitor: 11]
[2025-04-21 20:04:40.057 -0400] [PROCESS] [cadence.virtuoso.ade.simulationMonitor] - Started the simulation monitor process {"hostname": "ece-linlabsrv01.ece.gatech.edu", "processid": 4008760, "logfile": "/nethome/rgoel68/ECE3150/logs_rgoel68/logs0/Job11.log", "simulation monitor command line": "/tools/software/cadence/ic/23.10.120/tools.lnx86/dfII/bin/64bit/spectreMonitor --davinciService DaVinciService_3568846_1745278096 --axlsession fnxSession3 -lscs 000175E1894CBE06FF0966E38F1FFC06BC4D65B0C578C406D07B6FA78410926AD02470F28B50992BD92E69ED90048F74DD2F32AE9C019928D92E0EE552082111D44B00001D8C -beanhost ece-linlabsrv01.ece.gatech.edu -beanport 11692 -beanLogFile /nethome/rgoel68/ECE3150/logs_rgoel68/logs0/amps_Job11.log -beanbinlog  --domain 0 --interactive yes --netlistOpt no --useMultiPointEvaluation yes --exprEvalShowJobStderr yes --evalSimParallel no --maxSims 0 --historyName ExplorerRun.0 --historyUUID  --exprEvaluator vds --mcMapping mc1.mapping --checkLogStatusInterval 0 --checkSimulatorLogTimeout 1200 --exprEvalMaxTries 3 --maxNFSSyncWait 60 -adeBrokerAddress ece-linlabsrv01.ece.gatech.edu:43423 --fromADE true --virtuosoBinary virtuoso --guiDisplay ece-linlabsrv01.ece.gatech.edu:185 --globalStatus 60 --evaluateMultiMC yes --evalOnSimFail SkipFailedAnalyses --numRetriesOnError 1 --fenixMode explorer --lingertimeout 300 -ahdlLockTimeout 60 --sdbLib project3 --sdbCell Synchronous_16_bit_add_subtractor_clk_buffer --sdbView maestro --heartBeatFileDir /dev/shm --id 11 --uuid 153a82fb-ee22-4edf-bff2-de29fd764246 --log /nethome/rgoel68/ECE3150/logs_rgoel68/logs0/Job11.log "}
[2025-04-21 20:04:40.057 -0400] [PROCESS] [cadence.virtuoso.ade.simulationMonitor] - Started the simulation monitor process {"hostname": "ece-linlabsrv01.ece.gatech.edu", "processid": 4008760, "logfile": "/nethome/rgoel68/ECE3150/logs_rgoel68/logs0/Job11.log", "current directory": "/nethome/rgoel68/ECE3150"}
[2025-04-21 20:04:40.057 -0400] [PROCESS] [cadence.virtuoso.ade.simulationMonitor] - Simulation Monitor has successfully started up. Trying to set up communication channels to other components ... {"hostname": "ece-linlabsrv01.ece.gatech.edu", "processid": 4008760, "logfile": "/nethome/rgoel68/ECE3150/logs_rgoel68/logs0/Job11.log"}
[2025-04-21 20:04:40.061 -0400] [PROCESS] [cadence.virtuoso.ade.simulationMonitor] - Communication channels have been successfully set up. Start processing events ... {"hostname": "ece-linlabsrv01.ece.gatech.edu", "processid": 4008760, "logfile": "/nethome/rgoel68/ECE3150/logs_rgoel68/logs0/Job11.log"}
[2025-04-21 20:04:40.061 -0400] [PROCESS] [cadence.virtuoso.ade.simulationMonitor] - Considering to start history {"hostname": "ece-linlabsrv01.ece.gatech.edu", "processid": 4008760, "history": "ExplorerRun.0", "logfile": "/nethome/rgoel68/ECE3150/logs_rgoel68/logs0/Job11.log"}
[2025-04-21 20:04:40.064 -0400] [PROCESS] [cadence.virtuoso.ade.simulationMonitor] - HostInfo:
Host name (type):	ece-linlabsrv01.ece.gatech.edu (x86_64)
Operating system:	Linux 4.18.0-553.44.1.el8_10.x86_64 #1 SMP Wed Mar 5 10:48:41 EST 2025 {"hostname": "ece-linlabsrv01.ece.gatech.edu", "processid": 4008760, "history": "ExplorerRun.0", "logfile": "/nethome/rgoel68/ECE3150/logs_rgoel68/logs0/Job11.log", "nodename": "ece-linlabsrv01.ece.gatech.edu", "domainname": "(none)", "machine": "x86_64", "sysname": "Linux", "release": "4.18.0-553.44.1.el8_10.x86_64", "version": "#1 SMP Wed Mar 5 10:48:41 EST 2025"}
[2025-04-21 20:04:40.064 -0400] [PROCESS] [cadence.virtuoso.ade.simulationMonitor] - UsageInfo:
pid=4008760
totalPhysicalMemory=186.850849GB,Used=171.919262GB,totalVirtualMemory=250.850845GB,Used=224.219482GB
Cpu: Cores=112, Load average:38.020000,47.950000,47.790000 {"hostname": "ece-linlabsrv01.ece.gatech.edu", "processid": 4008760, "history": "ExplorerRun.0", "logfile": "/nethome/rgoel68/ECE3150/logs_rgoel68/logs0/Job11.log", "pid": "4008760", "totalPhysicalMemory": "186.850849", "physicalMemoryUsed": "171.919262", "totalVirtualMemory": "250.850845", "virtualMemoryUsed": "224.219482", "cpuCores": "112", "processes": "24001", "loadAverage1": "38.020000", "loadAverage5": "47.950000", "loadAverage15": "47.790000", "loadAverage1Percent": "0.339464"}
[2025-04-21 20:04:40.068 -0400] [EVENT] [cadence.virtuoso.ade.simulationMonitor] - NewPoint {"history": "ExplorerRun.0", "point": 1, "testname": "project3_Synchronous_16_bit_add_subtractor_clk_buffer_1", "cornername": "Nominal", "event": "NewPoint", "EventSource": "Simulation Monitor", "HistoryName": "ExplorerRun.0", "logFile": "/nethome/rgoel68/ECE3150/logs_rgoel68/logs0/Job11.log", "logFileSize": "4222", "category": "simulation"}
[2025-04-21 20:04:40.371 -0400] [EVENT] [cadence.virtuoso.ade.simulationMonitor] - NewPoint {"history": "ExplorerRun.0", "point": 1, "testname": "project3_Synchronous_16_bit_add_subtractor_clk_buffer_1", "cornername": "Nominal", "event": "NewPoint", "EventSource": "spectre", "HistoryName": "ExplorerRun.0", "logFile": "/nethome/rgoel68/simulation/project3/Synchronous_16_bit_add_subtractor_clk_buffer/maestro/results/maestro/ExplorerRun.0/1/project3_Synchronous_16_bit_add_subtractor_clk_buffer_1/psf/spectre.out", "logFileSize": "-1", "category": "simulation"}
[2025-04-21 20:04:40.600 -0400] [PROCESS] [cadence.virtuoso.ade.simulationMonitor] - Simulator launched {"hostname": "ece-linlabsrv01.ece.gatech.edu", "processid": 4008760, "history": "ExplorerRun.0", "testname": "project3_Synchronous_16_bit_add_subtractor_clk_buffer_1", "cornername": "Nominal", "point": 1, "logfile": "/nethome/rgoel68/ECE3150/logs_rgoel68/logs0/Job11.log", "simid": "1", "event": "launch", "category": "simulation"}
[2025-04-21 20:04:40.604 -0400] [PROCESS] [cadence.virtuoso.ade.simulationMonitor] - Expression evaluator launched {"hostname": "ece-linlabsrv01.ece.gatech.edu", "processid": 4008760, "history": "ExplorerRun.0", "testname": "project3_Synchronous_16_bit_add_subtractor_clk_buffer_1", "cornername": "Nominal", "point": 1, "logfile": "/nethome/rgoel68/ECE3150/logs_rgoel68/logs0/Job11.log"}
[2025-04-21 20:04:45.070 -0400] [PROCESS] [cadence.virtuoso.ade.simulationMonitor] - Started Simulation {"hostname": "ece-linlabsrv01.ece.gatech.edu", "processid": 4008760, "history": "ExplorerRun.0", "testname": "project3_Synchronous_16_bit_add_subtractor_clk_buffer_1", "cornername": "Nominal", "point": 1, "logfile": "/nethome/rgoel68/ECE3150/logs_rgoel68/logs0/Job11.log", "event": "start", "category": "simulation"}
[2025-04-21 20:04:45.070 -0400] [INFO] [cadence.virtuoso.ade.simulationMonitor] - Notice from spectre during Digital Vector read-in.
    Process Vector Files.
    File read: /nethome/rgoel68/ECE3150/sync_adder_f_min_max_tb.vec {"history": "ExplorerRun.0", "point": 1, "testname": "project3_Synchronous_16_bit_add_subtractor_clk_buffer_1", "cornername": "Nominal"}
[2025-04-21 20:04:45.070 -0400] [INFO] [cadence.virtuoso.ade.simulationMonitor] - Peak resident memory used = 180 Mbytes. {"history": "ExplorerRun.0", "point": 1, "testname": "project3_Synchronous_16_bit_add_subtractor_clk_buffer_1", "cornername": "Nominal"}
[2025-04-21 20:04:45.071 -0400] [WARN] [cadence.virtuoso.ade.simulationMonitor] -     WARNING (SFE-102): "input.scs" 37: Parameter `ld', specified for model `PMOS_VTL' of primitive `bsim4', has been ignored because it is an invalid instance parameter. Specify a valid model parameter and rerun the simulation. Type `spectre -h bsim4' to get more information on valid model parameters. {"history": "ExplorerRun.0", "point": 1, "testname": "project3_Synchronous_16_bit_add_subtractor_clk_buffer_1", "cornername": "Nominal"}
[2025-04-21 20:04:45.071 -0400] [WARN] [cadence.virtuoso.ade.simulationMonitor] -     WARNING (SFE-102): "input.scs" 39: Parameter `ld', specified for model `PMOS_VTL' of primitive `bsim4', has been ignored because it is an invalid instance parameter. Specify a valid model parameter and rerun the simulation. Type `spectre -h bsim4' to get more information on valid model parameters. {"history": "ExplorerRun.0", "point": 1, "testname": "project3_Synchronous_16_bit_add_subtractor_clk_buffer_1", "cornername": "Nominal"}
[2025-04-21 20:04:45.071 -0400] [WARN] [cadence.virtuoso.ade.simulationMonitor] -     WARNING (SFE-102): "input.scs" 41: Parameter `ld', specified for model `PMOS_VTL' of primitive `bsim4', has been ignored because it is an invalid instance parameter. Specify a valid model parameter and rerun the simulation. Type `spectre -h bsim4' to get more information on valid model parameters. {"history": "ExplorerRun.0", "point": 1, "testname": "project3_Synchronous_16_bit_add_subtractor_clk_buffer_1", "cornername": "Nominal"}
[2025-04-21 20:04:45.071 -0400] [WARN] [cadence.virtuoso.ade.simulationMonitor] -     WARNING (SFE-102): "input.scs" 43: Parameter `ld', specified for model `PMOS_VTL' of primitive `bsim4', has been ignored because it is an invalid instance parameter. Specify a valid model parameter and rerun the simulation. Type `spectre -h bsim4' to get more information on valid model parameters. {"history": "ExplorerRun.0", "point": 1, "testname": "project3_Synchronous_16_bit_add_subtractor_clk_buffer_1", "cornername": "Nominal"}
[2025-04-21 20:04:45.071 -0400] [WARN] [cadence.virtuoso.ade.simulationMonitor] -     WARNING (SFE-102): "input.scs" 45: Parameter `ld', specified for model `NMOS_VTL' of primitive `bsim4', has been ignored because it is an invalid instance parameter. Specify a valid model parameter and rerun the simulation. Type `spectre -h bsim4' to get more information on valid model parameters.
        Further occurrences of this warning will be suppressed. {"history": "ExplorerRun.0", "point": 1, "testname": "project3_Synchronous_16_bit_add_subtractor_clk_buffer_1", "cornername": "Nominal"}
[2025-04-21 20:04:45.071 -0400] [INFO] [cadence.virtuoso.ade.simulationMonitor] - Peak resident memory used = 193 Mbytes. {"history": "ExplorerRun.0", "point": 1, "testname": "project3_Synchronous_16_bit_add_subtractor_clk_buffer_1", "cornername": "Nominal"}
[2025-04-21 20:04:45.071 -0400] [INFO] [cadence.virtuoso.ade.simulationMonitor] - Peak resident memory used = 201 Mbytes. {"history": "ExplorerRun.0", "point": 1, "testname": "project3_Synchronous_16_bit_add_subtractor_clk_buffer_1", "cornername": "Nominal"}
[2025-04-21 20:04:45.074 -0400] [INFO] [cadence.virtuoso.ade.simulationMonitor] -               nodes 1512 {"history": "ExplorerRun.0", "point": 1, "testname": "project3_Synchronous_16_bit_add_subtractor_clk_buffer_1", "cornername": "Nominal"}
[2025-04-21 20:04:45.075 -0400] [INFO] [cadence.virtuoso.ade.simulationMonitor] - Notice from spectre during initial setup.
    Protected devices exist and are not included in the circuit inventory.
    APS enabled.
    2849 warnings suppressed. {"history": "ExplorerRun.0", "point": 1, "testname": "project3_Synchronous_16_bit_add_subtractor_clk_buffer_1", "cornername": "Nominal"}
[2025-04-21 20:04:45.075 -0400] [INFO] [cadence.virtuoso.ade.simulationMonitor] - Notice from spectre.
    Multithreading enabled: 8 threads in the system with 112 available processors. {"history": "ExplorerRun.0", "point": 1, "testname": "project3_Synchronous_16_bit_add_subtractor_clk_buffer_1", "cornername": "Nominal"}
[2025-04-21 20:04:45.075 -0400] [INFO] [cadence.virtuoso.ade.simulationMonitor] - Peak resident memory used = 230 Mbytes. {"history": "ExplorerRun.0", "point": 1, "testname": "project3_Synchronous_16_bit_add_subtractor_clk_buffer_1", "cornername": "Nominal"}
[2025-04-21 20:04:45.076 -0400] [INFO] [cadence.virtuoso.ade.simulationMonitor] -    -   (APS) Multi-threading. The recommended number of threads is 8, consider adding +mt=8 on command line. {"history": "ExplorerRun.0", "point": 1, "testname": "project3_Synchronous_16_bit_add_subtractor_clk_buffer_1", "cornername": "Nominal"}
[2025-04-21 20:04:45.076 -0400] [INFO] [cadence.virtuoso.ade.simulationMonitor] - Notice from spectre during IC analysis, during transient analysis `tran'.
    Bad pivoting is found during DC analysis. Option dc_pivot_check=yes is recommended for possible improvement of convergence. {"history": "ExplorerRun.0", "point": 1, "testname": "project3_Synchronous_16_bit_add_subtractor_clk_buffer_1", "cornername": "Nominal"}
[2025-04-21 20:05:00.589 -0400] [INFO] [cadence.virtuoso.ade.simulationMonitor] - Notice from spectre at time = 15.2207 ns during transient analysis `tran'.
    Found trapezoidal ringing on node _vvdd!:p. {"history": "ExplorerRun.0", "point": 1, "testname": "project3_Synchronous_16_bit_add_subtractor_clk_buffer_1", "cornername": "Nominal"}
[2025-04-21 20:05:00.590 -0400] [INFO] [cadence.virtuoso.ade.simulationMonitor] - Notice from spectre at time = 15.7207 ns during transient analysis `tran'.
    Found trapezoidal ringing on node _vvdd!:p. {"history": "ExplorerRun.0", "point": 1, "testname": "project3_Synchronous_16_bit_add_subtractor_clk_buffer_1", "cornername": "Nominal"}
[2025-04-21 20:05:00.590 -0400] [INFO] [cadence.virtuoso.ade.simulationMonitor] - Notice from spectre at time = 16.2207 ns during transient analysis `tran'.
    Found trapezoidal ringing on node _vvdd!:p. {"history": "ExplorerRun.0", "point": 1, "testname": "project3_Synchronous_16_bit_add_subtractor_clk_buffer_1", "cornername": "Nominal"}
[2025-04-21 20:05:00.590 -0400] [INFO] [cadence.virtuoso.ade.simulationMonitor] - Notice from spectre at time = 16.7207 ns during transient analysis `tran'.
    Found trapezoidal ringing on node _vvdd!:p. {"history": "ExplorerRun.0", "point": 1, "testname": "project3_Synchronous_16_bit_add_subtractor_clk_buffer_1", "cornername": "Nominal"}
[2025-04-21 20:05:00.590 -0400] [INFO] [cadence.virtuoso.ade.simulationMonitor] - Notice from spectre at time = 17.2207 ns during transient analysis `tran'.
    Found trapezoidal ringing on node _vvdd!:p.
        Further occurrences of this notice will be suppressed. {"history": "ExplorerRun.0", "point": 1, "testname": "project3_Synchronous_16_bit_add_subtractor_clk_buffer_1", "cornername": "Nominal"}
[2025-04-21 20:05:00.590 -0400] [INFO] [cadence.virtuoso.ade.simulationMonitor] - Notice from spectre during transient analysis `tran'.
    Trapezoidal ringing is detected during tran analysis.
        Please use method=trap for better results and performance. {"history": "ExplorerRun.0", "point": 1, "testname": "project3_Synchronous_16_bit_add_subtractor_clk_buffer_1", "cornername": "Nominal"}
[2025-04-21 20:05:00.591 -0400] [INFO] [cadence.virtuoso.ade.simulationMonitor] - Intrinsic tran analysis time:    CPU = 125.174 s, elapsed = 17.2613 s. {"history": "ExplorerRun.0", "point": 1, "testname": "project3_Synchronous_16_bit_add_subtractor_clk_buffer_1", "cornername": "Nominal"}
[2025-04-21 20:05:00.591 -0400] [INFO] [cadence.virtuoso.ade.simulationMonitor] - Total time required for tran analysis `tran': CPU = 129.063 s (2m  9.1s), elapsed = 18.2895 s, util. = 706%. {"history": "ExplorerRun.0", "point": 1, "testname": "project3_Synchronous_16_bit_add_subtractor_clk_buffer_1", "cornername": "Nominal"}
[2025-04-21 20:05:00.591 -0400] [INFO] [cadence.virtuoso.ade.simulationMonitor] - Peak resident memory used = 370 Mbytes. {"history": "ExplorerRun.0", "point": 1, "testname": "project3_Synchronous_16_bit_add_subtractor_clk_buffer_1", "cornername": "Nominal"}
[2025-04-21 20:05:00.591 -0400] [INFO] [cadence.virtuoso.ade.simulationMonitor] - Notice from spectre.
    16 notices suppressed. {"history": "ExplorerRun.0", "point": 1, "testname": "project3_Synchronous_16_bit_add_subtractor_clk_buffer_1", "cornername": "Nominal"}
[2025-04-21 20:05:01.093 -0400] [INFO] [cadence.virtuoso.ade.simulationMonitor] - Time used: CPU = 134 s (2m  14.2s), elapsed = 19.9 s, util. = 676%. {"history": "ExplorerRun.0", "point": 1, "testname": "project3_Synchronous_16_bit_add_subtractor_clk_buffer_1", "cornername": "Nominal"}
[2025-04-21 20:05:01.093 -0400] [INFO] [cadence.virtuoso.ade.simulationMonitor] - Time spent in licensing: elapsed = 70.1 ms. {"history": "ExplorerRun.0", "point": 1, "testname": "project3_Synchronous_16_bit_add_subtractor_clk_buffer_1", "cornername": "Nominal"}
[2025-04-21 20:05:01.093 -0400] [INFO] [cadence.virtuoso.ade.simulationMonitor] - Peak memory used = 370 Mbytes. {"history": "ExplorerRun.0", "point": 1, "testname": "project3_Synchronous_16_bit_add_subtractor_clk_buffer_1", "cornername": "Nominal"}
[2025-04-21 20:05:01.095 -0400] [PROCESS] [cadence.virtuoso.ade.simulationMonitor] - Simulation started at: 8:04:40 PM, Mon Apr 21, 2025, ended at: 8:05:00 PM, Mon Apr 21, 2025, with elapsed time (wall clock): 19.9 s. {"history": "ExplorerRun.0", "point": 1, "testname": "project3_Synchronous_16_bit_add_subtractor_clk_buffer_1", "cornername": "Nominal"}
[2025-04-21 20:05:01.095 -0400] [PROCESS] [cadence.virtuoso.ade.simulationMonitor] - spectre completes with 0 errors, 5 warnings, and 15 notices. {"history": "ExplorerRun.0", "point": 1, "testname": "project3_Synchronous_16_bit_add_subtractor_clk_buffer_1", "cornername": "Nominal"}
[2025-04-21 20:05:01.095 -0400] [PROCESS] [cadence.virtuoso.ade.simulationMonitor] - Finished simulating for one point {"hostname": "ece-linlabsrv01.ece.gatech.edu", "processid": 4008760, "history": "ExplorerRun.0", "testname": "project3_Synchronous_16_bit_add_subtractor_clk_buffer_1", "cornername": "Nominal", "point": 1, "logfile": "/nethome/rgoel68/ECE3150/logs_rgoel68/logs0/Job11.log", "simid": "1", "event": "finish", "category": "simulation"}
[2025-04-21 20:05:01.095 -0400] [PROCESS] [cadence.virtuoso.ade.simulationMonitor] - Simulator exited {"hostname": "ece-linlabsrv01.ece.gatech.edu", "processid": 4008760, "history": "ExplorerRun.0", "testname": "project3_Synchronous_16_bit_add_subtractor_clk_buffer_1", "cornername": "Nominal", "point": 1, "logfile": "/nethome/rgoel68/ECE3150/logs_rgoel68/logs0/Job11.log", "exitStatus": "0"}
[2025-04-21 20:05:01.096 -0400] [PROCESS] [cadence.virtuoso.ade.simulationMonitor] - Finished Simulation {"hostname": "ece-linlabsrv01.ece.gatech.edu", "processid": 4008760, "history": "ExplorerRun.0", "testname": "project3_Synchronous_16_bit_add_subtractor_clk_buffer_1", "cornername": "Nominal", "point": 1, "logfile": "/nethome/rgoel68/ECE3150/logs_rgoel68/logs0/Job11.log", "simid": "1", "event": "finish", "category": "obsolete"}
[2025-04-21 20:05:03.100 -0400] [PROCESS] [cadence.virtuoso.ade.simulationMonitor] - Point Finished {"hostname": "ece-linlabsrv01.ece.gatech.edu", "processid": 4008760, "history": "ExplorerRun.0", "testname": "project3_Synchronous_16_bit_add_subtractor_clk_buffer_1", "cornername": "Nominal", "point": 1, "logfile": "/nethome/rgoel68/ECE3150/logs_rgoel68/logs0/Job11.log", "event": "finish", "category": "sim-eval"}
[2025-04-21 20:05:04.103 -0400] [PROCESS] [cadence.virtuoso.ade.simulationMonitor] - Stay with the runId '1', Linger time '300', currentRunSyn '3', currentTestSyn '4' {"hostname": "ece-linlabsrv01.ece.gatech.edu", "processid": 4008760, "history": "ExplorerRun.0", "testname": "project3_Synchronous_16_bit_add_subtractor_clk_buffer_1", "cornername": "Nominal", "point": 1, "logfile": "/nethome/rgoel68/ECE3150/logs_rgoel68/logs0/Job11.log"}
[2025-04-21 20:05:05.104 -0400] [PROCESS] [cadence.virtuoso.ade.simulationMonitor] - Stay with the runId '1', Linger time '300', currentRunSyn '3', currentTestSyn '4' {"hostname": "ece-linlabsrv01.ece.gatech.edu", "processid": 4008760, "history": "ExplorerRun.0", "testname": "project3_Synchronous_16_bit_add_subtractor_clk_buffer_1", "cornername": "Nominal", "point": 1, "logfile": "/nethome/rgoel68/ECE3150/logs_rgoel68/logs0/Job11.log"}
[2025-04-21 20:05:06.104 -0400] [PROCESS] [cadence.virtuoso.ade.simulationMonitor] - Stay with the runId '1', Linger time '300', currentRunSyn '3', currentTestSyn '4' {"hostname": "ece-linlabsrv01.ece.gatech.edu", "processid": 4008760, "history": "ExplorerRun.0", "testname": "project3_Synchronous_16_bit_add_subtractor_clk_buffer_1", "cornername": "Nominal", "point": 1, "logfile": "/nethome/rgoel68/ECE3150/logs_rgoel68/logs0/Job11.log"}
[2025-04-21 20:07:00.663 -0400] [INFO] [cadence.virtuoso.ade.simulationMonitor] - SimulationMonitor has terminated the vds process '4012076', reason: 'Force to stop the expression evalutor process because of new run' {"history": "ExplorerRun.0", "point": 1, "testname": "project3_Synchronous_16_bit_add_subtractor_clk_buffer_1", "cornername": "Nominal"}
[2025-04-21 20:07:00.664 -0400] [PROCESS] [cadence.virtuoso.ade.simulationMonitor] - HostInfo:
Host name (type):	ece-linlabsrv01.ece.gatech.edu (x86_64)
Operating system:	Linux 4.18.0-553.44.1.el8_10.x86_64 #1 SMP Wed Mar 5 10:48:41 EST 2025 {"hostname": "ece-linlabsrv01.ece.gatech.edu", "processid": 4008760, "history": "ExplorerRun.0", "testname": "project3_Synchronous_16_bit_add_subtractor_clk_buffer_1", "cornername": "Nominal", "point": 1, "logfile": "/nethome/rgoel68/ECE3150/logs_rgoel68/logs0/Job11.log", "nodename": "ece-linlabsrv01.ece.gatech.edu", "domainname": "(none)", "machine": "x86_64", "sysname": "Linux", "release": "4.18.0-553.44.1.el8_10.x86_64", "version": "#1 SMP Wed Mar 5 10:48:41 EST 2025"}
[2025-04-21 20:07:00.664 -0400] [PROCESS] [cadence.virtuoso.ade.simulationMonitor] - UsageInfo:
pid=4008760
totalPhysicalMemory=186.850849GB,Used=172.044243GB,totalVirtualMemory=250.850845GB,Used=224.363419GB
Cpu: Cores=112, Load average:34.450000,46.690000,47.700000 {"hostname": "ece-linlabsrv01.ece.gatech.edu", "processid": 4008760, "history": "ExplorerRun.0", "testname": "project3_Synchronous_16_bit_add_subtractor_clk_buffer_1", "cornername": "Nominal", "point": 1, "logfile": "/nethome/rgoel68/ECE3150/logs_rgoel68/logs0/Job11.log", "pid": "4008760", "totalPhysicalMemory": "186.850849", "physicalMemoryUsed": "172.044243", "totalVirtualMemory": "250.850845", "virtualMemoryUsed": "224.363419", "cpuCores": "112", "processes": "24227", "loadAverage1": "34.450000", "loadAverage5": "46.690000", "loadAverage15": "47.700000", "loadAverage1Percent": "0.307589"}
[2025-04-21 20:07:00.667 -0400] [EVENT] [cadence.virtuoso.ade.simulationMonitor] - NewPoint {"history": "ExplorerRun.0", "point": 1, "testname": "project3_Synchronous_16_bit_add_subtractor_clk_buffer_1", "cornername": "Nominal", "event": "NewPoint", "EventSource": "Simulation Monitor", "HistoryName": "ExplorerRun.0", "logFile": "/nethome/rgoel68/ECE3150/logs_rgoel68/logs0/Job11.log", "logFileSize": "21948", "category": "simulation"}
[2025-04-21 20:07:00.869 -0400] [EVENT] [cadence.virtuoso.ade.simulationMonitor] - NewPoint {"history": "ExplorerRun.0", "point": 1, "testname": "project3_Synchronous_16_bit_add_subtractor_clk_buffer_1", "cornername": "Nominal", "event": "NewPoint", "EventSource": "spectre", "HistoryName": "ExplorerRun.0", "logFile": "/nethome/rgoel68/simulation/project3/Synchronous_16_bit_add_subtractor_clk_buffer/maestro/results/maestro/ExplorerRun.0/1/project3_Synchronous_16_bit_add_subtractor_clk_buffer_1/psf/spectre.out", "logFileSize": "-1", "category": "simulation"}
[2025-04-21 20:07:01.076 -0400] [PROCESS] [cadence.virtuoso.ade.simulationMonitor] - Simulator launched {"hostname": "ece-linlabsrv01.ece.gatech.edu", "processid": 4008760, "history": "ExplorerRun.0", "testname": "project3_Synchronous_16_bit_add_subtractor_clk_buffer_1", "cornername": "Nominal", "point": 1, "logfile": "/nethome/rgoel68/ECE3150/logs_rgoel68/logs0/Job11.log", "simid": "2", "event": "launch", "category": "simulation"}
[2025-04-21 20:07:01.082 -0400] [PROCESS] [cadence.virtuoso.ade.simulationMonitor] - Expression evaluator launched {"hostname": "ece-linlabsrv01.ece.gatech.edu", "processid": 4008760, "history": "ExplorerRun.0", "testname": "project3_Synchronous_16_bit_add_subtractor_clk_buffer_1", "cornername": "Nominal", "point": 1, "logfile": "/nethome/rgoel68/ECE3150/logs_rgoel68/logs0/Job11.log"}
[2025-04-21 20:07:05.438 -0400] [PROCESS] [cadence.virtuoso.ade.simulationMonitor] - Started Simulation {"hostname": "ece-linlabsrv01.ece.gatech.edu", "processid": 4008760, "history": "ExplorerRun.0", "testname": "project3_Synchronous_16_bit_add_subtractor_clk_buffer_1", "cornername": "Nominal", "point": 1, "logfile": "/nethome/rgoel68/ECE3150/logs_rgoel68/logs0/Job11.log", "event": "start", "category": "simulation"}
[2025-04-21 20:07:05.438 -0400] [INFO] [cadence.virtuoso.ade.simulationMonitor] - Notice from spectre during Digital Vector read-in.
    Process Vector Files.
    File read: /nethome/rgoel68/ECE3150/sync_adder_f_min_max_tb.vec {"history": "ExplorerRun.0", "point": 1, "testname": "project3_Synchronous_16_bit_add_subtractor_clk_buffer_1", "cornername": "Nominal"}
[2025-04-21 20:07:05.438 -0400] [INFO] [cadence.virtuoso.ade.simulationMonitor] - Peak resident memory used = 181 Mbytes. {"history": "ExplorerRun.0", "point": 1, "testname": "project3_Synchronous_16_bit_add_subtractor_clk_buffer_1", "cornername": "Nominal"}
[2025-04-21 20:07:05.438 -0400] [WARN] [cadence.virtuoso.ade.simulationMonitor] -     WARNING (SFE-102): "input.scs" 37: Parameter `ld', specified for model `PMOS_VTL' of primitive `bsim4', has been ignored because it is an invalid instance parameter. Specify a valid model parameter and rerun the simulation. Type `spectre -h bsim4' to get more information on valid model parameters. {"history": "ExplorerRun.0", "point": 1, "testname": "project3_Synchronous_16_bit_add_subtractor_clk_buffer_1", "cornername": "Nominal"}
[2025-04-21 20:07:05.438 -0400] [WARN] [cadence.virtuoso.ade.simulationMonitor] -     WARNING (SFE-102): "input.scs" 39: Parameter `ld', specified for model `PMOS_VTL' of primitive `bsim4', has been ignored because it is an invalid instance parameter. Specify a valid model parameter and rerun the simulation. Type `spectre -h bsim4' to get more information on valid model parameters. {"history": "ExplorerRun.0", "point": 1, "testname": "project3_Synchronous_16_bit_add_subtractor_clk_buffer_1", "cornername": "Nominal"}
[2025-04-21 20:07:05.438 -0400] [WARN] [cadence.virtuoso.ade.simulationMonitor] -     WARNING (SFE-102): "input.scs" 41: Parameter `ld', specified for model `PMOS_VTL' of primitive `bsim4', has been ignored because it is an invalid instance parameter. Specify a valid model parameter and rerun the simulation. Type `spectre -h bsim4' to get more information on valid model parameters. {"history": "ExplorerRun.0", "point": 1, "testname": "project3_Synchronous_16_bit_add_subtractor_clk_buffer_1", "cornername": "Nominal"}
[2025-04-21 20:07:05.438 -0400] [WARN] [cadence.virtuoso.ade.simulationMonitor] -     WARNING (SFE-102): "input.scs" 43: Parameter `ld', specified for model `PMOS_VTL' of primitive `bsim4', has been ignored because it is an invalid instance parameter. Specify a valid model parameter and rerun the simulation. Type `spectre -h bsim4' to get more information on valid model parameters. {"history": "ExplorerRun.0", "point": 1, "testname": "project3_Synchronous_16_bit_add_subtractor_clk_buffer_1", "cornername": "Nominal"}
[2025-04-21 20:07:05.438 -0400] [WARN] [cadence.virtuoso.ade.simulationMonitor] -     WARNING (SFE-102): "input.scs" 45: Parameter `ld', specified for model `NMOS_VTL' of primitive `bsim4', has been ignored because it is an invalid instance parameter. Specify a valid model parameter and rerun the simulation. Type `spectre -h bsim4' to get more information on valid model parameters.
        Further occurrences of this warning will be suppressed. {"history": "ExplorerRun.0", "point": 1, "testname": "project3_Synchronous_16_bit_add_subtractor_clk_buffer_1", "cornername": "Nominal"}
[2025-04-21 20:07:05.439 -0400] [INFO] [cadence.virtuoso.ade.simulationMonitor] - Peak resident memory used = 194 Mbytes. {"history": "ExplorerRun.0", "point": 1, "testname": "project3_Synchronous_16_bit_add_subtractor_clk_buffer_1", "cornername": "Nominal"}
[2025-04-21 20:07:05.439 -0400] [INFO] [cadence.virtuoso.ade.simulationMonitor] - Peak resident memory used = 202 Mbytes. {"history": "ExplorerRun.0", "point": 1, "testname": "project3_Synchronous_16_bit_add_subtractor_clk_buffer_1", "cornername": "Nominal"}
[2025-04-21 20:07:05.442 -0400] [INFO] [cadence.virtuoso.ade.simulationMonitor] -               nodes 1512 {"history": "ExplorerRun.0", "point": 1, "testname": "project3_Synchronous_16_bit_add_subtractor_clk_buffer_1", "cornername": "Nominal"}
[2025-04-21 20:07:05.442 -0400] [INFO] [cadence.virtuoso.ade.simulationMonitor] - Notice from spectre during initial setup.
    Protected devices exist and are not included in the circuit inventory.
    APS enabled.
    2849 warnings suppressed. {"history": "ExplorerRun.0", "point": 1, "testname": "project3_Synchronous_16_bit_add_subtractor_clk_buffer_1", "cornername": "Nominal"}
[2025-04-21 20:07:05.443 -0400] [INFO] [cadence.virtuoso.ade.simulationMonitor] - Notice from spectre.
    Multithreading enabled: 8 threads in the system with 112 available processors. {"history": "ExplorerRun.0", "point": 1, "testname": "project3_Synchronous_16_bit_add_subtractor_clk_buffer_1", "cornername": "Nominal"}
[2025-04-21 20:07:05.443 -0400] [INFO] [cadence.virtuoso.ade.simulationMonitor] - Peak resident memory used = 231 Mbytes. {"history": "ExplorerRun.0", "point": 1, "testname": "project3_Synchronous_16_bit_add_subtractor_clk_buffer_1", "cornername": "Nominal"}
[2025-04-21 20:07:05.444 -0400] [INFO] [cadence.virtuoso.ade.simulationMonitor] -    -   (APS) Multi-threading. The recommended number of threads is 8, consider adding +mt=8 on command line. {"history": "ExplorerRun.0", "point": 1, "testname": "project3_Synchronous_16_bit_add_subtractor_clk_buffer_1", "cornername": "Nominal"}
[2025-04-21 20:07:05.444 -0400] [INFO] [cadence.virtuoso.ade.simulationMonitor] - Notice from spectre during IC analysis, during transient analysis `tran'.
    Bad pivoting is found during DC analysis. Option dc_pivot_check=yes is recommended for possible improvement of convergence. {"history": "ExplorerRun.0", "point": 1, "testname": "project3_Synchronous_16_bit_add_subtractor_clk_buffer_1", "cornername": "Nominal"}
[2025-04-21 20:07:23.475 -0400] [INFO] [cadence.virtuoso.ade.simulationMonitor] - Notice from spectre at time = 18.7701 ns during transient analysis `tran'.
    Found trapezoidal ringing on node _vvdd!:p. {"history": "ExplorerRun.0", "point": 1, "testname": "project3_Synchronous_16_bit_add_subtractor_clk_buffer_1", "cornername": "Nominal"}
[2025-04-21 20:07:23.475 -0400] [INFO] [cadence.virtuoso.ade.simulationMonitor] - Notice from spectre at time = 19.2701 ns during transient analysis `tran'.
    Found trapezoidal ringing on node _vvdd!:p. {"history": "ExplorerRun.0", "point": 1, "testname": "project3_Synchronous_16_bit_add_subtractor_clk_buffer_1", "cornername": "Nominal"}
[2025-04-21 20:07:23.475 -0400] [INFO] [cadence.virtuoso.ade.simulationMonitor] - Notice from spectre at time = 19.7701 ns during transient analysis `tran'.
    Found trapezoidal ringing on node _vvdd!:p. {"history": "ExplorerRun.0", "point": 1, "testname": "project3_Synchronous_16_bit_add_subtractor_clk_buffer_1", "cornername": "Nominal"}
[2025-04-21 20:07:23.475 -0400] [INFO] [cadence.virtuoso.ade.simulationMonitor] - Notice from spectre at time = 20.2701 ns during transient analysis `tran'.
    Found trapezoidal ringing on node _vvdd!:p. {"history": "ExplorerRun.0", "point": 1, "testname": "project3_Synchronous_16_bit_add_subtractor_clk_buffer_1", "cornername": "Nominal"}
[2025-04-21 20:07:23.475 -0400] [INFO] [cadence.virtuoso.ade.simulationMonitor] - Notice from spectre at time = 20.7701 ns during transient analysis `tran'.
    Found trapezoidal ringing on node _vvdd!:p.
        Further occurrences of this notice will be suppressed. {"history": "ExplorerRun.0", "point": 1, "testname": "project3_Synchronous_16_bit_add_subtractor_clk_buffer_1", "cornername": "Nominal"}
[2025-04-21 20:07:23.475 -0400] [INFO] [cadence.virtuoso.ade.simulationMonitor] - Notice from spectre during transient analysis `tran'.
    Trapezoidal ringing is detected during tran analysis.
        Please use method=trap for better results and performance. {"history": "ExplorerRun.0", "point": 1, "testname": "project3_Synchronous_16_bit_add_subtractor_clk_buffer_1", "cornername": "Nominal"}
[2025-04-21 20:07:23.476 -0400] [INFO] [cadence.virtuoso.ade.simulationMonitor] - Intrinsic tran analysis time:    CPU = 146.428 s, elapsed = 19.7103 s. {"history": "ExplorerRun.0", "point": 1, "testname": "project3_Synchronous_16_bit_add_subtractor_clk_buffer_1", "cornername": "Nominal"}
[2025-04-21 20:07:23.476 -0400] [INFO] [cadence.virtuoso.ade.simulationMonitor] - Total time required for tran analysis `tran': CPU = 149.835 s (2m  29.8s), elapsed = 20.4172 s, util. = 734%. {"history": "ExplorerRun.0", "point": 1, "testname": "project3_Synchronous_16_bit_add_subtractor_clk_buffer_1", "cornername": "Nominal"}
[2025-04-21 20:07:23.476 -0400] [INFO] [cadence.virtuoso.ade.simulationMonitor] - Peak resident memory used = 371 Mbytes. {"history": "ExplorerRun.0", "point": 1, "testname": "project3_Synchronous_16_bit_add_subtractor_clk_buffer_1", "cornername": "Nominal"}
[2025-04-21 20:07:23.476 -0400] [INFO] [cadence.virtuoso.ade.simulationMonitor] - Notice from spectre.
    9 notices suppressed. {"history": "ExplorerRun.0", "point": 1, "testname": "project3_Synchronous_16_bit_add_subtractor_clk_buffer_1", "cornername": "Nominal"}
[2025-04-21 20:07:23.978 -0400] [INFO] [cadence.virtuoso.ade.simulationMonitor] - Time used: CPU = 156 s (2m  36.1s), elapsed = 22.3 s, util. = 701%. {"history": "ExplorerRun.0", "point": 1, "testname": "project3_Synchronous_16_bit_add_subtractor_clk_buffer_1", "cornername": "Nominal"}
[2025-04-21 20:07:23.978 -0400] [INFO] [cadence.virtuoso.ade.simulationMonitor] - Time spent in licensing: elapsed = 61.8 ms. {"history": "ExplorerRun.0", "point": 1, "testname": "project3_Synchronous_16_bit_add_subtractor_clk_buffer_1", "cornername": "Nominal"}
[2025-04-21 20:07:23.978 -0400] [INFO] [cadence.virtuoso.ade.simulationMonitor] - Peak memory used = 371 Mbytes. {"history": "ExplorerRun.0", "point": 1, "testname": "project3_Synchronous_16_bit_add_subtractor_clk_buffer_1", "cornername": "Nominal"}
[2025-04-21 20:07:23.980 -0400] [PROCESS] [cadence.virtuoso.ade.simulationMonitor] - Simulation started at: 8:07:01 PM, Mon Apr 21, 2025, ended at: 8:07:23 PM, Mon Apr 21, 2025, with elapsed time (wall clock): 22.3 s. {"history": "ExplorerRun.0", "point": 1, "testname": "project3_Synchronous_16_bit_add_subtractor_clk_buffer_1", "cornername": "Nominal"}
[2025-04-21 20:07:23.980 -0400] [PROCESS] [cadence.virtuoso.ade.simulationMonitor] - spectre completes with 0 errors, 5 warnings, and 15 notices. {"history": "ExplorerRun.0", "point": 1, "testname": "project3_Synchronous_16_bit_add_subtractor_clk_buffer_1", "cornername": "Nominal"}
[2025-04-21 20:07:23.980 -0400] [PROCESS] [cadence.virtuoso.ade.simulationMonitor] - Finished simulating for one point {"hostname": "ece-linlabsrv01.ece.gatech.edu", "processid": 4008760, "history": "ExplorerRun.0", "testname": "project3_Synchronous_16_bit_add_subtractor_clk_buffer_1", "cornername": "Nominal", "point": 1, "logfile": "/nethome/rgoel68/ECE3150/logs_rgoel68/logs0/Job11.log", "simid": "2", "event": "finish", "category": "simulation"}
[2025-04-21 20:07:23.980 -0400] [PROCESS] [cadence.virtuoso.ade.simulationMonitor] - Simulator exited {"hostname": "ece-linlabsrv01.ece.gatech.edu", "processid": 4008760, "history": "ExplorerRun.0", "testname": "project3_Synchronous_16_bit_add_subtractor_clk_buffer_1", "cornername": "Nominal", "point": 1, "logfile": "/nethome/rgoel68/ECE3150/logs_rgoel68/logs0/Job11.log", "exitStatus": "0"}
[2025-04-21 20:07:23.980 -0400] [PROCESS] [cadence.virtuoso.ade.simulationMonitor] - Finished Simulation {"hostname": "ece-linlabsrv01.ece.gatech.edu", "processid": 4008760, "history": "ExplorerRun.0", "testname": "project3_Synchronous_16_bit_add_subtractor_clk_buffer_1", "cornername": "Nominal", "point": 1, "logfile": "/nethome/rgoel68/ECE3150/logs_rgoel68/logs0/Job11.log", "simid": "2", "event": "finish", "category": "obsolete"}
[2025-04-21 20:07:25.988 -0400] [PROCESS] [cadence.virtuoso.ade.simulationMonitor] - Point Finished {"hostname": "ece-linlabsrv01.ece.gatech.edu", "processid": 4008760, "history": "ExplorerRun.0", "testname": "project3_Synchronous_16_bit_add_subtractor_clk_buffer_1", "cornername": "Nominal", "point": 1, "logfile": "/nethome/rgoel68/ECE3150/logs_rgoel68/logs0/Job11.log", "event": "finish", "category": "sim-eval"}
[2025-04-21 20:07:27.018 -0400] [PROCESS] [cadence.virtuoso.ade.simulationMonitor] - Stay with the runId '2', Linger time '300', currentRunSyn '5', currentTestSyn '6' {"hostname": "ece-linlabsrv01.ece.gatech.edu", "processid": 4008760, "history": "ExplorerRun.0", "testname": "project3_Synchronous_16_bit_add_subtractor_clk_buffer_1", "cornername": "Nominal", "point": 1, "logfile": "/nethome/rgoel68/ECE3150/logs_rgoel68/logs0/Job11.log"}
[2025-04-21 20:07:28.015 -0400] [PROCESS] [cadence.virtuoso.ade.simulationMonitor] - Stay with the runId '2', Linger time '300', currentRunSyn '5', currentTestSyn '6' {"hostname": "ece-linlabsrv01.ece.gatech.edu", "processid": 4008760, "history": "ExplorerRun.0", "testname": "project3_Synchronous_16_bit_add_subtractor_clk_buffer_1", "cornername": "Nominal", "point": 1, "logfile": "/nethome/rgoel68/ECE3150/logs_rgoel68/logs0/Job11.log"}
[2025-04-21 20:07:29.015 -0400] [PROCESS] [cadence.virtuoso.ade.simulationMonitor] - Stay with the runId '2', Linger time '300', currentRunSyn '5', currentTestSyn '6' {"hostname": "ece-linlabsrv01.ece.gatech.edu", "processid": 4008760, "history": "ExplorerRun.0", "testname": "project3_Synchronous_16_bit_add_subtractor_clk_buffer_1", "cornername": "Nominal", "point": 1, "logfile": "/nethome/rgoel68/ECE3150/logs_rgoel68/logs0/Job11.log"}
[2025-04-21 20:08:17.780 -0400] [INFO] [cadence.virtuoso.ade.simulationMonitor] - SimulationMonitor has terminated the vds process '126163', reason: 'Force to stop the expression evalutor process because of new run' {"history": "ExplorerRun.0", "point": 1, "testname": "project3_Synchronous_16_bit_add_subtractor_clk_buffer_1", "cornername": "Nominal"}
[2025-04-21 20:08:17.781 -0400] [PROCESS] [cadence.virtuoso.ade.simulationMonitor] - HostInfo:
Host name (type):	ece-linlabsrv01.ece.gatech.edu (x86_64)
Operating system:	Linux 4.18.0-553.44.1.el8_10.x86_64 #1 SMP Wed Mar 5 10:48:41 EST 2025 {"hostname": "ece-linlabsrv01.ece.gatech.edu", "processid": 4008760, "history": "ExplorerRun.0", "testname": "project3_Synchronous_16_bit_add_subtractor_clk_buffer_1", "cornername": "Nominal", "point": 1, "logfile": "/nethome/rgoel68/ECE3150/logs_rgoel68/logs0/Job11.log", "nodename": "ece-linlabsrv01.ece.gatech.edu", "domainname": "(none)", "machine": "x86_64", "sysname": "Linux", "release": "4.18.0-553.44.1.el8_10.x86_64", "version": "#1 SMP Wed Mar 5 10:48:41 EST 2025"}
[2025-04-21 20:08:17.782 -0400] [PROCESS] [cadence.virtuoso.ade.simulationMonitor] - UsageInfo:
pid=4008760
totalPhysicalMemory=186.850849GB,Used=168.589287GB,totalVirtualMemory=250.850845GB,Used=220.731705GB
Cpu: Cores=112, Load average:31.250000,42.950000,46.310000 {"hostname": "ece-linlabsrv01.ece.gatech.edu", "processid": 4008760, "history": "ExplorerRun.0", "testname": "project3_Synchronous_16_bit_add_subtractor_clk_buffer_1", "cornername": "Nominal", "point": 1, "logfile": "/nethome/rgoel68/ECE3150/logs_rgoel68/logs0/Job11.log", "pid": "4008760", "totalPhysicalMemory": "186.850849", "physicalMemoryUsed": "168.589287", "totalVirtualMemory": "250.850845", "virtualMemoryUsed": "220.731705", "cpuCores": "112", "processes": "23719", "loadAverage1": "31.250000", "loadAverage5": "42.950000", "loadAverage15": "46.310000", "loadAverage1Percent": "0.279018"}
[2025-04-21 20:08:17.785 -0400] [EVENT] [cadence.virtuoso.ade.simulationMonitor] - NewPoint {"history": "ExplorerRun.0", "point": 1, "testname": "project3_Synchronous_16_bit_add_subtractor_clk_buffer_1", "cornername": "Nominal", "event": "NewPoint", "EventSource": "Simulation Monitor", "HistoryName": "ExplorerRun.0", "logFile": "/nethome/rgoel68/ECE3150/logs_rgoel68/logs0/Job11.log", "logFileSize": "39674", "category": "simulation"}
[2025-04-21 20:08:18.088 -0400] [EVENT] [cadence.virtuoso.ade.simulationMonitor] - NewPoint {"history": "ExplorerRun.0", "point": 1, "testname": "project3_Synchronous_16_bit_add_subtractor_clk_buffer_1", "cornername": "Nominal", "event": "NewPoint", "EventSource": "spectre", "HistoryName": "ExplorerRun.0", "logFile": "/nethome/rgoel68/simulation/project3/Synchronous_16_bit_add_subtractor_clk_buffer/maestro/results/maestro/ExplorerRun.0/1/project3_Synchronous_16_bit_add_subtractor_clk_buffer_1/psf/spectre.out", "logFileSize": "-1", "category": "simulation"}
[2025-04-21 20:08:18.334 -0400] [PROCESS] [cadence.virtuoso.ade.simulationMonitor] - Simulator launched {"hostname": "ece-linlabsrv01.ece.gatech.edu", "processid": 4008760, "history": "ExplorerRun.0", "testname": "project3_Synchronous_16_bit_add_subtractor_clk_buffer_1", "cornername": "Nominal", "point": 1, "logfile": "/nethome/rgoel68/ECE3150/logs_rgoel68/logs0/Job11.log", "simid": "3", "event": "launch", "category": "simulation"}
[2025-04-21 20:08:18.340 -0400] [PROCESS] [cadence.virtuoso.ade.simulationMonitor] - Expression evaluator launched {"hostname": "ece-linlabsrv01.ece.gatech.edu", "processid": 4008760, "history": "ExplorerRun.0", "testname": "project3_Synchronous_16_bit_add_subtractor_clk_buffer_1", "cornername": "Nominal", "point": 1, "logfile": "/nethome/rgoel68/ECE3150/logs_rgoel68/logs0/Job11.log"}
[2025-04-21 20:08:22.702 -0400] [PROCESS] [cadence.virtuoso.ade.simulationMonitor] - Started Simulation {"hostname": "ece-linlabsrv01.ece.gatech.edu", "processid": 4008760, "history": "ExplorerRun.0", "testname": "project3_Synchronous_16_bit_add_subtractor_clk_buffer_1", "cornername": "Nominal", "point": 1, "logfile": "/nethome/rgoel68/ECE3150/logs_rgoel68/logs0/Job11.log", "event": "start", "category": "simulation"}
[2025-04-21 20:08:22.702 -0400] [INFO] [cadence.virtuoso.ade.simulationMonitor] - Notice from spectre during Digital Vector read-in.
    Process Vector Files.
    File read: /nethome/rgoel68/ECE3150/sync_adder_f_min_max_tb.vec {"history": "ExplorerRun.0", "point": 1, "testname": "project3_Synchronous_16_bit_add_subtractor_clk_buffer_1", "cornername": "Nominal"}
[2025-04-21 20:08:22.703 -0400] [INFO] [cadence.virtuoso.ade.simulationMonitor] - Peak resident memory used = 178 Mbytes. {"history": "ExplorerRun.0", "point": 1, "testname": "project3_Synchronous_16_bit_add_subtractor_clk_buffer_1", "cornername": "Nominal"}
[2025-04-21 20:08:22.703 -0400] [WARN] [cadence.virtuoso.ade.simulationMonitor] -     WARNING (SFE-102): "input.scs" 37: Parameter `ld', specified for model `PMOS_VTL' of primitive `bsim4', has been ignored because it is an invalid instance parameter. Specify a valid model parameter and rerun the simulation. Type `spectre -h bsim4' to get more information on valid model parameters. {"history": "ExplorerRun.0", "point": 1, "testname": "project3_Synchronous_16_bit_add_subtractor_clk_buffer_1", "cornername": "Nominal"}
[2025-04-21 20:08:22.703 -0400] [WARN] [cadence.virtuoso.ade.simulationMonitor] -     WARNING (SFE-102): "input.scs" 39: Parameter `ld', specified for model `PMOS_VTL' of primitive `bsim4', has been ignored because it is an invalid instance parameter. Specify a valid model parameter and rerun the simulation. Type `spectre -h bsim4' to get more information on valid model parameters. {"history": "ExplorerRun.0", "point": 1, "testname": "project3_Synchronous_16_bit_add_subtractor_clk_buffer_1", "cornername": "Nominal"}
[2025-04-21 20:08:22.703 -0400] [WARN] [cadence.virtuoso.ade.simulationMonitor] -     WARNING (SFE-102): "input.scs" 41: Parameter `ld', specified for model `PMOS_VTL' of primitive `bsim4', has been ignored because it is an invalid instance parameter. Specify a valid model parameter and rerun the simulation. Type `spectre -h bsim4' to get more information on valid model parameters. {"history": "ExplorerRun.0", "point": 1, "testname": "project3_Synchronous_16_bit_add_subtractor_clk_buffer_1", "cornername": "Nominal"}
[2025-04-21 20:08:22.703 -0400] [WARN] [cadence.virtuoso.ade.simulationMonitor] -     WARNING (SFE-102): "input.scs" 43: Parameter `ld', specified for model `PMOS_VTL' of primitive `bsim4', has been ignored because it is an invalid instance parameter. Specify a valid model parameter and rerun the simulation. Type `spectre -h bsim4' to get more information on valid model parameters. {"history": "ExplorerRun.0", "point": 1, "testname": "project3_Synchronous_16_bit_add_subtractor_clk_buffer_1", "cornername": "Nominal"}
[2025-04-21 20:08:22.703 -0400] [WARN] [cadence.virtuoso.ade.simulationMonitor] -     WARNING (SFE-102): "input.scs" 45: Parameter `ld', specified for model `NMOS_VTL' of primitive `bsim4', has been ignored because it is an invalid instance parameter. Specify a valid model parameter and rerun the simulation. Type `spectre -h bsim4' to get more information on valid model parameters.
        Further occurrences of this warning will be suppressed. {"history": "ExplorerRun.0", "point": 1, "testname": "project3_Synchronous_16_bit_add_subtractor_clk_buffer_1", "cornername": "Nominal"}
[2025-04-21 20:08:22.703 -0400] [INFO] [cadence.virtuoso.ade.simulationMonitor] - Peak resident memory used = 191 Mbytes. {"history": "ExplorerRun.0", "point": 1, "testname": "project3_Synchronous_16_bit_add_subtractor_clk_buffer_1", "cornername": "Nominal"}
[2025-04-21 20:08:22.703 -0400] [INFO] [cadence.virtuoso.ade.simulationMonitor] - Peak resident memory used = 199 Mbytes. {"history": "ExplorerRun.0", "point": 1, "testname": "project3_Synchronous_16_bit_add_subtractor_clk_buffer_1", "cornername": "Nominal"}
[2025-04-21 20:08:22.713 -0400] [INFO] [cadence.virtuoso.ade.simulationMonitor] -               nodes 1512 {"history": "ExplorerRun.0", "point": 1, "testname": "project3_Synchronous_16_bit_add_subtractor_clk_buffer_1", "cornername": "Nominal"}
[2025-04-21 20:08:22.713 -0400] [INFO] [cadence.virtuoso.ade.simulationMonitor] - Notice from spectre during initial setup.
    Protected devices exist and are not included in the circuit inventory.
    APS enabled. {"history": "ExplorerRun.0", "point": 1, "testname": "project3_Synchronous_16_bit_add_subtractor_clk_buffer_1", "cornername": "Nominal"}
[2025-04-21 20:08:22.714 -0400] [INFO] [cadence.virtuoso.ade.simulationMonitor] - Notice from spectre.
    Multithreading enabled: 8 threads in the system with 112 available processors. {"history": "ExplorerRun.0", "point": 1, "testname": "project3_Synchronous_16_bit_add_subtractor_clk_buffer_1", "cornername": "Nominal"}
[2025-04-21 20:08:22.714 -0400] [INFO] [cadence.virtuoso.ade.simulationMonitor] - Peak resident memory used = 228 Mbytes. {"history": "ExplorerRun.0", "point": 1, "testname": "project3_Synchronous_16_bit_add_subtractor_clk_buffer_1", "cornername": "Nominal"}
[2025-04-21 20:08:22.715 -0400] [INFO] [cadence.virtuoso.ade.simulationMonitor] -    -   (APS) Multi-threading. The recommended number of threads is 8, consider adding +mt=8 on command line. {"history": "ExplorerRun.0", "point": 1, "testname": "project3_Synchronous_16_bit_add_subtractor_clk_buffer_1", "cornername": "Nominal"}
[2025-04-21 20:08:22.715 -0400] [INFO] [cadence.virtuoso.ade.simulationMonitor] - Notice from spectre during IC analysis, during transient analysis `tran'.
    Bad pivoting is found during DC analysis. Option dc_pivot_check=yes is recommended for possible improvement of convergence. {"history": "ExplorerRun.0", "point": 1, "testname": "project3_Synchronous_16_bit_add_subtractor_clk_buffer_1", "cornername": "Nominal"}
[2025-04-21 20:08:42.723 -0400] [INFO] [cadence.virtuoso.ade.simulationMonitor] - Notice from spectre at time = 22.1099 ns during transient analysis `tran'.
    Found trapezoidal ringing on node _vvdd!:p. {"history": "ExplorerRun.0", "point": 1, "testname": "project3_Synchronous_16_bit_add_subtractor_clk_buffer_1", "cornername": "Nominal"}
[2025-04-21 20:08:42.723 -0400] [INFO] [cadence.virtuoso.ade.simulationMonitor] - Notice from spectre at time = 22.6099 ns during transient analysis `tran'.
    Found trapezoidal ringing on node _vvdd!:p. {"history": "ExplorerRun.0", "point": 1, "testname": "project3_Synchronous_16_bit_add_subtractor_clk_buffer_1", "cornername": "Nominal"}
[2025-04-21 20:08:42.723 -0400] [INFO] [cadence.virtuoso.ade.simulationMonitor] - Notice from spectre at time = 23.1099 ns during transient analysis `tran'.
    Found trapezoidal ringing on node _vvdd!:p. {"history": "ExplorerRun.0", "point": 1, "testname": "project3_Synchronous_16_bit_add_subtractor_clk_buffer_1", "cornername": "Nominal"}
[2025-04-21 20:08:42.723 -0400] [INFO] [cadence.virtuoso.ade.simulationMonitor] - Notice from spectre at time = 23.6099 ns during transient analysis `tran'.
    Found trapezoidal ringing on node _vvdd!:p. {"history": "ExplorerRun.0", "point": 1, "testname": "project3_Synchronous_16_bit_add_subtractor_clk_buffer_1", "cornername": "Nominal"}
[2025-04-21 20:08:42.723 -0400] [INFO] [cadence.virtuoso.ade.simulationMonitor] - Notice from spectre at time = 24.1099 ns during transient analysis `tran'.
    Found trapezoidal ringing on node _vvdd!:p.
        Further occurrences of this notice will be suppressed. {"history": "ExplorerRun.0", "point": 1, "testname": "project3_Synchronous_16_bit_add_subtractor_clk_buffer_1", "cornername": "Nominal"}
[2025-04-21 20:08:42.723 -0400] [INFO] [cadence.virtuoso.ade.simulationMonitor] - Notice from spectre during transient analysis `tran'.
    Trapezoidal ringing is detected during tran analysis.
        Please use method=trap for better results and performance. {"history": "ExplorerRun.0", "point": 1, "testname": "project3_Synchronous_16_bit_add_subtractor_clk_buffer_1", "cornername": "Nominal"}
[2025-04-21 20:08:42.724 -0400] [INFO] [cadence.virtuoso.ade.simulationMonitor] - Intrinsic tran analysis time:    CPU = 159.668 s, elapsed = 21.7138 s. {"history": "ExplorerRun.0", "point": 1, "testname": "project3_Synchronous_16_bit_add_subtractor_clk_buffer_1", "cornername": "Nominal"}
[2025-04-21 20:08:43.224 -0400] [INFO] [cadence.virtuoso.ade.simulationMonitor] - Total time required for tran analysis `tran': CPU = 163.734 s (2m  43.7s), elapsed = 22.5741 s, util. = 725%. {"history": "ExplorerRun.0", "point": 1, "testname": "project3_Synchronous_16_bit_add_subtractor_clk_buffer_1", "cornername": "Nominal"}
[2025-04-21 20:08:43.224 -0400] [INFO] [cadence.virtuoso.ade.simulationMonitor] - Peak resident memory used = 375 Mbytes. {"history": "ExplorerRun.0", "point": 1, "testname": "project3_Synchronous_16_bit_add_subtractor_clk_buffer_1", "cornername": "Nominal"}
[2025-04-21 20:08:43.224 -0400] [INFO] [cadence.virtuoso.ade.simulationMonitor] - Notice from spectre.
    2 notices suppressed. {"history": "ExplorerRun.0", "point": 1, "testname": "project3_Synchronous_16_bit_add_subtractor_clk_buffer_1", "cornername": "Nominal"}
[2025-04-21 20:08:43.226 -0400] [INFO] [cadence.virtuoso.ade.simulationMonitor] - Time used: CPU = 169 s (2m  48.9s), elapsed = 24.2 s, util. = 697%. {"history": "ExplorerRun.0", "point": 1, "testname": "project3_Synchronous_16_bit_add_subtractor_clk_buffer_1", "cornername": "Nominal"}
[2025-04-21 20:08:43.226 -0400] [INFO] [cadence.virtuoso.ade.simulationMonitor] - Time spent in licensing: elapsed = 62 ms. {"history": "ExplorerRun.0", "point": 1, "testname": "project3_Synchronous_16_bit_add_subtractor_clk_buffer_1", "cornername": "Nominal"}
[2025-04-21 20:08:43.226 -0400] [INFO] [cadence.virtuoso.ade.simulationMonitor] - Peak memory used = 375 Mbytes. {"history": "ExplorerRun.0", "point": 1, "testname": "project3_Synchronous_16_bit_add_subtractor_clk_buffer_1", "cornername": "Nominal"}
[2025-04-21 20:08:43.228 -0400] [PROCESS] [cadence.virtuoso.ade.simulationMonitor] - Simulation started at: 8:08:18 PM, Mon Apr 21, 2025, ended at: 8:08:42 PM, Mon Apr 21, 2025, with elapsed time (wall clock): 24.2 s. {"history": "ExplorerRun.0", "point": 1, "testname": "project3_Synchronous_16_bit_add_subtractor_clk_buffer_1", "cornername": "Nominal"}
[2025-04-21 20:08:43.228 -0400] [PROCESS] [cadence.virtuoso.ade.simulationMonitor] - spectre completes with 0 errors, 5 warnings, and 15 notices. {"history": "ExplorerRun.0", "point": 1, "testname": "project3_Synchronous_16_bit_add_subtractor_clk_buffer_1", "cornername": "Nominal"}
[2025-04-21 20:08:43.228 -0400] [PROCESS] [cadence.virtuoso.ade.simulationMonitor] - Finished simulating for one point {"hostname": "ece-linlabsrv01.ece.gatech.edu", "processid": 4008760, "history": "ExplorerRun.0", "testname": "project3_Synchronous_16_bit_add_subtractor_clk_buffer_1", "cornername": "Nominal", "point": 1, "logfile": "/nethome/rgoel68/ECE3150/logs_rgoel68/logs0/Job11.log", "simid": "3", "event": "finish", "category": "simulation"}
[2025-04-21 20:08:43.228 -0400] [PROCESS] [cadence.virtuoso.ade.simulationMonitor] - Simulator exited {"hostname": "ece-linlabsrv01.ece.gatech.edu", "processid": 4008760, "history": "ExplorerRun.0", "testname": "project3_Synchronous_16_bit_add_subtractor_clk_buffer_1", "cornername": "Nominal", "point": 1, "logfile": "/nethome/rgoel68/ECE3150/logs_rgoel68/logs0/Job11.log", "exitStatus": "0"}
[2025-04-21 20:08:43.228 -0400] [PROCESS] [cadence.virtuoso.ade.simulationMonitor] - Finished Simulation {"hostname": "ece-linlabsrv01.ece.gatech.edu", "processid": 4008760, "history": "ExplorerRun.0", "testname": "project3_Synchronous_16_bit_add_subtractor_clk_buffer_1", "cornername": "Nominal", "point": 1, "logfile": "/nethome/rgoel68/ECE3150/logs_rgoel68/logs0/Job11.log", "simid": "3", "event": "finish", "category": "obsolete"}
[2025-04-21 20:08:45.230 -0400] [PROCESS] [cadence.virtuoso.ade.simulationMonitor] - Point Finished {"hostname": "ece-linlabsrv01.ece.gatech.edu", "processid": 4008760, "history": "ExplorerRun.0", "testname": "project3_Synchronous_16_bit_add_subtractor_clk_buffer_1", "cornername": "Nominal", "point": 1, "logfile": "/nethome/rgoel68/ECE3150/logs_rgoel68/logs0/Job11.log", "event": "finish", "category": "sim-eval"}
[2025-04-21 20:08:46.232 -0400] [PROCESS] [cadence.virtuoso.ade.simulationMonitor] - Stay with the runId '3', Linger time '300', currentRunSyn '7', currentTestSyn '8' {"hostname": "ece-linlabsrv01.ece.gatech.edu", "processid": 4008760, "history": "ExplorerRun.0", "testname": "project3_Synchronous_16_bit_add_subtractor_clk_buffer_1", "cornername": "Nominal", "point": 1, "logfile": "/nethome/rgoel68/ECE3150/logs_rgoel68/logs0/Job11.log"}
[2025-04-21 20:08:47.233 -0400] [PROCESS] [cadence.virtuoso.ade.simulationMonitor] - Stay with the runId '3', Linger time '300', currentRunSyn '7', currentTestSyn '8' {"hostname": "ece-linlabsrv01.ece.gatech.edu", "processid": 4008760, "history": "ExplorerRun.0", "testname": "project3_Synchronous_16_bit_add_subtractor_clk_buffer_1", "cornername": "Nominal", "point": 1, "logfile": "/nethome/rgoel68/ECE3150/logs_rgoel68/logs0/Job11.log"}
[2025-04-21 20:11:45.970 -0400] [INFO] [cadence.virtuoso.ade.simulationMonitor] - SimulationMonitor has terminated the vds process '297181', reason: 'Force to stop the expression evalutor process because of new run' {"history": "ExplorerRun.0", "point": 1, "testname": "project3_Synchronous_16_bit_add_subtractor_clk_buffer_1", "cornername": "Nominal"}
[2025-04-21 20:11:45.971 -0400] [PROCESS] [cadence.virtuoso.ade.simulationMonitor] - HostInfo:
Host name (type):	ece-linlabsrv01.ece.gatech.edu (x86_64)
Operating system:	Linux 4.18.0-553.44.1.el8_10.x86_64 #1 SMP Wed Mar 5 10:48:41 EST 2025 {"hostname": "ece-linlabsrv01.ece.gatech.edu", "processid": 4008760, "history": "ExplorerRun.0", "testname": "project3_Synchronous_16_bit_add_subtractor_clk_buffer_1", "cornername": "Nominal", "point": 1, "logfile": "/nethome/rgoel68/ECE3150/logs_rgoel68/logs0/Job11.log", "nodename": "ece-linlabsrv01.ece.gatech.edu", "domainname": "(none)", "machine": "x86_64", "sysname": "Linux", "release": "4.18.0-553.44.1.el8_10.x86_64", "version": "#1 SMP Wed Mar 5 10:48:41 EST 2025"}
[2025-04-21 20:11:45.971 -0400] [PROCESS] [cadence.virtuoso.ade.simulationMonitor] - UsageInfo:
pid=4008760
totalPhysicalMemory=186.850849GB,Used=168.342651GB,totalVirtualMemory=250.850845GB,Used=220.484825GB
Cpu: Cores=112, Load average:55.810000,44.930000,46.310000 {"hostname": "ece-linlabsrv01.ece.gatech.edu", "processid": 4008760, "history": "ExplorerRun.0", "testname": "project3_Synchronous_16_bit_add_subtractor_clk_buffer_1", "cornername": "Nominal", "point": 1, "logfile": "/nethome/rgoel68/ECE3150/logs_rgoel68/logs0/Job11.log", "pid": "4008760", "totalPhysicalMemory": "186.850849", "physicalMemoryUsed": "168.342651", "totalVirtualMemory": "250.850845", "virtualMemoryUsed": "220.484825", "cpuCores": "112", "processes": "23621", "loadAverage1": "55.810000", "loadAverage5": "44.930000", "loadAverage15": "46.310000", "loadAverage1Percent": "0.498304"}
[2025-04-21 20:11:45.974 -0400] [EVENT] [cadence.virtuoso.ade.simulationMonitor] - NewPoint {"history": "ExplorerRun.0", "point": 1, "testname": "project3_Synchronous_16_bit_add_subtractor_clk_buffer_1", "cornername": "Nominal", "event": "NewPoint", "EventSource": "Simulation Monitor", "HistoryName": "ExplorerRun.0", "logFile": "/nethome/rgoel68/ECE3150/logs_rgoel68/logs0/Job11.log", "logFileSize": "56928", "category": "simulation"}
[2025-04-21 20:11:46.176 -0400] [EVENT] [cadence.virtuoso.ade.simulationMonitor] - NewPoint {"history": "ExplorerRun.0", "point": 1, "testname": "project3_Synchronous_16_bit_add_subtractor_clk_buffer_1", "cornername": "Nominal", "event": "NewPoint", "EventSource": "spectre", "HistoryName": "ExplorerRun.0", "logFile": "/nethome/rgoel68/simulation/project3/Synchronous_16_bit_add_subtractor_clk_buffer/maestro/results/maestro/ExplorerRun.0/1/project3_Synchronous_16_bit_add_subtractor_clk_buffer_1/psf/spectre.out", "logFileSize": "-1", "category": "simulation"}
[2025-04-21 20:11:46.396 -0400] [PROCESS] [cadence.virtuoso.ade.simulationMonitor] - Simulator launched {"hostname": "ece-linlabsrv01.ece.gatech.edu", "processid": 4008760, "history": "ExplorerRun.0", "testname": "project3_Synchronous_16_bit_add_subtractor_clk_buffer_1", "cornername": "Nominal", "point": 1, "logfile": "/nethome/rgoel68/ECE3150/logs_rgoel68/logs0/Job11.log", "simid": "4", "event": "launch", "category": "simulation"}
[2025-04-21 20:11:46.400 -0400] [PROCESS] [cadence.virtuoso.ade.simulationMonitor] - Expression evaluator launched {"hostname": "ece-linlabsrv01.ece.gatech.edu", "processid": 4008760, "history": "ExplorerRun.0", "testname": "project3_Synchronous_16_bit_add_subtractor_clk_buffer_1", "cornername": "Nominal", "point": 1, "logfile": "/nethome/rgoel68/ECE3150/logs_rgoel68/logs0/Job11.log"}
[2025-04-21 20:11:50.630 -0400] [PROCESS] [cadence.virtuoso.ade.simulationMonitor] - Started Simulation {"hostname": "ece-linlabsrv01.ece.gatech.edu", "processid": 4008760, "history": "ExplorerRun.0", "testname": "project3_Synchronous_16_bit_add_subtractor_clk_buffer_1", "cornername": "Nominal", "point": 1, "logfile": "/nethome/rgoel68/ECE3150/logs_rgoel68/logs0/Job11.log", "event": "start", "category": "simulation"}
[2025-04-21 20:11:50.630 -0400] [INFO] [cadence.virtuoso.ade.simulationMonitor] - Notice from spectre during Digital Vector read-in.
    Process Vector Files.
    File read: /nethome/rgoel68/ECE3150/sync_adder_f_min_max_tb.vec {"history": "ExplorerRun.0", "point": 1, "testname": "project3_Synchronous_16_bit_add_subtractor_clk_buffer_1", "cornername": "Nominal"}
[2025-04-21 20:11:50.630 -0400] [INFO] [cadence.virtuoso.ade.simulationMonitor] - Peak resident memory used = 176 Mbytes. {"history": "ExplorerRun.0", "point": 1, "testname": "project3_Synchronous_16_bit_add_subtractor_clk_buffer_1", "cornername": "Nominal"}
[2025-04-21 20:11:50.630 -0400] [WARN] [cadence.virtuoso.ade.simulationMonitor] -     WARNING (SFE-102): "input.scs" 37: Parameter `ld', specified for model `PMOS_VTL' of primitive `bsim4', has been ignored because it is an invalid instance parameter. Specify a valid model parameter and rerun the simulation. Type `spectre -h bsim4' to get more information on valid model parameters. {"history": "ExplorerRun.0", "point": 1, "testname": "project3_Synchronous_16_bit_add_subtractor_clk_buffer_1", "cornername": "Nominal"}
[2025-04-21 20:11:50.630 -0400] [WARN] [cadence.virtuoso.ade.simulationMonitor] -     WARNING (SFE-102): "input.scs" 39: Parameter `ld', specified for model `PMOS_VTL' of primitive `bsim4', has been ignored because it is an invalid instance parameter. Specify a valid model parameter and rerun the simulation. Type `spectre -h bsim4' to get more information on valid model parameters. {"history": "ExplorerRun.0", "point": 1, "testname": "project3_Synchronous_16_bit_add_subtractor_clk_buffer_1", "cornername": "Nominal"}
[2025-04-21 20:11:50.630 -0400] [WARN] [cadence.virtuoso.ade.simulationMonitor] -     WARNING (SFE-102): "input.scs" 41: Parameter `ld', specified for model `PMOS_VTL' of primitive `bsim4', has been ignored because it is an invalid instance parameter. Specify a valid model parameter and rerun the simulation. Type `spectre -h bsim4' to get more information on valid model parameters. {"history": "ExplorerRun.0", "point": 1, "testname": "project3_Synchronous_16_bit_add_subtractor_clk_buffer_1", "cornername": "Nominal"}
[2025-04-21 20:11:50.630 -0400] [WARN] [cadence.virtuoso.ade.simulationMonitor] -     WARNING (SFE-102): "input.scs" 43: Parameter `ld', specified for model `PMOS_VTL' of primitive `bsim4', has been ignored because it is an invalid instance parameter. Specify a valid model parameter and rerun the simulation. Type `spectre -h bsim4' to get more information on valid model parameters. {"history": "ExplorerRun.0", "point": 1, "testname": "project3_Synchronous_16_bit_add_subtractor_clk_buffer_1", "cornername": "Nominal"}
[2025-04-21 20:11:50.631 -0400] [WARN] [cadence.virtuoso.ade.simulationMonitor] -     WARNING (SFE-102): "input.scs" 45: Parameter `ld', specified for model `NMOS_VTL' of primitive `bsim4', has been ignored because it is an invalid instance parameter. Specify a valid model parameter and rerun the simulation. Type `spectre -h bsim4' to get more information on valid model parameters.
        Further occurrences of this warning will be suppressed. {"history": "ExplorerRun.0", "point": 1, "testname": "project3_Synchronous_16_bit_add_subtractor_clk_buffer_1", "cornername": "Nominal"}
[2025-04-21 20:11:50.631 -0400] [INFO] [cadence.virtuoso.ade.simulationMonitor] - Peak resident memory used = 190 Mbytes. {"history": "ExplorerRun.0", "point": 1, "testname": "project3_Synchronous_16_bit_add_subtractor_clk_buffer_1", "cornername": "Nominal"}
[2025-04-21 20:11:50.631 -0400] [INFO] [cadence.virtuoso.ade.simulationMonitor] - Peak resident memory used = 197 Mbytes. {"history": "ExplorerRun.0", "point": 1, "testname": "project3_Synchronous_16_bit_add_subtractor_clk_buffer_1", "cornername": "Nominal"}
[2025-04-21 20:11:50.634 -0400] [INFO] [cadence.virtuoso.ade.simulationMonitor] -               nodes 1512 {"history": "ExplorerRun.0", "point": 1, "testname": "project3_Synchronous_16_bit_add_subtractor_clk_buffer_1", "cornername": "Nominal"}
[2025-04-21 20:11:50.634 -0400] [INFO] [cadence.virtuoso.ade.simulationMonitor] - Notice from spectre during initial setup.
    Protected devices exist and are not included in the circuit inventory.
    APS enabled.
    2849 warnings suppressed. {"history": "ExplorerRun.0", "point": 1, "testname": "project3_Synchronous_16_bit_add_subtractor_clk_buffer_1", "cornername": "Nominal"}
[2025-04-21 20:11:50.634 -0400] [INFO] [cadence.virtuoso.ade.simulationMonitor] - Notice from spectre.
    Multithreading enabled: 8 threads in the system with 112 available processors. {"history": "ExplorerRun.0", "point": 1, "testname": "project3_Synchronous_16_bit_add_subtractor_clk_buffer_1", "cornername": "Nominal"}
[2025-04-21 20:11:50.634 -0400] [INFO] [cadence.virtuoso.ade.simulationMonitor] - Peak resident memory used = 227 Mbytes. {"history": "ExplorerRun.0", "point": 1, "testname": "project3_Synchronous_16_bit_add_subtractor_clk_buffer_1", "cornername": "Nominal"}
[2025-04-21 20:11:50.635 -0400] [INFO] [cadence.virtuoso.ade.simulationMonitor] -    -   (APS) Multi-threading. The recommended number of threads is 8, consider adding +mt=8 on command line. {"history": "ExplorerRun.0", "point": 1, "testname": "project3_Synchronous_16_bit_add_subtractor_clk_buffer_1", "cornername": "Nominal"}
[2025-04-21 20:11:50.635 -0400] [INFO] [cadence.virtuoso.ade.simulationMonitor] - Notice from spectre during IC analysis, during transient analysis `tran'.
    Bad pivoting is found during DC analysis. Option dc_pivot_check=yes is recommended for possible improvement of convergence. {"history": "ExplorerRun.0", "point": 1, "testname": "project3_Synchronous_16_bit_add_subtractor_clk_buffer_1", "cornername": "Nominal"}
[2025-04-21 20:12:08.141 -0400] [INFO] [cadence.virtuoso.ade.simulationMonitor] - Notice from spectre at time = 22.1099 ns during transient analysis `tran'.
    Found trapezoidal ringing on node _vvdd!:p. {"history": "ExplorerRun.0", "point": 1, "testname": "project3_Synchronous_16_bit_add_subtractor_clk_buffer_1", "cornername": "Nominal"}
[2025-04-21 20:12:08.141 -0400] [INFO] [cadence.virtuoso.ade.simulationMonitor] - Notice from spectre at time = 22.6099 ns during transient analysis `tran'.
    Found trapezoidal ringing on node _vvdd!:p. {"history": "ExplorerRun.0", "point": 1, "testname": "project3_Synchronous_16_bit_add_subtractor_clk_buffer_1", "cornername": "Nominal"}
[2025-04-21 20:12:08.141 -0400] [INFO] [cadence.virtuoso.ade.simulationMonitor] - Notice from spectre at time = 23.1099 ns during transient analysis `tran'.
    Found trapezoidal ringing on node _vvdd!:p. {"history": "ExplorerRun.0", "point": 1, "testname": "project3_Synchronous_16_bit_add_subtractor_clk_buffer_1", "cornername": "Nominal"}
[2025-04-21 20:12:08.141 -0400] [INFO] [cadence.virtuoso.ade.simulationMonitor] - Notice from spectre at time = 23.6099 ns during transient analysis `tran'.
    Found trapezoidal ringing on node _vvdd!:p. {"history": "ExplorerRun.0", "point": 1, "testname": "project3_Synchronous_16_bit_add_subtractor_clk_buffer_1", "cornername": "Nominal"}
[2025-04-21 20:12:08.141 -0400] [INFO] [cadence.virtuoso.ade.simulationMonitor] - Notice from spectre at time = 24.1099 ns during transient analysis `tran'.
    Found trapezoidal ringing on node _vvdd!:p.
        Further occurrences of this notice will be suppressed. {"history": "ExplorerRun.0", "point": 1, "testname": "project3_Synchronous_16_bit_add_subtractor_clk_buffer_1", "cornername": "Nominal"}
[2025-04-21 20:12:08.142 -0400] [INFO] [cadence.virtuoso.ade.simulationMonitor] - Notice from spectre during transient analysis `tran'.
    Trapezoidal ringing is detected during tran analysis.
        Please use method=trap for better results and performance. {"history": "ExplorerRun.0", "point": 1, "testname": "project3_Synchronous_16_bit_add_subtractor_clk_buffer_1", "cornername": "Nominal"}
[2025-04-21 20:12:08.142 -0400] [INFO] [cadence.virtuoso.ade.simulationMonitor] - Intrinsic tran analysis time:    CPU = 142.92 s, elapsed = 19.1955 s. {"history": "ExplorerRun.0", "point": 1, "testname": "project3_Synchronous_16_bit_add_subtractor_clk_buffer_1", "cornername": "Nominal"}
[2025-04-21 20:12:08.142 -0400] [INFO] [cadence.virtuoso.ade.simulationMonitor] - Total time required for tran analysis `tran': CPU = 145.939 s (2m  25.9s), elapsed = 19.8407 s, util. = 736%. {"history": "ExplorerRun.0", "point": 1, "testname": "project3_Synchronous_16_bit_add_subtractor_clk_buffer_1", "cornername": "Nominal"}
[2025-04-21 20:12:08.143 -0400] [INFO] [cadence.virtuoso.ade.simulationMonitor] - Peak resident memory used = 367 Mbytes. {"history": "ExplorerRun.0", "point": 1, "testname": "project3_Synchronous_16_bit_add_subtractor_clk_buffer_1", "cornername": "Nominal"}
[2025-04-21 20:12:08.143 -0400] [INFO] [cadence.virtuoso.ade.simulationMonitor] - Notice from spectre.
    2 notices suppressed. {"history": "ExplorerRun.0", "point": 1, "testname": "project3_Synchronous_16_bit_add_subtractor_clk_buffer_1", "cornername": "Nominal"}
[2025-04-21 20:12:08.644 -0400] [INFO] [cadence.virtuoso.ade.simulationMonitor] - Time used: CPU = 151 s (2m  31.2s), elapsed = 21.5 s, util. = 702%. {"history": "ExplorerRun.0", "point": 1, "testname": "project3_Synchronous_16_bit_add_subtractor_clk_buffer_1", "cornername": "Nominal"}
[2025-04-21 20:12:08.644 -0400] [INFO] [cadence.virtuoso.ade.simulationMonitor] - Time spent in licensing: elapsed = 87 ms. {"history": "ExplorerRun.0", "point": 1, "testname": "project3_Synchronous_16_bit_add_subtractor_clk_buffer_1", "cornername": "Nominal"}
[2025-04-21 20:12:08.645 -0400] [INFO] [cadence.virtuoso.ade.simulationMonitor] - Peak memory used = 367 Mbytes. {"history": "ExplorerRun.0", "point": 1, "testname": "project3_Synchronous_16_bit_add_subtractor_clk_buffer_1", "cornername": "Nominal"}
[2025-04-21 20:12:08.647 -0400] [PROCESS] [cadence.virtuoso.ade.simulationMonitor] - Simulation started at: 8:11:46 PM, Mon Apr 21, 2025, ended at: 8:12:08 PM, Mon Apr 21, 2025, with elapsed time (wall clock): 21.5 s. {"history": "ExplorerRun.0", "point": 1, "testname": "project3_Synchronous_16_bit_add_subtractor_clk_buffer_1", "cornername": "Nominal"}
[2025-04-21 20:12:08.647 -0400] [PROCESS] [cadence.virtuoso.ade.simulationMonitor] - spectre completes with 0 errors, 5 warnings, and 15 notices. {"history": "ExplorerRun.0", "point": 1, "testname": "project3_Synchronous_16_bit_add_subtractor_clk_buffer_1", "cornername": "Nominal"}
[2025-04-21 20:12:08.647 -0400] [PROCESS] [cadence.virtuoso.ade.simulationMonitor] - Finished simulating for one point {"hostname": "ece-linlabsrv01.ece.gatech.edu", "processid": 4008760, "history": "ExplorerRun.0", "testname": "project3_Synchronous_16_bit_add_subtractor_clk_buffer_1", "cornername": "Nominal", "point": 1, "logfile": "/nethome/rgoel68/ECE3150/logs_rgoel68/logs0/Job11.log", "simid": "4", "event": "finish", "category": "simulation"}
[2025-04-21 20:12:08.647 -0400] [PROCESS] [cadence.virtuoso.ade.simulationMonitor] - Simulator exited {"hostname": "ece-linlabsrv01.ece.gatech.edu", "processid": 4008760, "history": "ExplorerRun.0", "testname": "project3_Synchronous_16_bit_add_subtractor_clk_buffer_1", "cornername": "Nominal", "point": 1, "logfile": "/nethome/rgoel68/ECE3150/logs_rgoel68/logs0/Job11.log", "exitStatus": "0"}
[2025-04-21 20:12:08.647 -0400] [PROCESS] [cadence.virtuoso.ade.simulationMonitor] - Finished Simulation {"hostname": "ece-linlabsrv01.ece.gatech.edu", "processid": 4008760, "history": "ExplorerRun.0", "testname": "project3_Synchronous_16_bit_add_subtractor_clk_buffer_1", "cornername": "Nominal", "point": 1, "logfile": "/nethome/rgoel68/ECE3150/logs_rgoel68/logs0/Job11.log", "simid": "4", "event": "finish", "category": "obsolete"}
[2025-04-21 20:12:10.650 -0400] [PROCESS] [cadence.virtuoso.ade.simulationMonitor] - Point Finished {"hostname": "ece-linlabsrv01.ece.gatech.edu", "processid": 4008760, "history": "ExplorerRun.0", "testname": "project3_Synchronous_16_bit_add_subtractor_clk_buffer_1", "cornername": "Nominal", "point": 1, "logfile": "/nethome/rgoel68/ECE3150/logs_rgoel68/logs0/Job11.log", "event": "finish", "category": "sim-eval"}
[2025-04-21 20:12:11.652 -0400] [PROCESS] [cadence.virtuoso.ade.simulationMonitor] - Stay with the runId '4', Linger time '300', currentRunSyn '9', currentTestSyn '10' {"hostname": "ece-linlabsrv01.ece.gatech.edu", "processid": 4008760, "history": "ExplorerRun.0", "testname": "project3_Synchronous_16_bit_add_subtractor_clk_buffer_1", "cornername": "Nominal", "point": 1, "logfile": "/nethome/rgoel68/ECE3150/logs_rgoel68/logs0/Job11.log"}
[2025-04-21 20:12:12.652 -0400] [PROCESS] [cadence.virtuoso.ade.simulationMonitor] - Stay with the runId '4', Linger time '300', currentRunSyn '9', currentTestSyn '10' {"hostname": "ece-linlabsrv01.ece.gatech.edu", "processid": 4008760, "history": "ExplorerRun.0", "testname": "project3_Synchronous_16_bit_add_subtractor_clk_buffer_1", "cornername": "Nominal", "point": 1, "logfile": "/nethome/rgoel68/ECE3150/logs_rgoel68/logs0/Job11.log"}
[2025-04-21 20:17:12.087 -0400] [PROCESS] [cadence.virtuoso.ade.simulationMonitor] - Current memory used: 83.2734 MBytes, peak memory used: 83.2734 MBytes {"hostname": "ece-linlabsrv01.ece.gatech.edu", "processid": 4008760, "history": "ExplorerRun.0", "testname": "project3_Synchronous_16_bit_add_subtractor_clk_buffer_1", "cornername": "Nominal", "point": 1, "logfile": "/nethome/rgoel68/ECE3150/logs_rgoel68/logs0/Job11.log"}
[2025-04-21 20:17:12.087 -0400] [PROCESS] [cadence.virtuoso.ade.simulationMonitor] - Simulation Monitor process exits. {"hostname": "ece-linlabsrv01.ece.gatech.edu", "processid": 4008760, "history": "ExplorerRun.0", "testname": "project3_Synchronous_16_bit_add_subtractor_clk_buffer_1", "cornername": "Nominal", "point": 1, "logfile": "/nethome/rgoel68/ECE3150/logs_rgoel68/logs0/Job11.log"}
