[Simulation Monitor: 13]
[2025-04-09 16:02:28.508 -0400] [PROCESS] [cadence.virtuoso.ade.simulationMonitor] - Started the simulation monitor process {"hostname": "ece-linlabsrv01.ece.gatech.edu", "processid": 2863203, "logfile": "/nethome/rgoel68/ECE3150/logs_rgoel68/logs0/Job13.log", "simulation monitor command line": "/tools/software/cadence/ic/23.10.120/tools.lnx86/dfII/bin/64bit/spectreMonitor --davinciService DaVinciService_401055_1744214642 --axlsession fnxSession2 -lscs 000175E1894CBE06FF0966E38F1FFC06BC4D65B0C578C406D07B6FA78410926AD02470F28B50992BD92E69ED90048F74DD2F32AE9C019928D92E01155D4B2E52DBBB00001DB9 -beanhost ece-linlabsrv01.ece.gatech.edu -beanport 11950 -beanLogFile /nethome/rgoel68/ECE3150/logs_rgoel68/logs0/amps_Job13.log -beanbinlog  --domain 0 --interactive yes --netlistOpt no --useMultiPointEvaluation yes --exprEvalShowJobStderr yes --evalSimParallel no --maxSims 0 --historyName ExplorerRun.0 --historyUUID  --exprEvaluator vds --mcMapping mc1.mapping --checkLogStatusInterval 0 --checkSimulatorLogTimeout 1200 --exprEvalMaxTries 3 --maxNFSSyncWait 60 -adeBrokerAddress ece-linlabsrv01.ece.gatech.edu:46485 --fromADE true --virtuosoBinary virtuoso --guiDisplay ece-linlabsrv01.ece.gatech.edu:175 --globalStatus 60 --evaluateMultiMC yes --evalOnSimFail SkipFailedAnalyses --numRetriesOnError 1 --fenixMode explorer --lingertimeout 300 -ahdlLockTimeout 60 --sdbLib project_3 --sdbCell Synchronous_16_bit_add_subtractor --sdbView maestro --heartBeatFileDir /dev/shm --id 13 --uuid a81e3c3d-5c4c-42f9-93ec-e9f1172f9f13 --log /nethome/rgoel68/ECE3150/logs_rgoel68/logs0/Job13.log "}
[2025-04-09 16:02:28.508 -0400] [PROCESS] [cadence.virtuoso.ade.simulationMonitor] - Started the simulation monitor process {"hostname": "ece-linlabsrv01.ece.gatech.edu", "processid": 2863203, "logfile": "/nethome/rgoel68/ECE3150/logs_rgoel68/logs0/Job13.log", "current directory": "/nethome/rgoel68/ECE3150"}
[2025-04-09 16:02:28.508 -0400] [PROCESS] [cadence.virtuoso.ade.simulationMonitor] - Simulation Monitor has successfully started up. Trying to set up communication channels to other components ... {"hostname": "ece-linlabsrv01.ece.gatech.edu", "processid": 2863203, "logfile": "/nethome/rgoel68/ECE3150/logs_rgoel68/logs0/Job13.log"}
[2025-04-09 16:02:28.511 -0400] [PROCESS] [cadence.virtuoso.ade.simulationMonitor] - Communication channels have been successfully set up. Start processing events ... {"hostname": "ece-linlabsrv01.ece.gatech.edu", "processid": 2863203, "logfile": "/nethome/rgoel68/ECE3150/logs_rgoel68/logs0/Job13.log"}
[2025-04-09 16:02:28.511 -0400] [PROCESS] [cadence.virtuoso.ade.simulationMonitor] - Considering to start history {"hostname": "ece-linlabsrv01.ece.gatech.edu", "processid": 2863203, "history": "ExplorerRun.0", "logfile": "/nethome/rgoel68/ECE3150/logs_rgoel68/logs0/Job13.log"}
[2025-04-09 16:02:28.513 -0400] [PROCESS] [cadence.virtuoso.ade.simulationMonitor] - HostInfo:
Host name (type):	ece-linlabsrv01.ece.gatech.edu (x86_64)
Operating system:	Linux 4.18.0-553.44.1.el8_10.x86_64 #1 SMP Wed Mar 5 10:48:41 EST 2025 {"hostname": "ece-linlabsrv01.ece.gatech.edu", "processid": 2863203, "history": "ExplorerRun.0", "logfile": "/nethome/rgoel68/ECE3150/logs_rgoel68/logs0/Job13.log", "nodename": "ece-linlabsrv01.ece.gatech.edu", "domainname": "(none)", "machine": "x86_64", "sysname": "Linux", "release": "4.18.0-553.44.1.el8_10.x86_64", "version": "#1 SMP Wed Mar 5 10:48:41 EST 2025"}
[2025-04-09 16:02:28.514 -0400] [PROCESS] [cadence.virtuoso.ade.simulationMonitor] - UsageInfo:
pid=2863203
totalPhysicalMemory=186.850849GB,Used=118.733921GB,totalVirtualMemory=250.850845GB,Used=145.075443GB
Cpu: Cores=112, Load average:10.230000,11.370000,10.610000 {"hostname": "ece-linlabsrv01.ece.gatech.edu", "processid": 2863203, "history": "ExplorerRun.0", "logfile": "/nethome/rgoel68/ECE3150/logs_rgoel68/logs0/Job13.log", "pid": "2863203", "totalPhysicalMemory": "186.850849", "physicalMemoryUsed": "118.733921", "totalVirtualMemory": "250.850845", "virtualMemoryUsed": "145.075443", "cpuCores": "112", "processes": "13743", "loadAverage1": "10.230000", "loadAverage5": "11.370000", "loadAverage15": "10.610000", "loadAverage1Percent": "0.091339"}
[2025-04-09 16:02:28.517 -0400] [EVENT] [cadence.virtuoso.ade.simulationMonitor] - NewPoint {"history": "ExplorerRun.0", "point": 1, "testname": "project_3_Synchronous_16_bit_add_subtractor_1", "cornername": "Nominal", "event": "NewPoint", "EventSource": "Simulation Monitor", "HistoryName": "ExplorerRun.0", "logFile": "/nethome/rgoel68/ECE3150/logs_rgoel68/logs0/Job13.log", "logFileSize": "4211", "category": "simulation"}
[2025-04-09 16:02:28.719 -0400] [EVENT] [cadence.virtuoso.ade.simulationMonitor] - NewPoint {"history": "ExplorerRun.0", "point": 1, "testname": "project_3_Synchronous_16_bit_add_subtractor_1", "cornername": "Nominal", "event": "NewPoint", "EventSource": "spectre", "HistoryName": "ExplorerRun.0", "logFile": "/nethome/rgoel68/simulation/project_3/Synchronous_16_bit_add_subtractor/maestro/results/maestro/ExplorerRun.0/1/project_3_Synchronous_16_bit_add_subtractor_1/psf/spectre.out", "logFileSize": "-1", "category": "simulation"}
[2025-04-09 16:02:28.970 -0400] [PROCESS] [cadence.virtuoso.ade.simulationMonitor] - Simulator launched {"hostname": "ece-linlabsrv01.ece.gatech.edu", "processid": 2863203, "history": "ExplorerRun.0", "testname": "project_3_Synchronous_16_bit_add_subtractor_1", "cornername": "Nominal", "point": 1, "logfile": "/nethome/rgoel68/ECE3150/logs_rgoel68/logs0/Job13.log", "simid": "1", "event": "launch", "category": "simulation"}
[2025-04-09 16:02:28.973 -0400] [PROCESS] [cadence.virtuoso.ade.simulationMonitor] - Expression evaluator launched {"hostname": "ece-linlabsrv01.ece.gatech.edu", "processid": 2863203, "history": "ExplorerRun.0", "testname": "project_3_Synchronous_16_bit_add_subtractor_1", "cornername": "Nominal", "point": 1, "logfile": "/nethome/rgoel68/ECE3150/logs_rgoel68/logs0/Job13.log"}
[2025-04-09 16:02:30.510 -0400] [PROCESS] [cadence.virtuoso.ade.simulationMonitor] - Started Simulation {"hostname": "ece-linlabsrv01.ece.gatech.edu", "processid": 2863203, "history": "ExplorerRun.0", "testname": "project_3_Synchronous_16_bit_add_subtractor_1", "cornername": "Nominal", "point": 1, "logfile": "/nethome/rgoel68/ECE3150/logs_rgoel68/logs0/Job13.log", "event": "start", "category": "simulation"}
[2025-04-09 16:02:30.510 -0400] [INFO] [cadence.virtuoso.ade.simulationMonitor] - Notice from spectre during Digital Vector read-in.
    Process Vector Files.
    File read: /nethome/rgoel68/ECE3150/sync_adder_tb.vec {"history": "ExplorerRun.0", "point": 1, "testname": "project_3_Synchronous_16_bit_add_subtractor_1", "cornername": "Nominal"}
[2025-04-09 16:02:30.511 -0400] [INFO] [cadence.virtuoso.ade.simulationMonitor] - Peak resident memory used = 174 Mbytes. {"history": "ExplorerRun.0", "point": 1, "testname": "project_3_Synchronous_16_bit_add_subtractor_1", "cornername": "Nominal"}
[2025-04-09 16:02:30.511 -0400] [WARN] [cadence.virtuoso.ade.simulationMonitor] -     WARNING (SFE-102): "input.scs" 37: Parameter `ld', specified for model `PMOS_VTL' of primitive `bsim4', has been ignored because it is an invalid instance parameter. Specify a valid model parameter and rerun the simulation. Type `spectre -h bsim4' to get more information on valid model parameters. {"history": "ExplorerRun.0", "point": 1, "testname": "project_3_Synchronous_16_bit_add_subtractor_1", "cornername": "Nominal"}
[2025-04-09 16:02:30.511 -0400] [WARN] [cadence.virtuoso.ade.simulationMonitor] -     WARNING (SFE-102): "input.scs" 39: Parameter `ld', specified for model `PMOS_VTL' of primitive `bsim4', has been ignored because it is an invalid instance parameter. Specify a valid model parameter and rerun the simulation. Type `spectre -h bsim4' to get more information on valid model parameters. {"history": "ExplorerRun.0", "point": 1, "testname": "project_3_Synchronous_16_bit_add_subtractor_1", "cornername": "Nominal"}
[2025-04-09 16:02:30.511 -0400] [WARN] [cadence.virtuoso.ade.simulationMonitor] -     WARNING (SFE-102): "input.scs" 41: Parameter `ld', specified for model `PMOS_VTL' of primitive `bsim4', has been ignored because it is an invalid instance parameter. Specify a valid model parameter and rerun the simulation. Type `spectre -h bsim4' to get more information on valid model parameters. {"history": "ExplorerRun.0", "point": 1, "testname": "project_3_Synchronous_16_bit_add_subtractor_1", "cornername": "Nominal"}
[2025-04-09 16:02:30.511 -0400] [WARN] [cadence.virtuoso.ade.simulationMonitor] -     WARNING (SFE-102): "input.scs" 43: Parameter `ld', specified for model `PMOS_VTL' of primitive `bsim4', has been ignored because it is an invalid instance parameter. Specify a valid model parameter and rerun the simulation. Type `spectre -h bsim4' to get more information on valid model parameters. {"history": "ExplorerRun.0", "point": 1, "testname": "project_3_Synchronous_16_bit_add_subtractor_1", "cornername": "Nominal"}
[2025-04-09 16:02:30.511 -0400] [WARN] [cadence.virtuoso.ade.simulationMonitor] -     WARNING (SFE-102): "input.scs" 45: Parameter `ld', specified for model `NMOS_VTL' of primitive `bsim4', has been ignored because it is an invalid instance parameter. Specify a valid model parameter and rerun the simulation. Type `spectre -h bsim4' to get more information on valid model parameters.
        Further occurrences of this warning will be suppressed. {"history": "ExplorerRun.0", "point": 1, "testname": "project_3_Synchronous_16_bit_add_subtractor_1", "cornername": "Nominal"}
[2025-04-09 16:02:30.511 -0400] [INFO] [cadence.virtuoso.ade.simulationMonitor] - Peak resident memory used = 187 Mbytes. {"history": "ExplorerRun.0", "point": 1, "testname": "project_3_Synchronous_16_bit_add_subtractor_1", "cornername": "Nominal"}
[2025-04-09 16:02:30.511 -0400] [INFO] [cadence.virtuoso.ade.simulationMonitor] - Peak resident memory used = 195 Mbytes. {"history": "ExplorerRun.0", "point": 1, "testname": "project_3_Synchronous_16_bit_add_subtractor_1", "cornername": "Nominal"}
[2025-04-09 16:02:30.514 -0400] [INFO] [cadence.virtuoso.ade.simulationMonitor] -               nodes 1497 {"history": "ExplorerRun.0", "point": 1, "testname": "project_3_Synchronous_16_bit_add_subtractor_1", "cornername": "Nominal"}
[2025-04-09 16:02:30.514 -0400] [INFO] [cadence.virtuoso.ade.simulationMonitor] - Notice from spectre during initial setup.
    Protected devices exist and are not included in the circuit inventory.
    APS enabled.
    2821 warnings suppressed. {"history": "ExplorerRun.0", "point": 1, "testname": "project_3_Synchronous_16_bit_add_subtractor_1", "cornername": "Nominal"}
[2025-04-09 16:02:30.515 -0400] [INFO] [cadence.virtuoso.ade.simulationMonitor] - Notice from spectre.
    Multithreading enabled: 8 threads in the system with 112 available processors. {"history": "ExplorerRun.0", "point": 1, "testname": "project_3_Synchronous_16_bit_add_subtractor_1", "cornername": "Nominal"}
[2025-04-09 16:02:30.515 -0400] [INFO] [cadence.virtuoso.ade.simulationMonitor] - Peak resident memory used = 224 Mbytes. {"history": "ExplorerRun.0", "point": 1, "testname": "project_3_Synchronous_16_bit_add_subtractor_1", "cornername": "Nominal"}
[2025-04-09 16:02:30.516 -0400] [INFO] [cadence.virtuoso.ade.simulationMonitor] -    -   (APS) Multi-threading. The recommended number of threads is 8, consider adding +mt=8 on command line. {"history": "ExplorerRun.0", "point": 1, "testname": "project_3_Synchronous_16_bit_add_subtractor_1", "cornername": "Nominal"}
[2025-04-09 16:02:31.516 -0400] [INFO] [cadence.virtuoso.ade.simulationMonitor] - Notice from spectre during IC analysis, during transient analysis `tran'.
    Bad pivoting is found during DC analysis. Option dc_pivot_check=yes is recommended for possible improvement of convergence. {"history": "ExplorerRun.0", "point": 1, "testname": "project_3_Synchronous_16_bit_add_subtractor_1", "cornername": "Nominal"}
[2025-04-09 16:02:37.019 -0400] [INFO] [cadence.virtuoso.ade.simulationMonitor] - Intrinsic tran analysis time:    CPU = 38.2509 s, elapsed = 5.30138 s. {"history": "ExplorerRun.0", "point": 1, "testname": "project_3_Synchronous_16_bit_add_subtractor_1", "cornername": "Nominal"}
[2025-04-09 16:02:37.020 -0400] [INFO] [cadence.virtuoso.ade.simulationMonitor] - Total time required for tran analysis `tran': CPU = 42.9406 s, elapsed = 6.22032 s, util. = 690%. {"history": "ExplorerRun.0", "point": 1, "testname": "project_3_Synchronous_16_bit_add_subtractor_1", "cornername": "Nominal"}
[2025-04-09 16:02:37.020 -0400] [INFO] [cadence.virtuoso.ade.simulationMonitor] - Peak resident memory used = 325 Mbytes. {"history": "ExplorerRun.0", "point": 1, "testname": "project_3_Synchronous_16_bit_add_subtractor_1", "cornername": "Nominal"}
[2025-04-09 16:02:37.021 -0400] [INFO] [cadence.virtuoso.ade.simulationMonitor] - Time used: CPU = 47.4 s, elapsed = 7.63 s, util. = 621%. {"history": "ExplorerRun.0", "point": 1, "testname": "project_3_Synchronous_16_bit_add_subtractor_1", "cornername": "Nominal"}
[2025-04-09 16:02:37.021 -0400] [INFO] [cadence.virtuoso.ade.simulationMonitor] - Time spent in licensing: elapsed = 65.3 ms. {"history": "ExplorerRun.0", "point": 1, "testname": "project_3_Synchronous_16_bit_add_subtractor_1", "cornername": "Nominal"}
[2025-04-09 16:02:37.022 -0400] [INFO] [cadence.virtuoso.ade.simulationMonitor] - Peak memory used = 326 Mbytes. {"history": "ExplorerRun.0", "point": 1, "testname": "project_3_Synchronous_16_bit_add_subtractor_1", "cornername": "Nominal"}
[2025-04-09 16:02:37.023 -0400] [PROCESS] [cadence.virtuoso.ade.simulationMonitor] - Simulation started at: 4:02:29 PM, Wed Apr 9, 2025, ended at: 4:02:36 PM, Wed Apr 9, 2025, with elapsed time (wall clock): 7.63 s. {"history": "ExplorerRun.0", "point": 1, "testname": "project_3_Synchronous_16_bit_add_subtractor_1", "cornername": "Nominal"}
[2025-04-09 16:02:37.023 -0400] [PROCESS] [cadence.virtuoso.ade.simulationMonitor] - spectre completes with 0 errors, 5 warnings, and 8 notices. {"history": "ExplorerRun.0", "point": 1, "testname": "project_3_Synchronous_16_bit_add_subtractor_1", "cornername": "Nominal"}
[2025-04-09 16:02:37.524 -0400] [PROCESS] [cadence.virtuoso.ade.simulationMonitor] - Finished simulating for one point {"hostname": "ece-linlabsrv01.ece.gatech.edu", "processid": 2863203, "history": "ExplorerRun.0", "testname": "project_3_Synchronous_16_bit_add_subtractor_1", "cornername": "Nominal", "point": 1, "logfile": "/nethome/rgoel68/ECE3150/logs_rgoel68/logs0/Job13.log", "simid": "1", "event": "finish", "category": "simulation"}
[2025-04-09 16:02:37.524 -0400] [PROCESS] [cadence.virtuoso.ade.simulationMonitor] - Simulator exited {"hostname": "ece-linlabsrv01.ece.gatech.edu", "processid": 2863203, "history": "ExplorerRun.0", "testname": "project_3_Synchronous_16_bit_add_subtractor_1", "cornername": "Nominal", "point": 1, "logfile": "/nethome/rgoel68/ECE3150/logs_rgoel68/logs0/Job13.log", "exitStatus": "0"}
[2025-04-09 16:02:37.524 -0400] [PROCESS] [cadence.virtuoso.ade.simulationMonitor] - Finished Simulation {"hostname": "ece-linlabsrv01.ece.gatech.edu", "processid": 2863203, "history": "ExplorerRun.0", "testname": "project_3_Synchronous_16_bit_add_subtractor_1", "cornername": "Nominal", "point": 1, "logfile": "/nethome/rgoel68/ECE3150/logs_rgoel68/logs0/Job13.log", "simid": "1", "event": "finish", "category": "obsolete"}
[2025-04-09 16:02:39.527 -0400] [PROCESS] [cadence.virtuoso.ade.simulationMonitor] - Point Finished {"hostname": "ece-linlabsrv01.ece.gatech.edu", "processid": 2863203, "history": "ExplorerRun.0", "testname": "project_3_Synchronous_16_bit_add_subtractor_1", "cornername": "Nominal", "point": 1, "logfile": "/nethome/rgoel68/ECE3150/logs_rgoel68/logs0/Job13.log", "event": "finish", "category": "sim-eval"}
[2025-04-09 16:02:40.529 -0400] [PROCESS] [cadence.virtuoso.ade.simulationMonitor] - Stay with the runId '0', Linger time '300', currentRunSyn '1', currentTestSyn '2' {"hostname": "ece-linlabsrv01.ece.gatech.edu", "processid": 2863203, "history": "ExplorerRun.0", "testname": "project_3_Synchronous_16_bit_add_subtractor_1", "cornername": "Nominal", "point": 1, "logfile": "/nethome/rgoel68/ECE3150/logs_rgoel68/logs0/Job13.log"}
[2025-04-09 16:02:58.983 -0400] [INFO] [cadence.virtuoso.ade.simulationMonitor] - SimulationMonitor has terminated the vds process '2864058', reason: 'Force to stop the expression evalutor process because of new run' {"history": "ExplorerRun.0", "point": 1, "testname": "project_3_Synchronous_16_bit_add_subtractor_1", "cornername": "Nominal"}
[2025-04-09 16:02:58.984 -0400] [PROCESS] [cadence.virtuoso.ade.simulationMonitor] - HostInfo:
Host name (type):	ece-linlabsrv01.ece.gatech.edu (x86_64)
Operating system:	Linux 4.18.0-553.44.1.el8_10.x86_64 #1 SMP Wed Mar 5 10:48:41 EST 2025 {"hostname": "ece-linlabsrv01.ece.gatech.edu", "processid": 2863203, "history": "ExplorerRun.0", "testname": "project_3_Synchronous_16_bit_add_subtractor_1", "cornername": "Nominal", "point": 1, "logfile": "/nethome/rgoel68/ECE3150/logs_rgoel68/logs0/Job13.log", "nodename": "ece-linlabsrv01.ece.gatech.edu", "domainname": "(none)", "machine": "x86_64", "sysname": "Linux", "release": "4.18.0-553.44.1.el8_10.x86_64", "version": "#1 SMP Wed Mar 5 10:48:41 EST 2025"}
[2025-04-09 16:02:58.984 -0400] [PROCESS] [cadence.virtuoso.ade.simulationMonitor] - UsageInfo:
pid=2863203
totalPhysicalMemory=186.850849GB,Used=116.958691GB,totalVirtualMemory=250.850845GB,Used=143.300213GB
Cpu: Cores=112, Load average:9.420000,11.090000,10.540000 {"hostname": "ece-linlabsrv01.ece.gatech.edu", "processid": 2863203, "history": "ExplorerRun.0", "testname": "project_3_Synchronous_16_bit_add_subtractor_1", "cornername": "Nominal", "point": 1, "logfile": "/nethome/rgoel68/ECE3150/logs_rgoel68/logs0/Job13.log", "pid": "2863203", "totalPhysicalMemory": "186.850849", "physicalMemoryUsed": "116.958691", "totalVirtualMemory": "250.850845", "virtualMemoryUsed": "143.300213", "cpuCores": "112", "processes": "13395", "loadAverage1": "9.420000", "loadAverage5": "11.090000", "loadAverage15": "10.540000", "loadAverage1Percent": "0.084107"}
[2025-04-09 16:02:58.988 -0400] [EVENT] [cadence.virtuoso.ade.simulationMonitor] - NewPoint {"history": "ExplorerRun.0", "point": 1, "testname": "project_3_Synchronous_16_bit_add_subtractor_1", "cornername": "Nominal", "event": "NewPoint", "EventSource": "Simulation Monitor", "HistoryName": "ExplorerRun.0", "logFile": "/nethome/rgoel68/ECE3150/logs_rgoel68/logs0/Job13.log", "logFileSize": "18202", "category": "simulation"}
[2025-04-09 16:02:59.190 -0400] [EVENT] [cadence.virtuoso.ade.simulationMonitor] - NewPoint {"history": "ExplorerRun.0", "point": 1, "testname": "project_3_Synchronous_16_bit_add_subtractor_1", "cornername": "Nominal", "event": "NewPoint", "EventSource": "spectre", "HistoryName": "ExplorerRun.0", "logFile": "/nethome/rgoel68/simulation/project_3/Synchronous_16_bit_add_subtractor/maestro/results/maestro/ExplorerRun.0/1/project_3_Synchronous_16_bit_add_subtractor_1/psf/spectre.out", "logFileSize": "-1", "category": "simulation"}
[2025-04-09 16:02:59.408 -0400] [PROCESS] [cadence.virtuoso.ade.simulationMonitor] - Simulator launched {"hostname": "ece-linlabsrv01.ece.gatech.edu", "processid": 2863203, "history": "ExplorerRun.0", "testname": "project_3_Synchronous_16_bit_add_subtractor_1", "cornername": "Nominal", "point": 1, "logfile": "/nethome/rgoel68/ECE3150/logs_rgoel68/logs0/Job13.log", "simid": "2", "event": "launch", "category": "simulation"}
[2025-04-09 16:02:59.413 -0400] [PROCESS] [cadence.virtuoso.ade.simulationMonitor] - Expression evaluator launched {"hostname": "ece-linlabsrv01.ece.gatech.edu", "processid": 2863203, "history": "ExplorerRun.0", "testname": "project_3_Synchronous_16_bit_add_subtractor_1", "cornername": "Nominal", "point": 1, "logfile": "/nethome/rgoel68/ECE3150/logs_rgoel68/logs0/Job13.log"}
[2025-04-09 16:03:00.811 -0400] [PROCESS] [cadence.virtuoso.ade.simulationMonitor] - Started Simulation {"hostname": "ece-linlabsrv01.ece.gatech.edu", "processid": 2863203, "history": "ExplorerRun.0", "testname": "project_3_Synchronous_16_bit_add_subtractor_1", "cornername": "Nominal", "point": 1, "logfile": "/nethome/rgoel68/ECE3150/logs_rgoel68/logs0/Job13.log", "event": "start", "category": "simulation"}
[2025-04-09 16:03:00.812 -0400] [INFO] [cadence.virtuoso.ade.simulationMonitor] - Notice from spectre during Digital Vector read-in.
    Process Vector Files.
    File read: /nethome/rgoel68/ECE3150/sync_adder_tb.vec {"history": "ExplorerRun.0", "point": 1, "testname": "project_3_Synchronous_16_bit_add_subtractor_1", "cornername": "Nominal"}
[2025-04-09 16:03:00.812 -0400] [INFO] [cadence.virtuoso.ade.simulationMonitor] - Peak resident memory used = 178 Mbytes. {"history": "ExplorerRun.0", "point": 1, "testname": "project_3_Synchronous_16_bit_add_subtractor_1", "cornername": "Nominal"}
[2025-04-09 16:03:00.812 -0400] [WARN] [cadence.virtuoso.ade.simulationMonitor] -     WARNING (SFE-102): "input.scs" 37: Parameter `ld', specified for model `PMOS_VTL' of primitive `bsim4', has been ignored because it is an invalid instance parameter. Specify a valid model parameter and rerun the simulation. Type `spectre -h bsim4' to get more information on valid model parameters. {"history": "ExplorerRun.0", "point": 1, "testname": "project_3_Synchronous_16_bit_add_subtractor_1", "cornername": "Nominal"}
[2025-04-09 16:03:00.812 -0400] [WARN] [cadence.virtuoso.ade.simulationMonitor] -     WARNING (SFE-102): "input.scs" 39: Parameter `ld', specified for model `PMOS_VTL' of primitive `bsim4', has been ignored because it is an invalid instance parameter. Specify a valid model parameter and rerun the simulation. Type `spectre -h bsim4' to get more information on valid model parameters. {"history": "ExplorerRun.0", "point": 1, "testname": "project_3_Synchronous_16_bit_add_subtractor_1", "cornername": "Nominal"}
[2025-04-09 16:03:00.812 -0400] [WARN] [cadence.virtuoso.ade.simulationMonitor] -     WARNING (SFE-102): "input.scs" 41: Parameter `ld', specified for model `PMOS_VTL' of primitive `bsim4', has been ignored because it is an invalid instance parameter. Specify a valid model parameter and rerun the simulation. Type `spectre -h bsim4' to get more information on valid model parameters. {"history": "ExplorerRun.0", "point": 1, "testname": "project_3_Synchronous_16_bit_add_subtractor_1", "cornername": "Nominal"}
[2025-04-09 16:03:00.812 -0400] [WARN] [cadence.virtuoso.ade.simulationMonitor] -     WARNING (SFE-102): "input.scs" 43: Parameter `ld', specified for model `PMOS_VTL' of primitive `bsim4', has been ignored because it is an invalid instance parameter. Specify a valid model parameter and rerun the simulation. Type `spectre -h bsim4' to get more information on valid model parameters. {"history": "ExplorerRun.0", "point": 1, "testname": "project_3_Synchronous_16_bit_add_subtractor_1", "cornername": "Nominal"}
[2025-04-09 16:03:00.812 -0400] [WARN] [cadence.virtuoso.ade.simulationMonitor] -     WARNING (SFE-102): "input.scs" 45: Parameter `ld', specified for model `NMOS_VTL' of primitive `bsim4', has been ignored because it is an invalid instance parameter. Specify a valid model parameter and rerun the simulation. Type `spectre -h bsim4' to get more information on valid model parameters.
        Further occurrences of this warning will be suppressed. {"history": "ExplorerRun.0", "point": 1, "testname": "project_3_Synchronous_16_bit_add_subtractor_1", "cornername": "Nominal"}
[2025-04-09 16:03:00.812 -0400] [INFO] [cadence.virtuoso.ade.simulationMonitor] - Peak resident memory used = 191 Mbytes. {"history": "ExplorerRun.0", "point": 1, "testname": "project_3_Synchronous_16_bit_add_subtractor_1", "cornername": "Nominal"}
[2025-04-09 16:03:00.812 -0400] [INFO] [cadence.virtuoso.ade.simulationMonitor] - Peak resident memory used = 199 Mbytes. {"history": "ExplorerRun.0", "point": 1, "testname": "project_3_Synchronous_16_bit_add_subtractor_1", "cornername": "Nominal"}
[2025-04-09 16:03:01.315 -0400] [INFO] [cadence.virtuoso.ade.simulationMonitor] -               nodes 1497 {"history": "ExplorerRun.0", "point": 1, "testname": "project_3_Synchronous_16_bit_add_subtractor_1", "cornername": "Nominal"}
[2025-04-09 16:03:01.316 -0400] [INFO] [cadence.virtuoso.ade.simulationMonitor] - Notice from spectre during initial setup.
    Protected devices exist and are not included in the circuit inventory.
    APS enabled.
    2821 warnings suppressed. {"history": "ExplorerRun.0", "point": 1, "testname": "project_3_Synchronous_16_bit_add_subtractor_1", "cornername": "Nominal"}
[2025-04-09 16:03:01.316 -0400] [INFO] [cadence.virtuoso.ade.simulationMonitor] - Notice from spectre.
    Multithreading enabled: 8 threads in the system with 112 available processors. {"history": "ExplorerRun.0", "point": 1, "testname": "project_3_Synchronous_16_bit_add_subtractor_1", "cornername": "Nominal"}
[2025-04-09 16:03:01.316 -0400] [INFO] [cadence.virtuoso.ade.simulationMonitor] - Peak resident memory used = 228 Mbytes. {"history": "ExplorerRun.0", "point": 1, "testname": "project_3_Synchronous_16_bit_add_subtractor_1", "cornername": "Nominal"}
[2025-04-09 16:03:01.317 -0400] [INFO] [cadence.virtuoso.ade.simulationMonitor] -    -   (APS) Multi-threading. The recommended number of threads is 8, consider adding +mt=8 on command line. {"history": "ExplorerRun.0", "point": 1, "testname": "project_3_Synchronous_16_bit_add_subtractor_1", "cornername": "Nominal"}
[2025-04-09 16:03:01.817 -0400] [INFO] [cadence.virtuoso.ade.simulationMonitor] - Notice from spectre during IC analysis, during transient analysis `tran'.
    Bad pivoting is found during DC analysis. Option dc_pivot_check=yes is recommended for possible improvement of convergence. {"history": "ExplorerRun.0", "point": 1, "testname": "project_3_Synchronous_16_bit_add_subtractor_1", "cornername": "Nominal"}
[2025-04-09 16:03:14.324 -0400] [INFO] [cadence.virtuoso.ade.simulationMonitor] - Notice from spectre at time = 123.905 ns during transient analysis `tran'.
    Found trapezoidal ringing on node _vvdd!:p. {"history": "ExplorerRun.0", "point": 1, "testname": "project_3_Synchronous_16_bit_add_subtractor_1", "cornername": "Nominal"}
[2025-04-09 16:03:14.324 -0400] [INFO] [cadence.virtuoso.ade.simulationMonitor] - Notice from spectre at time = 126.505 ns during transient analysis `tran'.
    Found trapezoidal ringing on node _vvdd!:p. {"history": "ExplorerRun.0", "point": 1, "testname": "project_3_Synchronous_16_bit_add_subtractor_1", "cornername": "Nominal"}
[2025-04-09 16:03:14.324 -0400] [INFO] [cadence.virtuoso.ade.simulationMonitor] - Notice from spectre at time = 128.252 ns during transient analysis `tran'.
    Found trapezoidal ringing on node _vvdd!:p. {"history": "ExplorerRun.0", "point": 1, "testname": "project_3_Synchronous_16_bit_add_subtractor_1", "cornername": "Nominal"}
[2025-04-09 16:03:14.324 -0400] [INFO] [cadence.virtuoso.ade.simulationMonitor] - Notice from spectre at time = 130 ns during transient analysis `tran'.
    Found trapezoidal ringing on node _vvdd!:p. {"history": "ExplorerRun.0", "point": 1, "testname": "project_3_Synchronous_16_bit_add_subtractor_1", "cornername": "Nominal"}
[2025-04-09 16:03:14.824 -0400] [INFO] [cadence.virtuoso.ade.simulationMonitor] - Notice from spectre during transient analysis `tran'.
    Trapezoidal ringing is detected during tran analysis.
        Please use method=trap for better results and performance. {"history": "ExplorerRun.0", "point": 1, "testname": "project_3_Synchronous_16_bit_add_subtractor_1", "cornername": "Nominal"}
[2025-04-09 16:03:14.826 -0400] [INFO] [cadence.virtuoso.ade.simulationMonitor] - Intrinsic tran analysis time:    CPU = 95.2937 s, elapsed = 12.6887 s. {"history": "ExplorerRun.0", "point": 1, "testname": "project_3_Synchronous_16_bit_add_subtractor_1", "cornername": "Nominal"}
[2025-04-09 16:03:14.826 -0400] [INFO] [cadence.virtuoso.ade.simulationMonitor] - Total time required for tran analysis `tran': CPU = 99.4521 s (1m  39.5s), elapsed = 13.508 s, util. = 736%. {"history": "ExplorerRun.0", "point": 1, "testname": "project_3_Synchronous_16_bit_add_subtractor_1", "cornername": "Nominal"}
[2025-04-09 16:03:14.826 -0400] [INFO] [cadence.virtuoso.ade.simulationMonitor] - Peak resident memory used = 367 Mbytes. {"history": "ExplorerRun.0", "point": 1, "testname": "project_3_Synchronous_16_bit_add_subtractor_1", "cornername": "Nominal"}
[2025-04-09 16:03:14.827 -0400] [INFO] [cadence.virtuoso.ade.simulationMonitor] - Time used: CPU = 103 s (1m  42.9s), elapsed = 14.9 s, util. = 690%. {"history": "ExplorerRun.0", "point": 1, "testname": "project_3_Synchronous_16_bit_add_subtractor_1", "cornername": "Nominal"}
[2025-04-09 16:03:14.827 -0400] [INFO] [cadence.virtuoso.ade.simulationMonitor] - Time spent in licensing: elapsed = 263 ms. {"history": "ExplorerRun.0", "point": 1, "testname": "project_3_Synchronous_16_bit_add_subtractor_1", "cornername": "Nominal"}
[2025-04-09 16:03:14.827 -0400] [INFO] [cadence.virtuoso.ade.simulationMonitor] - Peak memory used = 367 Mbytes. {"history": "ExplorerRun.0", "point": 1, "testname": "project_3_Synchronous_16_bit_add_subtractor_1", "cornername": "Nominal"}
[2025-04-09 16:03:14.830 -0400] [PROCESS] [cadence.virtuoso.ade.simulationMonitor] - Simulation started at: 4:02:59 PM, Wed Apr 9, 2025, ended at: 4:03:14 PM, Wed Apr 9, 2025, with elapsed time (wall clock): 14.9 s. {"history": "ExplorerRun.0", "point": 1, "testname": "project_3_Synchronous_16_bit_add_subtractor_1", "cornername": "Nominal"}
[2025-04-09 16:03:14.830 -0400] [PROCESS] [cadence.virtuoso.ade.simulationMonitor] - spectre completes with 0 errors, 5 warnings, and 13 notices. {"history": "ExplorerRun.0", "point": 1, "testname": "project_3_Synchronous_16_bit_add_subtractor_1", "cornername": "Nominal"}
[2025-04-09 16:03:15.331 -0400] [PROCESS] [cadence.virtuoso.ade.simulationMonitor] - Finished simulating for one point {"hostname": "ece-linlabsrv01.ece.gatech.edu", "processid": 2863203, "history": "ExplorerRun.0", "testname": "project_3_Synchronous_16_bit_add_subtractor_1", "cornername": "Nominal", "point": 1, "logfile": "/nethome/rgoel68/ECE3150/logs_rgoel68/logs0/Job13.log", "simid": "2", "event": "finish", "category": "simulation"}
[2025-04-09 16:03:15.331 -0400] [PROCESS] [cadence.virtuoso.ade.simulationMonitor] - Simulator exited {"hostname": "ece-linlabsrv01.ece.gatech.edu", "processid": 2863203, "history": "ExplorerRun.0", "testname": "project_3_Synchronous_16_bit_add_subtractor_1", "cornername": "Nominal", "point": 1, "logfile": "/nethome/rgoel68/ECE3150/logs_rgoel68/logs0/Job13.log", "exitStatus": "0"}
[2025-04-09 16:03:15.331 -0400] [PROCESS] [cadence.virtuoso.ade.simulationMonitor] - Finished Simulation {"hostname": "ece-linlabsrv01.ece.gatech.edu", "processid": 2863203, "history": "ExplorerRun.0", "testname": "project_3_Synchronous_16_bit_add_subtractor_1", "cornername": "Nominal", "point": 1, "logfile": "/nethome/rgoel68/ECE3150/logs_rgoel68/logs0/Job13.log", "simid": "2", "event": "finish", "category": "obsolete"}
[2025-04-09 16:03:16.833 -0400] [PROCESS] [cadence.virtuoso.ade.simulationMonitor] - Point Finished {"hostname": "ece-linlabsrv01.ece.gatech.edu", "processid": 2863203, "history": "ExplorerRun.0", "testname": "project_3_Synchronous_16_bit_add_subtractor_1", "cornername": "Nominal", "point": 1, "logfile": "/nethome/rgoel68/ECE3150/logs_rgoel68/logs0/Job13.log", "event": "finish", "category": "sim-eval"}
[2025-04-09 16:03:17.835 -0400] [PROCESS] [cadence.virtuoso.ade.simulationMonitor] - Stay with the runId '1', Linger time '300', currentRunSyn '3', currentTestSyn '4' {"hostname": "ece-linlabsrv01.ece.gatech.edu", "processid": 2863203, "history": "ExplorerRun.0", "testname": "project_3_Synchronous_16_bit_add_subtractor_1", "cornername": "Nominal", "point": 1, "logfile": "/nethome/rgoel68/ECE3150/logs_rgoel68/logs0/Job13.log"}
[2025-04-09 16:03:18.835 -0400] [PROCESS] [cadence.virtuoso.ade.simulationMonitor] - Stay with the runId '1', Linger time '300', currentRunSyn '3', currentTestSyn '4' {"hostname": "ece-linlabsrv01.ece.gatech.edu", "processid": 2863203, "history": "ExplorerRun.0", "testname": "project_3_Synchronous_16_bit_add_subtractor_1", "cornername": "Nominal", "point": 1, "logfile": "/nethome/rgoel68/ECE3150/logs_rgoel68/logs0/Job13.log"}
[2025-04-09 16:08:17.837 -0400] [PROCESS] [cadence.virtuoso.ade.simulationMonitor] - Current memory used: 82.8594 MBytes, peak memory used: 82.8594 MBytes {"hostname": "ece-linlabsrv01.ece.gatech.edu", "processid": 2863203, "history": "ExplorerRun.0", "testname": "project_3_Synchronous_16_bit_add_subtractor_1", "cornername": "Nominal", "point": 1, "logfile": "/nethome/rgoel68/ECE3150/logs_rgoel68/logs0/Job13.log"}
[2025-04-09 16:08:17.838 -0400] [PROCESS] [cadence.virtuoso.ade.simulationMonitor] - Simulation Monitor process exits. {"hostname": "ece-linlabsrv01.ece.gatech.edu", "processid": 2863203, "history": "ExplorerRun.0", "testname": "project_3_Synchronous_16_bit_add_subtractor_1", "cornername": "Nominal", "point": 1, "logfile": "/nethome/rgoel68/ECE3150/logs_rgoel68/logs0/Job13.log"}
