[Simulation Monitor: 2]
[2025-04-22 00:47:58.701 -0400] [PROCESS] [cadence.virtuoso.ade.simulationMonitor] - Started the simulation monitor process {"hostname": "ece-linlabsrv01.ece.gatech.edu", "processid": 528008, "logfile": "/nethome/rgoel68/ECE3150/logs_rgoel68/logs0/Job2.log", "simulation monitor command line": "/tools/software/cadence/ic/23.10.120/tools.lnx86/dfII/bin/64bit/spectreMonitor --davinciService DaVinciService_486488_1745297253 --axlsession fnxSession0 -lscs 000175E1894CBE06FF0966E38F1FFC06BC4D65B0C578C406D07B6FA78410926AD02470F28B50992BD92E69ED90048F74DD2F32AE9C019928D92E0EE49061E378D44A00001DAD -beanhost ece-linlabsrv01.ece.gatech.edu -beanport 11854 -beanLogFile /nethome/rgoel68/ECE3150/logs_rgoel68/logs0/amps_Job2.log -beanbinlog  --domain 0 --interactive yes --netlistOpt no --useMultiPointEvaluation yes --exprEvalShowJobStderr yes --evalSimParallel no --maxSims 0 --historyName ExplorerRun.0 --historyUUID  --exprEvaluator vds --mcMapping mc1.mapping --checkLogStatusInterval 0 --checkSimulatorLogTimeout 1200 --exprEvalMaxTries 3 --maxNFSSyncWait 60 -adeBrokerAddress ece-linlabsrv01.ece.gatech.edu:42847 --fromADE true --virtuosoBinary virtuoso --guiDisplay ece-linlabsrv01.ece.gatech.edu:140 --globalStatus 60 --evaluateMultiMC yes --evalOnSimFail SkipFailedAnalyses --numRetriesOnError 1 --fenixMode explorer --lingertimeout 300 -ahdlLockTimeout 60 --sdbLib project_1 --sdbCell inverter --sdbView maestro --heartBeatFileDir /dev/shm --id 2 --uuid 586971cd-e807-40a8-8e50-3c7af239dbc5 --log /nethome/rgoel68/ECE3150/logs_rgoel68/logs0/Job2.log "}
[2025-04-22 00:47:58.702 -0400] [PROCESS] [cadence.virtuoso.ade.simulationMonitor] - Started the simulation monitor process {"hostname": "ece-linlabsrv01.ece.gatech.edu", "processid": 528008, "logfile": "/nethome/rgoel68/ECE3150/logs_rgoel68/logs0/Job2.log", "current directory": "/nethome/rgoel68/ECE3150"}
[2025-04-22 00:47:58.702 -0400] [PROCESS] [cadence.virtuoso.ade.simulationMonitor] - Simulation Monitor has successfully started up. Trying to set up communication channels to other components ... {"hostname": "ece-linlabsrv01.ece.gatech.edu", "processid": 528008, "logfile": "/nethome/rgoel68/ECE3150/logs_rgoel68/logs0/Job2.log"}
[2025-04-22 00:47:58.704 -0400] [PROCESS] [cadence.virtuoso.ade.simulationMonitor] - Communication channels have been successfully set up. Start processing events ... {"hostname": "ece-linlabsrv01.ece.gatech.edu", "processid": 528008, "logfile": "/nethome/rgoel68/ECE3150/logs_rgoel68/logs0/Job2.log"}
[2025-04-22 00:47:58.704 -0400] [PROCESS] [cadence.virtuoso.ade.simulationMonitor] - Considering to start history {"hostname": "ece-linlabsrv01.ece.gatech.edu", "processid": 528008, "history": "ExplorerRun.0", "logfile": "/nethome/rgoel68/ECE3150/logs_rgoel68/logs0/Job2.log"}
[2025-04-22 00:47:58.706 -0400] [PROCESS] [cadence.virtuoso.ade.simulationMonitor] - HostInfo:
Host name (type):	ece-linlabsrv01.ece.gatech.edu (x86_64)
Operating system:	Linux 4.18.0-553.44.1.el8_10.x86_64 #1 SMP Wed Mar 5 10:48:41 EST 2025 {"hostname": "ece-linlabsrv01.ece.gatech.edu", "processid": 528008, "history": "ExplorerRun.0", "logfile": "/nethome/rgoel68/ECE3150/logs_rgoel68/logs0/Job2.log", "nodename": "ece-linlabsrv01.ece.gatech.edu", "domainname": "(none)", "machine": "x86_64", "sysname": "Linux", "release": "4.18.0-553.44.1.el8_10.x86_64", "version": "#1 SMP Wed Mar 5 10:48:41 EST 2025"}
[2025-04-22 00:47:58.707 -0400] [PROCESS] [cadence.virtuoso.ade.simulationMonitor] - UsageInfo:
pid=528008
totalPhysicalMemory=186.850849GB,Used=148.739601GB,totalVirtualMemory=250.850845GB,Used=207.447384GB
Cpu: Cores=112, Load average:36.140000,33.330000,32.920000 {"hostname": "ece-linlabsrv01.ece.gatech.edu", "processid": 528008, "history": "ExplorerRun.0", "logfile": "/nethome/rgoel68/ECE3150/logs_rgoel68/logs0/Job2.log", "pid": "528008", "totalPhysicalMemory": "186.850849", "physicalMemoryUsed": "148.739601", "totalVirtualMemory": "250.850845", "virtualMemoryUsed": "207.447384", "cpuCores": "112", "processes": "20985", "loadAverage1": "36.140000", "loadAverage5": "33.330000", "loadAverage15": "32.920000", "loadAverage1Percent": "0.322679"}
[2025-04-22 00:47:58.710 -0400] [EVENT] [cadence.virtuoso.ade.simulationMonitor] - NewPoint {"history": "ExplorerRun.0", "point": 1, "testname": "project_1_inverter_1", "cornername": "Nominal", "event": "NewPoint", "EventSource": "Simulation Monitor", "HistoryName": "ExplorerRun.0", "logFile": "/nethome/rgoel68/ECE3150/logs_rgoel68/logs0/Job2.log", "logFileSize": "4166", "category": "simulation"}
[2025-04-22 00:47:58.913 -0400] [EVENT] [cadence.virtuoso.ade.simulationMonitor] - NewPoint {"history": "ExplorerRun.0", "point": 1, "testname": "project_1_inverter_1", "cornername": "Nominal", "event": "NewPoint", "EventSource": "spectre", "HistoryName": "ExplorerRun.0", "logFile": "/nethome/rgoel68/simulation/project_1/inverter/maestro/results/maestro/ExplorerRun.0/1/project_1_inverter_1/psf/spectre.out", "logFileSize": "-1", "category": "simulation"}
[2025-04-22 00:47:59.118 -0400] [PROCESS] [cadence.virtuoso.ade.simulationMonitor] - Simulator launched {"hostname": "ece-linlabsrv01.ece.gatech.edu", "processid": 528008, "history": "ExplorerRun.0", "testname": "project_1_inverter_1", "cornername": "Nominal", "point": 1, "logfile": "/nethome/rgoel68/ECE3150/logs_rgoel68/logs0/Job2.log", "simid": "1", "event": "launch", "category": "simulation"}
[2025-04-22 00:47:59.122 -0400] [PROCESS] [cadence.virtuoso.ade.simulationMonitor] - Expression evaluator launched {"hostname": "ece-linlabsrv01.ece.gatech.edu", "processid": 528008, "history": "ExplorerRun.0", "testname": "project_1_inverter_1", "cornername": "Nominal", "point": 1, "logfile": "/nethome/rgoel68/ECE3150/logs_rgoel68/logs0/Job2.log"}
[2025-04-22 00:48:02.567 -0400] [INFO] [cadence.virtuoso.ade.simulationMonitor] - Peak resident memory used = 181 Mbytes. {"history": "ExplorerRun.0", "point": 1, "testname": "project_1_inverter_1", "cornername": "Nominal"}
[2025-04-22 00:48:02.567 -0400] [WARN] [cadence.virtuoso.ade.simulationMonitor] -     WARNING (SFE-102): "netlist" 6: Parameter `ld', specified for model `PMOS_VTL' of primitive `bsim4', has been ignored because it is an invalid instance parameter. Specify a valid model parameter and rerun the simulation. Type `spectre -h bsim4' to get more information on valid model parameters. {"history": "ExplorerRun.0", "point": 1, "testname": "project_1_inverter_1", "cornername": "Nominal"}
[2025-04-22 00:48:02.567 -0400] [WARN] [cadence.virtuoso.ade.simulationMonitor] -     WARNING (SFE-102): "netlist" 8: Parameter `ld', specified for model `NMOS_VTL' of primitive `bsim4', has been ignored because it is an invalid instance parameter. Specify a valid model parameter and rerun the simulation. Type `spectre -h bsim4' to get more information on valid model parameters. {"history": "ExplorerRun.0", "point": 1, "testname": "project_1_inverter_1", "cornername": "Nominal"}
[2025-04-22 00:48:02.567 -0400] [INFO] [cadence.virtuoso.ade.simulationMonitor] - Peak resident memory used = 190 Mbytes. {"history": "ExplorerRun.0", "point": 1, "testname": "project_1_inverter_1", "cornername": "Nominal"}
[2025-04-22 00:48:02.567 -0400] [INFO] [cadence.virtuoso.ade.simulationMonitor] - Peak resident memory used = 190 Mbytes. {"history": "ExplorerRun.0", "point": 1, "testname": "project_1_inverter_1", "cornername": "Nominal"}
[2025-04-22 00:48:02.568 -0400] [INFO] [cadence.virtuoso.ade.simulationMonitor] - Notice from spectre during initial setup.
    Multithreading is disabled due to the size of the design being too small. {"history": "ExplorerRun.0", "point": 1, "testname": "project_1_inverter_1", "cornername": "Nominal"}
[2025-04-22 00:48:02.571 -0400] [INFO] [cadence.virtuoso.ade.simulationMonitor] -               nodes 3 {"history": "ExplorerRun.0", "point": 1, "testname": "project_1_inverter_1", "cornername": "Nominal"}
[2025-04-22 00:48:02.571 -0400] [INFO] [cadence.virtuoso.ade.simulationMonitor] - Notice from spectre during initial setup.
    Protected devices exist and are not included in the circuit inventory.
    APS enabled. {"history": "ExplorerRun.0", "point": 1, "testname": "project_1_inverter_1", "cornername": "Nominal"}
[2025-04-22 00:48:02.571 -0400] [INFO] [cadence.virtuoso.ade.simulationMonitor] - Peak resident memory used = 194 Mbytes. {"history": "ExplorerRun.0", "point": 1, "testname": "project_1_inverter_1", "cornername": "Nominal"}
[2025-04-22 00:48:02.571 -0400] [INFO] [cadence.virtuoso.ade.simulationMonitor] -    -   (APS) Multi-threading. The recommended number of threads is 1, consider adding +mt=1 on command line. {"history": "ExplorerRun.0", "point": 1, "testname": "project_1_inverter_1", "cornername": "Nominal"}
[2025-04-22 00:48:02.571 -0400] [INFO] [cadence.virtuoso.ade.simulationMonitor] - Notice from spectre during transient analysis `tran'.
    Multithreading is disabled due to the size of the design being too small. {"history": "ExplorerRun.0", "point": 1, "testname": "project_1_inverter_1", "cornername": "Nominal"}
[2025-04-22 00:48:02.572 -0400] [INFO] [cadence.virtuoso.ade.simulationMonitor] - Intrinsic tran analysis time:    CPU = 7.22 ms, elapsed = 13.7999 ms. {"history": "ExplorerRun.0", "point": 1, "testname": "project_1_inverter_1", "cornername": "Nominal"}
[2025-04-22 00:48:02.572 -0400] [INFO] [cadence.virtuoso.ade.simulationMonitor] - Total time required for tran analysis `tran': CPU = 9.659 ms, elapsed = 17.9319 ms, util. = 53.9%. {"history": "ExplorerRun.0", "point": 1, "testname": "project_1_inverter_1", "cornername": "Nominal"}
[2025-04-22 00:48:02.572 -0400] [INFO] [cadence.virtuoso.ade.simulationMonitor] - Peak resident memory used = 201 Mbytes. {"history": "ExplorerRun.0", "point": 1, "testname": "project_1_inverter_1", "cornername": "Nominal"}
[2025-04-22 00:48:02.573 -0400] [INFO] [cadence.virtuoso.ade.simulationMonitor] - Time used: CPU = 391 ms, elapsed = 473 ms, util. = 82.7%. {"history": "ExplorerRun.0", "point": 1, "testname": "project_1_inverter_1", "cornername": "Nominal"}
[2025-04-22 00:48:02.573 -0400] [INFO] [cadence.virtuoso.ade.simulationMonitor] - Time spent in licensing: elapsed = 36.6 ms, percentage of total = 7.73%. {"history": "ExplorerRun.0", "point": 1, "testname": "project_1_inverter_1", "cornername": "Nominal"}
[2025-04-22 00:48:02.574 -0400] [INFO] [cadence.virtuoso.ade.simulationMonitor] - Peak memory used = 202 Mbytes. {"history": "ExplorerRun.0", "point": 1, "testname": "project_1_inverter_1", "cornername": "Nominal"}
[2025-04-22 00:48:02.576 -0400] [PROCESS] [cadence.virtuoso.ade.simulationMonitor] - Simulation started at: 12:47:59 AM, Tue Apr 22, 2025, ended at: 12:47:59 AM, Tue Apr 22, 2025, with elapsed time (wall clock): 473 ms. {"history": "ExplorerRun.0", "point": 1, "testname": "project_1_inverter_1", "cornername": "Nominal"}
[2025-04-22 00:48:02.576 -0400] [PROCESS] [cadence.virtuoso.ade.simulationMonitor] - spectre completes with 0 errors, 2 warnings, and 5 notices. {"history": "ExplorerRun.0", "point": 1, "testname": "project_1_inverter_1", "cornername": "Nominal"}
[2025-04-22 00:48:02.576 -0400] [PROCESS] [cadence.virtuoso.ade.simulationMonitor] - Finished simulating for one point {"hostname": "ece-linlabsrv01.ece.gatech.edu", "processid": 528008, "history": "ExplorerRun.0", "testname": "project_1_inverter_1", "cornername": "Nominal", "point": 1, "logfile": "/nethome/rgoel68/ECE3150/logs_rgoel68/logs0/Job2.log", "simid": "1", "event": "finish", "category": "simulation"}
[2025-04-22 00:48:02.576 -0400] [PROCESS] [cadence.virtuoso.ade.simulationMonitor] - Simulator exited {"hostname": "ece-linlabsrv01.ece.gatech.edu", "processid": 528008, "history": "ExplorerRun.0", "testname": "project_1_inverter_1", "cornername": "Nominal", "point": 1, "logfile": "/nethome/rgoel68/ECE3150/logs_rgoel68/logs0/Job2.log", "exitStatus": "0"}
[2025-04-22 00:48:02.576 -0400] [PROCESS] [cadence.virtuoso.ade.simulationMonitor] - Finished Simulation {"hostname": "ece-linlabsrv01.ece.gatech.edu", "processid": 528008, "history": "ExplorerRun.0", "testname": "project_1_inverter_1", "cornername": "Nominal", "point": 1, "logfile": "/nethome/rgoel68/ECE3150/logs_rgoel68/logs0/Job2.log", "simid": "1", "event": "finish", "category": "obsolete"}
[2025-04-22 00:48:06.079 -0400] [PROCESS] [cadence.virtuoso.ade.simulationMonitor] - Point Finished {"hostname": "ece-linlabsrv01.ece.gatech.edu", "processid": 528008, "history": "ExplorerRun.0", "testname": "project_1_inverter_1", "cornername": "Nominal", "point": 1, "logfile": "/nethome/rgoel68/ECE3150/logs_rgoel68/logs0/Job2.log", "event": "finish", "category": "sim-eval"}
[2025-04-22 00:48:06.081 -0400] [PROCESS] [cadence.virtuoso.ade.simulationMonitor] - HostInfo:
Host name (type):	ece-linlabsrv01.ece.gatech.edu (x86_64)
Operating system:	Linux 4.18.0-553.44.1.el8_10.x86_64 #1 SMP Wed Mar 5 10:48:41 EST 2025 {"hostname": "ece-linlabsrv01.ece.gatech.edu", "processid": 528008, "history": "ExplorerRun.0", "testname": "project_1_inverter_1", "cornername": "Nominal", "point": 1, "logfile": "/nethome/rgoel68/ECE3150/logs_rgoel68/logs0/Job2.log", "nodename": "ece-linlabsrv01.ece.gatech.edu", "domainname": "(none)", "machine": "x86_64", "sysname": "Linux", "release": "4.18.0-553.44.1.el8_10.x86_64", "version": "#1 SMP Wed Mar 5 10:48:41 EST 2025"}
[2025-04-22 00:48:06.082 -0400] [PROCESS] [cadence.virtuoso.ade.simulationMonitor] - UsageInfo:
pid=528008
totalPhysicalMemory=186.850849GB,Used=149.402596GB,totalVirtualMemory=250.850845GB,Used=208.110378GB
Cpu: Cores=112, Load average:35.490000,33.240000,32.890000 {"hostname": "ece-linlabsrv01.ece.gatech.edu", "processid": 528008, "history": "ExplorerRun.0", "testname": "project_1_inverter_1", "cornername": "Nominal", "point": 1, "logfile": "/nethome/rgoel68/ECE3150/logs_rgoel68/logs0/Job2.log", "pid": "528008", "totalPhysicalMemory": "186.850849", "physicalMemoryUsed": "149.402596", "totalVirtualMemory": "250.850845", "virtualMemoryUsed": "208.110378", "cpuCores": "112", "processes": "21026", "loadAverage1": "35.490000", "loadAverage5": "33.240000", "loadAverage15": "32.890000", "loadAverage1Percent": "0.316875"}
[2025-04-22 00:48:06.085 -0400] [EVENT] [cadence.virtuoso.ade.simulationMonitor] - NewPoint {"history": "ExplorerRun.0", "point": 2, "testname": "project_1_inverter_1", "cornername": "Nominal", "event": "NewPoint", "EventSource": "Simulation Monitor", "HistoryName": "ExplorerRun.0", "logFile": "/nethome/rgoel68/ECE3150/logs_rgoel68/logs0/Job2.log", "logFileSize": "14177", "category": "simulation"}
[2025-04-22 00:48:06.287 -0400] [EVENT] [cadence.virtuoso.ade.simulationMonitor] - NewPoint {"history": "ExplorerRun.0", "point": 2, "testname": "project_1_inverter_1", "cornername": "Nominal", "event": "NewPoint", "EventSource": "spectre", "HistoryName": "ExplorerRun.0", "logFile": "/nethome/rgoel68/simulation/project_1/inverter/maestro/results/maestro/ExplorerRun.0/2/project_1_inverter_1/psf/spectre.out", "logFileSize": "-1", "category": "simulation"}
[2025-04-22 00:48:06.521 -0400] [PROCESS] [cadence.virtuoso.ade.simulationMonitor] - Simulator launched {"hostname": "ece-linlabsrv01.ece.gatech.edu", "processid": 528008, "history": "ExplorerRun.0", "testname": "project_1_inverter_1", "cornername": "Nominal", "point": 2, "logfile": "/nethome/rgoel68/ECE3150/logs_rgoel68/logs0/Job2.log", "simid": "2", "event": "launch", "category": "simulation"}
[2025-04-22 00:48:09.917 -0400] [INFO] [cadence.virtuoso.ade.simulationMonitor] - Peak resident memory used = 179 Mbytes. {"history": "ExplorerRun.0", "point": 2, "testname": "project_1_inverter_1", "cornername": "Nominal"}
[2025-04-22 00:48:09.917 -0400] [WARN] [cadence.virtuoso.ade.simulationMonitor] -     WARNING (SFE-102): "netlist" 6: Parameter `ld', specified for model `PMOS_VTL' of primitive `bsim4', has been ignored because it is an invalid instance parameter. Specify a valid model parameter and rerun the simulation. Type `spectre -h bsim4' to get more information on valid model parameters. {"history": "ExplorerRun.0", "point": 2, "testname": "project_1_inverter_1", "cornername": "Nominal"}
[2025-04-22 00:48:09.917 -0400] [WARN] [cadence.virtuoso.ade.simulationMonitor] -     WARNING (SFE-102): "netlist" 8: Parameter `ld', specified for model `NMOS_VTL' of primitive `bsim4', has been ignored because it is an invalid instance parameter. Specify a valid model parameter and rerun the simulation. Type `spectre -h bsim4' to get more information on valid model parameters. {"history": "ExplorerRun.0", "point": 2, "testname": "project_1_inverter_1", "cornername": "Nominal"}
[2025-04-22 00:48:09.917 -0400] [INFO] [cadence.virtuoso.ade.simulationMonitor] - Peak resident memory used = 188 Mbytes. {"history": "ExplorerRun.0", "point": 2, "testname": "project_1_inverter_1", "cornername": "Nominal"}
[2025-04-22 00:48:09.918 -0400] [INFO] [cadence.virtuoso.ade.simulationMonitor] - Peak resident memory used = 188 Mbytes. {"history": "ExplorerRun.0", "point": 2, "testname": "project_1_inverter_1", "cornername": "Nominal"}
[2025-04-22 00:48:09.918 -0400] [INFO] [cadence.virtuoso.ade.simulationMonitor] - Notice from spectre during initial setup.
    Multithreading is disabled due to the size of the design being too small. {"history": "ExplorerRun.0", "point": 2, "testname": "project_1_inverter_1", "cornername": "Nominal"}
[2025-04-22 00:48:09.921 -0400] [INFO] [cadence.virtuoso.ade.simulationMonitor] -               nodes 3 {"history": "ExplorerRun.0", "point": 2, "testname": "project_1_inverter_1", "cornername": "Nominal"}
[2025-04-22 00:48:09.921 -0400] [INFO] [cadence.virtuoso.ade.simulationMonitor] - Notice from spectre during initial setup.
    Protected devices exist and are not included in the circuit inventory.
    APS enabled. {"history": "ExplorerRun.0", "point": 2, "testname": "project_1_inverter_1", "cornername": "Nominal"}
[2025-04-22 00:48:09.921 -0400] [INFO] [cadence.virtuoso.ade.simulationMonitor] - Peak resident memory used = 191 Mbytes. {"history": "ExplorerRun.0", "point": 2, "testname": "project_1_inverter_1", "cornername": "Nominal"}
[2025-04-22 00:48:09.922 -0400] [INFO] [cadence.virtuoso.ade.simulationMonitor] -    -   (APS) Multi-threading. The recommended number of threads is 1, consider adding +mt=1 on command line. {"history": "ExplorerRun.0", "point": 2, "testname": "project_1_inverter_1", "cornername": "Nominal"}
[2025-04-22 00:48:09.922 -0400] [INFO] [cadence.virtuoso.ade.simulationMonitor] - Notice from spectre during transient analysis `tran'.
    Multithreading is disabled due to the size of the design being too small. {"history": "ExplorerRun.0", "point": 2, "testname": "project_1_inverter_1", "cornername": "Nominal"}
[2025-04-22 00:48:09.923 -0400] [INFO] [cadence.virtuoso.ade.simulationMonitor] - Intrinsic tran analysis time:    CPU = 6.937 ms, elapsed = 12.9139 ms. {"history": "ExplorerRun.0", "point": 2, "testname": "project_1_inverter_1", "cornername": "Nominal"}
[2025-04-22 00:48:09.923 -0400] [INFO] [cadence.virtuoso.ade.simulationMonitor] - Total time required for tran analysis `tran': CPU = 9.131 ms, elapsed = 16.573 ms, util. = 55.1%. {"history": "ExplorerRun.0", "point": 2, "testname": "project_1_inverter_1", "cornername": "Nominal"}
[2025-04-22 00:48:09.923 -0400] [INFO] [cadence.virtuoso.ade.simulationMonitor] - Peak resident memory used = 199 Mbytes. {"history": "ExplorerRun.0", "point": 2, "testname": "project_1_inverter_1", "cornername": "Nominal"}
[2025-04-22 00:48:09.924 -0400] [INFO] [cadence.virtuoso.ade.simulationMonitor] - Time used: CPU = 413 ms, elapsed = 469 ms, util. = 88%. {"history": "ExplorerRun.0", "point": 2, "testname": "project_1_inverter_1", "cornername": "Nominal"}
[2025-04-22 00:48:09.924 -0400] [INFO] [cadence.virtuoso.ade.simulationMonitor] - Time spent in licensing: elapsed = 36.3 ms, percentage of total = 7.73%. {"history": "ExplorerRun.0", "point": 2, "testname": "project_1_inverter_1", "cornername": "Nominal"}
[2025-04-22 00:48:09.925 -0400] [INFO] [cadence.virtuoso.ade.simulationMonitor] - Peak memory used = 200 Mbytes. {"history": "ExplorerRun.0", "point": 2, "testname": "project_1_inverter_1", "cornername": "Nominal"}
[2025-04-22 00:48:09.926 -0400] [PROCESS] [cadence.virtuoso.ade.simulationMonitor] - Simulation started at: 12:48:06 AM, Tue Apr 22, 2025, ended at: 12:48:07 AM, Tue Apr 22, 2025, with elapsed time (wall clock): 469 ms. {"history": "ExplorerRun.0", "point": 2, "testname": "project_1_inverter_1", "cornername": "Nominal"}
[2025-04-22 00:48:09.927 -0400] [PROCESS] [cadence.virtuoso.ade.simulationMonitor] - spectre completes with 0 errors, 2 warnings, and 5 notices. {"history": "ExplorerRun.0", "point": 2, "testname": "project_1_inverter_1", "cornername": "Nominal"}
[2025-04-22 00:48:09.927 -0400] [PROCESS] [cadence.virtuoso.ade.simulationMonitor] - Finished simulating for one point {"hostname": "ece-linlabsrv01.ece.gatech.edu", "processid": 528008, "history": "ExplorerRun.0", "testname": "project_1_inverter_1", "cornername": "Nominal", "point": 2, "logfile": "/nethome/rgoel68/ECE3150/logs_rgoel68/logs0/Job2.log", "simid": "2", "event": "finish", "category": "simulation"}
[2025-04-22 00:48:09.927 -0400] [PROCESS] [cadence.virtuoso.ade.simulationMonitor] - Simulator exited {"hostname": "ece-linlabsrv01.ece.gatech.edu", "processid": 528008, "history": "ExplorerRun.0", "testname": "project_1_inverter_1", "cornername": "Nominal", "point": 2, "logfile": "/nethome/rgoel68/ECE3150/logs_rgoel68/logs0/Job2.log", "exitStatus": "0"}
[2025-04-22 00:48:09.927 -0400] [PROCESS] [cadence.virtuoso.ade.simulationMonitor] - Finished Simulation {"hostname": "ece-linlabsrv01.ece.gatech.edu", "processid": 528008, "history": "ExplorerRun.0", "testname": "project_1_inverter_1", "cornername": "Nominal", "point": 2, "logfile": "/nethome/rgoel68/ECE3150/logs_rgoel68/logs0/Job2.log", "simid": "2", "event": "finish", "category": "obsolete"}
[2025-04-22 00:48:11.432 -0400] [PROCESS] [cadence.virtuoso.ade.simulationMonitor] - Point Finished {"hostname": "ece-linlabsrv01.ece.gatech.edu", "processid": 528008, "history": "ExplorerRun.0", "testname": "project_1_inverter_1", "cornername": "Nominal", "point": 2, "logfile": "/nethome/rgoel68/ECE3150/logs_rgoel68/logs0/Job2.log", "event": "finish", "category": "sim-eval"}
[2025-04-22 00:48:11.434 -0400] [PROCESS] [cadence.virtuoso.ade.simulationMonitor] - HostInfo:
Host name (type):	ece-linlabsrv01.ece.gatech.edu (x86_64)
Operating system:	Linux 4.18.0-553.44.1.el8_10.x86_64 #1 SMP Wed Mar 5 10:48:41 EST 2025 {"hostname": "ece-linlabsrv01.ece.gatech.edu", "processid": 528008, "history": "ExplorerRun.0", "testname": "project_1_inverter_1", "cornername": "Nominal", "point": 2, "logfile": "/nethome/rgoel68/ECE3150/logs_rgoel68/logs0/Job2.log", "nodename": "ece-linlabsrv01.ece.gatech.edu", "domainname": "(none)", "machine": "x86_64", "sysname": "Linux", "release": "4.18.0-553.44.1.el8_10.x86_64", "version": "#1 SMP Wed Mar 5 10:48:41 EST 2025"}
[2025-04-22 00:48:11.434 -0400] [PROCESS] [cadence.virtuoso.ade.simulationMonitor] - UsageInfo:
pid=528008
totalPhysicalMemory=186.850849GB,Used=149.532959GB,totalVirtualMemory=250.850845GB,Used=208.240742GB
Cpu: Cores=112, Load average:35.180000,33.250000,32.900000 {"hostname": "ece-linlabsrv01.ece.gatech.edu", "processid": 528008, "history": "ExplorerRun.0", "testname": "project_1_inverter_1", "cornername": "Nominal", "point": 2, "logfile": "/nethome/rgoel68/ECE3150/logs_rgoel68/logs0/Job2.log", "pid": "528008", "totalPhysicalMemory": "186.850849", "physicalMemoryUsed": "149.532959", "totalVirtualMemory": "250.850845", "virtualMemoryUsed": "208.240742", "cpuCores": "112", "processes": "21025", "loadAverage1": "35.180000", "loadAverage5": "33.250000", "loadAverage15": "32.900000", "loadAverage1Percent": "0.314107"}
[2025-04-22 00:48:11.438 -0400] [EVENT] [cadence.virtuoso.ade.simulationMonitor] - NewPoint {"history": "ExplorerRun.0", "point": 3, "testname": "project_1_inverter_1", "cornername": "Nominal", "event": "NewPoint", "EventSource": "Simulation Monitor", "HistoryName": "ExplorerRun.0", "logFile": "/nethome/rgoel68/ECE3150/logs_rgoel68/logs0/Job2.log", "logFileSize": "23836", "category": "simulation"}
[2025-04-22 00:48:11.654 -0400] [EVENT] [cadence.virtuoso.ade.simulationMonitor] - NewPoint {"history": "ExplorerRun.0", "point": 3, "testname": "project_1_inverter_1", "cornername": "Nominal", "event": "NewPoint", "EventSource": "spectre", "HistoryName": "ExplorerRun.0", "logFile": "/nethome/rgoel68/simulation/project_1/inverter/maestro/results/maestro/ExplorerRun.0/3/project_1_inverter_1/psf/spectre.out", "logFileSize": "-1", "category": "simulation"}
[2025-04-22 00:48:11.965 -0400] [PROCESS] [cadence.virtuoso.ade.simulationMonitor] - Simulator launched {"hostname": "ece-linlabsrv01.ece.gatech.edu", "processid": 528008, "history": "ExplorerRun.0", "testname": "project_1_inverter_1", "cornername": "Nominal", "point": 3, "logfile": "/nethome/rgoel68/ECE3150/logs_rgoel68/logs0/Job2.log", "simid": "3", "event": "launch", "category": "simulation"}
[2025-04-22 00:48:15.292 -0400] [INFO] [cadence.virtuoso.ade.simulationMonitor] - Peak resident memory used = 176 Mbytes. {"history": "ExplorerRun.0", "point": 3, "testname": "project_1_inverter_1", "cornername": "Nominal"}
[2025-04-22 00:48:15.292 -0400] [WARN] [cadence.virtuoso.ade.simulationMonitor] -     WARNING (SFE-102): "netlist" 6: Parameter `ld', specified for model `PMOS_VTL' of primitive `bsim4', has been ignored because it is an invalid instance parameter. Specify a valid model parameter and rerun the simulation. Type `spectre -h bsim4' to get more information on valid model parameters. {"history": "ExplorerRun.0", "point": 3, "testname": "project_1_inverter_1", "cornername": "Nominal"}
[2025-04-22 00:48:15.292 -0400] [WARN] [cadence.virtuoso.ade.simulationMonitor] -     WARNING (SFE-102): "netlist" 8: Parameter `ld', specified for model `NMOS_VTL' of primitive `bsim4', has been ignored because it is an invalid instance parameter. Specify a valid model parameter and rerun the simulation. Type `spectre -h bsim4' to get more information on valid model parameters. {"history": "ExplorerRun.0", "point": 3, "testname": "project_1_inverter_1", "cornername": "Nominal"}
[2025-04-22 00:48:15.292 -0400] [INFO] [cadence.virtuoso.ade.simulationMonitor] - Peak resident memory used = 185 Mbytes. {"history": "ExplorerRun.0", "point": 3, "testname": "project_1_inverter_1", "cornername": "Nominal"}
[2025-04-22 00:48:15.292 -0400] [INFO] [cadence.virtuoso.ade.simulationMonitor] - Peak resident memory used = 185 Mbytes. {"history": "ExplorerRun.0", "point": 3, "testname": "project_1_inverter_1", "cornername": "Nominal"}
[2025-04-22 00:48:15.292 -0400] [INFO] [cadence.virtuoso.ade.simulationMonitor] - Notice from spectre during initial setup.
    Multithreading is disabled due to the size of the design being too small. {"history": "ExplorerRun.0", "point": 3, "testname": "project_1_inverter_1", "cornername": "Nominal"}
[2025-04-22 00:48:15.296 -0400] [INFO] [cadence.virtuoso.ade.simulationMonitor] -               nodes 3 {"history": "ExplorerRun.0", "point": 3, "testname": "project_1_inverter_1", "cornername": "Nominal"}
[2025-04-22 00:48:15.296 -0400] [INFO] [cadence.virtuoso.ade.simulationMonitor] - Notice from spectre during initial setup.
    Protected devices exist and are not included in the circuit inventory.
    APS enabled. {"history": "ExplorerRun.0", "point": 3, "testname": "project_1_inverter_1", "cornername": "Nominal"}
[2025-04-22 00:48:15.296 -0400] [INFO] [cadence.virtuoso.ade.simulationMonitor] - Peak resident memory used = 188 Mbytes. {"history": "ExplorerRun.0", "point": 3, "testname": "project_1_inverter_1", "cornername": "Nominal"}
[2025-04-22 00:48:15.296 -0400] [INFO] [cadence.virtuoso.ade.simulationMonitor] -    -   (APS) Multi-threading. The recommended number of threads is 1, consider adding +mt=1 on command line. {"history": "ExplorerRun.0", "point": 3, "testname": "project_1_inverter_1", "cornername": "Nominal"}
[2025-04-22 00:48:15.297 -0400] [INFO] [cadence.virtuoso.ade.simulationMonitor] - Notice from spectre during transient analysis `tran'.
    Multithreading is disabled due to the size of the design being too small. {"history": "ExplorerRun.0", "point": 3, "testname": "project_1_inverter_1", "cornername": "Nominal"}
[2025-04-22 00:48:15.297 -0400] [INFO] [cadence.virtuoso.ade.simulationMonitor] - Intrinsic tran analysis time:    CPU = 7.069 ms, elapsed = 13.1021 ms. {"history": "ExplorerRun.0", "point": 3, "testname": "project_1_inverter_1", "cornername": "Nominal"}
[2025-04-22 00:48:15.297 -0400] [INFO] [cadence.virtuoso.ade.simulationMonitor] - Total time required for tran analysis `tran': CPU = 9.294 ms, elapsed = 16.9339 ms, util. = 54.9%. {"history": "ExplorerRun.0", "point": 3, "testname": "project_1_inverter_1", "cornername": "Nominal"}
[2025-04-22 00:48:15.297 -0400] [INFO] [cadence.virtuoso.ade.simulationMonitor] - Peak resident memory used = 196 Mbytes. {"history": "ExplorerRun.0", "point": 3, "testname": "project_1_inverter_1", "cornername": "Nominal"}
[2025-04-22 00:48:15.299 -0400] [INFO] [cadence.virtuoso.ade.simulationMonitor] - Time used: CPU = 414 ms, elapsed = 468 ms, util. = 88.4%. {"history": "ExplorerRun.0", "point": 3, "testname": "project_1_inverter_1", "cornername": "Nominal"}
[2025-04-22 00:48:15.299 -0400] [INFO] [cadence.virtuoso.ade.simulationMonitor] - Time spent in licensing: elapsed = 36.6 ms, percentage of total = 7.81%. {"history": "ExplorerRun.0", "point": 3, "testname": "project_1_inverter_1", "cornername": "Nominal"}
[2025-04-22 00:48:15.300 -0400] [INFO] [cadence.virtuoso.ade.simulationMonitor] - Peak memory used = 197 Mbytes. {"history": "ExplorerRun.0", "point": 3, "testname": "project_1_inverter_1", "cornername": "Nominal"}
[2025-04-22 00:48:15.301 -0400] [PROCESS] [cadence.virtuoso.ade.simulationMonitor] - Simulation started at: 12:48:12 AM, Tue Apr 22, 2025, ended at: 12:48:12 AM, Tue Apr 22, 2025, with elapsed time (wall clock): 468 ms. {"history": "ExplorerRun.0", "point": 3, "testname": "project_1_inverter_1", "cornername": "Nominal"}
[2025-04-22 00:48:15.302 -0400] [PROCESS] [cadence.virtuoso.ade.simulationMonitor] - spectre completes with 0 errors, 2 warnings, and 5 notices. {"history": "ExplorerRun.0", "point": 3, "testname": "project_1_inverter_1", "cornername": "Nominal"}
[2025-04-22 00:48:15.302 -0400] [PROCESS] [cadence.virtuoso.ade.simulationMonitor] - Finished simulating for one point {"hostname": "ece-linlabsrv01.ece.gatech.edu", "processid": 528008, "history": "ExplorerRun.0", "testname": "project_1_inverter_1", "cornername": "Nominal", "point": 3, "logfile": "/nethome/rgoel68/ECE3150/logs_rgoel68/logs0/Job2.log", "simid": "3", "event": "finish", "category": "simulation"}
[2025-04-22 00:48:15.302 -0400] [PROCESS] [cadence.virtuoso.ade.simulationMonitor] - Simulator exited {"hostname": "ece-linlabsrv01.ece.gatech.edu", "processid": 528008, "history": "ExplorerRun.0", "testname": "project_1_inverter_1", "cornername": "Nominal", "point": 3, "logfile": "/nethome/rgoel68/ECE3150/logs_rgoel68/logs0/Job2.log", "exitStatus": "0"}
[2025-04-22 00:48:15.302 -0400] [PROCESS] [cadence.virtuoso.ade.simulationMonitor] - Finished Simulation {"hostname": "ece-linlabsrv01.ece.gatech.edu", "processid": 528008, "history": "ExplorerRun.0", "testname": "project_1_inverter_1", "cornername": "Nominal", "point": 3, "logfile": "/nethome/rgoel68/ECE3150/logs_rgoel68/logs0/Job2.log", "simid": "3", "event": "finish", "category": "obsolete"}
[2025-04-22 00:48:16.806 -0400] [PROCESS] [cadence.virtuoso.ade.simulationMonitor] - Point Finished {"hostname": "ece-linlabsrv01.ece.gatech.edu", "processid": 528008, "history": "ExplorerRun.0", "testname": "project_1_inverter_1", "cornername": "Nominal", "point": 3, "logfile": "/nethome/rgoel68/ECE3150/logs_rgoel68/logs0/Job2.log", "event": "finish", "category": "sim-eval"}
[2025-04-22 00:48:16.807 -0400] [PROCESS] [cadence.virtuoso.ade.simulationMonitor] - HostInfo:
Host name (type):	ece-linlabsrv01.ece.gatech.edu (x86_64)
Operating system:	Linux 4.18.0-553.44.1.el8_10.x86_64 #1 SMP Wed Mar 5 10:48:41 EST 2025 {"hostname": "ece-linlabsrv01.ece.gatech.edu", "processid": 528008, "history": "ExplorerRun.0", "testname": "project_1_inverter_1", "cornername": "Nominal", "point": 3, "logfile": "/nethome/rgoel68/ECE3150/logs_rgoel68/logs0/Job2.log", "nodename": "ece-linlabsrv01.ece.gatech.edu", "domainname": "(none)", "machine": "x86_64", "sysname": "Linux", "release": "4.18.0-553.44.1.el8_10.x86_64", "version": "#1 SMP Wed Mar 5 10:48:41 EST 2025"}
[2025-04-22 00:48:16.808 -0400] [PROCESS] [cadence.virtuoso.ade.simulationMonitor] - UsageInfo:
pid=528008
totalPhysicalMemory=186.850849GB,Used=149.365353GB,totalVirtualMemory=250.850845GB,Used=208.073135GB
Cpu: Cores=112, Load average:35.010000,33.240000,32.900000 {"hostname": "ece-linlabsrv01.ece.gatech.edu", "processid": 528008, "history": "ExplorerRun.0", "testname": "project_1_inverter_1", "cornername": "Nominal", "point": 3, "logfile": "/nethome/rgoel68/ECE3150/logs_rgoel68/logs0/Job2.log", "pid": "528008", "totalPhysicalMemory": "186.850849", "physicalMemoryUsed": "149.365353", "totalVirtualMemory": "250.850845", "virtualMemoryUsed": "208.073135", "cpuCores": "112", "processes": "21019", "loadAverage1": "35.010000", "loadAverage5": "33.240000", "loadAverage15": "32.900000", "loadAverage1Percent": "0.312589"}
[2025-04-22 00:48:16.811 -0400] [EVENT] [cadence.virtuoso.ade.simulationMonitor] - NewPoint {"history": "ExplorerRun.0", "point": 4, "testname": "project_1_inverter_1", "cornername": "Nominal", "event": "NewPoint", "EventSource": "Simulation Monitor", "HistoryName": "ExplorerRun.0", "logFile": "/nethome/rgoel68/ECE3150/logs_rgoel68/logs0/Job2.log", "logFileSize": "33498", "category": "simulation"}
[2025-04-22 00:48:17.013 -0400] [EVENT] [cadence.virtuoso.ade.simulationMonitor] - NewPoint {"history": "ExplorerRun.0", "point": 4, "testname": "project_1_inverter_1", "cornername": "Nominal", "event": "NewPoint", "EventSource": "spectre", "HistoryName": "ExplorerRun.0", "logFile": "/nethome/rgoel68/simulation/project_1/inverter/maestro/results/maestro/ExplorerRun.0/4/project_1_inverter_1/psf/spectre.out", "logFileSize": "-1", "category": "simulation"}
[2025-04-22 00:48:17.220 -0400] [PROCESS] [cadence.virtuoso.ade.simulationMonitor] - Simulator launched {"hostname": "ece-linlabsrv01.ece.gatech.edu", "processid": 528008, "history": "ExplorerRun.0", "testname": "project_1_inverter_1", "cornername": "Nominal", "point": 4, "logfile": "/nethome/rgoel68/ECE3150/logs_rgoel68/logs0/Job2.log", "simid": "4", "event": "launch", "category": "simulation"}
[2025-04-22 00:48:20.491 -0400] [INFO] [cadence.virtuoso.ade.simulationMonitor] - Peak resident memory used = 176 Mbytes. {"history": "ExplorerRun.0", "point": 4, "testname": "project_1_inverter_1", "cornername": "Nominal"}
[2025-04-22 00:48:20.491 -0400] [WARN] [cadence.virtuoso.ade.simulationMonitor] -     WARNING (SFE-102): "netlist" 6: Parameter `ld', specified for model `PMOS_VTL' of primitive `bsim4', has been ignored because it is an invalid instance parameter. Specify a valid model parameter and rerun the simulation. Type `spectre -h bsim4' to get more information on valid model parameters. {"history": "ExplorerRun.0", "point": 4, "testname": "project_1_inverter_1", "cornername": "Nominal"}
[2025-04-22 00:48:20.491 -0400] [WARN] [cadence.virtuoso.ade.simulationMonitor] -     WARNING (SFE-102): "netlist" 8: Parameter `ld', specified for model `NMOS_VTL' of primitive `bsim4', has been ignored because it is an invalid instance parameter. Specify a valid model parameter and rerun the simulation. Type `spectre -h bsim4' to get more information on valid model parameters. {"history": "ExplorerRun.0", "point": 4, "testname": "project_1_inverter_1", "cornername": "Nominal"}
[2025-04-22 00:48:20.491 -0400] [INFO] [cadence.virtuoso.ade.simulationMonitor] - Peak resident memory used = 184 Mbytes. {"history": "ExplorerRun.0", "point": 4, "testname": "project_1_inverter_1", "cornername": "Nominal"}
[2025-04-22 00:48:20.491 -0400] [INFO] [cadence.virtuoso.ade.simulationMonitor] - Peak resident memory used = 184 Mbytes. {"history": "ExplorerRun.0", "point": 4, "testname": "project_1_inverter_1", "cornername": "Nominal"}
[2025-04-22 00:48:20.491 -0400] [INFO] [cadence.virtuoso.ade.simulationMonitor] - Notice from spectre during initial setup.
    Multithreading is disabled due to the size of the design being too small. {"history": "ExplorerRun.0", "point": 4, "testname": "project_1_inverter_1", "cornername": "Nominal"}
[2025-04-22 00:48:20.494 -0400] [INFO] [cadence.virtuoso.ade.simulationMonitor] -               nodes 3 {"history": "ExplorerRun.0", "point": 4, "testname": "project_1_inverter_1", "cornername": "Nominal"}
[2025-04-22 00:48:20.494 -0400] [INFO] [cadence.virtuoso.ade.simulationMonitor] - Notice from spectre during initial setup.
    Protected devices exist and are not included in the circuit inventory.
    APS enabled. {"history": "ExplorerRun.0", "point": 4, "testname": "project_1_inverter_1", "cornername": "Nominal"}
[2025-04-22 00:48:20.494 -0400] [INFO] [cadence.virtuoso.ade.simulationMonitor] - Peak resident memory used = 187 Mbytes. {"history": "ExplorerRun.0", "point": 4, "testname": "project_1_inverter_1", "cornername": "Nominal"}
[2025-04-22 00:48:20.495 -0400] [INFO] [cadence.virtuoso.ade.simulationMonitor] -    -   (APS) Multi-threading. The recommended number of threads is 1, consider adding +mt=1 on command line. {"history": "ExplorerRun.0", "point": 4, "testname": "project_1_inverter_1", "cornername": "Nominal"}
[2025-04-22 00:48:20.495 -0400] [INFO] [cadence.virtuoso.ade.simulationMonitor] - Notice from spectre during transient analysis `tran'.
    Multithreading is disabled due to the size of the design being too small. {"history": "ExplorerRun.0", "point": 4, "testname": "project_1_inverter_1", "cornername": "Nominal"}
[2025-04-22 00:48:20.496 -0400] [INFO] [cadence.virtuoso.ade.simulationMonitor] - Intrinsic tran analysis time:    CPU = 6.983 ms, elapsed = 13.2411 ms. {"history": "ExplorerRun.0", "point": 4, "testname": "project_1_inverter_1", "cornername": "Nominal"}
[2025-04-22 00:48:20.496 -0400] [INFO] [cadence.virtuoso.ade.simulationMonitor] - Total time required for tran analysis `tran': CPU = 9.322 ms, elapsed = 16.912 ms, util. = 55.1%. {"history": "ExplorerRun.0", "point": 4, "testname": "project_1_inverter_1", "cornername": "Nominal"}
[2025-04-22 00:48:20.496 -0400] [INFO] [cadence.virtuoso.ade.simulationMonitor] - Peak resident memory used = 196 Mbytes. {"history": "ExplorerRun.0", "point": 4, "testname": "project_1_inverter_1", "cornername": "Nominal"}
[2025-04-22 00:48:20.497 -0400] [INFO] [cadence.virtuoso.ade.simulationMonitor] - Time used: CPU = 395 ms, elapsed = 467 ms, util. = 84.7%. {"history": "ExplorerRun.0", "point": 4, "testname": "project_1_inverter_1", "cornername": "Nominal"}
[2025-04-22 00:48:20.497 -0400] [INFO] [cadence.virtuoso.ade.simulationMonitor] - Time spent in licensing: elapsed = 35.9 ms, percentage of total = 7.7%. {"history": "ExplorerRun.0", "point": 4, "testname": "project_1_inverter_1", "cornername": "Nominal"}
[2025-04-22 00:48:20.498 -0400] [INFO] [cadence.virtuoso.ade.simulationMonitor] - Peak memory used = 197 Mbytes. {"history": "ExplorerRun.0", "point": 4, "testname": "project_1_inverter_1", "cornername": "Nominal"}
[2025-04-22 00:48:20.499 -0400] [PROCESS] [cadence.virtuoso.ade.simulationMonitor] - Simulation started at: 12:48:17 AM, Tue Apr 22, 2025, ended at: 12:48:18 AM, Tue Apr 22, 2025, with elapsed time (wall clock): 467 ms. {"history": "ExplorerRun.0", "point": 4, "testname": "project_1_inverter_1", "cornername": "Nominal"}
[2025-04-22 00:48:20.499 -0400] [PROCESS] [cadence.virtuoso.ade.simulationMonitor] - spectre completes with 0 errors, 2 warnings, and 5 notices. {"history": "ExplorerRun.0", "point": 4, "testname": "project_1_inverter_1", "cornername": "Nominal"}
[2025-04-22 00:48:20.499 -0400] [PROCESS] [cadence.virtuoso.ade.simulationMonitor] - Finished simulating for one point {"hostname": "ece-linlabsrv01.ece.gatech.edu", "processid": 528008, "history": "ExplorerRun.0", "testname": "project_1_inverter_1", "cornername": "Nominal", "point": 4, "logfile": "/nethome/rgoel68/ECE3150/logs_rgoel68/logs0/Job2.log", "simid": "4", "event": "finish", "category": "simulation"}
[2025-04-22 00:48:20.499 -0400] [PROCESS] [cadence.virtuoso.ade.simulationMonitor] - Simulator exited {"hostname": "ece-linlabsrv01.ece.gatech.edu", "processid": 528008, "history": "ExplorerRun.0", "testname": "project_1_inverter_1", "cornername": "Nominal", "point": 4, "logfile": "/nethome/rgoel68/ECE3150/logs_rgoel68/logs0/Job2.log", "exitStatus": "0"}
[2025-04-22 00:48:20.499 -0400] [PROCESS] [cadence.virtuoso.ade.simulationMonitor] - Finished Simulation {"hostname": "ece-linlabsrv01.ece.gatech.edu", "processid": 528008, "history": "ExplorerRun.0", "testname": "project_1_inverter_1", "cornername": "Nominal", "point": 4, "logfile": "/nethome/rgoel68/ECE3150/logs_rgoel68/logs0/Job2.log", "simid": "4", "event": "finish", "category": "obsolete"}
[2025-04-22 00:48:22.002 -0400] [PROCESS] [cadence.virtuoso.ade.simulationMonitor] - Point Finished {"hostname": "ece-linlabsrv01.ece.gatech.edu", "processid": 528008, "history": "ExplorerRun.0", "testname": "project_1_inverter_1", "cornername": "Nominal", "point": 4, "logfile": "/nethome/rgoel68/ECE3150/logs_rgoel68/logs0/Job2.log", "event": "finish", "category": "sim-eval"}
[2025-04-22 00:48:22.004 -0400] [PROCESS] [cadence.virtuoso.ade.simulationMonitor] - HostInfo:
Host name (type):	ece-linlabsrv01.ece.gatech.edu (x86_64)
Operating system:	Linux 4.18.0-553.44.1.el8_10.x86_64 #1 SMP Wed Mar 5 10:48:41 EST 2025 {"hostname": "ece-linlabsrv01.ece.gatech.edu", "processid": 528008, "history": "ExplorerRun.0", "testname": "project_1_inverter_1", "cornername": "Nominal", "point": 4, "logfile": "/nethome/rgoel68/ECE3150/logs_rgoel68/logs0/Job2.log", "nodename": "ece-linlabsrv01.ece.gatech.edu", "domainname": "(none)", "machine": "x86_64", "sysname": "Linux", "release": "4.18.0-553.44.1.el8_10.x86_64", "version": "#1 SMP Wed Mar 5 10:48:41 EST 2025"}
[2025-04-22 00:48:22.004 -0400] [PROCESS] [cadence.virtuoso.ade.simulationMonitor] - UsageInfo:
pid=528008
totalPhysicalMemory=186.850849GB,Used=149.491081GB,totalVirtualMemory=250.850845GB,Used=208.198864GB
Cpu: Cores=112, Load average:34.770000,33.220000,32.890000 {"hostname": "ece-linlabsrv01.ece.gatech.edu", "processid": 528008, "history": "ExplorerRun.0", "testname": "project_1_inverter_1", "cornername": "Nominal", "point": 4, "logfile": "/nethome/rgoel68/ECE3150/logs_rgoel68/logs0/Job2.log", "pid": "528008", "totalPhysicalMemory": "186.850849", "physicalMemoryUsed": "149.491081", "totalVirtualMemory": "250.850845", "virtualMemoryUsed": "208.198864", "cpuCores": "112", "processes": "21020", "loadAverage1": "34.770000", "loadAverage5": "33.220000", "loadAverage15": "32.890000", "loadAverage1Percent": "0.310446"}
[2025-04-22 00:48:22.008 -0400] [EVENT] [cadence.virtuoso.ade.simulationMonitor] - NewPoint {"history": "ExplorerRun.0", "point": 5, "testname": "project_1_inverter_1", "cornername": "Nominal", "event": "NewPoint", "EventSource": "Simulation Monitor", "HistoryName": "ExplorerRun.0", "logFile": "/nethome/rgoel68/ECE3150/logs_rgoel68/logs0/Job2.log", "logFileSize": "43158", "category": "simulation"}
[2025-04-22 00:48:22.210 -0400] [EVENT] [cadence.virtuoso.ade.simulationMonitor] - NewPoint {"history": "ExplorerRun.0", "point": 5, "testname": "project_1_inverter_1", "cornername": "Nominal", "event": "NewPoint", "EventSource": "spectre", "HistoryName": "ExplorerRun.0", "logFile": "/nethome/rgoel68/simulation/project_1/inverter/maestro/results/maestro/ExplorerRun.0/5/project_1_inverter_1/psf/spectre.out", "logFileSize": "-1", "category": "simulation"}
[2025-04-22 00:48:22.412 -0400] [PROCESS] [cadence.virtuoso.ade.simulationMonitor] - Simulator launched {"hostname": "ece-linlabsrv01.ece.gatech.edu", "processid": 528008, "history": "ExplorerRun.0", "testname": "project_1_inverter_1", "cornername": "Nominal", "point": 5, "logfile": "/nethome/rgoel68/ECE3150/logs_rgoel68/logs0/Job2.log", "simid": "5", "event": "launch", "category": "simulation"}
[2025-04-22 00:48:25.797 -0400] [INFO] [cadence.virtuoso.ade.simulationMonitor] - Peak resident memory used = 177 Mbytes. {"history": "ExplorerRun.0", "point": 5, "testname": "project_1_inverter_1", "cornername": "Nominal"}
[2025-04-22 00:48:25.797 -0400] [WARN] [cadence.virtuoso.ade.simulationMonitor] -     WARNING (SFE-102): "netlist" 6: Parameter `ld', specified for model `PMOS_VTL' of primitive `bsim4', has been ignored because it is an invalid instance parameter. Specify a valid model parameter and rerun the simulation. Type `spectre -h bsim4' to get more information on valid model parameters. {"history": "ExplorerRun.0", "point": 5, "testname": "project_1_inverter_1", "cornername": "Nominal"}
[2025-04-22 00:48:25.797 -0400] [WARN] [cadence.virtuoso.ade.simulationMonitor] -     WARNING (SFE-102): "netlist" 8: Parameter `ld', specified for model `NMOS_VTL' of primitive `bsim4', has been ignored because it is an invalid instance parameter. Specify a valid model parameter and rerun the simulation. Type `spectre -h bsim4' to get more information on valid model parameters. {"history": "ExplorerRun.0", "point": 5, "testname": "project_1_inverter_1", "cornername": "Nominal"}
[2025-04-22 00:48:25.797 -0400] [INFO] [cadence.virtuoso.ade.simulationMonitor] - Peak resident memory used = 186 Mbytes. {"history": "ExplorerRun.0", "point": 5, "testname": "project_1_inverter_1", "cornername": "Nominal"}
[2025-04-22 00:48:25.797 -0400] [INFO] [cadence.virtuoso.ade.simulationMonitor] - Peak resident memory used = 186 Mbytes. {"history": "ExplorerRun.0", "point": 5, "testname": "project_1_inverter_1", "cornername": "Nominal"}
[2025-04-22 00:48:25.797 -0400] [INFO] [cadence.virtuoso.ade.simulationMonitor] - Notice from spectre during initial setup.
    Multithreading is disabled due to the size of the design being too small. {"history": "ExplorerRun.0", "point": 5, "testname": "project_1_inverter_1", "cornername": "Nominal"}
[2025-04-22 00:48:25.800 -0400] [INFO] [cadence.virtuoso.ade.simulationMonitor] -               nodes 3 {"history": "ExplorerRun.0", "point": 5, "testname": "project_1_inverter_1", "cornername": "Nominal"}
[2025-04-22 00:48:25.800 -0400] [INFO] [cadence.virtuoso.ade.simulationMonitor] - Notice from spectre during initial setup.
    Protected devices exist and are not included in the circuit inventory.
    APS enabled. {"history": "ExplorerRun.0", "point": 5, "testname": "project_1_inverter_1", "cornername": "Nominal"}
[2025-04-22 00:48:25.800 -0400] [INFO] [cadence.virtuoso.ade.simulationMonitor] - Peak resident memory used = 189 Mbytes. {"history": "ExplorerRun.0", "point": 5, "testname": "project_1_inverter_1", "cornername": "Nominal"}
[2025-04-22 00:48:25.801 -0400] [INFO] [cadence.virtuoso.ade.simulationMonitor] -    -   (APS) Multi-threading. The recommended number of threads is 1, consider adding +mt=1 on command line. {"history": "ExplorerRun.0", "point": 5, "testname": "project_1_inverter_1", "cornername": "Nominal"}
[2025-04-22 00:48:25.801 -0400] [INFO] [cadence.virtuoso.ade.simulationMonitor] - Notice from spectre during transient analysis `tran'.
    Multithreading is disabled due to the size of the design being too small. {"history": "ExplorerRun.0", "point": 5, "testname": "project_1_inverter_1", "cornername": "Nominal"}
[2025-04-22 00:48:25.801 -0400] [INFO] [cadence.virtuoso.ade.simulationMonitor] - Intrinsic tran analysis time:    CPU = 10.319 ms, elapsed = 15.7351 ms. {"history": "ExplorerRun.0", "point": 5, "testname": "project_1_inverter_1", "cornername": "Nominal"}
[2025-04-22 00:48:25.802 -0400] [INFO] [cadence.virtuoso.ade.simulationMonitor] - Total time required for tran analysis `tran': CPU = 12.699 ms, elapsed = 19.629 ms, util. = 64.7%. {"history": "ExplorerRun.0", "point": 5, "testname": "project_1_inverter_1", "cornername": "Nominal"}
[2025-04-22 00:48:25.802 -0400] [INFO] [cadence.virtuoso.ade.simulationMonitor] - Peak resident memory used = 197 Mbytes. {"history": "ExplorerRun.0", "point": 5, "testname": "project_1_inverter_1", "cornername": "Nominal"}
[2025-04-22 00:48:25.805 -0400] [INFO] [cadence.virtuoso.ade.simulationMonitor] - Time used: CPU = 406 ms, elapsed = 625 ms, util. = 65%. {"history": "ExplorerRun.0", "point": 5, "testname": "project_1_inverter_1", "cornername": "Nominal"}
[2025-04-22 00:48:25.805 -0400] [INFO] [cadence.virtuoso.ade.simulationMonitor] - Time spent in licensing: elapsed = 237 ms, percentage of total = 37.9%. {"history": "ExplorerRun.0", "point": 5, "testname": "project_1_inverter_1", "cornername": "Nominal"}
[2025-04-22 00:48:25.806 -0400] [INFO] [cadence.virtuoso.ade.simulationMonitor] - Peak memory used = 198 Mbytes. {"history": "ExplorerRun.0", "point": 5, "testname": "project_1_inverter_1", "cornername": "Nominal"}
[2025-04-22 00:48:25.807 -0400] [PROCESS] [cadence.virtuoso.ade.simulationMonitor] - Simulation started at: 12:48:22 AM, Tue Apr 22, 2025, ended at: 12:48:23 AM, Tue Apr 22, 2025, with elapsed time (wall clock): 625 ms. {"history": "ExplorerRun.0", "point": 5, "testname": "project_1_inverter_1", "cornername": "Nominal"}
[2025-04-22 00:48:25.807 -0400] [PROCESS] [cadence.virtuoso.ade.simulationMonitor] - spectre completes with 0 errors, 2 warnings, and 5 notices. {"history": "ExplorerRun.0", "point": 5, "testname": "project_1_inverter_1", "cornername": "Nominal"}
[2025-04-22 00:48:25.808 -0400] [PROCESS] [cadence.virtuoso.ade.simulationMonitor] - Finished simulating for one point {"hostname": "ece-linlabsrv01.ece.gatech.edu", "processid": 528008, "history": "ExplorerRun.0", "testname": "project_1_inverter_1", "cornername": "Nominal", "point": 5, "logfile": "/nethome/rgoel68/ECE3150/logs_rgoel68/logs0/Job2.log", "simid": "5", "event": "finish", "category": "simulation"}
[2025-04-22 00:48:25.808 -0400] [PROCESS] [cadence.virtuoso.ade.simulationMonitor] - Simulator exited {"hostname": "ece-linlabsrv01.ece.gatech.edu", "processid": 528008, "history": "ExplorerRun.0", "testname": "project_1_inverter_1", "cornername": "Nominal", "point": 5, "logfile": "/nethome/rgoel68/ECE3150/logs_rgoel68/logs0/Job2.log", "exitStatus": "0"}
[2025-04-22 00:48:25.808 -0400] [PROCESS] [cadence.virtuoso.ade.simulationMonitor] - Finished Simulation {"hostname": "ece-linlabsrv01.ece.gatech.edu", "processid": 528008, "history": "ExplorerRun.0", "testname": "project_1_inverter_1", "cornername": "Nominal", "point": 5, "logfile": "/nethome/rgoel68/ECE3150/logs_rgoel68/logs0/Job2.log", "simid": "5", "event": "finish", "category": "obsolete"}
[2025-04-22 00:48:27.310 -0400] [PROCESS] [cadence.virtuoso.ade.simulationMonitor] - Point Finished {"hostname": "ece-linlabsrv01.ece.gatech.edu", "processid": 528008, "history": "ExplorerRun.0", "testname": "project_1_inverter_1", "cornername": "Nominal", "point": 5, "logfile": "/nethome/rgoel68/ECE3150/logs_rgoel68/logs0/Job2.log", "event": "finish", "category": "sim-eval"}
[2025-04-22 00:48:28.312 -0400] [PROCESS] [cadence.virtuoso.ade.simulationMonitor] - Stay with the runId '0', Linger time '300', currentRunSyn '1', currentTestSyn '2' {"hostname": "ece-linlabsrv01.ece.gatech.edu", "processid": 528008, "history": "ExplorerRun.0", "testname": "project_1_inverter_1", "cornername": "Nominal", "point": 5, "logfile": "/nethome/rgoel68/ECE3150/logs_rgoel68/logs0/Job2.log"}
[2025-04-22 00:48:29.313 -0400] [PROCESS] [cadence.virtuoso.ade.simulationMonitor] - Stay with the runId '0', Linger time '300', currentRunSyn '1', currentTestSyn '2' {"hostname": "ece-linlabsrv01.ece.gatech.edu", "processid": 528008, "history": "ExplorerRun.0", "testname": "project_1_inverter_1", "cornername": "Nominal", "point": 5, "logfile": "/nethome/rgoel68/ECE3150/logs_rgoel68/logs0/Job2.log"}
[2025-04-22 00:53:28.420 -0400] [PROCESS] [cadence.virtuoso.ade.simulationMonitor] - Current memory used: 82.8125 MBytes, peak memory used: 82.8125 MBytes {"hostname": "ece-linlabsrv01.ece.gatech.edu", "processid": 528008, "history": "ExplorerRun.0", "testname": "project_1_inverter_1", "cornername": "Nominal", "point": 5, "logfile": "/nethome/rgoel68/ECE3150/logs_rgoel68/logs0/Job2.log"}
[2025-04-22 00:53:28.420 -0400] [PROCESS] [cadence.virtuoso.ade.simulationMonitor] - Simulation Monitor process exits. {"hostname": "ece-linlabsrv01.ece.gatech.edu", "processid": 528008, "history": "ExplorerRun.0", "testname": "project_1_inverter_1", "cornername": "Nominal", "point": 5, "logfile": "/nethome/rgoel68/ECE3150/logs_rgoel68/logs0/Job2.log"}
