[Simulation Monitor: 24]
[2025-04-21 18:34:44.597 -0400] [PROCESS] [cadence.virtuoso.ade.simulationMonitor] - Started the simulation monitor process {"hostname": "ece-linlabsrv01.ece.gatech.edu", "processid": 1517997, "logfile": "/nethome/rgoel68/ECE3150/logs_rgoel68/logs0/Job24.log", "simulation monitor command line": "/tools/software/cadence/ic/23.10.120/tools.lnx86/dfII/bin/64bit/spectreMonitor --davinciService DaVinciService_1521812_1745251648 --axlsession fnxSession4 -lscs 000175E1894CBE06FF0966E38F1FFC06BC4D65B0C578C406D07B6FA78410926AD02470F28B50992BD92E69ED90048F74DD2F32AE9C019928D92E0EE5471B3402D44B00001D9F -beanhost ece-linlabsrv01.ece.gatech.edu -beanport 11727 -beanLogFile /nethome/rgoel68/ECE3150/logs_rgoel68/logs0/amps_Job24.log -beanbinlog  --domain 0 --interactive yes --netlistOpt no --useMultiPointEvaluation yes --exprEvalShowJobStderr yes --evalSimParallel no --maxSims 0 --historyName ExplorerRun.0 --historyUUID  --exprEvaluator vds --mcMapping mc1.mapping --checkLogStatusInterval 0 --checkSimulatorLogTimeout 1200 --exprEvalMaxTries 3 --maxNFSSyncWait 60 -adeBrokerAddress ece-linlabsrv01.ece.gatech.edu:34573 --fromADE true --virtuosoBinary virtuoso --guiDisplay ece-linlabsrv01.ece.gatech.edu:185 --globalStatus 60 --evaluateMultiMC yes --evalOnSimFail SkipFailedAnalyses --numRetriesOnError 1 --fenixMode explorer --lingertimeout 300 -ahdlLockTimeout 60 --sdbLib project3 --sdbCell Synchronous_16_bit_add_subtractor_clk_buffer --sdbView maestro --heartBeatFileDir /dev/shm --id 24 --uuid 2e382e5f-6750-454e-9098-456c84edc3ff --log /nethome/rgoel68/ECE3150/logs_rgoel68/logs0/Job24.log "}
[2025-04-21 18:34:44.598 -0400] [PROCESS] [cadence.virtuoso.ade.simulationMonitor] - Started the simulation monitor process {"hostname": "ece-linlabsrv01.ece.gatech.edu", "processid": 1517997, "logfile": "/nethome/rgoel68/ECE3150/logs_rgoel68/logs0/Job24.log", "current directory": "/nethome/rgoel68/ECE3150"}
[2025-04-21 18:34:44.598 -0400] [PROCESS] [cadence.virtuoso.ade.simulationMonitor] - Simulation Monitor has successfully started up. Trying to set up communication channels to other components ... {"hostname": "ece-linlabsrv01.ece.gatech.edu", "processid": 1517997, "logfile": "/nethome/rgoel68/ECE3150/logs_rgoel68/logs0/Job24.log"}
[2025-04-21 18:34:44.600 -0400] [PROCESS] [cadence.virtuoso.ade.simulationMonitor] - Communication channels have been successfully set up. Start processing events ... {"hostname": "ece-linlabsrv01.ece.gatech.edu", "processid": 1517997, "logfile": "/nethome/rgoel68/ECE3150/logs_rgoel68/logs0/Job24.log"}
[2025-04-21 18:34:44.600 -0400] [PROCESS] [cadence.virtuoso.ade.simulationMonitor] - Considering to start history {"hostname": "ece-linlabsrv01.ece.gatech.edu", "processid": 1517997, "history": "ExplorerRun.0", "logfile": "/nethome/rgoel68/ECE3150/logs_rgoel68/logs0/Job24.log"}
[2025-04-21 18:34:44.602 -0400] [PROCESS] [cadence.virtuoso.ade.simulationMonitor] - HostInfo:
Host name (type):	ece-linlabsrv01.ece.gatech.edu (x86_64)
Operating system:	Linux 4.18.0-553.44.1.el8_10.x86_64 #1 SMP Wed Mar 5 10:48:41 EST 2025 {"hostname": "ece-linlabsrv01.ece.gatech.edu", "processid": 1517997, "history": "ExplorerRun.0", "logfile": "/nethome/rgoel68/ECE3150/logs_rgoel68/logs0/Job24.log", "nodename": "ece-linlabsrv01.ece.gatech.edu", "domainname": "(none)", "machine": "x86_64", "sysname": "Linux", "release": "4.18.0-553.44.1.el8_10.x86_64", "version": "#1 SMP Wed Mar 5 10:48:41 EST 2025"}
[2025-04-21 18:34:44.602 -0400] [PROCESS] [cadence.virtuoso.ade.simulationMonitor] - UsageInfo:
pid=1517997
totalPhysicalMemory=186.850849GB,Used=176.554802GB,totalVirtualMemory=250.850845GB,Used=223.397583GB
Cpu: Cores=112, Load average:35.170000,44.510000,42.790000 {"hostname": "ece-linlabsrv01.ece.gatech.edu", "processid": 1517997, "history": "ExplorerRun.0", "logfile": "/nethome/rgoel68/ECE3150/logs_rgoel68/logs0/Job24.log", "pid": "1517997", "totalPhysicalMemory": "186.850849", "physicalMemoryUsed": "176.554802", "totalVirtualMemory": "250.850845", "virtualMemoryUsed": "223.397583", "cpuCores": "112", "processes": "23870", "loadAverage1": "35.170000", "loadAverage5": "44.510000", "loadAverage15": "42.790000", "loadAverage1Percent": "0.314018"}
[2025-04-21 18:34:44.606 -0400] [EVENT] [cadence.virtuoso.ade.simulationMonitor] - NewPoint {"history": "ExplorerRun.0", "point": 1, "testname": "project3_Synchronous_16_bit_add_subtractor_clk_buffer_1", "cornername": "Nominal", "event": "NewPoint", "EventSource": "Simulation Monitor", "HistoryName": "ExplorerRun.0", "logFile": "/nethome/rgoel68/ECE3150/logs_rgoel68/logs0/Job24.log", "logFileSize": "4222", "category": "simulation"}
[2025-04-21 18:34:44.807 -0400] [EVENT] [cadence.virtuoso.ade.simulationMonitor] - NewPoint {"history": "ExplorerRun.0", "point": 1, "testname": "project3_Synchronous_16_bit_add_subtractor_clk_buffer_1", "cornername": "Nominal", "event": "NewPoint", "EventSource": "spectre", "HistoryName": "ExplorerRun.0", "logFile": "/nethome/rgoel68/simulation/project3/Synchronous_16_bit_add_subtractor_clk_buffer/maestro/results/maestro/ExplorerRun.0/1/project3_Synchronous_16_bit_add_subtractor_clk_buffer_1/psf/spectre.out", "logFileSize": "-1", "category": "simulation"}
[2025-04-21 18:34:45.014 -0400] [PROCESS] [cadence.virtuoso.ade.simulationMonitor] - Simulator launched {"hostname": "ece-linlabsrv01.ece.gatech.edu", "processid": 1517997, "history": "ExplorerRun.0", "testname": "project3_Synchronous_16_bit_add_subtractor_clk_buffer_1", "cornername": "Nominal", "point": 1, "logfile": "/nethome/rgoel68/ECE3150/logs_rgoel68/logs0/Job24.log", "simid": "1", "event": "launch", "category": "simulation"}
[2025-04-21 18:34:45.019 -0400] [PROCESS] [cadence.virtuoso.ade.simulationMonitor] - Expression evaluator launched {"hostname": "ece-linlabsrv01.ece.gatech.edu", "processid": 1517997, "history": "ExplorerRun.0", "testname": "project3_Synchronous_16_bit_add_subtractor_clk_buffer_1", "cornername": "Nominal", "point": 1, "logfile": "/nethome/rgoel68/ECE3150/logs_rgoel68/logs0/Job24.log"}
[2025-04-21 18:34:49.455 -0400] [PROCESS] [cadence.virtuoso.ade.simulationMonitor] - Started Simulation {"hostname": "ece-linlabsrv01.ece.gatech.edu", "processid": 1517997, "history": "ExplorerRun.0", "testname": "project3_Synchronous_16_bit_add_subtractor_clk_buffer_1", "cornername": "Nominal", "point": 1, "logfile": "/nethome/rgoel68/ECE3150/logs_rgoel68/logs0/Job24.log", "event": "start", "category": "simulation"}
[2025-04-21 18:34:49.455 -0400] [INFO] [cadence.virtuoso.ade.simulationMonitor] - Notice from spectre during Digital Vector read-in.
    Process Vector Files.
    File read: /nethome/rgoel68/ECE3150/sync_adder_f_min_max_tb.vec {"history": "ExplorerRun.0", "point": 1, "testname": "project3_Synchronous_16_bit_add_subtractor_clk_buffer_1", "cornername": "Nominal"}
[2025-04-21 18:34:49.455 -0400] [INFO] [cadence.virtuoso.ade.simulationMonitor] - Peak resident memory used = 162 Mbytes. {"history": "ExplorerRun.0", "point": 1, "testname": "project3_Synchronous_16_bit_add_subtractor_clk_buffer_1", "cornername": "Nominal"}
[2025-04-21 18:34:49.455 -0400] [WARN] [cadence.virtuoso.ade.simulationMonitor] -     WARNING (SFE-102): "input.scs" 37: Parameter `ld', specified for model `PMOS_VTL' of primitive `bsim4', has been ignored because it is an invalid instance parameter. Specify a valid model parameter and rerun the simulation. Type `spectre -h bsim4' to get more information on valid model parameters. {"history": "ExplorerRun.0", "point": 1, "testname": "project3_Synchronous_16_bit_add_subtractor_clk_buffer_1", "cornername": "Nominal"}
[2025-04-21 18:34:49.455 -0400] [WARN] [cadence.virtuoso.ade.simulationMonitor] -     WARNING (SFE-102): "input.scs" 39: Parameter `ld', specified for model `PMOS_VTL' of primitive `bsim4', has been ignored because it is an invalid instance parameter. Specify a valid model parameter and rerun the simulation. Type `spectre -h bsim4' to get more information on valid model parameters. {"history": "ExplorerRun.0", "point": 1, "testname": "project3_Synchronous_16_bit_add_subtractor_clk_buffer_1", "cornername": "Nominal"}
[2025-04-21 18:34:49.455 -0400] [WARN] [cadence.virtuoso.ade.simulationMonitor] -     WARNING (SFE-102): "input.scs" 41: Parameter `ld', specified for model `PMOS_VTL' of primitive `bsim4', has been ignored because it is an invalid instance parameter. Specify a valid model parameter and rerun the simulation. Type `spectre -h bsim4' to get more information on valid model parameters. {"history": "ExplorerRun.0", "point": 1, "testname": "project3_Synchronous_16_bit_add_subtractor_clk_buffer_1", "cornername": "Nominal"}
[2025-04-21 18:34:49.455 -0400] [WARN] [cadence.virtuoso.ade.simulationMonitor] -     WARNING (SFE-102): "input.scs" 43: Parameter `ld', specified for model `PMOS_VTL' of primitive `bsim4', has been ignored because it is an invalid instance parameter. Specify a valid model parameter and rerun the simulation. Type `spectre -h bsim4' to get more information on valid model parameters. {"history": "ExplorerRun.0", "point": 1, "testname": "project3_Synchronous_16_bit_add_subtractor_clk_buffer_1", "cornername": "Nominal"}
[2025-04-21 18:34:49.455 -0400] [WARN] [cadence.virtuoso.ade.simulationMonitor] -     WARNING (SFE-102): "input.scs" 45: Parameter `ld', specified for model `NMOS_VTL' of primitive `bsim4', has been ignored because it is an invalid instance parameter. Specify a valid model parameter and rerun the simulation. Type `spectre -h bsim4' to get more information on valid model parameters.
        Further occurrences of this warning will be suppressed. {"history": "ExplorerRun.0", "point": 1, "testname": "project3_Synchronous_16_bit_add_subtractor_clk_buffer_1", "cornername": "Nominal"}
[2025-04-21 18:34:49.456 -0400] [INFO] [cadence.virtuoso.ade.simulationMonitor] - Peak resident memory used = 175 Mbytes. {"history": "ExplorerRun.0", "point": 1, "testname": "project3_Synchronous_16_bit_add_subtractor_clk_buffer_1", "cornername": "Nominal"}
[2025-04-21 18:34:49.456 -0400] [INFO] [cadence.virtuoso.ade.simulationMonitor] - Peak resident memory used = 183 Mbytes. {"history": "ExplorerRun.0", "point": 1, "testname": "project3_Synchronous_16_bit_add_subtractor_clk_buffer_1", "cornername": "Nominal"}
[2025-04-21 18:34:49.461 -0400] [INFO] [cadence.virtuoso.ade.simulationMonitor] -               nodes 1512 {"history": "ExplorerRun.0", "point": 1, "testname": "project3_Synchronous_16_bit_add_subtractor_clk_buffer_1", "cornername": "Nominal"}
[2025-04-21 18:34:49.461 -0400] [INFO] [cadence.virtuoso.ade.simulationMonitor] - Notice from spectre during initial setup.
    Protected devices exist and are not included in the circuit inventory.
    APS enabled.
    2849 warnings suppressed. {"history": "ExplorerRun.0", "point": 1, "testname": "project3_Synchronous_16_bit_add_subtractor_clk_buffer_1", "cornername": "Nominal"}
[2025-04-21 18:34:49.462 -0400] [INFO] [cadence.virtuoso.ade.simulationMonitor] - Notice from spectre.
    Multithreading enabled: 8 threads in the system with 112 available processors. {"history": "ExplorerRun.0", "point": 1, "testname": "project3_Synchronous_16_bit_add_subtractor_clk_buffer_1", "cornername": "Nominal"}
[2025-04-21 18:34:49.462 -0400] [INFO] [cadence.virtuoso.ade.simulationMonitor] - Peak resident memory used = 212 Mbytes. {"history": "ExplorerRun.0", "point": 1, "testname": "project3_Synchronous_16_bit_add_subtractor_clk_buffer_1", "cornername": "Nominal"}
[2025-04-21 18:34:49.463 -0400] [INFO] [cadence.virtuoso.ade.simulationMonitor] -    -   (APS) Multi-threading. The recommended number of threads is 8, consider adding +mt=8 on command line. {"history": "ExplorerRun.0", "point": 1, "testname": "project3_Synchronous_16_bit_add_subtractor_clk_buffer_1", "cornername": "Nominal"}
[2025-04-21 18:34:49.463 -0400] [INFO] [cadence.virtuoso.ade.simulationMonitor] - Notice from spectre during IC analysis, during transient analysis `tran'.
    Bad pivoting is found during DC analysis. Option dc_pivot_check=yes is recommended for possible improvement of convergence. {"history": "ExplorerRun.0", "point": 1, "testname": "project3_Synchronous_16_bit_add_subtractor_clk_buffer_1", "cornername": "Nominal"}
[2025-04-21 18:35:04.973 -0400] [INFO] [cadence.virtuoso.ade.simulationMonitor] - Notice from spectre at time = 15.2207 ns during transient analysis `tran'.
    Found trapezoidal ringing on node _vvdd!:p. {"history": "ExplorerRun.0", "point": 1, "testname": "project3_Synchronous_16_bit_add_subtractor_clk_buffer_1", "cornername": "Nominal"}
[2025-04-21 18:35:04.974 -0400] [INFO] [cadence.virtuoso.ade.simulationMonitor] - Notice from spectre at time = 15.7207 ns during transient analysis `tran'.
    Found trapezoidal ringing on node _vvdd!:p. {"history": "ExplorerRun.0", "point": 1, "testname": "project3_Synchronous_16_bit_add_subtractor_clk_buffer_1", "cornername": "Nominal"}
[2025-04-21 18:35:04.974 -0400] [INFO] [cadence.virtuoso.ade.simulationMonitor] - Notice from spectre at time = 16.2207 ns during transient analysis `tran'.
    Found trapezoidal ringing on node _vvdd!:p. {"history": "ExplorerRun.0", "point": 1, "testname": "project3_Synchronous_16_bit_add_subtractor_clk_buffer_1", "cornername": "Nominal"}
[2025-04-21 18:35:04.974 -0400] [INFO] [cadence.virtuoso.ade.simulationMonitor] - Notice from spectre at time = 16.7207 ns during transient analysis `tran'.
    Found trapezoidal ringing on node _vvdd!:p. {"history": "ExplorerRun.0", "point": 1, "testname": "project3_Synchronous_16_bit_add_subtractor_clk_buffer_1", "cornername": "Nominal"}
[2025-04-21 18:35:04.974 -0400] [INFO] [cadence.virtuoso.ade.simulationMonitor] - Notice from spectre at time = 17.2207 ns during transient analysis `tran'.
    Found trapezoidal ringing on node _vvdd!:p.
        Further occurrences of this notice will be suppressed. {"history": "ExplorerRun.0", "point": 1, "testname": "project3_Synchronous_16_bit_add_subtractor_clk_buffer_1", "cornername": "Nominal"}
[2025-04-21 18:35:04.974 -0400] [INFO] [cadence.virtuoso.ade.simulationMonitor] - Notice from spectre during transient analysis `tran'.
    Trapezoidal ringing is detected during tran analysis.
        Please use method=trap for better results and performance. {"history": "ExplorerRun.0", "point": 1, "testname": "project3_Synchronous_16_bit_add_subtractor_clk_buffer_1", "cornername": "Nominal"}
[2025-04-21 18:35:04.975 -0400] [INFO] [cadence.virtuoso.ade.simulationMonitor] - Intrinsic tran analysis time:    CPU = 105.741 s, elapsed = 17.2316 s. {"history": "ExplorerRun.0", "point": 1, "testname": "project3_Synchronous_16_bit_add_subtractor_clk_buffer_1", "cornername": "Nominal"}
[2025-04-21 18:35:04.975 -0400] [INFO] [cadence.virtuoso.ade.simulationMonitor] - Total time required for tran analysis `tran': CPU = 109.021 s (1m  49.0s), elapsed = 17.9981 s, util. = 606%. {"history": "ExplorerRun.0", "point": 1, "testname": "project3_Synchronous_16_bit_add_subtractor_clk_buffer_1", "cornername": "Nominal"}
[2025-04-21 18:35:04.975 -0400] [INFO] [cadence.virtuoso.ade.simulationMonitor] - Peak resident memory used = 323 Mbytes. {"history": "ExplorerRun.0", "point": 1, "testname": "project3_Synchronous_16_bit_add_subtractor_clk_buffer_1", "cornername": "Nominal"}
[2025-04-21 18:35:04.975 -0400] [INFO] [cadence.virtuoso.ade.simulationMonitor] - Notice from spectre.
    16 notices suppressed. {"history": "ExplorerRun.0", "point": 1, "testname": "project3_Synchronous_16_bit_add_subtractor_clk_buffer_1", "cornername": "Nominal"}
[2025-04-21 18:35:04.978 -0400] [INFO] [cadence.virtuoso.ade.simulationMonitor] - Time used: CPU = 110 s (1m  50.3s), elapsed = 19.5 s, util. = 565%. {"history": "ExplorerRun.0", "point": 1, "testname": "project3_Synchronous_16_bit_add_subtractor_clk_buffer_1", "cornername": "Nominal"}
[2025-04-21 18:35:04.978 -0400] [INFO] [cadence.virtuoso.ade.simulationMonitor] - Time spent in licensing: elapsed = 148 ms. {"history": "ExplorerRun.0", "point": 1, "testname": "project3_Synchronous_16_bit_add_subtractor_clk_buffer_1", "cornername": "Nominal"}
[2025-04-21 18:35:04.979 -0400] [INFO] [cadence.virtuoso.ade.simulationMonitor] - Peak memory used = 323 Mbytes. {"history": "ExplorerRun.0", "point": 1, "testname": "project3_Synchronous_16_bit_add_subtractor_clk_buffer_1", "cornername": "Nominal"}
[2025-04-21 18:35:04.982 -0400] [PROCESS] [cadence.virtuoso.ade.simulationMonitor] - Simulation started at: 6:34:45 PM, Mon Apr 21, 2025, ended at: 6:35:04 PM, Mon Apr 21, 2025, with elapsed time (wall clock): 19.5 s. {"history": "ExplorerRun.0", "point": 1, "testname": "project3_Synchronous_16_bit_add_subtractor_clk_buffer_1", "cornername": "Nominal"}
[2025-04-21 18:35:04.982 -0400] [PROCESS] [cadence.virtuoso.ade.simulationMonitor] - spectre completes with 0 errors, 5 warnings, and 15 notices. {"history": "ExplorerRun.0", "point": 1, "testname": "project3_Synchronous_16_bit_add_subtractor_clk_buffer_1", "cornername": "Nominal"}
[2025-04-21 18:35:04.982 -0400] [PROCESS] [cadence.virtuoso.ade.simulationMonitor] - Finished simulating for one point {"hostname": "ece-linlabsrv01.ece.gatech.edu", "processid": 1517997, "history": "ExplorerRun.0", "testname": "project3_Synchronous_16_bit_add_subtractor_clk_buffer_1", "cornername": "Nominal", "point": 1, "logfile": "/nethome/rgoel68/ECE3150/logs_rgoel68/logs0/Job24.log", "simid": "1", "event": "finish", "category": "simulation"}
[2025-04-21 18:35:04.982 -0400] [PROCESS] [cadence.virtuoso.ade.simulationMonitor] - Simulator exited {"hostname": "ece-linlabsrv01.ece.gatech.edu", "processid": 1517997, "history": "ExplorerRun.0", "testname": "project3_Synchronous_16_bit_add_subtractor_clk_buffer_1", "cornername": "Nominal", "point": 1, "logfile": "/nethome/rgoel68/ECE3150/logs_rgoel68/logs0/Job24.log", "exitStatus": "0"}
[2025-04-21 18:35:04.982 -0400] [PROCESS] [cadence.virtuoso.ade.simulationMonitor] - Finished Simulation {"hostname": "ece-linlabsrv01.ece.gatech.edu", "processid": 1517997, "history": "ExplorerRun.0", "testname": "project3_Synchronous_16_bit_add_subtractor_clk_buffer_1", "cornername": "Nominal", "point": 1, "logfile": "/nethome/rgoel68/ECE3150/logs_rgoel68/logs0/Job24.log", "simid": "1", "event": "finish", "category": "obsolete"}
[2025-04-21 18:35:06.985 -0400] [PROCESS] [cadence.virtuoso.ade.simulationMonitor] - Point Finished {"hostname": "ece-linlabsrv01.ece.gatech.edu", "processid": 1517997, "history": "ExplorerRun.0", "testname": "project3_Synchronous_16_bit_add_subtractor_clk_buffer_1", "cornername": "Nominal", "point": 1, "logfile": "/nethome/rgoel68/ECE3150/logs_rgoel68/logs0/Job24.log", "event": "finish", "category": "sim-eval"}
[2025-04-21 18:35:07.999 -0400] [PROCESS] [cadence.virtuoso.ade.simulationMonitor] - Stay with the runId '4', Linger time '300', currentRunSyn '9', currentTestSyn '10' {"hostname": "ece-linlabsrv01.ece.gatech.edu", "processid": 1517997, "history": "ExplorerRun.0", "testname": "project3_Synchronous_16_bit_add_subtractor_clk_buffer_1", "cornername": "Nominal", "point": 1, "logfile": "/nethome/rgoel68/ECE3150/logs_rgoel68/logs0/Job24.log"}
[2025-04-21 18:40:08.434 -0400] [PROCESS] [cadence.virtuoso.ade.simulationMonitor] - Current memory used: 81.2227 MBytes, peak memory used: 81.3633 MBytes {"hostname": "ece-linlabsrv01.ece.gatech.edu", "processid": 1517997, "history": "ExplorerRun.0", "testname": "project3_Synchronous_16_bit_add_subtractor_clk_buffer_1", "cornername": "Nominal", "point": 1, "logfile": "/nethome/rgoel68/ECE3150/logs_rgoel68/logs0/Job24.log"}
[2025-04-21 18:40:08.434 -0400] [PROCESS] [cadence.virtuoso.ade.simulationMonitor] - Simulation Monitor process exits. {"hostname": "ece-linlabsrv01.ece.gatech.edu", "processid": 1517997, "history": "ExplorerRun.0", "testname": "project3_Synchronous_16_bit_add_subtractor_clk_buffer_1", "cornername": "Nominal", "point": 1, "logfile": "/nethome/rgoel68/ECE3150/logs_rgoel68/logs0/Job24.log"}
