[Simulation Monitor: 25]
[2025-04-21 18:40:51.854 -0400] [PROCESS] [cadence.virtuoso.ade.simulationMonitor] - Started the simulation monitor process {"hostname": "ece-linlabsrv01.ece.gatech.edu", "processid": 2146921, "logfile": "/nethome/rgoel68/ECE3150/logs_rgoel68/logs0/Job25.log", "simulation monitor command line": "/tools/software/cadence/ic/23.10.120/tools.lnx86/dfII/bin/64bit/spectreMonitor --davinciService DaVinciService_1521812_1745251648 --axlsession fnxSession4 -lscs 000175E1894CBE06FF0966E38F1FFC06BC4D65B0C578C406D07B6FA78410926AD02470F28B50992BD92E69ED90048F74DD2F32AE9C019928D92E0EE5466C3575D44B00001DAF -beanhost ece-linlabsrv01.ece.gatech.edu -beanport 11727 -beanLogFile /nethome/rgoel68/ECE3150/logs_rgoel68/logs0/amps_Job25.log -beanbinlog  --domain 0 --interactive yes --netlistOpt no --useMultiPointEvaluation yes --exprEvalShowJobStderr yes --evalSimParallel no --maxSims 0 --historyName ExplorerRun.0 --historyUUID  --exprEvaluator vds --mcMapping mc1.mapping --checkLogStatusInterval 0 --checkSimulatorLogTimeout 1200 --exprEvalMaxTries 3 --maxNFSSyncWait 60 -adeBrokerAddress ece-linlabsrv01.ece.gatech.edu:34573 --fromADE true --virtuosoBinary virtuoso --guiDisplay ece-linlabsrv01.ece.gatech.edu:185 --globalStatus 60 --evaluateMultiMC yes --evalOnSimFail SkipFailedAnalyses --numRetriesOnError 1 --fenixMode explorer --lingertimeout 300 -ahdlLockTimeout 60 --sdbLib project3 --sdbCell Synchronous_16_bit_add_subtractor_clk_buffer --sdbView maestro --heartBeatFileDir /dev/shm --id 25 --uuid aae44994-54b3-4b14-8a6e-2afb37f480e3 --log /nethome/rgoel68/ECE3150/logs_rgoel68/logs0/Job25.log "}
[2025-04-21 18:40:51.854 -0400] [PROCESS] [cadence.virtuoso.ade.simulationMonitor] - Started the simulation monitor process {"hostname": "ece-linlabsrv01.ece.gatech.edu", "processid": 2146921, "logfile": "/nethome/rgoel68/ECE3150/logs_rgoel68/logs0/Job25.log", "current directory": "/nethome/rgoel68/ECE3150"}
[2025-04-21 18:40:51.854 -0400] [PROCESS] [cadence.virtuoso.ade.simulationMonitor] - Simulation Monitor has successfully started up. Trying to set up communication channels to other components ... {"hostname": "ece-linlabsrv01.ece.gatech.edu", "processid": 2146921, "logfile": "/nethome/rgoel68/ECE3150/logs_rgoel68/logs0/Job25.log"}
[2025-04-21 18:40:51.856 -0400] [PROCESS] [cadence.virtuoso.ade.simulationMonitor] - Communication channels have been successfully set up. Start processing events ... {"hostname": "ece-linlabsrv01.ece.gatech.edu", "processid": 2146921, "logfile": "/nethome/rgoel68/ECE3150/logs_rgoel68/logs0/Job25.log"}
[2025-04-21 18:40:51.856 -0400] [PROCESS] [cadence.virtuoso.ade.simulationMonitor] - Considering to start history {"hostname": "ece-linlabsrv01.ece.gatech.edu", "processid": 2146921, "history": "ExplorerRun.0", "logfile": "/nethome/rgoel68/ECE3150/logs_rgoel68/logs0/Job25.log"}
[2025-04-21 18:40:51.859 -0400] [PROCESS] [cadence.virtuoso.ade.simulationMonitor] - HostInfo:
Host name (type):	ece-linlabsrv01.ece.gatech.edu (x86_64)
Operating system:	Linux 4.18.0-553.44.1.el8_10.x86_64 #1 SMP Wed Mar 5 10:48:41 EST 2025 {"hostname": "ece-linlabsrv01.ece.gatech.edu", "processid": 2146921, "history": "ExplorerRun.0", "logfile": "/nethome/rgoel68/ECE3150/logs_rgoel68/logs0/Job25.log", "nodename": "ece-linlabsrv01.ece.gatech.edu", "domainname": "(none)", "machine": "x86_64", "sysname": "Linux", "release": "4.18.0-553.44.1.el8_10.x86_64", "version": "#1 SMP Wed Mar 5 10:48:41 EST 2025"}
[2025-04-21 18:40:51.859 -0400] [PROCESS] [cadence.virtuoso.ade.simulationMonitor] - UsageInfo:
pid=2146921
totalPhysicalMemory=186.850849GB,Used=180.708870GB,totalVirtualMemory=250.850845GB,Used=227.863083GB
Cpu: Cores=112, Load average:40.360000,43.340000,43.570000 {"hostname": "ece-linlabsrv01.ece.gatech.edu", "processid": 2146921, "history": "ExplorerRun.0", "logfile": "/nethome/rgoel68/ECE3150/logs_rgoel68/logs0/Job25.log", "pid": "2146921", "totalPhysicalMemory": "186.850849", "physicalMemoryUsed": "180.708870", "totalVirtualMemory": "250.850845", "virtualMemoryUsed": "227.863083", "cpuCores": "112", "processes": "24575", "loadAverage1": "40.360000", "loadAverage5": "43.340000", "loadAverage15": "43.570000", "loadAverage1Percent": "0.360357"}
[2025-04-21 18:40:51.863 -0400] [EVENT] [cadence.virtuoso.ade.simulationMonitor] - NewPoint {"history": "ExplorerRun.0", "point": 1, "testname": "project3_Synchronous_16_bit_add_subtractor_clk_buffer_1", "cornername": "Nominal", "event": "NewPoint", "EventSource": "Simulation Monitor", "HistoryName": "ExplorerRun.0", "logFile": "/nethome/rgoel68/ECE3150/logs_rgoel68/logs0/Job25.log", "logFileSize": "4222", "category": "simulation"}
[2025-04-21 18:40:52.065 -0400] [EVENT] [cadence.virtuoso.ade.simulationMonitor] - NewPoint {"history": "ExplorerRun.0", "point": 1, "testname": "project3_Synchronous_16_bit_add_subtractor_clk_buffer_1", "cornername": "Nominal", "event": "NewPoint", "EventSource": "spectre", "HistoryName": "ExplorerRun.0", "logFile": "/nethome/rgoel68/simulation/project3/Synchronous_16_bit_add_subtractor_clk_buffer/maestro/results/maestro/ExplorerRun.0/1/project3_Synchronous_16_bit_add_subtractor_clk_buffer_1/psf/spectre.out", "logFileSize": "-1", "category": "simulation"}
[2025-04-21 18:40:52.286 -0400] [PROCESS] [cadence.virtuoso.ade.simulationMonitor] - Simulator launched {"hostname": "ece-linlabsrv01.ece.gatech.edu", "processid": 2146921, "history": "ExplorerRun.0", "testname": "project3_Synchronous_16_bit_add_subtractor_clk_buffer_1", "cornername": "Nominal", "point": 1, "logfile": "/nethome/rgoel68/ECE3150/logs_rgoel68/logs0/Job25.log", "simid": "1", "event": "launch", "category": "simulation"}
[2025-04-21 18:40:52.291 -0400] [PROCESS] [cadence.virtuoso.ade.simulationMonitor] - Expression evaluator launched {"hostname": "ece-linlabsrv01.ece.gatech.edu", "processid": 2146921, "history": "ExplorerRun.0", "testname": "project3_Synchronous_16_bit_add_subtractor_clk_buffer_1", "cornername": "Nominal", "point": 1, "logfile": "/nethome/rgoel68/ECE3150/logs_rgoel68/logs0/Job25.log"}
[2025-04-21 18:40:57.048 -0400] [PROCESS] [cadence.virtuoso.ade.simulationMonitor] - Started Simulation {"hostname": "ece-linlabsrv01.ece.gatech.edu", "processid": 2146921, "history": "ExplorerRun.0", "testname": "project3_Synchronous_16_bit_add_subtractor_clk_buffer_1", "cornername": "Nominal", "point": 1, "logfile": "/nethome/rgoel68/ECE3150/logs_rgoel68/logs0/Job25.log", "event": "start", "category": "simulation"}
[2025-04-21 18:40:57.048 -0400] [INFO] [cadence.virtuoso.ade.simulationMonitor] - Notice from spectre during Digital Vector read-in.
    Process Vector Files.
    File read: /nethome/rgoel68/ECE3150/sync_adder_f_min_max_tb.vec {"history": "ExplorerRun.0", "point": 1, "testname": "project3_Synchronous_16_bit_add_subtractor_clk_buffer_1", "cornername": "Nominal"}
[2025-04-21 18:40:57.048 -0400] [INFO] [cadence.virtuoso.ade.simulationMonitor] - Peak resident memory used = 162 Mbytes. {"history": "ExplorerRun.0", "point": 1, "testname": "project3_Synchronous_16_bit_add_subtractor_clk_buffer_1", "cornername": "Nominal"}
[2025-04-21 18:40:57.048 -0400] [WARN] [cadence.virtuoso.ade.simulationMonitor] -     WARNING (SFE-102): "input.scs" 37: Parameter `ld', specified for model `PMOS_VTL' of primitive `bsim4', has been ignored because it is an invalid instance parameter. Specify a valid model parameter and rerun the simulation. Type `spectre -h bsim4' to get more information on valid model parameters. {"history": "ExplorerRun.0", "point": 1, "testname": "project3_Synchronous_16_bit_add_subtractor_clk_buffer_1", "cornername": "Nominal"}
[2025-04-21 18:40:57.048 -0400] [WARN] [cadence.virtuoso.ade.simulationMonitor] -     WARNING (SFE-102): "input.scs" 39: Parameter `ld', specified for model `PMOS_VTL' of primitive `bsim4', has been ignored because it is an invalid instance parameter. Specify a valid model parameter and rerun the simulation. Type `spectre -h bsim4' to get more information on valid model parameters. {"history": "ExplorerRun.0", "point": 1, "testname": "project3_Synchronous_16_bit_add_subtractor_clk_buffer_1", "cornername": "Nominal"}
[2025-04-21 18:40:57.048 -0400] [WARN] [cadence.virtuoso.ade.simulationMonitor] -     WARNING (SFE-102): "input.scs" 41: Parameter `ld', specified for model `PMOS_VTL' of primitive `bsim4', has been ignored because it is an invalid instance parameter. Specify a valid model parameter and rerun the simulation. Type `spectre -h bsim4' to get more information on valid model parameters. {"history": "ExplorerRun.0", "point": 1, "testname": "project3_Synchronous_16_bit_add_subtractor_clk_buffer_1", "cornername": "Nominal"}
[2025-04-21 18:40:57.049 -0400] [WARN] [cadence.virtuoso.ade.simulationMonitor] -     WARNING (SFE-102): "input.scs" 43: Parameter `ld', specified for model `PMOS_VTL' of primitive `bsim4', has been ignored because it is an invalid instance parameter. Specify a valid model parameter and rerun the simulation. Type `spectre -h bsim4' to get more information on valid model parameters. {"history": "ExplorerRun.0", "point": 1, "testname": "project3_Synchronous_16_bit_add_subtractor_clk_buffer_1", "cornername": "Nominal"}
[2025-04-21 18:40:57.049 -0400] [WARN] [cadence.virtuoso.ade.simulationMonitor] -     WARNING (SFE-102): "input.scs" 45: Parameter `ld', specified for model `NMOS_VTL' of primitive `bsim4', has been ignored because it is an invalid instance parameter. Specify a valid model parameter and rerun the simulation. Type `spectre -h bsim4' to get more information on valid model parameters.
        Further occurrences of this warning will be suppressed. {"history": "ExplorerRun.0", "point": 1, "testname": "project3_Synchronous_16_bit_add_subtractor_clk_buffer_1", "cornername": "Nominal"}
[2025-04-21 18:40:57.049 -0400] [INFO] [cadence.virtuoso.ade.simulationMonitor] - Peak resident memory used = 174 Mbytes. {"history": "ExplorerRun.0", "point": 1, "testname": "project3_Synchronous_16_bit_add_subtractor_clk_buffer_1", "cornername": "Nominal"}
[2025-04-21 18:40:57.049 -0400] [INFO] [cadence.virtuoso.ade.simulationMonitor] - Peak resident memory used = 183 Mbytes. {"history": "ExplorerRun.0", "point": 1, "testname": "project3_Synchronous_16_bit_add_subtractor_clk_buffer_1", "cornername": "Nominal"}
[2025-04-21 18:40:57.052 -0400] [INFO] [cadence.virtuoso.ade.simulationMonitor] -               nodes 1512 {"history": "ExplorerRun.0", "point": 1, "testname": "project3_Synchronous_16_bit_add_subtractor_clk_buffer_1", "cornername": "Nominal"}
[2025-04-21 18:40:57.052 -0400] [INFO] [cadence.virtuoso.ade.simulationMonitor] - Notice from spectre during initial setup.
    Protected devices exist and are not included in the circuit inventory.
    APS enabled.
    2849 warnings suppressed. {"history": "ExplorerRun.0", "point": 1, "testname": "project3_Synchronous_16_bit_add_subtractor_clk_buffer_1", "cornername": "Nominal"}
[2025-04-21 18:40:57.053 -0400] [INFO] [cadence.virtuoso.ade.simulationMonitor] - Notice from spectre.
    Multithreading enabled: 8 threads in the system with 112 available processors. {"history": "ExplorerRun.0", "point": 1, "testname": "project3_Synchronous_16_bit_add_subtractor_clk_buffer_1", "cornername": "Nominal"}
[2025-04-21 18:40:57.053 -0400] [INFO] [cadence.virtuoso.ade.simulationMonitor] - Peak resident memory used = 212 Mbytes. {"history": "ExplorerRun.0", "point": 1, "testname": "project3_Synchronous_16_bit_add_subtractor_clk_buffer_1", "cornername": "Nominal"}
[2025-04-21 18:40:57.053 -0400] [INFO] [cadence.virtuoso.ade.simulationMonitor] -    -   (APS) Multi-threading. The recommended number of threads is 8, consider adding +mt=8 on command line. {"history": "ExplorerRun.0", "point": 1, "testname": "project3_Synchronous_16_bit_add_subtractor_clk_buffer_1", "cornername": "Nominal"}
[2025-04-21 18:40:57.053 -0400] [INFO] [cadence.virtuoso.ade.simulationMonitor] - Notice from spectre during IC analysis, during transient analysis `tran'.
    Bad pivoting is found during DC analysis. Option dc_pivot_check=yes is recommended for possible improvement of convergence. {"history": "ExplorerRun.0", "point": 1, "testname": "project3_Synchronous_16_bit_add_subtractor_clk_buffer_1", "cornername": "Nominal"}
[2025-04-21 18:41:12.084 -0400] [INFO] [cadence.virtuoso.ade.simulationMonitor] - Notice from spectre at time = 19.7584 ns during transient analysis `tran'.
    Found trapezoidal ringing on node _vvdd!:p. {"history": "ExplorerRun.0", "point": 1, "testname": "project3_Synchronous_16_bit_add_subtractor_clk_buffer_1", "cornername": "Nominal"}
[2025-04-21 18:41:12.084 -0400] [INFO] [cadence.virtuoso.ade.simulationMonitor] - Notice from spectre at time = 20.2584 ns during transient analysis `tran'.
    Found trapezoidal ringing on node _vvdd!:p. {"history": "ExplorerRun.0", "point": 1, "testname": "project3_Synchronous_16_bit_add_subtractor_clk_buffer_1", "cornername": "Nominal"}
[2025-04-21 18:41:12.084 -0400] [INFO] [cadence.virtuoso.ade.simulationMonitor] - Notice from spectre at time = 20.7584 ns during transient analysis `tran'.
    Found trapezoidal ringing on node _vvdd!:p. {"history": "ExplorerRun.0", "point": 1, "testname": "project3_Synchronous_16_bit_add_subtractor_clk_buffer_1", "cornername": "Nominal"}
[2025-04-21 18:41:12.084 -0400] [INFO] [cadence.virtuoso.ade.simulationMonitor] - Notice from spectre at time = 21.2584 ns during transient analysis `tran'.
    Found trapezoidal ringing on node _vvdd!:p. {"history": "ExplorerRun.0", "point": 1, "testname": "project3_Synchronous_16_bit_add_subtractor_clk_buffer_1", "cornername": "Nominal"}
[2025-04-21 18:41:12.084 -0400] [INFO] [cadence.virtuoso.ade.simulationMonitor] - Notice from spectre at time = 21.7584 ns during transient analysis `tran'.
    Found trapezoidal ringing on node _vvdd!:p.
        Further occurrences of this notice will be suppressed. {"history": "ExplorerRun.0", "point": 1, "testname": "project3_Synchronous_16_bit_add_subtractor_clk_buffer_1", "cornername": "Nominal"}
[2025-04-21 18:41:12.085 -0400] [INFO] [cadence.virtuoso.ade.simulationMonitor] - Notice from spectre during transient analysis `tran'.
    Trapezoidal ringing is detected during tran analysis.
        Please use method=trap for better results and performance. {"history": "ExplorerRun.0", "point": 1, "testname": "project3_Synchronous_16_bit_add_subtractor_clk_buffer_1", "cornername": "Nominal"}
[2025-04-21 18:41:12.085 -0400] [INFO] [cadence.virtuoso.ade.simulationMonitor] - Intrinsic tran analysis time:    CPU = 125.77 s, elapsed = 17.2414 s. {"history": "ExplorerRun.0", "point": 1, "testname": "project3_Synchronous_16_bit_add_subtractor_clk_buffer_1", "cornername": "Nominal"}
[2025-04-21 18:41:12.086 -0400] [INFO] [cadence.virtuoso.ade.simulationMonitor] - Total time required for tran analysis `tran': CPU = 129.461 s (2m  9.5s), elapsed = 18.1528 s, util. = 713%. {"history": "ExplorerRun.0", "point": 1, "testname": "project3_Synchronous_16_bit_add_subtractor_clk_buffer_1", "cornername": "Nominal"}
[2025-04-21 18:41:12.086 -0400] [INFO] [cadence.virtuoso.ade.simulationMonitor] - Peak resident memory used = 352 Mbytes. {"history": "ExplorerRun.0", "point": 1, "testname": "project3_Synchronous_16_bit_add_subtractor_clk_buffer_1", "cornername": "Nominal"}
[2025-04-21 18:41:12.086 -0400] [INFO] [cadence.virtuoso.ade.simulationMonitor] - Notice from spectre.
    7 notices suppressed. {"history": "ExplorerRun.0", "point": 1, "testname": "project3_Synchronous_16_bit_add_subtractor_clk_buffer_1", "cornername": "Nominal"}
[2025-04-21 18:41:12.587 -0400] [INFO] [cadence.virtuoso.ade.simulationMonitor] - Time used: CPU = 134 s (2m  13.8s), elapsed = 19.7 s, util. = 680%. {"history": "ExplorerRun.0", "point": 1, "testname": "project3_Synchronous_16_bit_add_subtractor_clk_buffer_1", "cornername": "Nominal"}
[2025-04-21 18:41:12.587 -0400] [INFO] [cadence.virtuoso.ade.simulationMonitor] - Time spent in licensing: elapsed = 63.1 ms. {"history": "ExplorerRun.0", "point": 1, "testname": "project3_Synchronous_16_bit_add_subtractor_clk_buffer_1", "cornername": "Nominal"}
[2025-04-21 18:41:12.588 -0400] [INFO] [cadence.virtuoso.ade.simulationMonitor] - Peak memory used = 352 Mbytes. {"history": "ExplorerRun.0", "point": 1, "testname": "project3_Synchronous_16_bit_add_subtractor_clk_buffer_1", "cornername": "Nominal"}
[2025-04-21 18:41:12.590 -0400] [PROCESS] [cadence.virtuoso.ade.simulationMonitor] - Simulation started at: 6:40:52 PM, Mon Apr 21, 2025, ended at: 6:41:12 PM, Mon Apr 21, 2025, with elapsed time (wall clock): 19.7 s. {"history": "ExplorerRun.0", "point": 1, "testname": "project3_Synchronous_16_bit_add_subtractor_clk_buffer_1", "cornername": "Nominal"}
[2025-04-21 18:41:12.590 -0400] [PROCESS] [cadence.virtuoso.ade.simulationMonitor] - spectre completes with 0 errors, 5 warnings, and 15 notices. {"history": "ExplorerRun.0", "point": 1, "testname": "project3_Synchronous_16_bit_add_subtractor_clk_buffer_1", "cornername": "Nominal"}
[2025-04-21 18:41:12.590 -0400] [PROCESS] [cadence.virtuoso.ade.simulationMonitor] - Finished simulating for one point {"hostname": "ece-linlabsrv01.ece.gatech.edu", "processid": 2146921, "history": "ExplorerRun.0", "testname": "project3_Synchronous_16_bit_add_subtractor_clk_buffer_1", "cornername": "Nominal", "point": 1, "logfile": "/nethome/rgoel68/ECE3150/logs_rgoel68/logs0/Job25.log", "simid": "1", "event": "finish", "category": "simulation"}
[2025-04-21 18:41:12.590 -0400] [PROCESS] [cadence.virtuoso.ade.simulationMonitor] - Simulator exited {"hostname": "ece-linlabsrv01.ece.gatech.edu", "processid": 2146921, "history": "ExplorerRun.0", "testname": "project3_Synchronous_16_bit_add_subtractor_clk_buffer_1", "cornername": "Nominal", "point": 1, "logfile": "/nethome/rgoel68/ECE3150/logs_rgoel68/logs0/Job25.log", "exitStatus": "0"}
[2025-04-21 18:41:12.590 -0400] [PROCESS] [cadence.virtuoso.ade.simulationMonitor] - Finished Simulation {"hostname": "ece-linlabsrv01.ece.gatech.edu", "processid": 2146921, "history": "ExplorerRun.0", "testname": "project3_Synchronous_16_bit_add_subtractor_clk_buffer_1", "cornername": "Nominal", "point": 1, "logfile": "/nethome/rgoel68/ECE3150/logs_rgoel68/logs0/Job25.log", "simid": "1", "event": "finish", "category": "obsolete"}
[2025-04-21 18:41:14.592 -0400] [PROCESS] [cadence.virtuoso.ade.simulationMonitor] - Point Finished {"hostname": "ece-linlabsrv01.ece.gatech.edu", "processid": 2146921, "history": "ExplorerRun.0", "testname": "project3_Synchronous_16_bit_add_subtractor_clk_buffer_1", "cornername": "Nominal", "point": 1, "logfile": "/nethome/rgoel68/ECE3150/logs_rgoel68/logs0/Job25.log", "event": "finish", "category": "sim-eval"}
[2025-04-21 18:41:15.594 -0400] [PROCESS] [cadence.virtuoso.ade.simulationMonitor] - Stay with the runId '5', Linger time '300', currentRunSyn '11', currentTestSyn '12' {"hostname": "ece-linlabsrv01.ece.gatech.edu", "processid": 2146921, "history": "ExplorerRun.0", "testname": "project3_Synchronous_16_bit_add_subtractor_clk_buffer_1", "cornername": "Nominal", "point": 1, "logfile": "/nethome/rgoel68/ECE3150/logs_rgoel68/logs0/Job25.log"}
[2025-04-21 18:41:16.594 -0400] [PROCESS] [cadence.virtuoso.ade.simulationMonitor] - Stay with the runId '5', Linger time '300', currentRunSyn '11', currentTestSyn '12' {"hostname": "ece-linlabsrv01.ece.gatech.edu", "processid": 2146921, "history": "ExplorerRun.0", "testname": "project3_Synchronous_16_bit_add_subtractor_clk_buffer_1", "cornername": "Nominal", "point": 1, "logfile": "/nethome/rgoel68/ECE3150/logs_rgoel68/logs0/Job25.log"}
[2025-04-21 18:42:16.833 -0400] [INFO] [cadence.virtuoso.ade.simulationMonitor] - SimulationMonitor has terminated the vds process '2148461', reason: 'Force to stop the expression evalutor process because of new run' {"history": "ExplorerRun.0", "point": 1, "testname": "project3_Synchronous_16_bit_add_subtractor_clk_buffer_1", "cornername": "Nominal"}
[2025-04-21 18:42:16.834 -0400] [PROCESS] [cadence.virtuoso.ade.simulationMonitor] - HostInfo:
Host name (type):	ece-linlabsrv01.ece.gatech.edu (x86_64)
Operating system:	Linux 4.18.0-553.44.1.el8_10.x86_64 #1 SMP Wed Mar 5 10:48:41 EST 2025 {"hostname": "ece-linlabsrv01.ece.gatech.edu", "processid": 2146921, "history": "ExplorerRun.0", "testname": "project3_Synchronous_16_bit_add_subtractor_clk_buffer_1", "cornername": "Nominal", "point": 1, "logfile": "/nethome/rgoel68/ECE3150/logs_rgoel68/logs0/Job25.log", "nodename": "ece-linlabsrv01.ece.gatech.edu", "domainname": "(none)", "machine": "x86_64", "sysname": "Linux", "release": "4.18.0-553.44.1.el8_10.x86_64", "version": "#1 SMP Wed Mar 5 10:48:41 EST 2025"}
[2025-04-21 18:42:16.835 -0400] [PROCESS] [cadence.virtuoso.ade.simulationMonitor] - UsageInfo:
pid=2146921
totalPhysicalMemory=186.850849GB,Used=185.067493GB,totalVirtualMemory=250.850845GB,Used=232.462769GB
Cpu: Cores=112, Load average:27.060000,38.340000,41.790000 {"hostname": "ece-linlabsrv01.ece.gatech.edu", "processid": 2146921, "history": "ExplorerRun.0", "testname": "project3_Synchronous_16_bit_add_subtractor_clk_buffer_1", "cornername": "Nominal", "point": 1, "logfile": "/nethome/rgoel68/ECE3150/logs_rgoel68/logs0/Job25.log", "pid": "2146921", "totalPhysicalMemory": "186.850849", "physicalMemoryUsed": "185.067493", "totalVirtualMemory": "250.850845", "virtualMemoryUsed": "232.462769", "cpuCores": "112", "processes": "24365", "loadAverage1": "27.060000", "loadAverage5": "38.340000", "loadAverage15": "41.790000", "loadAverage1Percent": "0.241607"}
[2025-04-21 18:42:16.838 -0400] [EVENT] [cadence.virtuoso.ade.simulationMonitor] - NewPoint {"history": "ExplorerRun.0", "point": 1, "testname": "project3_Synchronous_16_bit_add_subtractor_clk_buffer_1", "cornername": "Nominal", "event": "NewPoint", "EventSource": "Simulation Monitor", "HistoryName": "ExplorerRun.0", "logFile": "/nethome/rgoel68/ECE3150/logs_rgoel68/logs0/Job25.log", "logFileSize": "21510", "category": "simulation"}
[2025-04-21 18:42:17.040 -0400] [EVENT] [cadence.virtuoso.ade.simulationMonitor] - NewPoint {"history": "ExplorerRun.0", "point": 1, "testname": "project3_Synchronous_16_bit_add_subtractor_clk_buffer_1", "cornername": "Nominal", "event": "NewPoint", "EventSource": "spectre", "HistoryName": "ExplorerRun.0", "logFile": "/nethome/rgoel68/simulation/project3/Synchronous_16_bit_add_subtractor_clk_buffer/maestro/results/maestro/ExplorerRun.0/1/project3_Synchronous_16_bit_add_subtractor_clk_buffer_1/psf/spectre.out", "logFileSize": "-1", "category": "simulation"}
[2025-04-21 18:42:17.372 -0400] [PROCESS] [cadence.virtuoso.ade.simulationMonitor] - Simulator launched {"hostname": "ece-linlabsrv01.ece.gatech.edu", "processid": 2146921, "history": "ExplorerRun.0", "testname": "project3_Synchronous_16_bit_add_subtractor_clk_buffer_1", "cornername": "Nominal", "point": 1, "logfile": "/nethome/rgoel68/ECE3150/logs_rgoel68/logs0/Job25.log", "simid": "2", "event": "launch", "category": "simulation"}
[2025-04-21 18:42:17.378 -0400] [PROCESS] [cadence.virtuoso.ade.simulationMonitor] - Expression evaluator launched {"hostname": "ece-linlabsrv01.ece.gatech.edu", "processid": 2146921, "history": "ExplorerRun.0", "testname": "project3_Synchronous_16_bit_add_subtractor_clk_buffer_1", "cornername": "Nominal", "point": 1, "logfile": "/nethome/rgoel68/ECE3150/logs_rgoel68/logs0/Job25.log"}
[2025-04-21 18:42:21.908 -0400] [PROCESS] [cadence.virtuoso.ade.simulationMonitor] - Started Simulation {"hostname": "ece-linlabsrv01.ece.gatech.edu", "processid": 2146921, "history": "ExplorerRun.0", "testname": "project3_Synchronous_16_bit_add_subtractor_clk_buffer_1", "cornername": "Nominal", "point": 1, "logfile": "/nethome/rgoel68/ECE3150/logs_rgoel68/logs0/Job25.log", "event": "start", "category": "simulation"}
[2025-04-21 18:42:21.908 -0400] [INFO] [cadence.virtuoso.ade.simulationMonitor] - Notice from spectre during Digital Vector read-in.
    Process Vector Files.
    File read: /nethome/rgoel68/ECE3150/sync_adder_f_min_max_tb.vec {"history": "ExplorerRun.0", "point": 1, "testname": "project3_Synchronous_16_bit_add_subtractor_clk_buffer_1", "cornername": "Nominal"}
[2025-04-21 18:42:21.908 -0400] [INFO] [cadence.virtuoso.ade.simulationMonitor] - Peak resident memory used = 163 Mbytes. {"history": "ExplorerRun.0", "point": 1, "testname": "project3_Synchronous_16_bit_add_subtractor_clk_buffer_1", "cornername": "Nominal"}
[2025-04-21 18:42:21.908 -0400] [WARN] [cadence.virtuoso.ade.simulationMonitor] -     WARNING (SFE-102): "input.scs" 37: Parameter `ld', specified for model `PMOS_VTL' of primitive `bsim4', has been ignored because it is an invalid instance parameter. Specify a valid model parameter and rerun the simulation. Type `spectre -h bsim4' to get more information on valid model parameters. {"history": "ExplorerRun.0", "point": 1, "testname": "project3_Synchronous_16_bit_add_subtractor_clk_buffer_1", "cornername": "Nominal"}
[2025-04-21 18:42:21.908 -0400] [WARN] [cadence.virtuoso.ade.simulationMonitor] -     WARNING (SFE-102): "input.scs" 39: Parameter `ld', specified for model `PMOS_VTL' of primitive `bsim4', has been ignored because it is an invalid instance parameter. Specify a valid model parameter and rerun the simulation. Type `spectre -h bsim4' to get more information on valid model parameters. {"history": "ExplorerRun.0", "point": 1, "testname": "project3_Synchronous_16_bit_add_subtractor_clk_buffer_1", "cornername": "Nominal"}
[2025-04-21 18:42:21.908 -0400] [WARN] [cadence.virtuoso.ade.simulationMonitor] -     WARNING (SFE-102): "input.scs" 41: Parameter `ld', specified for model `PMOS_VTL' of primitive `bsim4', has been ignored because it is an invalid instance parameter. Specify a valid model parameter and rerun the simulation. Type `spectre -h bsim4' to get more information on valid model parameters. {"history": "ExplorerRun.0", "point": 1, "testname": "project3_Synchronous_16_bit_add_subtractor_clk_buffer_1", "cornername": "Nominal"}
[2025-04-21 18:42:21.908 -0400] [WARN] [cadence.virtuoso.ade.simulationMonitor] -     WARNING (SFE-102): "input.scs" 43: Parameter `ld', specified for model `PMOS_VTL' of primitive `bsim4', has been ignored because it is an invalid instance parameter. Specify a valid model parameter and rerun the simulation. Type `spectre -h bsim4' to get more information on valid model parameters. {"history": "ExplorerRun.0", "point": 1, "testname": "project3_Synchronous_16_bit_add_subtractor_clk_buffer_1", "cornername": "Nominal"}
[2025-04-21 18:42:21.908 -0400] [WARN] [cadence.virtuoso.ade.simulationMonitor] -     WARNING (SFE-102): "input.scs" 45: Parameter `ld', specified for model `NMOS_VTL' of primitive `bsim4', has been ignored because it is an invalid instance parameter. Specify a valid model parameter and rerun the simulation. Type `spectre -h bsim4' to get more information on valid model parameters.
        Further occurrences of this warning will be suppressed. {"history": "ExplorerRun.0", "point": 1, "testname": "project3_Synchronous_16_bit_add_subtractor_clk_buffer_1", "cornername": "Nominal"}
[2025-04-21 18:42:21.909 -0400] [INFO] [cadence.virtuoso.ade.simulationMonitor] - Peak resident memory used = 176 Mbytes. {"history": "ExplorerRun.0", "point": 1, "testname": "project3_Synchronous_16_bit_add_subtractor_clk_buffer_1", "cornername": "Nominal"}
[2025-04-21 18:42:21.909 -0400] [INFO] [cadence.virtuoso.ade.simulationMonitor] - Peak resident memory used = 183 Mbytes. {"history": "ExplorerRun.0", "point": 1, "testname": "project3_Synchronous_16_bit_add_subtractor_clk_buffer_1", "cornername": "Nominal"}
[2025-04-21 18:42:21.911 -0400] [INFO] [cadence.virtuoso.ade.simulationMonitor] -               nodes 1512 {"history": "ExplorerRun.0", "point": 1, "testname": "project3_Synchronous_16_bit_add_subtractor_clk_buffer_1", "cornername": "Nominal"}
[2025-04-21 18:42:21.911 -0400] [INFO] [cadence.virtuoso.ade.simulationMonitor] - Notice from spectre during initial setup.
    Protected devices exist and are not included in the circuit inventory.
    APS enabled.
    2849 warnings suppressed. {"history": "ExplorerRun.0", "point": 1, "testname": "project3_Synchronous_16_bit_add_subtractor_clk_buffer_1", "cornername": "Nominal"}
[2025-04-21 18:42:21.912 -0400] [INFO] [cadence.virtuoso.ade.simulationMonitor] - Notice from spectre.
    Multithreading enabled: 8 threads in the system with 112 available processors. {"history": "ExplorerRun.0", "point": 1, "testname": "project3_Synchronous_16_bit_add_subtractor_clk_buffer_1", "cornername": "Nominal"}
[2025-04-21 18:42:21.912 -0400] [INFO] [cadence.virtuoso.ade.simulationMonitor] - Peak resident memory used = 213 Mbytes. {"history": "ExplorerRun.0", "point": 1, "testname": "project3_Synchronous_16_bit_add_subtractor_clk_buffer_1", "cornername": "Nominal"}
[2025-04-21 18:42:21.913 -0400] [INFO] [cadence.virtuoso.ade.simulationMonitor] -    -   (APS) Multi-threading. The recommended number of threads is 8, consider adding +mt=8 on command line. {"history": "ExplorerRun.0", "point": 1, "testname": "project3_Synchronous_16_bit_add_subtractor_clk_buffer_1", "cornername": "Nominal"}
[2025-04-21 18:42:21.913 -0400] [INFO] [cadence.virtuoso.ade.simulationMonitor] - Notice from spectre during IC analysis, during transient analysis `tran'.
    Bad pivoting is found during DC analysis. Option dc_pivot_check=yes is recommended for possible improvement of convergence. {"history": "ExplorerRun.0", "point": 1, "testname": "project3_Synchronous_16_bit_add_subtractor_clk_buffer_1", "cornername": "Nominal"}
[2025-04-21 18:42:37.440 -0400] [INFO] [cadence.virtuoso.ade.simulationMonitor] - Intrinsic tran analysis time:    CPU = 126.003 s, elapsed = 16.9836 s. {"history": "ExplorerRun.0", "point": 1, "testname": "project3_Synchronous_16_bit_add_subtractor_clk_buffer_1", "cornername": "Nominal"}
[2025-04-21 18:42:37.440 -0400] [INFO] [cadence.virtuoso.ade.simulationMonitor] - Total time required for tran analysis `tran': CPU = 129.584 s (2m  9.6s), elapsed = 17.7394 s, util. = 730%. {"history": "ExplorerRun.0", "point": 1, "testname": "project3_Synchronous_16_bit_add_subtractor_clk_buffer_1", "cornername": "Nominal"}
[2025-04-21 18:42:37.440 -0400] [INFO] [cadence.virtuoso.ade.simulationMonitor] - Peak resident memory used = 322 Mbytes. {"history": "ExplorerRun.0", "point": 1, "testname": "project3_Synchronous_16_bit_add_subtractor_clk_buffer_1", "cornername": "Nominal"}
[2025-04-21 18:42:37.960 -0400] [INFO] [cadence.virtuoso.ade.simulationMonitor] - Time used: CPU = 135 s (2m  15.3s), elapsed = 19.5 s, util. = 694%. {"history": "ExplorerRun.0", "point": 1, "testname": "project3_Synchronous_16_bit_add_subtractor_clk_buffer_1", "cornername": "Nominal"}
[2025-04-21 18:42:37.960 -0400] [INFO] [cadence.virtuoso.ade.simulationMonitor] - Time spent in licensing: elapsed = 62.9 ms. {"history": "ExplorerRun.0", "point": 1, "testname": "project3_Synchronous_16_bit_add_subtractor_clk_buffer_1", "cornername": "Nominal"}
[2025-04-21 18:42:37.961 -0400] [INFO] [cadence.virtuoso.ade.simulationMonitor] - Peak memory used = 322 Mbytes. {"history": "ExplorerRun.0", "point": 1, "testname": "project3_Synchronous_16_bit_add_subtractor_clk_buffer_1", "cornername": "Nominal"}
[2025-04-21 18:42:37.963 -0400] [PROCESS] [cadence.virtuoso.ade.simulationMonitor] - Simulation started at: 6:42:18 PM, Mon Apr 21, 2025, ended at: 6:42:37 PM, Mon Apr 21, 2025, with elapsed time (wall clock): 19.5 s. {"history": "ExplorerRun.0", "point": 1, "testname": "project3_Synchronous_16_bit_add_subtractor_clk_buffer_1", "cornername": "Nominal"}
[2025-04-21 18:42:37.963 -0400] [PROCESS] [cadence.virtuoso.ade.simulationMonitor] - spectre completes with 0 errors, 5 warnings, and 8 notices. {"history": "ExplorerRun.0", "point": 1, "testname": "project3_Synchronous_16_bit_add_subtractor_clk_buffer_1", "cornername": "Nominal"}
[2025-04-21 18:42:38.464 -0400] [PROCESS] [cadence.virtuoso.ade.simulationMonitor] - Finished simulating for one point {"hostname": "ece-linlabsrv01.ece.gatech.edu", "processid": 2146921, "history": "ExplorerRun.0", "testname": "project3_Synchronous_16_bit_add_subtractor_clk_buffer_1", "cornername": "Nominal", "point": 1, "logfile": "/nethome/rgoel68/ECE3150/logs_rgoel68/logs0/Job25.log", "simid": "2", "event": "finish", "category": "simulation"}
[2025-04-21 18:42:38.464 -0400] [PROCESS] [cadence.virtuoso.ade.simulationMonitor] - Simulator exited {"hostname": "ece-linlabsrv01.ece.gatech.edu", "processid": 2146921, "history": "ExplorerRun.0", "testname": "project3_Synchronous_16_bit_add_subtractor_clk_buffer_1", "cornername": "Nominal", "point": 1, "logfile": "/nethome/rgoel68/ECE3150/logs_rgoel68/logs0/Job25.log", "exitStatus": "0"}
[2025-04-21 18:42:38.464 -0400] [PROCESS] [cadence.virtuoso.ade.simulationMonitor] - Finished Simulation {"hostname": "ece-linlabsrv01.ece.gatech.edu", "processid": 2146921, "history": "ExplorerRun.0", "testname": "project3_Synchronous_16_bit_add_subtractor_clk_buffer_1", "cornername": "Nominal", "point": 1, "logfile": "/nethome/rgoel68/ECE3150/logs_rgoel68/logs0/Job25.log", "simid": "2", "event": "finish", "category": "obsolete"}
[2025-04-21 18:42:40.467 -0400] [PROCESS] [cadence.virtuoso.ade.simulationMonitor] - Point Finished {"hostname": "ece-linlabsrv01.ece.gatech.edu", "processid": 2146921, "history": "ExplorerRun.0", "testname": "project3_Synchronous_16_bit_add_subtractor_clk_buffer_1", "cornername": "Nominal", "point": 1, "logfile": "/nethome/rgoel68/ECE3150/logs_rgoel68/logs0/Job25.log", "event": "finish", "category": "sim-eval"}
[2025-04-21 18:42:41.471 -0400] [PROCESS] [cadence.virtuoso.ade.simulationMonitor] - Stay with the runId '6', Linger time '300', currentRunSyn '13', currentTestSyn '14' {"hostname": "ece-linlabsrv01.ece.gatech.edu", "processid": 2146921, "history": "ExplorerRun.0", "testname": "project3_Synchronous_16_bit_add_subtractor_clk_buffer_1", "cornername": "Nominal", "point": 1, "logfile": "/nethome/rgoel68/ECE3150/logs_rgoel68/logs0/Job25.log"}
[2025-04-21 18:42:42.471 -0400] [PROCESS] [cadence.virtuoso.ade.simulationMonitor] - Stay with the runId '6', Linger time '300', currentRunSyn '13', currentTestSyn '14' {"hostname": "ece-linlabsrv01.ece.gatech.edu", "processid": 2146921, "history": "ExplorerRun.0", "testname": "project3_Synchronous_16_bit_add_subtractor_clk_buffer_1", "cornername": "Nominal", "point": 1, "logfile": "/nethome/rgoel68/ECE3150/logs_rgoel68/logs0/Job25.log"}
[2025-04-21 18:44:25.294 -0400] [INFO] [cadence.virtuoso.ade.simulationMonitor] - SimulationMonitor has terminated the vds process '2268129', reason: 'Force to stop the expression evalutor process because of new run' {"history": "ExplorerRun.0", "point": 1, "testname": "project3_Synchronous_16_bit_add_subtractor_clk_buffer_1", "cornername": "Nominal"}
[2025-04-21 18:44:25.297 -0400] [PROCESS] [cadence.virtuoso.ade.simulationMonitor] - HostInfo:
Host name (type):	ece-linlabsrv01.ece.gatech.edu (x86_64)
Operating system:	Linux 4.18.0-553.44.1.el8_10.x86_64 #1 SMP Wed Mar 5 10:48:41 EST 2025 {"hostname": "ece-linlabsrv01.ece.gatech.edu", "processid": 2146921, "history": "ExplorerRun.0", "testname": "project3_Synchronous_16_bit_add_subtractor_clk_buffer_1", "cornername": "Nominal", "point": 1, "logfile": "/nethome/rgoel68/ECE3150/logs_rgoel68/logs0/Job25.log", "nodename": "ece-linlabsrv01.ece.gatech.edu", "domainname": "(none)", "machine": "x86_64", "sysname": "Linux", "release": "4.18.0-553.44.1.el8_10.x86_64", "version": "#1 SMP Wed Mar 5 10:48:41 EST 2025"}
[2025-04-21 18:44:25.298 -0400] [PROCESS] [cadence.virtuoso.ade.simulationMonitor] - UsageInfo:
pid=2146921
totalPhysicalMemory=186.850849GB,Used=181.004559GB,totalVirtualMemory=250.850845GB,Used=229.044205GB
Cpu: Cores=112, Load average:51.100000,44.900000,43.860000 {"hostname": "ece-linlabsrv01.ece.gatech.edu", "processid": 2146921, "history": "ExplorerRun.0", "testname": "project3_Synchronous_16_bit_add_subtractor_clk_buffer_1", "cornername": "Nominal", "point": 1, "logfile": "/nethome/rgoel68/ECE3150/logs_rgoel68/logs0/Job25.log", "pid": "2146921", "totalPhysicalMemory": "186.850849", "physicalMemoryUsed": "181.004559", "totalVirtualMemory": "250.850845", "virtualMemoryUsed": "229.044205", "cpuCores": "112", "processes": "24175", "loadAverage1": "51.100000", "loadAverage5": "44.900000", "loadAverage15": "43.860000", "loadAverage1Percent": "0.456250"}
[2025-04-21 18:44:25.301 -0400] [EVENT] [cadence.virtuoso.ade.simulationMonitor] - NewPoint {"history": "ExplorerRun.0", "point": 1, "testname": "project3_Synchronous_16_bit_add_subtractor_clk_buffer_1", "cornername": "Nominal", "event": "NewPoint", "EventSource": "Simulation Monitor", "HistoryName": "ExplorerRun.0", "logFile": "/nethome/rgoel68/ECE3150/logs_rgoel68/logs0/Job25.log", "logFileSize": "36362", "category": "simulation"}
[2025-04-21 18:44:25.603 -0400] [EVENT] [cadence.virtuoso.ade.simulationMonitor] - NewPoint {"history": "ExplorerRun.0", "point": 1, "testname": "project3_Synchronous_16_bit_add_subtractor_clk_buffer_1", "cornername": "Nominal", "event": "NewPoint", "EventSource": "spectre", "HistoryName": "ExplorerRun.0", "logFile": "/nethome/rgoel68/simulation/project3/Synchronous_16_bit_add_subtractor_clk_buffer/maestro/results/maestro/ExplorerRun.0/1/project3_Synchronous_16_bit_add_subtractor_clk_buffer_1/psf/spectre.out", "logFileSize": "-1", "category": "simulation"}
[2025-04-21 18:44:25.948 -0400] [PROCESS] [cadence.virtuoso.ade.simulationMonitor] - Simulator launched {"hostname": "ece-linlabsrv01.ece.gatech.edu", "processid": 2146921, "history": "ExplorerRun.0", "testname": "project3_Synchronous_16_bit_add_subtractor_clk_buffer_1", "cornername": "Nominal", "point": 1, "logfile": "/nethome/rgoel68/ECE3150/logs_rgoel68/logs0/Job25.log", "simid": "3", "event": "launch", "category": "simulation"}
[2025-04-21 18:44:25.972 -0400] [PROCESS] [cadence.virtuoso.ade.simulationMonitor] - Expression evaluator launched {"hostname": "ece-linlabsrv01.ece.gatech.edu", "processid": 2146921, "history": "ExplorerRun.0", "testname": "project3_Synchronous_16_bit_add_subtractor_clk_buffer_1", "cornername": "Nominal", "point": 1, "logfile": "/nethome/rgoel68/ECE3150/logs_rgoel68/logs0/Job25.log"}
[2025-04-21 18:44:30.486 -0400] [PROCESS] [cadence.virtuoso.ade.simulationMonitor] - Started Simulation {"hostname": "ece-linlabsrv01.ece.gatech.edu", "processid": 2146921, "history": "ExplorerRun.0", "testname": "project3_Synchronous_16_bit_add_subtractor_clk_buffer_1", "cornername": "Nominal", "point": 1, "logfile": "/nethome/rgoel68/ECE3150/logs_rgoel68/logs0/Job25.log", "event": "start", "category": "simulation"}
[2025-04-21 18:44:30.487 -0400] [INFO] [cadence.virtuoso.ade.simulationMonitor] - Notice from spectre during Digital Vector read-in.
    Process Vector Files.
    File read: /nethome/rgoel68/ECE3150/sync_adder_f_min_max_tb.vec {"history": "ExplorerRun.0", "point": 1, "testname": "project3_Synchronous_16_bit_add_subtractor_clk_buffer_1", "cornername": "Nominal"}
[2025-04-21 18:44:30.487 -0400] [INFO] [cadence.virtuoso.ade.simulationMonitor] - Peak resident memory used = 164 Mbytes. {"history": "ExplorerRun.0", "point": 1, "testname": "project3_Synchronous_16_bit_add_subtractor_clk_buffer_1", "cornername": "Nominal"}
[2025-04-21 18:44:30.487 -0400] [WARN] [cadence.virtuoso.ade.simulationMonitor] -     WARNING (SFE-102): "input.scs" 37: Parameter `ld', specified for model `PMOS_VTL' of primitive `bsim4', has been ignored because it is an invalid instance parameter. Specify a valid model parameter and rerun the simulation. Type `spectre -h bsim4' to get more information on valid model parameters. {"history": "ExplorerRun.0", "point": 1, "testname": "project3_Synchronous_16_bit_add_subtractor_clk_buffer_1", "cornername": "Nominal"}
[2025-04-21 18:44:30.487 -0400] [WARN] [cadence.virtuoso.ade.simulationMonitor] -     WARNING (SFE-102): "input.scs" 39: Parameter `ld', specified for model `PMOS_VTL' of primitive `bsim4', has been ignored because it is an invalid instance parameter. Specify a valid model parameter and rerun the simulation. Type `spectre -h bsim4' to get more information on valid model parameters. {"history": "ExplorerRun.0", "point": 1, "testname": "project3_Synchronous_16_bit_add_subtractor_clk_buffer_1", "cornername": "Nominal"}
[2025-04-21 18:44:30.487 -0400] [WARN] [cadence.virtuoso.ade.simulationMonitor] -     WARNING (SFE-102): "input.scs" 41: Parameter `ld', specified for model `PMOS_VTL' of primitive `bsim4', has been ignored because it is an invalid instance parameter. Specify a valid model parameter and rerun the simulation. Type `spectre -h bsim4' to get more information on valid model parameters. {"history": "ExplorerRun.0", "point": 1, "testname": "project3_Synchronous_16_bit_add_subtractor_clk_buffer_1", "cornername": "Nominal"}
[2025-04-21 18:44:30.487 -0400] [WARN] [cadence.virtuoso.ade.simulationMonitor] -     WARNING (SFE-102): "input.scs" 43: Parameter `ld', specified for model `PMOS_VTL' of primitive `bsim4', has been ignored because it is an invalid instance parameter. Specify a valid model parameter and rerun the simulation. Type `spectre -h bsim4' to get more information on valid model parameters. {"history": "ExplorerRun.0", "point": 1, "testname": "project3_Synchronous_16_bit_add_subtractor_clk_buffer_1", "cornername": "Nominal"}
[2025-04-21 18:44:30.487 -0400] [WARN] [cadence.virtuoso.ade.simulationMonitor] -     WARNING (SFE-102): "input.scs" 45: Parameter `ld', specified for model `NMOS_VTL' of primitive `bsim4', has been ignored because it is an invalid instance parameter. Specify a valid model parameter and rerun the simulation. Type `spectre -h bsim4' to get more information on valid model parameters.
        Further occurrences of this warning will be suppressed. {"history": "ExplorerRun.0", "point": 1, "testname": "project3_Synchronous_16_bit_add_subtractor_clk_buffer_1", "cornername": "Nominal"}
[2025-04-21 18:44:30.487 -0400] [INFO] [cadence.virtuoso.ade.simulationMonitor] - Peak resident memory used = 177 Mbytes. {"history": "ExplorerRun.0", "point": 1, "testname": "project3_Synchronous_16_bit_add_subtractor_clk_buffer_1", "cornername": "Nominal"}
[2025-04-21 18:44:30.487 -0400] [INFO] [cadence.virtuoso.ade.simulationMonitor] - Peak resident memory used = 185 Mbytes. {"history": "ExplorerRun.0", "point": 1, "testname": "project3_Synchronous_16_bit_add_subtractor_clk_buffer_1", "cornername": "Nominal"}
[2025-04-21 18:44:30.490 -0400] [INFO] [cadence.virtuoso.ade.simulationMonitor] -               nodes 1512 {"history": "ExplorerRun.0", "point": 1, "testname": "project3_Synchronous_16_bit_add_subtractor_clk_buffer_1", "cornername": "Nominal"}
[2025-04-21 18:44:30.490 -0400] [INFO] [cadence.virtuoso.ade.simulationMonitor] - Notice from spectre during initial setup.
    Protected devices exist and are not included in the circuit inventory.
    APS enabled. {"history": "ExplorerRun.0", "point": 1, "testname": "project3_Synchronous_16_bit_add_subtractor_clk_buffer_1", "cornername": "Nominal"}
[2025-04-21 18:44:30.491 -0400] [INFO] [cadence.virtuoso.ade.simulationMonitor] - Notice from spectre.
    Multithreading enabled: 8 threads in the system with 112 available processors. {"history": "ExplorerRun.0", "point": 1, "testname": "project3_Synchronous_16_bit_add_subtractor_clk_buffer_1", "cornername": "Nominal"}
[2025-04-21 18:44:30.491 -0400] [INFO] [cadence.virtuoso.ade.simulationMonitor] - Peak resident memory used = 215 Mbytes. {"history": "ExplorerRun.0", "point": 1, "testname": "project3_Synchronous_16_bit_add_subtractor_clk_buffer_1", "cornername": "Nominal"}
[2025-04-21 18:44:30.492 -0400] [INFO] [cadence.virtuoso.ade.simulationMonitor] -    -   (APS) Multi-threading. The recommended number of threads is 8, consider adding +mt=8 on command line. {"history": "ExplorerRun.0", "point": 1, "testname": "project3_Synchronous_16_bit_add_subtractor_clk_buffer_1", "cornername": "Nominal"}
[2025-04-21 18:44:30.492 -0400] [INFO] [cadence.virtuoso.ade.simulationMonitor] - Notice from spectre during IC analysis, during transient analysis `tran'.
    Bad pivoting is found during DC analysis. Option dc_pivot_check=yes is recommended for possible improvement of convergence. {"history": "ExplorerRun.0", "point": 1, "testname": "project3_Synchronous_16_bit_add_subtractor_clk_buffer_1", "cornername": "Nominal"}
[2025-04-21 18:44:46.007 -0400] [INFO] [cadence.virtuoso.ade.simulationMonitor] - Intrinsic tran analysis time:    CPU = 126.83 s, elapsed = 17.6697 s. {"history": "ExplorerRun.0", "point": 1, "testname": "project3_Synchronous_16_bit_add_subtractor_clk_buffer_1", "cornername": "Nominal"}
[2025-04-21 18:44:46.508 -0400] [INFO] [cadence.virtuoso.ade.simulationMonitor] - Total time required for tran analysis `tran': CPU = 130.576 s (2m  10.6s), elapsed = 18.5539 s, util. = 704%. {"history": "ExplorerRun.0", "point": 1, "testname": "project3_Synchronous_16_bit_add_subtractor_clk_buffer_1", "cornername": "Nominal"}
[2025-04-21 18:44:46.508 -0400] [INFO] [cadence.virtuoso.ade.simulationMonitor] - Peak resident memory used = 323 Mbytes. {"history": "ExplorerRun.0", "point": 1, "testname": "project3_Synchronous_16_bit_add_subtractor_clk_buffer_1", "cornername": "Nominal"}
[2025-04-21 18:44:47.010 -0400] [INFO] [cadence.virtuoso.ade.simulationMonitor] - Time used: CPU = 136 s (2m  16.0s), elapsed = 20.2 s, util. = 672%. {"history": "ExplorerRun.0", "point": 1, "testname": "project3_Synchronous_16_bit_add_subtractor_clk_buffer_1", "cornername": "Nominal"}
[2025-04-21 18:44:47.010 -0400] [INFO] [cadence.virtuoso.ade.simulationMonitor] - Time spent in licensing: elapsed = 61.1 ms. {"history": "ExplorerRun.0", "point": 1, "testname": "project3_Synchronous_16_bit_add_subtractor_clk_buffer_1", "cornername": "Nominal"}
[2025-04-21 18:44:47.011 -0400] [INFO] [cadence.virtuoso.ade.simulationMonitor] - Peak memory used = 323 Mbytes. {"history": "ExplorerRun.0", "point": 1, "testname": "project3_Synchronous_16_bit_add_subtractor_clk_buffer_1", "cornername": "Nominal"}
[2025-04-21 18:44:47.013 -0400] [PROCESS] [cadence.virtuoso.ade.simulationMonitor] - Simulation started at: 6:44:26 PM, Mon Apr 21, 2025, ended at: 6:44:46 PM, Mon Apr 21, 2025, with elapsed time (wall clock): 20.2 s. {"history": "ExplorerRun.0", "point": 1, "testname": "project3_Synchronous_16_bit_add_subtractor_clk_buffer_1", "cornername": "Nominal"}
[2025-04-21 18:44:47.013 -0400] [PROCESS] [cadence.virtuoso.ade.simulationMonitor] - spectre completes with 0 errors, 5 warnings, and 8 notices. {"history": "ExplorerRun.0", "point": 1, "testname": "project3_Synchronous_16_bit_add_subtractor_clk_buffer_1", "cornername": "Nominal"}
[2025-04-21 18:44:47.013 -0400] [PROCESS] [cadence.virtuoso.ade.simulationMonitor] - Finished simulating for one point {"hostname": "ece-linlabsrv01.ece.gatech.edu", "processid": 2146921, "history": "ExplorerRun.0", "testname": "project3_Synchronous_16_bit_add_subtractor_clk_buffer_1", "cornername": "Nominal", "point": 1, "logfile": "/nethome/rgoel68/ECE3150/logs_rgoel68/logs0/Job25.log", "simid": "3", "event": "finish", "category": "simulation"}
[2025-04-21 18:44:47.014 -0400] [PROCESS] [cadence.virtuoso.ade.simulationMonitor] - Simulator exited {"hostname": "ece-linlabsrv01.ece.gatech.edu", "processid": 2146921, "history": "ExplorerRun.0", "testname": "project3_Synchronous_16_bit_add_subtractor_clk_buffer_1", "cornername": "Nominal", "point": 1, "logfile": "/nethome/rgoel68/ECE3150/logs_rgoel68/logs0/Job25.log", "exitStatus": "0"}
[2025-04-21 18:44:47.014 -0400] [PROCESS] [cadence.virtuoso.ade.simulationMonitor] - Finished Simulation {"hostname": "ece-linlabsrv01.ece.gatech.edu", "processid": 2146921, "history": "ExplorerRun.0", "testname": "project3_Synchronous_16_bit_add_subtractor_clk_buffer_1", "cornername": "Nominal", "point": 1, "logfile": "/nethome/rgoel68/ECE3150/logs_rgoel68/logs0/Job25.log", "simid": "3", "event": "finish", "category": "obsolete"}
[2025-04-21 18:44:49.016 -0400] [PROCESS] [cadence.virtuoso.ade.simulationMonitor] - Point Finished {"hostname": "ece-linlabsrv01.ece.gatech.edu", "processid": 2146921, "history": "ExplorerRun.0", "testname": "project3_Synchronous_16_bit_add_subtractor_clk_buffer_1", "cornername": "Nominal", "point": 1, "logfile": "/nethome/rgoel68/ECE3150/logs_rgoel68/logs0/Job25.log", "event": "finish", "category": "sim-eval"}
[2025-04-21 18:44:50.017 -0400] [PROCESS] [cadence.virtuoso.ade.simulationMonitor] - Stay with the runId '7', Linger time '300', currentRunSyn '15', currentTestSyn '16' {"hostname": "ece-linlabsrv01.ece.gatech.edu", "processid": 2146921, "history": "ExplorerRun.0", "testname": "project3_Synchronous_16_bit_add_subtractor_clk_buffer_1", "cornername": "Nominal", "point": 1, "logfile": "/nethome/rgoel68/ECE3150/logs_rgoel68/logs0/Job25.log"}
[2025-04-21 18:44:51.018 -0400] [PROCESS] [cadence.virtuoso.ade.simulationMonitor] - Stay with the runId '7', Linger time '300', currentRunSyn '15', currentTestSyn '16' {"hostname": "ece-linlabsrv01.ece.gatech.edu", "processid": 2146921, "history": "ExplorerRun.0", "testname": "project3_Synchronous_16_bit_add_subtractor_clk_buffer_1", "cornername": "Nominal", "point": 1, "logfile": "/nethome/rgoel68/ECE3150/logs_rgoel68/logs0/Job25.log"}
[2025-04-21 18:48:02.938 -0400] [INFO] [cadence.virtuoso.ade.simulationMonitor] - SimulationMonitor has terminated the vds process '2477550', reason: 'Force to stop the expression evalutor process because of new run' {"history": "ExplorerRun.0", "point": 1, "testname": "project3_Synchronous_16_bit_add_subtractor_clk_buffer_1", "cornername": "Nominal"}
[2025-04-21 18:48:02.939 -0400] [PROCESS] [cadence.virtuoso.ade.simulationMonitor] - HostInfo:
Host name (type):	ece-linlabsrv01.ece.gatech.edu (x86_64)
Operating system:	Linux 4.18.0-553.44.1.el8_10.x86_64 #1 SMP Wed Mar 5 10:48:41 EST 2025 {"hostname": "ece-linlabsrv01.ece.gatech.edu", "processid": 2146921, "history": "ExplorerRun.0", "testname": "project3_Synchronous_16_bit_add_subtractor_clk_buffer_1", "cornername": "Nominal", "point": 1, "logfile": "/nethome/rgoel68/ECE3150/logs_rgoel68/logs0/Job25.log", "nodename": "ece-linlabsrv01.ece.gatech.edu", "domainname": "(none)", "machine": "x86_64", "sysname": "Linux", "release": "4.18.0-553.44.1.el8_10.x86_64", "version": "#1 SMP Wed Mar 5 10:48:41 EST 2025"}
[2025-04-21 18:48:02.939 -0400] [PROCESS] [cadence.virtuoso.ade.simulationMonitor] - UsageInfo:
pid=2146921
totalPhysicalMemory=186.850849GB,Used=178.033905GB,totalVirtualMemory=250.850845GB,Used=227.194759GB
Cpu: Cores=112, Load average:54.300000,49.040000,45.940000 {"hostname": "ece-linlabsrv01.ece.gatech.edu", "processid": 2146921, "history": "ExplorerRun.0", "testname": "project3_Synchronous_16_bit_add_subtractor_clk_buffer_1", "cornername": "Nominal", "point": 1, "logfile": "/nethome/rgoel68/ECE3150/logs_rgoel68/logs0/Job25.log", "pid": "2146921", "totalPhysicalMemory": "186.850849", "physicalMemoryUsed": "178.033905", "totalVirtualMemory": "250.850845", "virtualMemoryUsed": "227.194759", "cpuCores": "112", "processes": "24605", "loadAverage1": "54.300000", "loadAverage5": "49.040000", "loadAverage15": "45.940000", "loadAverage1Percent": "0.484821"}
[2025-04-21 18:48:02.957 -0400] [EVENT] [cadence.virtuoso.ade.simulationMonitor] - NewPoint {"history": "ExplorerRun.0", "point": 1, "testname": "project3_Synchronous_16_bit_add_subtractor_clk_buffer_1", "cornername": "Nominal", "event": "NewPoint", "EventSource": "Simulation Monitor", "HistoryName": "ExplorerRun.0", "logFile": "/nethome/rgoel68/ECE3150/logs_rgoel68/logs0/Job25.log", "logFileSize": "51184", "category": "simulation"}
[2025-04-21 18:48:03.361 -0400] [EVENT] [cadence.virtuoso.ade.simulationMonitor] - NewPoint {"history": "ExplorerRun.0", "point": 1, "testname": "project3_Synchronous_16_bit_add_subtractor_clk_buffer_1", "cornername": "Nominal", "event": "NewPoint", "EventSource": "spectre", "HistoryName": "ExplorerRun.0", "logFile": "/nethome/rgoel68/simulation/project3/Synchronous_16_bit_add_subtractor_clk_buffer/maestro/results/maestro/ExplorerRun.0/1/project3_Synchronous_16_bit_add_subtractor_clk_buffer_1/psf/spectre.out", "logFileSize": "-1", "category": "simulation"}
[2025-04-21 18:48:03.721 -0400] [PROCESS] [cadence.virtuoso.ade.simulationMonitor] - Simulator launched {"hostname": "ece-linlabsrv01.ece.gatech.edu", "processid": 2146921, "history": "ExplorerRun.0", "testname": "project3_Synchronous_16_bit_add_subtractor_clk_buffer_1", "cornername": "Nominal", "point": 1, "logfile": "/nethome/rgoel68/ECE3150/logs_rgoel68/logs0/Job25.log", "simid": "4", "event": "launch", "category": "simulation"}
[2025-04-21 18:48:03.725 -0400] [PROCESS] [cadence.virtuoso.ade.simulationMonitor] - Expression evaluator launched {"hostname": "ece-linlabsrv01.ece.gatech.edu", "processid": 2146921, "history": "ExplorerRun.0", "testname": "project3_Synchronous_16_bit_add_subtractor_clk_buffer_1", "cornername": "Nominal", "point": 1, "logfile": "/nethome/rgoel68/ECE3150/logs_rgoel68/logs0/Job25.log"}
[2025-04-21 18:48:08.303 -0400] [PROCESS] [cadence.virtuoso.ade.simulationMonitor] - Started Simulation {"hostname": "ece-linlabsrv01.ece.gatech.edu", "processid": 2146921, "history": "ExplorerRun.0", "testname": "project3_Synchronous_16_bit_add_subtractor_clk_buffer_1", "cornername": "Nominal", "point": 1, "logfile": "/nethome/rgoel68/ECE3150/logs_rgoel68/logs0/Job25.log", "event": "start", "category": "simulation"}
[2025-04-21 18:48:08.304 -0400] [INFO] [cadence.virtuoso.ade.simulationMonitor] - Notice from spectre during Digital Vector read-in.
    Process Vector Files.
    File read: /nethome/rgoel68/ECE3150/sync_adder_f_min_max_tb.vec {"history": "ExplorerRun.0", "point": 1, "testname": "project3_Synchronous_16_bit_add_subtractor_clk_buffer_1", "cornername": "Nominal"}
[2025-04-21 18:48:08.304 -0400] [INFO] [cadence.virtuoso.ade.simulationMonitor] - Peak resident memory used = 177 Mbytes. {"history": "ExplorerRun.0", "point": 1, "testname": "project3_Synchronous_16_bit_add_subtractor_clk_buffer_1", "cornername": "Nominal"}
[2025-04-21 18:48:08.304 -0400] [WARN] [cadence.virtuoso.ade.simulationMonitor] -     WARNING (SFE-102): "input.scs" 37: Parameter `ld', specified for model `PMOS_VTL' of primitive `bsim4', has been ignored because it is an invalid instance parameter. Specify a valid model parameter and rerun the simulation. Type `spectre -h bsim4' to get more information on valid model parameters. {"history": "ExplorerRun.0", "point": 1, "testname": "project3_Synchronous_16_bit_add_subtractor_clk_buffer_1", "cornername": "Nominal"}
[2025-04-21 18:48:08.304 -0400] [WARN] [cadence.virtuoso.ade.simulationMonitor] -     WARNING (SFE-102): "input.scs" 39: Parameter `ld', specified for model `PMOS_VTL' of primitive `bsim4', has been ignored because it is an invalid instance parameter. Specify a valid model parameter and rerun the simulation. Type `spectre -h bsim4' to get more information on valid model parameters. {"history": "ExplorerRun.0", "point": 1, "testname": "project3_Synchronous_16_bit_add_subtractor_clk_buffer_1", "cornername": "Nominal"}
[2025-04-21 18:48:08.304 -0400] [WARN] [cadence.virtuoso.ade.simulationMonitor] -     WARNING (SFE-102): "input.scs" 41: Parameter `ld', specified for model `PMOS_VTL' of primitive `bsim4', has been ignored because it is an invalid instance parameter. Specify a valid model parameter and rerun the simulation. Type `spectre -h bsim4' to get more information on valid model parameters. {"history": "ExplorerRun.0", "point": 1, "testname": "project3_Synchronous_16_bit_add_subtractor_clk_buffer_1", "cornername": "Nominal"}
[2025-04-21 18:48:08.304 -0400] [WARN] [cadence.virtuoso.ade.simulationMonitor] -     WARNING (SFE-102): "input.scs" 43: Parameter `ld', specified for model `PMOS_VTL' of primitive `bsim4', has been ignored because it is an invalid instance parameter. Specify a valid model parameter and rerun the simulation. Type `spectre -h bsim4' to get more information on valid model parameters. {"history": "ExplorerRun.0", "point": 1, "testname": "project3_Synchronous_16_bit_add_subtractor_clk_buffer_1", "cornername": "Nominal"}
[2025-04-21 18:48:08.304 -0400] [WARN] [cadence.virtuoso.ade.simulationMonitor] -     WARNING (SFE-102): "input.scs" 45: Parameter `ld', specified for model `NMOS_VTL' of primitive `bsim4', has been ignored because it is an invalid instance parameter. Specify a valid model parameter and rerun the simulation. Type `spectre -h bsim4' to get more information on valid model parameters.
        Further occurrences of this warning will be suppressed. {"history": "ExplorerRun.0", "point": 1, "testname": "project3_Synchronous_16_bit_add_subtractor_clk_buffer_1", "cornername": "Nominal"}
[2025-04-21 18:48:08.304 -0400] [INFO] [cadence.virtuoso.ade.simulationMonitor] - Peak resident memory used = 190 Mbytes. {"history": "ExplorerRun.0", "point": 1, "testname": "project3_Synchronous_16_bit_add_subtractor_clk_buffer_1", "cornername": "Nominal"}
[2025-04-21 18:48:08.304 -0400] [INFO] [cadence.virtuoso.ade.simulationMonitor] - Peak resident memory used = 198 Mbytes. {"history": "ExplorerRun.0", "point": 1, "testname": "project3_Synchronous_16_bit_add_subtractor_clk_buffer_1", "cornername": "Nominal"}
[2025-04-21 18:48:08.309 -0400] [INFO] [cadence.virtuoso.ade.simulationMonitor] -               nodes 1512 {"history": "ExplorerRun.0", "point": 1, "testname": "project3_Synchronous_16_bit_add_subtractor_clk_buffer_1", "cornername": "Nominal"}
[2025-04-21 18:48:08.309 -0400] [INFO] [cadence.virtuoso.ade.simulationMonitor] - Notice from spectre during initial setup.
    Protected devices exist and are not included in the circuit inventory.
    APS enabled.
    2849 warnings suppressed. {"history": "ExplorerRun.0", "point": 1, "testname": "project3_Synchronous_16_bit_add_subtractor_clk_buffer_1", "cornername": "Nominal"}
[2025-04-21 18:48:08.310 -0400] [INFO] [cadence.virtuoso.ade.simulationMonitor] - Notice from spectre.
    Multithreading enabled: 8 threads in the system with 112 available processors. {"history": "ExplorerRun.0", "point": 1, "testname": "project3_Synchronous_16_bit_add_subtractor_clk_buffer_1", "cornername": "Nominal"}
[2025-04-21 18:48:08.310 -0400] [INFO] [cadence.virtuoso.ade.simulationMonitor] - Peak resident memory used = 227 Mbytes. {"history": "ExplorerRun.0", "point": 1, "testname": "project3_Synchronous_16_bit_add_subtractor_clk_buffer_1", "cornername": "Nominal"}
[2025-04-21 18:48:08.311 -0400] [INFO] [cadence.virtuoso.ade.simulationMonitor] -    -   (APS) Multi-threading. The recommended number of threads is 8, consider adding +mt=8 on command line. {"history": "ExplorerRun.0", "point": 1, "testname": "project3_Synchronous_16_bit_add_subtractor_clk_buffer_1", "cornername": "Nominal"}
[2025-04-21 18:48:08.311 -0400] [INFO] [cadence.virtuoso.ade.simulationMonitor] - Notice from spectre during IC analysis, during transient analysis `tran'.
    Bad pivoting is found during DC analysis. Option dc_pivot_check=yes is recommended for possible improvement of convergence. {"history": "ExplorerRun.0", "point": 1, "testname": "project3_Synchronous_16_bit_add_subtractor_clk_buffer_1", "cornername": "Nominal"}
[2025-04-21 18:48:23.321 -0400] [INFO] [cadence.virtuoso.ade.simulationMonitor] - Notice from spectre at time = 15.2207 ns during transient analysis `tran'.
    Found trapezoidal ringing on node _vvdd!:p. {"history": "ExplorerRun.0", "point": 1, "testname": "project3_Synchronous_16_bit_add_subtractor_clk_buffer_1", "cornername": "Nominal"}
[2025-04-21 18:48:23.321 -0400] [INFO] [cadence.virtuoso.ade.simulationMonitor] - Notice from spectre at time = 15.7207 ns during transient analysis `tran'.
    Found trapezoidal ringing on node _vvdd!:p. {"history": "ExplorerRun.0", "point": 1, "testname": "project3_Synchronous_16_bit_add_subtractor_clk_buffer_1", "cornername": "Nominal"}
[2025-04-21 18:48:23.321 -0400] [INFO] [cadence.virtuoso.ade.simulationMonitor] - Notice from spectre at time = 16.2207 ns during transient analysis `tran'.
    Found trapezoidal ringing on node _vvdd!:p. {"history": "ExplorerRun.0", "point": 1, "testname": "project3_Synchronous_16_bit_add_subtractor_clk_buffer_1", "cornername": "Nominal"}
[2025-04-21 18:48:23.321 -0400] [INFO] [cadence.virtuoso.ade.simulationMonitor] - Notice from spectre at time = 16.7207 ns during transient analysis `tran'.
    Found trapezoidal ringing on node _vvdd!:p. {"history": "ExplorerRun.0", "point": 1, "testname": "project3_Synchronous_16_bit_add_subtractor_clk_buffer_1", "cornername": "Nominal"}
[2025-04-21 18:48:23.322 -0400] [INFO] [cadence.virtuoso.ade.simulationMonitor] - Notice from spectre at time = 17.2207 ns during transient analysis `tran'.
    Found trapezoidal ringing on node _vvdd!:p.
        Further occurrences of this notice will be suppressed. {"history": "ExplorerRun.0", "point": 1, "testname": "project3_Synchronous_16_bit_add_subtractor_clk_buffer_1", "cornername": "Nominal"}
[2025-04-21 18:48:23.322 -0400] [INFO] [cadence.virtuoso.ade.simulationMonitor] - Notice from spectre during transient analysis `tran'.
    Trapezoidal ringing is detected during tran analysis.
        Please use method=trap for better results and performance. {"history": "ExplorerRun.0", "point": 1, "testname": "project3_Synchronous_16_bit_add_subtractor_clk_buffer_1", "cornername": "Nominal"}
[2025-04-21 18:48:23.323 -0400] [INFO] [cadence.virtuoso.ade.simulationMonitor] - Intrinsic tran analysis time:    CPU = 123.186 s, elapsed = 17.0199 s. {"history": "ExplorerRun.0", "point": 1, "testname": "project3_Synchronous_16_bit_add_subtractor_clk_buffer_1", "cornername": "Nominal"}
[2025-04-21 18:48:23.323 -0400] [INFO] [cadence.virtuoso.ade.simulationMonitor] - Total time required for tran analysis `tran': CPU = 126.723 s (2m  6.7s), elapsed = 17.9025 s, util. = 708%. {"history": "ExplorerRun.0", "point": 1, "testname": "project3_Synchronous_16_bit_add_subtractor_clk_buffer_1", "cornername": "Nominal"}
[2025-04-21 18:48:23.323 -0400] [INFO] [cadence.virtuoso.ade.simulationMonitor] - Peak resident memory used = 368 Mbytes. {"history": "ExplorerRun.0", "point": 1, "testname": "project3_Synchronous_16_bit_add_subtractor_clk_buffer_1", "cornername": "Nominal"}
[2025-04-21 18:48:23.323 -0400] [INFO] [cadence.virtuoso.ade.simulationMonitor] - Notice from spectre.
    16 notices suppressed. {"history": "ExplorerRun.0", "point": 1, "testname": "project3_Synchronous_16_bit_add_subtractor_clk_buffer_1", "cornername": "Nominal"}
[2025-04-21 18:48:23.824 -0400] [INFO] [cadence.virtuoso.ade.simulationMonitor] - Time used: CPU = 131 s (2m  11.4s), elapsed = 19.5 s, util. = 675%. {"history": "ExplorerRun.0", "point": 1, "testname": "project3_Synchronous_16_bit_add_subtractor_clk_buffer_1", "cornername": "Nominal"}
[2025-04-21 18:48:23.825 -0400] [INFO] [cadence.virtuoso.ade.simulationMonitor] - Time spent in licensing: elapsed = 65.5 ms. {"history": "ExplorerRun.0", "point": 1, "testname": "project3_Synchronous_16_bit_add_subtractor_clk_buffer_1", "cornername": "Nominal"}
[2025-04-21 18:48:23.825 -0400] [INFO] [cadence.virtuoso.ade.simulationMonitor] - Peak memory used = 368 Mbytes. {"history": "ExplorerRun.0", "point": 1, "testname": "project3_Synchronous_16_bit_add_subtractor_clk_buffer_1", "cornername": "Nominal"}
[2025-04-21 18:48:23.827 -0400] [PROCESS] [cadence.virtuoso.ade.simulationMonitor] - Simulation started at: 6:48:04 PM, Mon Apr 21, 2025, ended at: 6:48:23 PM, Mon Apr 21, 2025, with elapsed time (wall clock): 19.5 s. {"history": "ExplorerRun.0", "point": 1, "testname": "project3_Synchronous_16_bit_add_subtractor_clk_buffer_1", "cornername": "Nominal"}
[2025-04-21 18:48:23.827 -0400] [PROCESS] [cadence.virtuoso.ade.simulationMonitor] - spectre completes with 0 errors, 5 warnings, and 15 notices. {"history": "ExplorerRun.0", "point": 1, "testname": "project3_Synchronous_16_bit_add_subtractor_clk_buffer_1", "cornername": "Nominal"}
[2025-04-21 18:48:23.827 -0400] [PROCESS] [cadence.virtuoso.ade.simulationMonitor] - Finished simulating for one point {"hostname": "ece-linlabsrv01.ece.gatech.edu", "processid": 2146921, "history": "ExplorerRun.0", "testname": "project3_Synchronous_16_bit_add_subtractor_clk_buffer_1", "cornername": "Nominal", "point": 1, "logfile": "/nethome/rgoel68/ECE3150/logs_rgoel68/logs0/Job25.log", "simid": "4", "event": "finish", "category": "simulation"}
[2025-04-21 18:48:23.827 -0400] [PROCESS] [cadence.virtuoso.ade.simulationMonitor] - Simulator exited {"hostname": "ece-linlabsrv01.ece.gatech.edu", "processid": 2146921, "history": "ExplorerRun.0", "testname": "project3_Synchronous_16_bit_add_subtractor_clk_buffer_1", "cornername": "Nominal", "point": 1, "logfile": "/nethome/rgoel68/ECE3150/logs_rgoel68/logs0/Job25.log", "exitStatus": "0"}
[2025-04-21 18:48:23.827 -0400] [PROCESS] [cadence.virtuoso.ade.simulationMonitor] - Finished Simulation {"hostname": "ece-linlabsrv01.ece.gatech.edu", "processid": 2146921, "history": "ExplorerRun.0", "testname": "project3_Synchronous_16_bit_add_subtractor_clk_buffer_1", "cornername": "Nominal", "point": 1, "logfile": "/nethome/rgoel68/ECE3150/logs_rgoel68/logs0/Job25.log", "simid": "4", "event": "finish", "category": "obsolete"}
[2025-04-21 18:48:26.330 -0400] [PROCESS] [cadence.virtuoso.ade.simulationMonitor] - Point Finished {"hostname": "ece-linlabsrv01.ece.gatech.edu", "processid": 2146921, "history": "ExplorerRun.0", "testname": "project3_Synchronous_16_bit_add_subtractor_clk_buffer_1", "cornername": "Nominal", "point": 1, "logfile": "/nethome/rgoel68/ECE3150/logs_rgoel68/logs0/Job25.log", "event": "finish", "category": "sim-eval"}
[2025-04-21 18:48:27.332 -0400] [PROCESS] [cadence.virtuoso.ade.simulationMonitor] - Stay with the runId '8', Linger time '300', currentRunSyn '17', currentTestSyn '18' {"hostname": "ece-linlabsrv01.ece.gatech.edu", "processid": 2146921, "history": "ExplorerRun.0", "testname": "project3_Synchronous_16_bit_add_subtractor_clk_buffer_1", "cornername": "Nominal", "point": 1, "logfile": "/nethome/rgoel68/ECE3150/logs_rgoel68/logs0/Job25.log"}
[2025-04-21 18:48:28.332 -0400] [PROCESS] [cadence.virtuoso.ade.simulationMonitor] - Stay with the runId '8', Linger time '300', currentRunSyn '17', currentTestSyn '18' {"hostname": "ece-linlabsrv01.ece.gatech.edu", "processid": 2146921, "history": "ExplorerRun.0", "testname": "project3_Synchronous_16_bit_add_subtractor_clk_buffer_1", "cornername": "Nominal", "point": 1, "logfile": "/nethome/rgoel68/ECE3150/logs_rgoel68/logs0/Job25.log"}
[2025-04-21 18:53:27.559 -0400] [PROCESS] [cadence.virtuoso.ade.simulationMonitor] - Current memory used: 80.8359 MBytes, peak memory used: 81.1289 MBytes {"hostname": "ece-linlabsrv01.ece.gatech.edu", "processid": 2146921, "history": "ExplorerRun.0", "testname": "project3_Synchronous_16_bit_add_subtractor_clk_buffer_1", "cornername": "Nominal", "point": 1, "logfile": "/nethome/rgoel68/ECE3150/logs_rgoel68/logs0/Job25.log"}
[2025-04-21 18:53:27.559 -0400] [PROCESS] [cadence.virtuoso.ade.simulationMonitor] - Simulation Monitor process exits. {"hostname": "ece-linlabsrv01.ece.gatech.edu", "processid": 2146921, "history": "ExplorerRun.0", "testname": "project3_Synchronous_16_bit_add_subtractor_clk_buffer_1", "cornername": "Nominal", "point": 1, "logfile": "/nethome/rgoel68/ECE3150/logs_rgoel68/logs0/Job25.log"}
