[Simulation Monitor: 21]
[2025-02-28 23:49:54.944 -0500] [PROCESS] [cadence.virtuoso.ade.simulationMonitor] - Started the simulation monitor process {"hostname": "ece-linlabsrv01.ece.gatech.edu", "processid": 3370517, "logfile": "/nethome/rgoel68/ECE3150/logs_rgoel68/logs0/Job21.log", "simulation monitor command line": "/tools/software/cadence/ic/23.10.120/tools.lnx86/dfII/bin/64bit/spectreMonitor --davinciService DaVinciService_907735_1740782292 --axlsession fnxSession7 -lscs 000175E1894CBE06FF0966E38F1FFC06BC4D65B0C578C406D07B6FA78410926AD02470F28B50992BD92E69ED90048F74DD2F32AE9C019928D92E01211EED6DF4DB8F00001DD6 -beanhost ece-linlabsrv01.ece.gatech.edu -beanport 11645 -beanLogFile /nethome/rgoel68/ECE3150/logs_rgoel68/logs0/amps_Job21.log -beanbinlog  --domain 0 --interactive yes --netlistOpt no --useMultiPointEvaluation yes --exprEvalShowJobStderr yes --evalSimParallel no --maxSims 0 --historyName ExplorerRun.0 --historyUUID  --exprEvaluator vds --mcMapping mc1.mapping --checkLogStatusInterval 0 --checkSimulatorLogTimeout 1200 --exprEvalMaxTries 3 --maxNFSSyncWait 60 -adeBrokerAddress ece-linlabsrv01.ece.gatech.edu:46205 --fromADE true --virtuosoBinary virtuoso --guiDisplay ece-linlabsrv01.ece.gatech.edu:311 --globalStatus 60 --evaluateMultiMC yes --evalOnSimFail SkipFailedAnalyses --numRetriesOnError 1 --fenixMode explorer --lingertimeout 300 -ahdlLockTimeout 60 --sdbLib project_1 --sdbCell inverter --sdbView maestro --heartBeatFileDir /dev/shm --id 21 --uuid 6e6a114a-c892-4821-9e7d-bb03dad0edd9 --log /nethome/rgoel68/ECE3150/logs_rgoel68/logs0/Job21.log "}
[2025-02-28 23:49:54.944 -0500] [PROCESS] [cadence.virtuoso.ade.simulationMonitor] - Started the simulation monitor process {"hostname": "ece-linlabsrv01.ece.gatech.edu", "processid": 3370517, "logfile": "/nethome/rgoel68/ECE3150/logs_rgoel68/logs0/Job21.log", "current directory": "/nethome/rgoel68/ECE3150"}
[2025-02-28 23:49:54.944 -0500] [PROCESS] [cadence.virtuoso.ade.simulationMonitor] - Simulation Monitor has successfully started up. Trying to set up communication channels to other components ... {"hostname": "ece-linlabsrv01.ece.gatech.edu", "processid": 3370517, "logfile": "/nethome/rgoel68/ECE3150/logs_rgoel68/logs0/Job21.log"}
[2025-02-28 23:49:54.947 -0500] [PROCESS] [cadence.virtuoso.ade.simulationMonitor] - Communication channels have been successfully set up. Start processing events ... {"hostname": "ece-linlabsrv01.ece.gatech.edu", "processid": 3370517, "logfile": "/nethome/rgoel68/ECE3150/logs_rgoel68/logs0/Job21.log"}
[2025-02-28 23:49:54.947 -0500] [PROCESS] [cadence.virtuoso.ade.simulationMonitor] - Considering to start history {"hostname": "ece-linlabsrv01.ece.gatech.edu", "processid": 3370517, "history": "ExplorerRun.0", "logfile": "/nethome/rgoel68/ECE3150/logs_rgoel68/logs0/Job21.log"}
[2025-02-28 23:49:54.949 -0500] [PROCESS] [cadence.virtuoso.ade.simulationMonitor] - HostInfo:
Host name (type):	ece-linlabsrv01.ece.gatech.edu (x86_64)
Operating system:	Linux 4.18.0-553.36.1.el8_10.x86_64 #1 SMP Fri Jan 10 05:56:06 EST 2025 {"hostname": "ece-linlabsrv01.ece.gatech.edu", "processid": 3370517, "history": "ExplorerRun.0", "logfile": "/nethome/rgoel68/ECE3150/logs_rgoel68/logs0/Job21.log", "nodename": "ece-linlabsrv01.ece.gatech.edu", "domainname": "(none)", "machine": "x86_64", "sysname": "Linux", "release": "4.18.0-553.36.1.el8_10.x86_64", "version": "#1 SMP Fri Jan 10 05:56:06 EST 2025"}
[2025-02-28 23:49:54.949 -0500] [PROCESS] [cadence.virtuoso.ade.simulationMonitor] - UsageInfo:
pid=3370517
totalPhysicalMemory=186.850811GB,Used=123.765770GB,totalVirtualMemory=250.850807GB,Used=174.511292GB
Cpu: Cores=112, Load average:11.990000,16.170000,15.100000 {"hostname": "ece-linlabsrv01.ece.gatech.edu", "processid": 3370517, "history": "ExplorerRun.0", "logfile": "/nethome/rgoel68/ECE3150/logs_rgoel68/logs0/Job21.log", "pid": "3370517", "totalPhysicalMemory": "186.850811", "physicalMemoryUsed": "123.765770", "totalVirtualMemory": "250.850807", "virtualMemoryUsed": "174.511292", "cpuCores": "112", "processes": "15667", "loadAverage1": "11.990000", "loadAverage5": "16.170000", "loadAverage15": "15.100000", "loadAverage1Percent": "0.107054"}
[2025-02-28 23:49:54.954 -0500] [EVENT] [cadence.virtuoso.ade.simulationMonitor] - NewPoint {"history": "ExplorerRun.0", "point": 1, "testname": "project_1_inverter_1", "cornername": "Nominal", "event": "NewPoint", "EventSource": "Simulation Monitor", "HistoryName": "ExplorerRun.0", "logFile": "/nethome/rgoel68/ECE3150/logs_rgoel68/logs0/Job21.log", "logFileSize": "4188", "category": "simulation"}
[2025-02-28 23:49:55.155 -0500] [EVENT] [cadence.virtuoso.ade.simulationMonitor] - NewPoint {"history": "ExplorerRun.0", "point": 1, "testname": "project_1_inverter_1", "cornername": "Nominal", "event": "NewPoint", "EventSource": "spectre", "HistoryName": "ExplorerRun.0", "logFile": "/nethome/rgoel68/simulation/project_1/inverter/maestro/results/maestro/ExplorerRun.0/1/project_1_inverter_1/psf/spectre.out", "logFileSize": "-1", "category": "simulation"}
[2025-02-28 23:49:55.384 -0500] [PROCESS] [cadence.virtuoso.ade.simulationMonitor] - Simulator launched {"hostname": "ece-linlabsrv01.ece.gatech.edu", "processid": 3370517, "history": "ExplorerRun.0", "testname": "project_1_inverter_1", "cornername": "Nominal", "point": 1, "logfile": "/nethome/rgoel68/ECE3150/logs_rgoel68/logs0/Job21.log", "simid": "1", "event": "launch", "category": "simulation"}
[2025-02-28 23:49:55.389 -0500] [PROCESS] [cadence.virtuoso.ade.simulationMonitor] - Expression evaluator launched {"hostname": "ece-linlabsrv01.ece.gatech.edu", "processid": 3370517, "history": "ExplorerRun.0", "testname": "project_1_inverter_1", "cornername": "Nominal", "point": 1, "logfile": "/nethome/rgoel68/ECE3150/logs_rgoel68/logs0/Job21.log"}
[2025-02-28 23:49:57.345 -0500] [INFO] [cadence.virtuoso.ade.simulationMonitor] - Peak resident memory used = 177 Mbytes. {"history": "ExplorerRun.0", "point": 1, "testname": "project_1_inverter_1", "cornername": "Nominal"}
[2025-02-28 23:49:57.346 -0500] [WARN] [cadence.virtuoso.ade.simulationMonitor] -     WARNING (SFE-102): "input.scs" 23: Parameter `ld', specified for model `PMOS_VTL' of primitive `bsim4', has been ignored because it is an invalid instance parameter. Specify a valid model parameter and rerun the simulation. Type `spectre -h bsim4' to get more information on valid model parameters. {"history": "ExplorerRun.0", "point": 1, "testname": "project_1_inverter_1", "cornername": "Nominal"}
[2025-02-28 23:49:57.346 -0500] [WARN] [cadence.virtuoso.ade.simulationMonitor] -     WARNING (SFE-102): "input.scs" 25: Parameter `ld', specified for model `NMOS_VTL' of primitive `bsim4', has been ignored because it is an invalid instance parameter. Specify a valid model parameter and rerun the simulation. Type `spectre -h bsim4' to get more information on valid model parameters. {"history": "ExplorerRun.0", "point": 1, "testname": "project_1_inverter_1", "cornername": "Nominal"}
[2025-02-28 23:49:57.346 -0500] [INFO] [cadence.virtuoso.ade.simulationMonitor] - Peak resident memory used = 185 Mbytes. {"history": "ExplorerRun.0", "point": 1, "testname": "project_1_inverter_1", "cornername": "Nominal"}
[2025-02-28 23:49:57.346 -0500] [INFO] [cadence.virtuoso.ade.simulationMonitor] - Peak resident memory used = 186 Mbytes. {"history": "ExplorerRun.0", "point": 1, "testname": "project_1_inverter_1", "cornername": "Nominal"}
[2025-02-28 23:49:57.346 -0500] [INFO] [cadence.virtuoso.ade.simulationMonitor] - Notice from spectre during initial setup.
    Multithreading is disabled due to the size of the design being too small. {"history": "ExplorerRun.0", "point": 1, "testname": "project_1_inverter_1", "cornername": "Nominal"}
[2025-02-28 23:49:57.350 -0500] [INFO] [cadence.virtuoso.ade.simulationMonitor] -               nodes 3 {"history": "ExplorerRun.0", "point": 1, "testname": "project_1_inverter_1", "cornername": "Nominal"}
[2025-02-28 23:49:57.350 -0500] [INFO] [cadence.virtuoso.ade.simulationMonitor] - Notice from spectre during initial setup.
    Protected devices exist and are not included in the circuit inventory.
    APS enabled. {"history": "ExplorerRun.0", "point": 1, "testname": "project_1_inverter_1", "cornername": "Nominal"}
[2025-02-28 23:49:57.350 -0500] [INFO] [cadence.virtuoso.ade.simulationMonitor] - Peak resident memory used = 189 Mbytes. {"history": "ExplorerRun.0", "point": 1, "testname": "project_1_inverter_1", "cornername": "Nominal"}
[2025-02-28 23:49:57.350 -0500] [INFO] [cadence.virtuoso.ade.simulationMonitor] -    -   (APS) Multi-threading. The recommended number of threads is 1, consider adding +mt=1 on command line. {"history": "ExplorerRun.0", "point": 1, "testname": "project_1_inverter_1", "cornername": "Nominal"}
[2025-02-28 23:49:57.350 -0500] [INFO] [cadence.virtuoso.ade.simulationMonitor] - Notice from spectre at vin = 1 during DC analysis `dc'.
    The value of parameter 'vin' has been reset to the original value 0.5. {"history": "ExplorerRun.0", "point": 1, "testname": "project_1_inverter_1", "cornername": "Nominal"}
[2025-02-28 23:49:57.350 -0500] [INFO] [cadence.virtuoso.ade.simulationMonitor] - Total time required for dc analysis `dc': CPU = 13.416 ms, elapsed = 35.537 ms, util. = 37.8%. {"history": "ExplorerRun.0", "point": 1, "testname": "project_1_inverter_1", "cornername": "Nominal"}
[2025-02-28 23:49:57.351 -0500] [INFO] [cadence.virtuoso.ade.simulationMonitor] - Peak resident memory used = 192 Mbytes. {"history": "ExplorerRun.0", "point": 1, "testname": "project_1_inverter_1", "cornername": "Nominal"}
[2025-02-28 23:49:57.352 -0500] [INFO] [cadence.virtuoso.ade.simulationMonitor] - Time used: CPU = 407 ms, elapsed = 591 ms, util. = 68.8%. {"history": "ExplorerRun.0", "point": 1, "testname": "project_1_inverter_1", "cornername": "Nominal"}
[2025-02-28 23:49:57.352 -0500] [INFO] [cadence.virtuoso.ade.simulationMonitor] - Time spent in licensing: elapsed = 44.1 ms, percentage of total = 7.45%. {"history": "ExplorerRun.0", "point": 1, "testname": "project_1_inverter_1", "cornername": "Nominal"}
[2025-02-28 23:49:57.353 -0500] [INFO] [cadence.virtuoso.ade.simulationMonitor] - Peak memory used = 195 Mbytes. {"history": "ExplorerRun.0", "point": 1, "testname": "project_1_inverter_1", "cornername": "Nominal"}
[2025-02-28 23:49:57.355 -0500] [PROCESS] [cadence.virtuoso.ade.simulationMonitor] - Simulation started at: 11:49:55 PM, Fri Feb 28, 2025, ended at: 11:49:56 PM, Fri Feb 28, 2025, with elapsed time (wall clock): 591 ms. {"history": "ExplorerRun.0", "point": 1, "testname": "project_1_inverter_1", "cornername": "Nominal"}
[2025-02-28 23:49:57.355 -0500] [PROCESS] [cadence.virtuoso.ade.simulationMonitor] - spectre completes with 0 errors, 2 warnings, and 5 notices. {"history": "ExplorerRun.0", "point": 1, "testname": "project_1_inverter_1", "cornername": "Nominal"}
[2025-02-28 23:49:57.355 -0500] [PROCESS] [cadence.virtuoso.ade.simulationMonitor] - Finished simulating for one point {"hostname": "ece-linlabsrv01.ece.gatech.edu", "processid": 3370517, "history": "ExplorerRun.0", "testname": "project_1_inverter_1", "cornername": "Nominal", "point": 1, "logfile": "/nethome/rgoel68/ECE3150/logs_rgoel68/logs0/Job21.log", "simid": "1", "event": "finish", "category": "simulation"}
[2025-02-28 23:49:57.355 -0500] [PROCESS] [cadence.virtuoso.ade.simulationMonitor] - Simulator exited {"hostname": "ece-linlabsrv01.ece.gatech.edu", "processid": 3370517, "history": "ExplorerRun.0", "testname": "project_1_inverter_1", "cornername": "Nominal", "point": 1, "logfile": "/nethome/rgoel68/ECE3150/logs_rgoel68/logs0/Job21.log", "exitStatus": "0"}
[2025-02-28 23:49:57.355 -0500] [PROCESS] [cadence.virtuoso.ade.simulationMonitor] - Finished Simulation {"hostname": "ece-linlabsrv01.ece.gatech.edu", "processid": 3370517, "history": "ExplorerRun.0", "testname": "project_1_inverter_1", "cornername": "Nominal", "point": 1, "logfile": "/nethome/rgoel68/ECE3150/logs_rgoel68/logs0/Job21.log", "simid": "1", "event": "finish", "category": "obsolete"}
[2025-02-28 23:50:01.359 -0500] [PROCESS] [cadence.virtuoso.ade.simulationMonitor] - Point Finished {"hostname": "ece-linlabsrv01.ece.gatech.edu", "processid": 3370517, "history": "ExplorerRun.0", "testname": "project_1_inverter_1", "cornername": "Nominal", "point": 1, "logfile": "/nethome/rgoel68/ECE3150/logs_rgoel68/logs0/Job21.log", "event": "finish", "category": "sim-eval"}
[2025-02-28 23:50:02.361 -0500] [PROCESS] [cadence.virtuoso.ade.simulationMonitor] - Stay with the runId '0', Linger time '300', currentRunSyn '1', currentTestSyn '2' {"hostname": "ece-linlabsrv01.ece.gatech.edu", "processid": 3370517, "history": "ExplorerRun.0", "testname": "project_1_inverter_1", "cornername": "Nominal", "point": 1, "logfile": "/nethome/rgoel68/ECE3150/logs_rgoel68/logs0/Job21.log"}
[2025-02-28 23:55:01.846 -0500] [PROCESS] [cadence.virtuoso.ade.simulationMonitor] - Current memory used: 80.8633 MBytes, peak memory used: 80.8633 MBytes {"hostname": "ece-linlabsrv01.ece.gatech.edu", "processid": 3370517, "history": "ExplorerRun.0", "testname": "project_1_inverter_1", "cornername": "Nominal", "point": 1, "logfile": "/nethome/rgoel68/ECE3150/logs_rgoel68/logs0/Job21.log"}
[2025-02-28 23:55:01.846 -0500] [PROCESS] [cadence.virtuoso.ade.simulationMonitor] - Simulation Monitor process exits. {"hostname": "ece-linlabsrv01.ece.gatech.edu", "processid": 3370517, "history": "ExplorerRun.0", "testname": "project_1_inverter_1", "cornername": "Nominal", "point": 1, "logfile": "/nethome/rgoel68/ECE3150/logs_rgoel68/logs0/Job21.log"}
