[Simulation Monitor: 3]
[2025-04-22 00:53:59.726 -0400] [PROCESS] [cadence.virtuoso.ade.simulationMonitor] - Started the simulation monitor process {"hostname": "ece-linlabsrv01.ece.gatech.edu", "processid": 772226, "logfile": "/nethome/rgoel68/ECE3150/logs_rgoel68/logs0/Job3.log", "simulation monitor command line": "/tools/software/cadence/ic/23.10.120/tools.lnx86/dfII/bin/64bit/spectreMonitor --davinciService DaVinciService_486488_1745297253 --axlsession fnxSession0 -lscs 000175E1894CBE06FF0966E38F1FFC06BC4D65B0C578C406D07B6FA78410926AD02470F28B50992BD92E69ED90048F74DD2F32AE9C019928D92E0EE4AFF8DCE1D44A00001DF8 -beanhost ece-linlabsrv01.ece.gatech.edu -beanport 11854 -beanLogFile /nethome/rgoel68/ECE3150/logs_rgoel68/logs0/amps_Job3.log -beanbinlog  --domain 0 --interactive yes --netlistOpt no --useMultiPointEvaluation yes --exprEvalShowJobStderr yes --evalSimParallel no --maxSims 0 --historyName ExplorerRun.0 --historyUUID  --exprEvaluator vds --mcMapping mc1.mapping --checkLogStatusInterval 0 --checkSimulatorLogTimeout 1200 --exprEvalMaxTries 3 --maxNFSSyncWait 60 -adeBrokerAddress ece-linlabsrv01.ece.gatech.edu:42847 --fromADE true --virtuosoBinary virtuoso --guiDisplay ece-linlabsrv01.ece.gatech.edu:140 --globalStatus 60 --evaluateMultiMC yes --evalOnSimFail SkipFailedAnalyses --numRetriesOnError 1 --fenixMode explorer --lingertimeout 300 -ahdlLockTimeout 60 --sdbLib project_1 --sdbCell inverter --sdbView maestro --heartBeatFileDir /dev/shm --id 3 --uuid 519ba383-27b0-4a51-8b1c-283b08636c16 --log /nethome/rgoel68/ECE3150/logs_rgoel68/logs0/Job3.log "}
[2025-04-22 00:53:59.727 -0400] [PROCESS] [cadence.virtuoso.ade.simulationMonitor] - Started the simulation monitor process {"hostname": "ece-linlabsrv01.ece.gatech.edu", "processid": 772226, "logfile": "/nethome/rgoel68/ECE3150/logs_rgoel68/logs0/Job3.log", "current directory": "/nethome/rgoel68/ECE3150"}
[2025-04-22 00:53:59.727 -0400] [PROCESS] [cadence.virtuoso.ade.simulationMonitor] - Simulation Monitor has successfully started up. Trying to set up communication channels to other components ... {"hostname": "ece-linlabsrv01.ece.gatech.edu", "processid": 772226, "logfile": "/nethome/rgoel68/ECE3150/logs_rgoel68/logs0/Job3.log"}
[2025-04-22 00:53:59.728 -0400] [PROCESS] [cadence.virtuoso.ade.simulationMonitor] - Communication channels have been successfully set up. Start processing events ... {"hostname": "ece-linlabsrv01.ece.gatech.edu", "processid": 772226, "logfile": "/nethome/rgoel68/ECE3150/logs_rgoel68/logs0/Job3.log"}
[2025-04-22 00:53:59.729 -0400] [PROCESS] [cadence.virtuoso.ade.simulationMonitor] - Considering to start history {"hostname": "ece-linlabsrv01.ece.gatech.edu", "processid": 772226, "history": "ExplorerRun.0", "logfile": "/nethome/rgoel68/ECE3150/logs_rgoel68/logs0/Job3.log"}
[2025-04-22 00:53:59.731 -0400] [PROCESS] [cadence.virtuoso.ade.simulationMonitor] - HostInfo:
Host name (type):	ece-linlabsrv01.ece.gatech.edu (x86_64)
Operating system:	Linux 4.18.0-553.44.1.el8_10.x86_64 #1 SMP Wed Mar 5 10:48:41 EST 2025 {"hostname": "ece-linlabsrv01.ece.gatech.edu", "processid": 772226, "history": "ExplorerRun.0", "logfile": "/nethome/rgoel68/ECE3150/logs_rgoel68/logs0/Job3.log", "nodename": "ece-linlabsrv01.ece.gatech.edu", "domainname": "(none)", "machine": "x86_64", "sysname": "Linux", "release": "4.18.0-553.44.1.el8_10.x86_64", "version": "#1 SMP Wed Mar 5 10:48:41 EST 2025"}
[2025-04-22 00:53:59.731 -0400] [PROCESS] [cadence.virtuoso.ade.simulationMonitor] - UsageInfo:
pid=772226
totalPhysicalMemory=186.850849GB,Used=146.879974GB,totalVirtualMemory=250.850845GB,Used=205.585072GB
Cpu: Cores=112, Load average:32.880000,30.540000,31.660000 {"hostname": "ece-linlabsrv01.ece.gatech.edu", "processid": 772226, "history": "ExplorerRun.0", "logfile": "/nethome/rgoel68/ECE3150/logs_rgoel68/logs0/Job3.log", "pid": "772226", "totalPhysicalMemory": "186.850849", "physicalMemoryUsed": "146.879974", "totalVirtualMemory": "250.850845", "virtualMemoryUsed": "205.585072", "cpuCores": "112", "processes": "20999", "loadAverage1": "32.880000", "loadAverage5": "30.540000", "loadAverage15": "31.660000", "loadAverage1Percent": "0.293571"}
[2025-04-22 00:53:59.735 -0400] [EVENT] [cadence.virtuoso.ade.simulationMonitor] - NewPoint {"history": "ExplorerRun.0", "point": 1, "testname": "project_1_inverter_1", "cornername": "Nominal", "event": "NewPoint", "EventSource": "Simulation Monitor", "HistoryName": "ExplorerRun.0", "logFile": "/nethome/rgoel68/ECE3150/logs_rgoel68/logs0/Job3.log", "logFileSize": "4166", "category": "simulation"}
[2025-04-22 00:53:59.937 -0400] [EVENT] [cadence.virtuoso.ade.simulationMonitor] - NewPoint {"history": "ExplorerRun.0", "point": 1, "testname": "project_1_inverter_1", "cornername": "Nominal", "event": "NewPoint", "EventSource": "spectre", "HistoryName": "ExplorerRun.0", "logFile": "/nethome/rgoel68/simulation/project_1/inverter/maestro/results/maestro/ExplorerRun.0/1/project_1_inverter_1/psf/spectre.out", "logFileSize": "-1", "category": "simulation"}
[2025-04-22 00:54:00.139 -0400] [PROCESS] [cadence.virtuoso.ade.simulationMonitor] - Simulator launched {"hostname": "ece-linlabsrv01.ece.gatech.edu", "processid": 772226, "history": "ExplorerRun.0", "testname": "project_1_inverter_1", "cornername": "Nominal", "point": 1, "logfile": "/nethome/rgoel68/ECE3150/logs_rgoel68/logs0/Job3.log", "simid": "1", "event": "launch", "category": "simulation"}
[2025-04-22 00:54:00.143 -0400] [PROCESS] [cadence.virtuoso.ade.simulationMonitor] - Expression evaluator launched {"hostname": "ece-linlabsrv01.ece.gatech.edu", "processid": 772226, "history": "ExplorerRun.0", "testname": "project_1_inverter_1", "cornername": "Nominal", "point": 1, "logfile": "/nethome/rgoel68/ECE3150/logs_rgoel68/logs0/Job3.log"}
[2025-04-22 00:54:03.404 -0400] [INFO] [cadence.virtuoso.ade.simulationMonitor] - Peak resident memory used = 176 Mbytes. {"history": "ExplorerRun.0", "point": 1, "testname": "project_1_inverter_1", "cornername": "Nominal"}
[2025-04-22 00:54:03.404 -0400] [WARN] [cadence.virtuoso.ade.simulationMonitor] -     WARNING (SFE-102): "input.scs" 23: Parameter `ld', specified for model `PMOS_VTL' of primitive `bsim4', has been ignored because it is an invalid instance parameter. Specify a valid model parameter and rerun the simulation. Type `spectre -h bsim4' to get more information on valid model parameters. {"history": "ExplorerRun.0", "point": 1, "testname": "project_1_inverter_1", "cornername": "Nominal"}
[2025-04-22 00:54:03.404 -0400] [WARN] [cadence.virtuoso.ade.simulationMonitor] -     WARNING (SFE-102): "input.scs" 25: Parameter `ld', specified for model `NMOS_VTL' of primitive `bsim4', has been ignored because it is an invalid instance parameter. Specify a valid model parameter and rerun the simulation. Type `spectre -h bsim4' to get more information on valid model parameters. {"history": "ExplorerRun.0", "point": 1, "testname": "project_1_inverter_1", "cornername": "Nominal"}
[2025-04-22 00:54:03.404 -0400] [INFO] [cadence.virtuoso.ade.simulationMonitor] - Peak resident memory used = 184 Mbytes. {"history": "ExplorerRun.0", "point": 1, "testname": "project_1_inverter_1", "cornername": "Nominal"}
[2025-04-22 00:54:03.404 -0400] [INFO] [cadence.virtuoso.ade.simulationMonitor] - Peak resident memory used = 185 Mbytes. {"history": "ExplorerRun.0", "point": 1, "testname": "project_1_inverter_1", "cornername": "Nominal"}
[2025-04-22 00:54:03.404 -0400] [INFO] [cadence.virtuoso.ade.simulationMonitor] - Notice from spectre during initial setup.
    Multithreading is disabled due to the size of the design being too small. {"history": "ExplorerRun.0", "point": 1, "testname": "project_1_inverter_1", "cornername": "Nominal"}
[2025-04-22 00:54:03.409 -0400] [INFO] [cadence.virtuoso.ade.simulationMonitor] -               nodes 3 {"history": "ExplorerRun.0", "point": 1, "testname": "project_1_inverter_1", "cornername": "Nominal"}
[2025-04-22 00:54:03.410 -0400] [INFO] [cadence.virtuoso.ade.simulationMonitor] - Notice from spectre during initial setup.
    Protected devices exist and are not included in the circuit inventory.
    APS enabled. {"history": "ExplorerRun.0", "point": 1, "testname": "project_1_inverter_1", "cornername": "Nominal"}
[2025-04-22 00:54:03.410 -0400] [INFO] [cadence.virtuoso.ade.simulationMonitor] - Peak resident memory used = 188 Mbytes. {"history": "ExplorerRun.0", "point": 1, "testname": "project_1_inverter_1", "cornername": "Nominal"}
[2025-04-22 00:54:03.410 -0400] [INFO] [cadence.virtuoso.ade.simulationMonitor] -    -   (APS) Multi-threading. The recommended number of threads is 1, consider adding +mt=1 on command line. {"history": "ExplorerRun.0", "point": 1, "testname": "project_1_inverter_1", "cornername": "Nominal"}
[2025-04-22 00:54:03.410 -0400] [INFO] [cadence.virtuoso.ade.simulationMonitor] - Notice from spectre during transient analysis `tran'.
    Multithreading is disabled due to the size of the design being too small. {"history": "ExplorerRun.0", "point": 1, "testname": "project_1_inverter_1", "cornername": "Nominal"}
[2025-04-22 00:54:03.411 -0400] [INFO] [cadence.virtuoso.ade.simulationMonitor] - Intrinsic tran analysis time:    CPU = 7.49 ms, elapsed = 13.2952 ms. {"history": "ExplorerRun.0", "point": 1, "testname": "project_1_inverter_1", "cornername": "Nominal"}
[2025-04-22 00:54:03.411 -0400] [INFO] [cadence.virtuoso.ade.simulationMonitor] - Total time required for tran analysis `tran': CPU = 9.968 ms, elapsed = 17.2698 ms, util. = 57.7%. {"history": "ExplorerRun.0", "point": 1, "testname": "project_1_inverter_1", "cornername": "Nominal"}
[2025-04-22 00:54:03.411 -0400] [INFO] [cadence.virtuoso.ade.simulationMonitor] - Peak resident memory used = 196 Mbytes. {"history": "ExplorerRun.0", "point": 1, "testname": "project_1_inverter_1", "cornername": "Nominal"}
[2025-04-22 00:54:03.412 -0400] [INFO] [cadence.virtuoso.ade.simulationMonitor] - Time used: CPU = 389 ms, elapsed = 463 ms, util. = 84%. {"history": "ExplorerRun.0", "point": 1, "testname": "project_1_inverter_1", "cornername": "Nominal"}
[2025-04-22 00:54:03.413 -0400] [INFO] [cadence.virtuoso.ade.simulationMonitor] - Time spent in licensing: elapsed = 36.8 ms, percentage of total = 7.94%. {"history": "ExplorerRun.0", "point": 1, "testname": "project_1_inverter_1", "cornername": "Nominal"}
[2025-04-22 00:54:03.413 -0400] [INFO] [cadence.virtuoso.ade.simulationMonitor] - Peak memory used = 196 Mbytes. {"history": "ExplorerRun.0", "point": 1, "testname": "project_1_inverter_1", "cornername": "Nominal"}
[2025-04-22 00:54:03.415 -0400] [PROCESS] [cadence.virtuoso.ade.simulationMonitor] - Simulation started at: 12:54:00 AM, Tue Apr 22, 2025, ended at: 12:54:00 AM, Tue Apr 22, 2025, with elapsed time (wall clock): 463 ms. {"history": "ExplorerRun.0", "point": 1, "testname": "project_1_inverter_1", "cornername": "Nominal"}
[2025-04-22 00:54:03.415 -0400] [PROCESS] [cadence.virtuoso.ade.simulationMonitor] - spectre completes with 0 errors, 2 warnings, and 5 notices. {"history": "ExplorerRun.0", "point": 1, "testname": "project_1_inverter_1", "cornername": "Nominal"}
[2025-04-22 00:54:03.415 -0400] [PROCESS] [cadence.virtuoso.ade.simulationMonitor] - Finished simulating for one point {"hostname": "ece-linlabsrv01.ece.gatech.edu", "processid": 772226, "history": "ExplorerRun.0", "testname": "project_1_inverter_1", "cornername": "Nominal", "point": 1, "logfile": "/nethome/rgoel68/ECE3150/logs_rgoel68/logs0/Job3.log", "simid": "1", "event": "finish", "category": "simulation"}
[2025-04-22 00:54:03.415 -0400] [PROCESS] [cadence.virtuoso.ade.simulationMonitor] - Simulator exited {"hostname": "ece-linlabsrv01.ece.gatech.edu", "processid": 772226, "history": "ExplorerRun.0", "testname": "project_1_inverter_1", "cornername": "Nominal", "point": 1, "logfile": "/nethome/rgoel68/ECE3150/logs_rgoel68/logs0/Job3.log", "exitStatus": "0"}
[2025-04-22 00:54:03.415 -0400] [PROCESS] [cadence.virtuoso.ade.simulationMonitor] - Finished Simulation {"hostname": "ece-linlabsrv01.ece.gatech.edu", "processid": 772226, "history": "ExplorerRun.0", "testname": "project_1_inverter_1", "cornername": "Nominal", "point": 1, "logfile": "/nethome/rgoel68/ECE3150/logs_rgoel68/logs0/Job3.log", "simid": "1", "event": "finish", "category": "obsolete"}
[2025-04-22 00:54:06.418 -0400] [PROCESS] [cadence.virtuoso.ade.simulationMonitor] - Point Finished {"hostname": "ece-linlabsrv01.ece.gatech.edu", "processid": 772226, "history": "ExplorerRun.0", "testname": "project_1_inverter_1", "cornername": "Nominal", "point": 1, "logfile": "/nethome/rgoel68/ECE3150/logs_rgoel68/logs0/Job3.log", "event": "finish", "category": "sim-eval"}
[2025-04-22 00:54:07.420 -0400] [PROCESS] [cadence.virtuoso.ade.simulationMonitor] - Stay with the runId '1', Linger time '300', currentRunSyn '3', currentTestSyn '4' {"hostname": "ece-linlabsrv01.ece.gatech.edu", "processid": 772226, "history": "ExplorerRun.0", "testname": "project_1_inverter_1", "cornername": "Nominal", "point": 1, "logfile": "/nethome/rgoel68/ECE3150/logs_rgoel68/logs0/Job3.log"}
[2025-04-22 00:55:55.686 -0400] [INFO] [cadence.virtuoso.ade.simulationMonitor] - SimulationMonitor has terminated the vds process '772609', reason: 'Force to stop the expression evalutor process because of new run' {"history": "ExplorerRun.0", "point": 1, "testname": "project_1_inverter_1", "cornername": "Nominal"}
[2025-04-22 00:55:55.687 -0400] [PROCESS] [cadence.virtuoso.ade.simulationMonitor] - HostInfo:
Host name (type):	ece-linlabsrv01.ece.gatech.edu (x86_64)
Operating system:	Linux 4.18.0-553.44.1.el8_10.x86_64 #1 SMP Wed Mar 5 10:48:41 EST 2025 {"hostname": "ece-linlabsrv01.ece.gatech.edu", "processid": 772226, "history": "ExplorerRun.0", "testname": "project_1_inverter_1", "cornername": "Nominal", "point": 1, "logfile": "/nethome/rgoel68/ECE3150/logs_rgoel68/logs0/Job3.log", "nodename": "ece-linlabsrv01.ece.gatech.edu", "domainname": "(none)", "machine": "x86_64", "sysname": "Linux", "release": "4.18.0-553.44.1.el8_10.x86_64", "version": "#1 SMP Wed Mar 5 10:48:41 EST 2025"}
[2025-04-22 00:55:55.687 -0400] [PROCESS] [cadence.virtuoso.ade.simulationMonitor] - UsageInfo:
pid=772226
totalPhysicalMemory=186.850849GB,Used=150.476349GB,totalVirtualMemory=250.850845GB,Used=209.181202GB
Cpu: Cores=112, Load average:31.610000,29.860000,31.220000 {"hostname": "ece-linlabsrv01.ece.gatech.edu", "processid": 772226, "history": "ExplorerRun.0", "testname": "project_1_inverter_1", "cornername": "Nominal", "point": 1, "logfile": "/nethome/rgoel68/ECE3150/logs_rgoel68/logs0/Job3.log", "pid": "772226", "totalPhysicalMemory": "186.850849", "physicalMemoryUsed": "150.476349", "totalVirtualMemory": "250.850845", "virtualMemoryUsed": "209.181202", "cpuCores": "112", "processes": "20824", "loadAverage1": "31.610000", "loadAverage5": "29.860000", "loadAverage15": "31.220000", "loadAverage1Percent": "0.282232"}
[2025-04-22 00:55:55.691 -0400] [EVENT] [cadence.virtuoso.ade.simulationMonitor] - NewPoint {"history": "ExplorerRun.0", "point": 1, "testname": "project_1_inverter_1", "cornername": "Nominal", "event": "NewPoint", "EventSource": "Simulation Monitor", "HistoryName": "ExplorerRun.0", "logFile": "/nethome/rgoel68/ECE3150/logs_rgoel68/logs0/Job3.log", "logFileSize": "14902", "category": "simulation"}
[2025-04-22 00:55:55.893 -0400] [EVENT] [cadence.virtuoso.ade.simulationMonitor] - NewPoint {"history": "ExplorerRun.0", "point": 1, "testname": "project_1_inverter_1", "cornername": "Nominal", "event": "NewPoint", "EventSource": "spectre", "HistoryName": "ExplorerRun.0", "logFile": "/nethome/rgoel68/simulation/project_1/inverter/maestro/results/maestro/ExplorerRun.0/1/project_1_inverter_1/psf/spectre.out", "logFileSize": "-1", "category": "simulation"}
[2025-04-22 00:55:56.101 -0400] [PROCESS] [cadence.virtuoso.ade.simulationMonitor] - Simulator launched {"hostname": "ece-linlabsrv01.ece.gatech.edu", "processid": 772226, "history": "ExplorerRun.0", "testname": "project_1_inverter_1", "cornername": "Nominal", "point": 1, "logfile": "/nethome/rgoel68/ECE3150/logs_rgoel68/logs0/Job3.log", "simid": "2", "event": "launch", "category": "simulation"}
[2025-04-22 00:55:56.105 -0400] [PROCESS] [cadence.virtuoso.ade.simulationMonitor] - Expression evaluator launched {"hostname": "ece-linlabsrv01.ece.gatech.edu", "processid": 772226, "history": "ExplorerRun.0", "testname": "project_1_inverter_1", "cornername": "Nominal", "point": 1, "logfile": "/nethome/rgoel68/ECE3150/logs_rgoel68/logs0/Job3.log"}
[2025-04-22 00:55:59.438 -0400] [INFO] [cadence.virtuoso.ade.simulationMonitor] - Peak resident memory used = 164 Mbytes. {"history": "ExplorerRun.0", "point": 1, "testname": "project_1_inverter_1", "cornername": "Nominal"}
[2025-04-22 00:55:59.438 -0400] [WARN] [cadence.virtuoso.ade.simulationMonitor] -     WARNING (SFE-102): "input.scs" 23: Parameter `ld', specified for model `PMOS_VTL' of primitive `bsim4', has been ignored because it is an invalid instance parameter. Specify a valid model parameter and rerun the simulation. Type `spectre -h bsim4' to get more information on valid model parameters. {"history": "ExplorerRun.0", "point": 1, "testname": "project_1_inverter_1", "cornername": "Nominal"}
[2025-04-22 00:55:59.438 -0400] [WARN] [cadence.virtuoso.ade.simulationMonitor] -     WARNING (SFE-102): "input.scs" 25: Parameter `ld', specified for model `NMOS_VTL' of primitive `bsim4', has been ignored because it is an invalid instance parameter. Specify a valid model parameter and rerun the simulation. Type `spectre -h bsim4' to get more information on valid model parameters. {"history": "ExplorerRun.0", "point": 1, "testname": "project_1_inverter_1", "cornername": "Nominal"}
[2025-04-22 00:55:59.438 -0400] [INFO] [cadence.virtuoso.ade.simulationMonitor] - Peak resident memory used = 172 Mbytes. {"history": "ExplorerRun.0", "point": 1, "testname": "project_1_inverter_1", "cornername": "Nominal"}
[2025-04-22 00:55:59.438 -0400] [INFO] [cadence.virtuoso.ade.simulationMonitor] - Peak resident memory used = 173 Mbytes. {"history": "ExplorerRun.0", "point": 1, "testname": "project_1_inverter_1", "cornername": "Nominal"}
[2025-04-22 00:55:59.438 -0400] [INFO] [cadence.virtuoso.ade.simulationMonitor] - Notice from spectre during initial setup.
    Multithreading is disabled due to the size of the design being too small. {"history": "ExplorerRun.0", "point": 1, "testname": "project_1_inverter_1", "cornername": "Nominal"}
[2025-04-22 00:55:59.442 -0400] [INFO] [cadence.virtuoso.ade.simulationMonitor] -               nodes 3 {"history": "ExplorerRun.0", "point": 1, "testname": "project_1_inverter_1", "cornername": "Nominal"}
[2025-04-22 00:55:59.442 -0400] [INFO] [cadence.virtuoso.ade.simulationMonitor] - Notice from spectre during initial setup.
    Protected devices exist and are not included in the circuit inventory.
    APS enabled. {"history": "ExplorerRun.0", "point": 1, "testname": "project_1_inverter_1", "cornername": "Nominal"}
[2025-04-22 00:55:59.443 -0400] [INFO] [cadence.virtuoso.ade.simulationMonitor] - Peak resident memory used = 176 Mbytes. {"history": "ExplorerRun.0", "point": 1, "testname": "project_1_inverter_1", "cornername": "Nominal"}
[2025-04-22 00:55:59.443 -0400] [INFO] [cadence.virtuoso.ade.simulationMonitor] -    -   (APS) Multi-threading. The recommended number of threads is 1, consider adding +mt=1 on command line. {"history": "ExplorerRun.0", "point": 1, "testname": "project_1_inverter_1", "cornername": "Nominal"}
[2025-04-22 00:55:59.443 -0400] [INFO] [cadence.virtuoso.ade.simulationMonitor] - Notice from spectre during transient analysis `tran'.
    Multithreading is disabled due to the size of the design being too small. {"history": "ExplorerRun.0", "point": 1, "testname": "project_1_inverter_1", "cornername": "Nominal"}
[2025-04-22 00:55:59.445 -0400] [INFO] [cadence.virtuoso.ade.simulationMonitor] - Intrinsic tran analysis time:    CPU = 8.984 ms, elapsed = 14.8659 ms. {"history": "ExplorerRun.0", "point": 1, "testname": "project_1_inverter_1", "cornername": "Nominal"}
[2025-04-22 00:55:59.445 -0400] [INFO] [cadence.virtuoso.ade.simulationMonitor] - Total time required for tran analysis `tran': CPU = 11.631 ms, elapsed = 19.0811 ms, util. = 61%. {"history": "ExplorerRun.0", "point": 1, "testname": "project_1_inverter_1", "cornername": "Nominal"}
[2025-04-22 00:55:59.445 -0400] [INFO] [cadence.virtuoso.ade.simulationMonitor] - Peak resident memory used = 184 Mbytes. {"history": "ExplorerRun.0", "point": 1, "testname": "project_1_inverter_1", "cornername": "Nominal"}
[2025-04-22 00:55:59.446 -0400] [INFO] [cadence.virtuoso.ade.simulationMonitor] - Time used: CPU = 441 ms, elapsed = 663 ms, util. = 66.6%. {"history": "ExplorerRun.0", "point": 1, "testname": "project_1_inverter_1", "cornername": "Nominal"}
[2025-04-22 00:55:59.446 -0400] [INFO] [cadence.virtuoso.ade.simulationMonitor] - Time spent in licensing: elapsed = 37.4 ms, percentage of total = 5.64%. {"history": "ExplorerRun.0", "point": 1, "testname": "project_1_inverter_1", "cornername": "Nominal"}
[2025-04-22 00:55:59.448 -0400] [INFO] [cadence.virtuoso.ade.simulationMonitor] - Peak memory used = 184 Mbytes. {"history": "ExplorerRun.0", "point": 1, "testname": "project_1_inverter_1", "cornername": "Nominal"}
[2025-04-22 00:55:59.450 -0400] [PROCESS] [cadence.virtuoso.ade.simulationMonitor] - Simulation started at: 12:55:56 AM, Tue Apr 22, 2025, ended at: 12:55:57 AM, Tue Apr 22, 2025, with elapsed time (wall clock): 663 ms. {"history": "ExplorerRun.0", "point": 1, "testname": "project_1_inverter_1", "cornername": "Nominal"}
[2025-04-22 00:55:59.450 -0400] [PROCESS] [cadence.virtuoso.ade.simulationMonitor] - spectre completes with 0 errors, 2 warnings, and 5 notices. {"history": "ExplorerRun.0", "point": 1, "testname": "project_1_inverter_1", "cornername": "Nominal"}
[2025-04-22 00:55:59.450 -0400] [PROCESS] [cadence.virtuoso.ade.simulationMonitor] - Finished simulating for one point {"hostname": "ece-linlabsrv01.ece.gatech.edu", "processid": 772226, "history": "ExplorerRun.0", "testname": "project_1_inverter_1", "cornername": "Nominal", "point": 1, "logfile": "/nethome/rgoel68/ECE3150/logs_rgoel68/logs0/Job3.log", "simid": "2", "event": "finish", "category": "simulation"}
[2025-04-22 00:55:59.450 -0400] [PROCESS] [cadence.virtuoso.ade.simulationMonitor] - Simulator exited {"hostname": "ece-linlabsrv01.ece.gatech.edu", "processid": 772226, "history": "ExplorerRun.0", "testname": "project_1_inverter_1", "cornername": "Nominal", "point": 1, "logfile": "/nethome/rgoel68/ECE3150/logs_rgoel68/logs0/Job3.log", "exitStatus": "0"}
[2025-04-22 00:55:59.450 -0400] [PROCESS] [cadence.virtuoso.ade.simulationMonitor] - Finished Simulation {"hostname": "ece-linlabsrv01.ece.gatech.edu", "processid": 772226, "history": "ExplorerRun.0", "testname": "project_1_inverter_1", "cornername": "Nominal", "point": 1, "logfile": "/nethome/rgoel68/ECE3150/logs_rgoel68/logs0/Job3.log", "simid": "2", "event": "finish", "category": "obsolete"}
[2025-04-22 00:56:02.453 -0400] [PROCESS] [cadence.virtuoso.ade.simulationMonitor] - Point Finished {"hostname": "ece-linlabsrv01.ece.gatech.edu", "processid": 772226, "history": "ExplorerRun.0", "testname": "project_1_inverter_1", "cornername": "Nominal", "point": 1, "logfile": "/nethome/rgoel68/ECE3150/logs_rgoel68/logs0/Job3.log", "event": "finish", "category": "sim-eval"}
[2025-04-22 00:56:03.454 -0400] [PROCESS] [cadence.virtuoso.ade.simulationMonitor] - Stay with the runId '2', Linger time '300', currentRunSyn '5', currentTestSyn '6' {"hostname": "ece-linlabsrv01.ece.gatech.edu", "processid": 772226, "history": "ExplorerRun.0", "testname": "project_1_inverter_1", "cornername": "Nominal", "point": 1, "logfile": "/nethome/rgoel68/ECE3150/logs_rgoel68/logs0/Job3.log"}
[2025-04-22 01:01:03.392 -0400] [PROCESS] [cadence.virtuoso.ade.simulationMonitor] - Current memory used: 83.0039 MBytes, peak memory used: 83.0039 MBytes {"hostname": "ece-linlabsrv01.ece.gatech.edu", "processid": 772226, "history": "ExplorerRun.0", "testname": "project_1_inverter_1", "cornername": "Nominal", "point": 1, "logfile": "/nethome/rgoel68/ECE3150/logs_rgoel68/logs0/Job3.log"}
[2025-04-22 01:01:03.393 -0400] [PROCESS] [cadence.virtuoso.ade.simulationMonitor] - Simulation Monitor process exits. {"hostname": "ece-linlabsrv01.ece.gatech.edu", "processid": 772226, "history": "ExplorerRun.0", "testname": "project_1_inverter_1", "cornername": "Nominal", "point": 1, "logfile": "/nethome/rgoel68/ECE3150/logs_rgoel68/logs0/Job3.log"}
