[Simulation Monitor: 5]
[2025-04-22 01:02:53.603 -0400] [PROCESS] [cadence.virtuoso.ade.simulationMonitor] - Started the simulation monitor process {"hostname": "ece-linlabsrv01.ece.gatech.edu", "processid": 1123903, "logfile": "/nethome/rgoel68/ECE3150/logs_rgoel68/logs0/Job5.log", "simulation monitor command line": "/tools/software/cadence/ic/23.10.120/tools.lnx86/dfII/bin/64bit/spectreMonitor --davinciService DaVinciService_486488_1745297253 --axlsession fnxSession0 -lscs 000175E1894CBE06FF0966E38F1FFC06BC4D65B0C578C406D07B6FA78410926AD02470F28B50992BD92E69ED90048F74DD2F32AE9C019928D92E0EE4ADE2DEFBD44A00001E03 -beanhost ece-linlabsrv01.ece.gatech.edu -beanport 11854 -beanLogFile /nethome/rgoel68/ECE3150/logs_rgoel68/logs0/amps_Job5.log -beanbinlog  --domain 0 --interactive yes --netlistOpt no --useMultiPointEvaluation yes --exprEvalShowJobStderr yes --evalSimParallel no --maxSims 0 --historyName ExplorerRun.0 --historyUUID  --exprEvaluator vds --mcMapping mc1.mapping --checkLogStatusInterval 0 --checkSimulatorLogTimeout 1200 --exprEvalMaxTries 3 --maxNFSSyncWait 60 -adeBrokerAddress ece-linlabsrv01.ece.gatech.edu:42847 --fromADE true --virtuosoBinary virtuoso --guiDisplay ece-linlabsrv01.ece.gatech.edu:140 --globalStatus 60 --evaluateMultiMC yes --evalOnSimFail SkipFailedAnalyses --numRetriesOnError 1 --fenixMode explorer --lingertimeout 300 -ahdlLockTimeout 60 --sdbLib project_1 --sdbCell inverter --sdbView maestro --heartBeatFileDir /dev/shm --id 5 --uuid 3f02ac76-1b46-4301-8a22-8987ee060784 --log /nethome/rgoel68/ECE3150/logs_rgoel68/logs0/Job5.log "}
[2025-04-22 01:02:53.603 -0400] [PROCESS] [cadence.virtuoso.ade.simulationMonitor] - Started the simulation monitor process {"hostname": "ece-linlabsrv01.ece.gatech.edu", "processid": 1123903, "logfile": "/nethome/rgoel68/ECE3150/logs_rgoel68/logs0/Job5.log", "current directory": "/nethome/rgoel68/ECE3150"}
[2025-04-22 01:02:53.603 -0400] [PROCESS] [cadence.virtuoso.ade.simulationMonitor] - Simulation Monitor has successfully started up. Trying to set up communication channels to other components ... {"hostname": "ece-linlabsrv01.ece.gatech.edu", "processid": 1123903, "logfile": "/nethome/rgoel68/ECE3150/logs_rgoel68/logs0/Job5.log"}
[2025-04-22 01:02:53.605 -0400] [PROCESS] [cadence.virtuoso.ade.simulationMonitor] - Communication channels have been successfully set up. Start processing events ... {"hostname": "ece-linlabsrv01.ece.gatech.edu", "processid": 1123903, "logfile": "/nethome/rgoel68/ECE3150/logs_rgoel68/logs0/Job5.log"}
[2025-04-22 01:02:53.605 -0400] [PROCESS] [cadence.virtuoso.ade.simulationMonitor] - Considering to start history {"hostname": "ece-linlabsrv01.ece.gatech.edu", "processid": 1123903, "history": "ExplorerRun.0", "logfile": "/nethome/rgoel68/ECE3150/logs_rgoel68/logs0/Job5.log"}
[2025-04-22 01:02:53.608 -0400] [PROCESS] [cadence.virtuoso.ade.simulationMonitor] - HostInfo:
Host name (type):	ece-linlabsrv01.ece.gatech.edu (x86_64)
Operating system:	Linux 4.18.0-553.44.1.el8_10.x86_64 #1 SMP Wed Mar 5 10:48:41 EST 2025 {"hostname": "ece-linlabsrv01.ece.gatech.edu", "processid": 1123903, "history": "ExplorerRun.0", "logfile": "/nethome/rgoel68/ECE3150/logs_rgoel68/logs0/Job5.log", "nodename": "ece-linlabsrv01.ece.gatech.edu", "domainname": "(none)", "machine": "x86_64", "sysname": "Linux", "release": "4.18.0-553.44.1.el8_10.x86_64", "version": "#1 SMP Wed Mar 5 10:48:41 EST 2025"}
[2025-04-22 01:02:53.608 -0400] [PROCESS] [cadence.virtuoso.ade.simulationMonitor] - UsageInfo:
pid=1123903
totalPhysicalMemory=186.850849GB,Used=151.063232GB,totalVirtualMemory=250.850845GB,Used=209.336689GB
Cpu: Cores=112, Load average:25.350000,32.420000,32.490000 {"hostname": "ece-linlabsrv01.ece.gatech.edu", "processid": 1123903, "history": "ExplorerRun.0", "logfile": "/nethome/rgoel68/ECE3150/logs_rgoel68/logs0/Job5.log", "pid": "1123903", "totalPhysicalMemory": "186.850849", "physicalMemoryUsed": "151.063232", "totalVirtualMemory": "250.850845", "virtualMemoryUsed": "209.336689", "cpuCores": "112", "processes": "20892", "loadAverage1": "25.350000", "loadAverage5": "32.420000", "loadAverage15": "32.490000", "loadAverage1Percent": "0.226339"}
[2025-04-22 01:02:53.619 -0400] [EVENT] [cadence.virtuoso.ade.simulationMonitor] - NewPoint {"history": "ExplorerRun.0", "point": 1, "testname": "project_1_inverter_1", "cornername": "Nominal", "event": "NewPoint", "EventSource": "Simulation Monitor", "HistoryName": "ExplorerRun.0", "logFile": "/nethome/rgoel68/ECE3150/logs_rgoel68/logs0/Job5.log", "logFileSize": "4175", "category": "simulation"}
[2025-04-22 01:02:53.822 -0400] [EVENT] [cadence.virtuoso.ade.simulationMonitor] - NewPoint {"history": "ExplorerRun.0", "point": 1, "testname": "project_1_inverter_1", "cornername": "Nominal", "event": "NewPoint", "EventSource": "spectre", "HistoryName": "ExplorerRun.0", "logFile": "/nethome/rgoel68/simulation/project_1/inverter/maestro/results/maestro/ExplorerRun.0/1/project_1_inverter_1/psf/spectre.out", "logFileSize": "-1", "category": "simulation"}
[2025-04-22 01:02:54.034 -0400] [PROCESS] [cadence.virtuoso.ade.simulationMonitor] - Simulator launched {"hostname": "ece-linlabsrv01.ece.gatech.edu", "processid": 1123903, "history": "ExplorerRun.0", "testname": "project_1_inverter_1", "cornername": "Nominal", "point": 1, "logfile": "/nethome/rgoel68/ECE3150/logs_rgoel68/logs0/Job5.log", "simid": "1", "event": "launch", "category": "simulation"}
[2025-04-22 01:02:54.039 -0400] [PROCESS] [cadence.virtuoso.ade.simulationMonitor] - Expression evaluator launched {"hostname": "ece-linlabsrv01.ece.gatech.edu", "processid": 1123903, "history": "ExplorerRun.0", "testname": "project_1_inverter_1", "cornername": "Nominal", "point": 1, "logfile": "/nethome/rgoel68/ECE3150/logs_rgoel68/logs0/Job5.log"}
[2025-04-22 01:02:57.388 -0400] [INFO] [cadence.virtuoso.ade.simulationMonitor] - Peak resident memory used = 177 Mbytes. {"history": "ExplorerRun.0", "point": 1, "testname": "project_1_inverter_1", "cornername": "Nominal"}
[2025-04-22 01:02:57.388 -0400] [WARN] [cadence.virtuoso.ade.simulationMonitor] -     WARNING (SFE-102): "netlist" 6: Parameter `ld', specified for model `PMOS_VTL' of primitive `bsim4', has been ignored because it is an invalid instance parameter. Specify a valid model parameter and rerun the simulation. Type `spectre -h bsim4' to get more information on valid model parameters. {"history": "ExplorerRun.0", "point": 1, "testname": "project_1_inverter_1", "cornername": "Nominal"}
[2025-04-22 01:02:57.388 -0400] [WARN] [cadence.virtuoso.ade.simulationMonitor] -     WARNING (SFE-102): "netlist" 8: Parameter `ld', specified for model `NMOS_VTL' of primitive `bsim4', has been ignored because it is an invalid instance parameter. Specify a valid model parameter and rerun the simulation. Type `spectre -h bsim4' to get more information on valid model parameters. {"history": "ExplorerRun.0", "point": 1, "testname": "project_1_inverter_1", "cornername": "Nominal"}
[2025-04-22 01:02:57.388 -0400] [INFO] [cadence.virtuoso.ade.simulationMonitor] - Peak resident memory used = 186 Mbytes. {"history": "ExplorerRun.0", "point": 1, "testname": "project_1_inverter_1", "cornername": "Nominal"}
[2025-04-22 01:02:57.388 -0400] [INFO] [cadence.virtuoso.ade.simulationMonitor] - Peak resident memory used = 186 Mbytes. {"history": "ExplorerRun.0", "point": 1, "testname": "project_1_inverter_1", "cornername": "Nominal"}
[2025-04-22 01:02:57.388 -0400] [INFO] [cadence.virtuoso.ade.simulationMonitor] - Notice from spectre during initial setup.
    Multithreading is disabled due to the size of the design being too small. {"history": "ExplorerRun.0", "point": 1, "testname": "project_1_inverter_1", "cornername": "Nominal"}
[2025-04-22 01:02:57.391 -0400] [INFO] [cadence.virtuoso.ade.simulationMonitor] -               nodes 3 {"history": "ExplorerRun.0", "point": 1, "testname": "project_1_inverter_1", "cornername": "Nominal"}
[2025-04-22 01:02:57.391 -0400] [INFO] [cadence.virtuoso.ade.simulationMonitor] - Notice from spectre during initial setup.
    Protected devices exist and are not included in the circuit inventory.
    APS enabled. {"history": "ExplorerRun.0", "point": 1, "testname": "project_1_inverter_1", "cornername": "Nominal"}
[2025-04-22 01:02:57.391 -0400] [INFO] [cadence.virtuoso.ade.simulationMonitor] - Peak resident memory used = 189 Mbytes. {"history": "ExplorerRun.0", "point": 1, "testname": "project_1_inverter_1", "cornername": "Nominal"}
[2025-04-22 01:02:57.392 -0400] [INFO] [cadence.virtuoso.ade.simulationMonitor] -    -   (APS) Multi-threading. The recommended number of threads is 1, consider adding +mt=1 on command line. {"history": "ExplorerRun.0", "point": 1, "testname": "project_1_inverter_1", "cornername": "Nominal"}
[2025-04-22 01:02:57.392 -0400] [INFO] [cadence.virtuoso.ade.simulationMonitor] - Notice from spectre during transient analysis `tran'.
    Multithreading is disabled due to the size of the design being too small. {"history": "ExplorerRun.0", "point": 1, "testname": "project_1_inverter_1", "cornername": "Nominal"}
[2025-04-22 01:02:57.393 -0400] [INFO] [cadence.virtuoso.ade.simulationMonitor] - Intrinsic tran analysis time:    CPU = 8.701 ms, elapsed = 106.338 ms. {"history": "ExplorerRun.0", "point": 1, "testname": "project_1_inverter_1", "cornername": "Nominal"}
[2025-04-22 01:02:57.393 -0400] [INFO] [cadence.virtuoso.ade.simulationMonitor] - Total time required for tran analysis `tran': CPU = 11.318 ms, elapsed = 110.324 ms, util. = 10.3%. {"history": "ExplorerRun.0", "point": 1, "testname": "project_1_inverter_1", "cornername": "Nominal"}
[2025-04-22 01:02:57.393 -0400] [INFO] [cadence.virtuoso.ade.simulationMonitor] - Peak resident memory used = 197 Mbytes. {"history": "ExplorerRun.0", "point": 1, "testname": "project_1_inverter_1", "cornername": "Nominal"}
[2025-04-22 01:02:57.394 -0400] [INFO] [cadence.virtuoso.ade.simulationMonitor] - Time used: CPU = 406 ms, elapsed = 608 ms, util. = 66.8%. {"history": "ExplorerRun.0", "point": 1, "testname": "project_1_inverter_1", "cornername": "Nominal"}
[2025-04-22 01:02:57.394 -0400] [INFO] [cadence.virtuoso.ade.simulationMonitor] - Time spent in licensing: elapsed = 37.9 ms, percentage of total = 6.24%. {"history": "ExplorerRun.0", "point": 1, "testname": "project_1_inverter_1", "cornername": "Nominal"}
[2025-04-22 01:02:57.395 -0400] [INFO] [cadence.virtuoso.ade.simulationMonitor] - Peak memory used = 198 Mbytes. {"history": "ExplorerRun.0", "point": 1, "testname": "project_1_inverter_1", "cornername": "Nominal"}
[2025-04-22 01:02:57.396 -0400] [PROCESS] [cadence.virtuoso.ade.simulationMonitor] - Simulation started at: 1:02:54 AM, Tue Apr 22, 2025, ended at: 1:02:54 AM, Tue Apr 22, 2025, with elapsed time (wall clock): 608 ms. {"history": "ExplorerRun.0", "point": 1, "testname": "project_1_inverter_1", "cornername": "Nominal"}
[2025-04-22 01:02:57.396 -0400] [PROCESS] [cadence.virtuoso.ade.simulationMonitor] - spectre completes with 0 errors, 2 warnings, and 5 notices. {"history": "ExplorerRun.0", "point": 1, "testname": "project_1_inverter_1", "cornername": "Nominal"}
[2025-04-22 01:02:57.396 -0400] [PROCESS] [cadence.virtuoso.ade.simulationMonitor] - Finished simulating for one point {"hostname": "ece-linlabsrv01.ece.gatech.edu", "processid": 1123903, "history": "ExplorerRun.0", "testname": "project_1_inverter_1", "cornername": "Nominal", "point": 1, "logfile": "/nethome/rgoel68/ECE3150/logs_rgoel68/logs0/Job5.log", "simid": "1", "event": "finish", "category": "simulation"}
[2025-04-22 01:02:57.396 -0400] [PROCESS] [cadence.virtuoso.ade.simulationMonitor] - Simulator exited {"hostname": "ece-linlabsrv01.ece.gatech.edu", "processid": 1123903, "history": "ExplorerRun.0", "testname": "project_1_inverter_1", "cornername": "Nominal", "point": 1, "logfile": "/nethome/rgoel68/ECE3150/logs_rgoel68/logs0/Job5.log", "exitStatus": "0"}
[2025-04-22 01:02:57.397 -0400] [PROCESS] [cadence.virtuoso.ade.simulationMonitor] - Finished Simulation {"hostname": "ece-linlabsrv01.ece.gatech.edu", "processid": 1123903, "history": "ExplorerRun.0", "testname": "project_1_inverter_1", "cornername": "Nominal", "point": 1, "logfile": "/nethome/rgoel68/ECE3150/logs_rgoel68/logs0/Job5.log", "simid": "1", "event": "finish", "category": "obsolete"}
[2025-04-22 01:03:00.399 -0400] [PROCESS] [cadence.virtuoso.ade.simulationMonitor] - Point Finished {"hostname": "ece-linlabsrv01.ece.gatech.edu", "processid": 1123903, "history": "ExplorerRun.0", "testname": "project_1_inverter_1", "cornername": "Nominal", "point": 1, "logfile": "/nethome/rgoel68/ECE3150/logs_rgoel68/logs0/Job5.log", "event": "finish", "category": "sim-eval"}
[2025-04-22 01:03:00.401 -0400] [PROCESS] [cadence.virtuoso.ade.simulationMonitor] - HostInfo:
Host name (type):	ece-linlabsrv01.ece.gatech.edu (x86_64)
Operating system:	Linux 4.18.0-553.44.1.el8_10.x86_64 #1 SMP Wed Mar 5 10:48:41 EST 2025 {"hostname": "ece-linlabsrv01.ece.gatech.edu", "processid": 1123903, "history": "ExplorerRun.0", "testname": "project_1_inverter_1", "cornername": "Nominal", "point": 1, "logfile": "/nethome/rgoel68/ECE3150/logs_rgoel68/logs0/Job5.log", "nodename": "ece-linlabsrv01.ece.gatech.edu", "domainname": "(none)", "machine": "x86_64", "sysname": "Linux", "release": "4.18.0-553.44.1.el8_10.x86_64", "version": "#1 SMP Wed Mar 5 10:48:41 EST 2025"}
[2025-04-22 01:03:00.401 -0400] [PROCESS] [cadence.virtuoso.ade.simulationMonitor] - UsageInfo:
pid=1123903
totalPhysicalMemory=186.850849GB,Used=151.277187GB,totalVirtualMemory=250.850845GB,Used=209.550644GB
Cpu: Cores=112, Load average:24.280000,32.080000,32.380000 {"hostname": "ece-linlabsrv01.ece.gatech.edu", "processid": 1123903, "history": "ExplorerRun.0", "testname": "project_1_inverter_1", "cornername": "Nominal", "point": 1, "logfile": "/nethome/rgoel68/ECE3150/logs_rgoel68/logs0/Job5.log", "pid": "1123903", "totalPhysicalMemory": "186.850849", "physicalMemoryUsed": "151.277187", "totalVirtualMemory": "250.850845", "virtualMemoryUsed": "209.550644", "cpuCores": "112", "processes": "20802", "loadAverage1": "24.280000", "loadAverage5": "32.080000", "loadAverage15": "32.380000", "loadAverage1Percent": "0.216786"}
[2025-04-22 01:03:00.405 -0400] [EVENT] [cadence.virtuoso.ade.simulationMonitor] - NewPoint {"history": "ExplorerRun.0", "point": 2, "testname": "project_1_inverter_1", "cornername": "Nominal", "event": "NewPoint", "EventSource": "Simulation Monitor", "HistoryName": "ExplorerRun.0", "logFile": "/nethome/rgoel68/ECE3150/logs_rgoel68/logs0/Job5.log", "logFileSize": "14196", "category": "simulation"}
[2025-04-22 01:03:00.607 -0400] [EVENT] [cadence.virtuoso.ade.simulationMonitor] - NewPoint {"history": "ExplorerRun.0", "point": 2, "testname": "project_1_inverter_1", "cornername": "Nominal", "event": "NewPoint", "EventSource": "spectre", "HistoryName": "ExplorerRun.0", "logFile": "/nethome/rgoel68/simulation/project_1/inverter/maestro/results/maestro/ExplorerRun.0/2/project_1_inverter_1/psf/spectre.out", "logFileSize": "-1", "category": "simulation"}
[2025-04-22 01:03:00.825 -0400] [PROCESS] [cadence.virtuoso.ade.simulationMonitor] - Simulator launched {"hostname": "ece-linlabsrv01.ece.gatech.edu", "processid": 1123903, "history": "ExplorerRun.0", "testname": "project_1_inverter_1", "cornername": "Nominal", "point": 2, "logfile": "/nethome/rgoel68/ECE3150/logs_rgoel68/logs0/Job5.log", "simid": "2", "event": "launch", "category": "simulation"}
[2025-04-22 01:03:04.146 -0400] [INFO] [cadence.virtuoso.ade.simulationMonitor] - Peak resident memory used = 177 Mbytes. {"history": "ExplorerRun.0", "point": 2, "testname": "project_1_inverter_1", "cornername": "Nominal"}
[2025-04-22 01:03:04.146 -0400] [WARN] [cadence.virtuoso.ade.simulationMonitor] -     WARNING (SFE-102): "netlist" 6: Parameter `ld', specified for model `PMOS_VTL' of primitive `bsim4', has been ignored because it is an invalid instance parameter. Specify a valid model parameter and rerun the simulation. Type `spectre -h bsim4' to get more information on valid model parameters. {"history": "ExplorerRun.0", "point": 2, "testname": "project_1_inverter_1", "cornername": "Nominal"}
[2025-04-22 01:03:04.146 -0400] [WARN] [cadence.virtuoso.ade.simulationMonitor] -     WARNING (SFE-102): "netlist" 8: Parameter `ld', specified for model `NMOS_VTL' of primitive `bsim4', has been ignored because it is an invalid instance parameter. Specify a valid model parameter and rerun the simulation. Type `spectre -h bsim4' to get more information on valid model parameters. {"history": "ExplorerRun.0", "point": 2, "testname": "project_1_inverter_1", "cornername": "Nominal"}
[2025-04-22 01:03:04.146 -0400] [INFO] [cadence.virtuoso.ade.simulationMonitor] - Peak resident memory used = 186 Mbytes. {"history": "ExplorerRun.0", "point": 2, "testname": "project_1_inverter_1", "cornername": "Nominal"}
[2025-04-22 01:03:04.146 -0400] [INFO] [cadence.virtuoso.ade.simulationMonitor] - Peak resident memory used = 186 Mbytes. {"history": "ExplorerRun.0", "point": 2, "testname": "project_1_inverter_1", "cornername": "Nominal"}
[2025-04-22 01:03:04.146 -0400] [INFO] [cadence.virtuoso.ade.simulationMonitor] - Notice from spectre during initial setup.
    Multithreading is disabled due to the size of the design being too small. {"history": "ExplorerRun.0", "point": 2, "testname": "project_1_inverter_1", "cornername": "Nominal"}
[2025-04-22 01:03:04.149 -0400] [INFO] [cadence.virtuoso.ade.simulationMonitor] -               nodes 3 {"history": "ExplorerRun.0", "point": 2, "testname": "project_1_inverter_1", "cornername": "Nominal"}
[2025-04-22 01:03:04.149 -0400] [INFO] [cadence.virtuoso.ade.simulationMonitor] - Notice from spectre during initial setup.
    Protected devices exist and are not included in the circuit inventory.
    APS enabled. {"history": "ExplorerRun.0", "point": 2, "testname": "project_1_inverter_1", "cornername": "Nominal"}
[2025-04-22 01:03:04.149 -0400] [INFO] [cadence.virtuoso.ade.simulationMonitor] - Peak resident memory used = 189 Mbytes. {"history": "ExplorerRun.0", "point": 2, "testname": "project_1_inverter_1", "cornername": "Nominal"}
[2025-04-22 01:03:04.150 -0400] [INFO] [cadence.virtuoso.ade.simulationMonitor] -    -   (APS) Multi-threading. The recommended number of threads is 1, consider adding +mt=1 on command line. {"history": "ExplorerRun.0", "point": 2, "testname": "project_1_inverter_1", "cornername": "Nominal"}
[2025-04-22 01:03:04.150 -0400] [INFO] [cadence.virtuoso.ade.simulationMonitor] - Notice from spectre during transient analysis `tran'.
    Multithreading is disabled due to the size of the design being too small. {"history": "ExplorerRun.0", "point": 2, "testname": "project_1_inverter_1", "cornername": "Nominal"}
[2025-04-22 01:03:04.151 -0400] [INFO] [cadence.virtuoso.ade.simulationMonitor] - Intrinsic tran analysis time:    CPU = 7.099 ms, elapsed = 11.956 ms. {"history": "ExplorerRun.0", "point": 2, "testname": "project_1_inverter_1", "cornername": "Nominal"}
[2025-04-22 01:03:04.151 -0400] [INFO] [cadence.virtuoso.ade.simulationMonitor] - Total time required for tran analysis `tran': CPU = 9.322 ms, elapsed = 15.7189 ms, util. = 59.3%. {"history": "ExplorerRun.0", "point": 2, "testname": "project_1_inverter_1", "cornername": "Nominal"}
[2025-04-22 01:03:04.151 -0400] [INFO] [cadence.virtuoso.ade.simulationMonitor] - Peak resident memory used = 197 Mbytes. {"history": "ExplorerRun.0", "point": 2, "testname": "project_1_inverter_1", "cornername": "Nominal"}
[2025-04-22 01:03:04.152 -0400] [INFO] [cadence.virtuoso.ade.simulationMonitor] - Time used: CPU = 398 ms, elapsed = 554 ms, util. = 71.8%. {"history": "ExplorerRun.0", "point": 2, "testname": "project_1_inverter_1", "cornername": "Nominal"}
[2025-04-22 01:03:04.152 -0400] [INFO] [cadence.virtuoso.ade.simulationMonitor] - Time spent in licensing: elapsed = 38.7 ms, percentage of total = 6.98%. {"history": "ExplorerRun.0", "point": 2, "testname": "project_1_inverter_1", "cornername": "Nominal"}
[2025-04-22 01:03:04.153 -0400] [INFO] [cadence.virtuoso.ade.simulationMonitor] - Peak memory used = 198 Mbytes. {"history": "ExplorerRun.0", "point": 2, "testname": "project_1_inverter_1", "cornername": "Nominal"}
[2025-04-22 01:03:04.156 -0400] [PROCESS] [cadence.virtuoso.ade.simulationMonitor] - Simulation started at: 1:03:01 AM, Tue Apr 22, 2025, ended at: 1:03:01 AM, Tue Apr 22, 2025, with elapsed time (wall clock): 554 ms. {"history": "ExplorerRun.0", "point": 2, "testname": "project_1_inverter_1", "cornername": "Nominal"}
[2025-04-22 01:03:04.156 -0400] [PROCESS] [cadence.virtuoso.ade.simulationMonitor] - spectre completes with 0 errors, 2 warnings, and 5 notices. {"history": "ExplorerRun.0", "point": 2, "testname": "project_1_inverter_1", "cornername": "Nominal"}
[2025-04-22 01:03:04.156 -0400] [PROCESS] [cadence.virtuoso.ade.simulationMonitor] - Finished simulating for one point {"hostname": "ece-linlabsrv01.ece.gatech.edu", "processid": 1123903, "history": "ExplorerRun.0", "testname": "project_1_inverter_1", "cornername": "Nominal", "point": 2, "logfile": "/nethome/rgoel68/ECE3150/logs_rgoel68/logs0/Job5.log", "simid": "2", "event": "finish", "category": "simulation"}
[2025-04-22 01:03:04.156 -0400] [PROCESS] [cadence.virtuoso.ade.simulationMonitor] - Simulator exited {"hostname": "ece-linlabsrv01.ece.gatech.edu", "processid": 1123903, "history": "ExplorerRun.0", "testname": "project_1_inverter_1", "cornername": "Nominal", "point": 2, "logfile": "/nethome/rgoel68/ECE3150/logs_rgoel68/logs0/Job5.log", "exitStatus": "0"}
[2025-04-22 01:03:04.156 -0400] [PROCESS] [cadence.virtuoso.ade.simulationMonitor] - Finished Simulation {"hostname": "ece-linlabsrv01.ece.gatech.edu", "processid": 1123903, "history": "ExplorerRun.0", "testname": "project_1_inverter_1", "cornername": "Nominal", "point": 2, "logfile": "/nethome/rgoel68/ECE3150/logs_rgoel68/logs0/Job5.log", "simid": "2", "event": "finish", "category": "obsolete"}
[2025-04-22 01:03:05.659 -0400] [PROCESS] [cadence.virtuoso.ade.simulationMonitor] - Point Finished {"hostname": "ece-linlabsrv01.ece.gatech.edu", "processid": 1123903, "history": "ExplorerRun.0", "testname": "project_1_inverter_1", "cornername": "Nominal", "point": 2, "logfile": "/nethome/rgoel68/ECE3150/logs_rgoel68/logs0/Job5.log", "event": "finish", "category": "sim-eval"}
[2025-04-22 01:03:05.661 -0400] [PROCESS] [cadence.virtuoso.ade.simulationMonitor] - HostInfo:
Host name (type):	ece-linlabsrv01.ece.gatech.edu (x86_64)
Operating system:	Linux 4.18.0-553.44.1.el8_10.x86_64 #1 SMP Wed Mar 5 10:48:41 EST 2025 {"hostname": "ece-linlabsrv01.ece.gatech.edu", "processid": 1123903, "history": "ExplorerRun.0", "testname": "project_1_inverter_1", "cornername": "Nominal", "point": 2, "logfile": "/nethome/rgoel68/ECE3150/logs_rgoel68/logs0/Job5.log", "nodename": "ece-linlabsrv01.ece.gatech.edu", "domainname": "(none)", "machine": "x86_64", "sysname": "Linux", "release": "4.18.0-553.44.1.el8_10.x86_64", "version": "#1 SMP Wed Mar 5 10:48:41 EST 2025"}
[2025-04-22 01:03:05.661 -0400] [PROCESS] [cadence.virtuoso.ade.simulationMonitor] - UsageInfo:
pid=1123903
totalPhysicalMemory=186.850849GB,Used=151.478508GB,totalVirtualMemory=250.850845GB,Used=209.751965GB
Cpu: Cores=112, Load average:23.620000,31.810000,32.290000 {"hostname": "ece-linlabsrv01.ece.gatech.edu", "processid": 1123903, "history": "ExplorerRun.0", "testname": "project_1_inverter_1", "cornername": "Nominal", "point": 2, "logfile": "/nethome/rgoel68/ECE3150/logs_rgoel68/logs0/Job5.log", "pid": "1123903", "totalPhysicalMemory": "186.850849", "physicalMemoryUsed": "151.478508", "totalVirtualMemory": "250.850845", "virtualMemoryUsed": "209.751965", "cpuCores": "112", "processes": "20919", "loadAverage1": "23.620000", "loadAverage5": "31.810000", "loadAverage15": "32.290000", "loadAverage1Percent": "0.210893"}
[2025-04-22 01:03:05.665 -0400] [EVENT] [cadence.virtuoso.ade.simulationMonitor] - NewPoint {"history": "ExplorerRun.0", "point": 3, "testname": "project_1_inverter_1", "cornername": "Nominal", "event": "NewPoint", "EventSource": "Simulation Monitor", "HistoryName": "ExplorerRun.0", "logFile": "/nethome/rgoel68/ECE3150/logs_rgoel68/logs0/Job5.log", "logFileSize": "23864", "category": "simulation"}
[2025-04-22 01:03:06.008 -0400] [EVENT] [cadence.virtuoso.ade.simulationMonitor] - NewPoint {"history": "ExplorerRun.0", "point": 3, "testname": "project_1_inverter_1", "cornername": "Nominal", "event": "NewPoint", "EventSource": "spectre", "HistoryName": "ExplorerRun.0", "logFile": "/nethome/rgoel68/simulation/project_1/inverter/maestro/results/maestro/ExplorerRun.0/3/project_1_inverter_1/psf/spectre.out", "logFileSize": "-1", "category": "simulation"}
[2025-04-22 01:03:06.227 -0400] [PROCESS] [cadence.virtuoso.ade.simulationMonitor] - Simulator launched {"hostname": "ece-linlabsrv01.ece.gatech.edu", "processid": 1123903, "history": "ExplorerRun.0", "testname": "project_1_inverter_1", "cornername": "Nominal", "point": 3, "logfile": "/nethome/rgoel68/ECE3150/logs_rgoel68/logs0/Job5.log", "simid": "3", "event": "launch", "category": "simulation"}
[2025-04-22 01:03:09.546 -0400] [INFO] [cadence.virtuoso.ade.simulationMonitor] - Peak resident memory used = 165 Mbytes. {"history": "ExplorerRun.0", "point": 3, "testname": "project_1_inverter_1", "cornername": "Nominal"}
[2025-04-22 01:03:09.546 -0400] [WARN] [cadence.virtuoso.ade.simulationMonitor] -     WARNING (SFE-102): "netlist" 6: Parameter `ld', specified for model `PMOS_VTL' of primitive `bsim4', has been ignored because it is an invalid instance parameter. Specify a valid model parameter and rerun the simulation. Type `spectre -h bsim4' to get more information on valid model parameters. {"history": "ExplorerRun.0", "point": 3, "testname": "project_1_inverter_1", "cornername": "Nominal"}
[2025-04-22 01:03:09.546 -0400] [WARN] [cadence.virtuoso.ade.simulationMonitor] -     WARNING (SFE-102): "netlist" 8: Parameter `ld', specified for model `NMOS_VTL' of primitive `bsim4', has been ignored because it is an invalid instance parameter. Specify a valid model parameter and rerun the simulation. Type `spectre -h bsim4' to get more information on valid model parameters. {"history": "ExplorerRun.0", "point": 3, "testname": "project_1_inverter_1", "cornername": "Nominal"}
[2025-04-22 01:03:09.547 -0400] [INFO] [cadence.virtuoso.ade.simulationMonitor] - Peak resident memory used = 173 Mbytes. {"history": "ExplorerRun.0", "point": 3, "testname": "project_1_inverter_1", "cornername": "Nominal"}
[2025-04-22 01:03:09.547 -0400] [INFO] [cadence.virtuoso.ade.simulationMonitor] - Peak resident memory used = 173 Mbytes. {"history": "ExplorerRun.0", "point": 3, "testname": "project_1_inverter_1", "cornername": "Nominal"}
[2025-04-22 01:03:09.547 -0400] [INFO] [cadence.virtuoso.ade.simulationMonitor] - Notice from spectre during initial setup.
    Multithreading is disabled due to the size of the design being too small. {"history": "ExplorerRun.0", "point": 3, "testname": "project_1_inverter_1", "cornername": "Nominal"}
[2025-04-22 01:03:09.550 -0400] [INFO] [cadence.virtuoso.ade.simulationMonitor] -               nodes 3 {"history": "ExplorerRun.0", "point": 3, "testname": "project_1_inverter_1", "cornername": "Nominal"}
[2025-04-22 01:03:09.550 -0400] [INFO] [cadence.virtuoso.ade.simulationMonitor] - Notice from spectre during initial setup.
    Protected devices exist and are not included in the circuit inventory.
    APS enabled. {"history": "ExplorerRun.0", "point": 3, "testname": "project_1_inverter_1", "cornername": "Nominal"}
[2025-04-22 01:03:09.550 -0400] [INFO] [cadence.virtuoso.ade.simulationMonitor] - Peak resident memory used = 177 Mbytes. {"history": "ExplorerRun.0", "point": 3, "testname": "project_1_inverter_1", "cornername": "Nominal"}
[2025-04-22 01:03:09.551 -0400] [INFO] [cadence.virtuoso.ade.simulationMonitor] -    -   (APS) Multi-threading. The recommended number of threads is 1, consider adding +mt=1 on command line. {"history": "ExplorerRun.0", "point": 3, "testname": "project_1_inverter_1", "cornername": "Nominal"}
[2025-04-22 01:03:09.551 -0400] [INFO] [cadence.virtuoso.ade.simulationMonitor] - Notice from spectre during transient analysis `tran'.
    Multithreading is disabled due to the size of the design being too small. {"history": "ExplorerRun.0", "point": 3, "testname": "project_1_inverter_1", "cornername": "Nominal"}
[2025-04-22 01:03:09.551 -0400] [INFO] [cadence.virtuoso.ade.simulationMonitor] - Intrinsic tran analysis time:    CPU = 7.477 ms, elapsed = 12.5289 ms. {"history": "ExplorerRun.0", "point": 3, "testname": "project_1_inverter_1", "cornername": "Nominal"}
[2025-04-22 01:03:09.551 -0400] [INFO] [cadence.virtuoso.ade.simulationMonitor] - Total time required for tran analysis `tran': CPU = 10.131 ms, elapsed = 16.5451 ms, util. = 61.2%. {"history": "ExplorerRun.0", "point": 3, "testname": "project_1_inverter_1", "cornername": "Nominal"}
[2025-04-22 01:03:09.552 -0400] [INFO] [cadence.virtuoso.ade.simulationMonitor] - Peak resident memory used = 185 Mbytes. {"history": "ExplorerRun.0", "point": 3, "testname": "project_1_inverter_1", "cornername": "Nominal"}
[2025-04-22 01:03:09.553 -0400] [INFO] [cadence.virtuoso.ade.simulationMonitor] - Time used: CPU = 405 ms, elapsed = 472 ms, util. = 85.8%. {"history": "ExplorerRun.0", "point": 3, "testname": "project_1_inverter_1", "cornername": "Nominal"}
[2025-04-22 01:03:09.553 -0400] [INFO] [cadence.virtuoso.ade.simulationMonitor] - Time spent in licensing: elapsed = 37.3 ms, percentage of total = 7.9%. {"history": "ExplorerRun.0", "point": 3, "testname": "project_1_inverter_1", "cornername": "Nominal"}
[2025-04-22 01:03:09.553 -0400] [INFO] [cadence.virtuoso.ade.simulationMonitor] - Peak memory used = 186 Mbytes. {"history": "ExplorerRun.0", "point": 3, "testname": "project_1_inverter_1", "cornername": "Nominal"}
[2025-04-22 01:03:09.555 -0400] [PROCESS] [cadence.virtuoso.ade.simulationMonitor] - Simulation started at: 1:03:06 AM, Tue Apr 22, 2025, ended at: 1:03:07 AM, Tue Apr 22, 2025, with elapsed time (wall clock): 472 ms. {"history": "ExplorerRun.0", "point": 3, "testname": "project_1_inverter_1", "cornername": "Nominal"}
[2025-04-22 01:03:09.555 -0400] [PROCESS] [cadence.virtuoso.ade.simulationMonitor] - spectre completes with 0 errors, 2 warnings, and 5 notices. {"history": "ExplorerRun.0", "point": 3, "testname": "project_1_inverter_1", "cornername": "Nominal"}
[2025-04-22 01:03:09.555 -0400] [PROCESS] [cadence.virtuoso.ade.simulationMonitor] - Finished simulating for one point {"hostname": "ece-linlabsrv01.ece.gatech.edu", "processid": 1123903, "history": "ExplorerRun.0", "testname": "project_1_inverter_1", "cornername": "Nominal", "point": 3, "logfile": "/nethome/rgoel68/ECE3150/logs_rgoel68/logs0/Job5.log", "simid": "3", "event": "finish", "category": "simulation"}
[2025-04-22 01:03:09.555 -0400] [PROCESS] [cadence.virtuoso.ade.simulationMonitor] - Simulator exited {"hostname": "ece-linlabsrv01.ece.gatech.edu", "processid": 1123903, "history": "ExplorerRun.0", "testname": "project_1_inverter_1", "cornername": "Nominal", "point": 3, "logfile": "/nethome/rgoel68/ECE3150/logs_rgoel68/logs0/Job5.log", "exitStatus": "0"}
[2025-04-22 01:03:09.555 -0400] [PROCESS] [cadence.virtuoso.ade.simulationMonitor] - Finished Simulation {"hostname": "ece-linlabsrv01.ece.gatech.edu", "processid": 1123903, "history": "ExplorerRun.0", "testname": "project_1_inverter_1", "cornername": "Nominal", "point": 3, "logfile": "/nethome/rgoel68/ECE3150/logs_rgoel68/logs0/Job5.log", "simid": "3", "event": "finish", "category": "obsolete"}
[2025-04-22 01:03:11.059 -0400] [PROCESS] [cadence.virtuoso.ade.simulationMonitor] - Point Finished {"hostname": "ece-linlabsrv01.ece.gatech.edu", "processid": 1123903, "history": "ExplorerRun.0", "testname": "project_1_inverter_1", "cornername": "Nominal", "point": 3, "logfile": "/nethome/rgoel68/ECE3150/logs_rgoel68/logs0/Job5.log", "event": "finish", "category": "sim-eval"}
[2025-04-22 01:03:11.060 -0400] [PROCESS] [cadence.virtuoso.ade.simulationMonitor] - HostInfo:
Host name (type):	ece-linlabsrv01.ece.gatech.edu (x86_64)
Operating system:	Linux 4.18.0-553.44.1.el8_10.x86_64 #1 SMP Wed Mar 5 10:48:41 EST 2025 {"hostname": "ece-linlabsrv01.ece.gatech.edu", "processid": 1123903, "history": "ExplorerRun.0", "testname": "project_1_inverter_1", "cornername": "Nominal", "point": 3, "logfile": "/nethome/rgoel68/ECE3150/logs_rgoel68/logs0/Job5.log", "nodename": "ece-linlabsrv01.ece.gatech.edu", "domainname": "(none)", "machine": "x86_64", "sysname": "Linux", "release": "4.18.0-553.44.1.el8_10.x86_64", "version": "#1 SMP Wed Mar 5 10:48:41 EST 2025"}
[2025-04-22 01:03:11.061 -0400] [PROCESS] [cadence.virtuoso.ade.simulationMonitor] - UsageInfo:
pid=1123903
totalPhysicalMemory=186.850849GB,Used=151.832066GB,totalVirtualMemory=250.850845GB,Used=210.105522GB
Cpu: Cores=112, Load average:23.410000,31.630000,32.230000 {"hostname": "ece-linlabsrv01.ece.gatech.edu", "processid": 1123903, "history": "ExplorerRun.0", "testname": "project_1_inverter_1", "cornername": "Nominal", "point": 3, "logfile": "/nethome/rgoel68/ECE3150/logs_rgoel68/logs0/Job5.log", "pid": "1123903", "totalPhysicalMemory": "186.850849", "physicalMemoryUsed": "151.832066", "totalVirtualMemory": "250.850845", "virtualMemoryUsed": "210.105522", "cpuCores": "112", "processes": "20836", "loadAverage1": "23.410000", "loadAverage5": "31.630000", "loadAverage15": "32.230000", "loadAverage1Percent": "0.209018"}
[2025-04-22 01:03:11.066 -0400] [EVENT] [cadence.virtuoso.ade.simulationMonitor] - NewPoint {"history": "ExplorerRun.0", "point": 4, "testname": "project_1_inverter_1", "cornername": "Nominal", "event": "NewPoint", "EventSource": "Simulation Monitor", "HistoryName": "ExplorerRun.0", "logFile": "/nethome/rgoel68/ECE3150/logs_rgoel68/logs0/Job5.log", "logFileSize": "33533", "category": "simulation"}
[2025-04-22 01:03:11.268 -0400] [EVENT] [cadence.virtuoso.ade.simulationMonitor] - NewPoint {"history": "ExplorerRun.0", "point": 4, "testname": "project_1_inverter_1", "cornername": "Nominal", "event": "NewPoint", "EventSource": "spectre", "HistoryName": "ExplorerRun.0", "logFile": "/nethome/rgoel68/simulation/project_1/inverter/maestro/results/maestro/ExplorerRun.0/4/project_1_inverter_1/psf/spectre.out", "logFileSize": "-1", "category": "simulation"}
[2025-04-22 01:03:11.483 -0400] [PROCESS] [cadence.virtuoso.ade.simulationMonitor] - Simulator launched {"hostname": "ece-linlabsrv01.ece.gatech.edu", "processid": 1123903, "history": "ExplorerRun.0", "testname": "project_1_inverter_1", "cornername": "Nominal", "point": 4, "logfile": "/nethome/rgoel68/ECE3150/logs_rgoel68/logs0/Job5.log", "simid": "4", "event": "launch", "category": "simulation"}
[2025-04-22 01:03:14.858 -0400] [INFO] [cadence.virtuoso.ade.simulationMonitor] - Peak resident memory used = 175 Mbytes. {"history": "ExplorerRun.0", "point": 4, "testname": "project_1_inverter_1", "cornername": "Nominal"}
[2025-04-22 01:03:14.858 -0400] [WARN] [cadence.virtuoso.ade.simulationMonitor] -     WARNING (SFE-102): "netlist" 6: Parameter `ld', specified for model `PMOS_VTL' of primitive `bsim4', has been ignored because it is an invalid instance parameter. Specify a valid model parameter and rerun the simulation. Type `spectre -h bsim4' to get more information on valid model parameters. {"history": "ExplorerRun.0", "point": 4, "testname": "project_1_inverter_1", "cornername": "Nominal"}
[2025-04-22 01:03:14.859 -0400] [WARN] [cadence.virtuoso.ade.simulationMonitor] -     WARNING (SFE-102): "netlist" 8: Parameter `ld', specified for model `NMOS_VTL' of primitive `bsim4', has been ignored because it is an invalid instance parameter. Specify a valid model parameter and rerun the simulation. Type `spectre -h bsim4' to get more information on valid model parameters. {"history": "ExplorerRun.0", "point": 4, "testname": "project_1_inverter_1", "cornername": "Nominal"}
[2025-04-22 01:03:14.859 -0400] [INFO] [cadence.virtuoso.ade.simulationMonitor] - Peak resident memory used = 184 Mbytes. {"history": "ExplorerRun.0", "point": 4, "testname": "project_1_inverter_1", "cornername": "Nominal"}
[2025-04-22 01:03:14.859 -0400] [INFO] [cadence.virtuoso.ade.simulationMonitor] - Peak resident memory used = 184 Mbytes. {"history": "ExplorerRun.0", "point": 4, "testname": "project_1_inverter_1", "cornername": "Nominal"}
[2025-04-22 01:03:14.859 -0400] [INFO] [cadence.virtuoso.ade.simulationMonitor] - Notice from spectre during initial setup.
    Multithreading is disabled due to the size of the design being too small. {"history": "ExplorerRun.0", "point": 4, "testname": "project_1_inverter_1", "cornername": "Nominal"}
[2025-04-22 01:03:14.867 -0400] [INFO] [cadence.virtuoso.ade.simulationMonitor] -               nodes 3 {"history": "ExplorerRun.0", "point": 4, "testname": "project_1_inverter_1", "cornername": "Nominal"}
[2025-04-22 01:03:14.868 -0400] [INFO] [cadence.virtuoso.ade.simulationMonitor] - Notice from spectre during initial setup.
    Protected devices exist and are not included in the circuit inventory.
    APS enabled. {"history": "ExplorerRun.0", "point": 4, "testname": "project_1_inverter_1", "cornername": "Nominal"}
[2025-04-22 01:03:14.868 -0400] [INFO] [cadence.virtuoso.ade.simulationMonitor] - Peak resident memory used = 187 Mbytes. {"history": "ExplorerRun.0", "point": 4, "testname": "project_1_inverter_1", "cornername": "Nominal"}
[2025-04-22 01:03:14.869 -0400] [INFO] [cadence.virtuoso.ade.simulationMonitor] -    -   (APS) Multi-threading. The recommended number of threads is 1, consider adding +mt=1 on command line. {"history": "ExplorerRun.0", "point": 4, "testname": "project_1_inverter_1", "cornername": "Nominal"}
[2025-04-22 01:03:14.869 -0400] [INFO] [cadence.virtuoso.ade.simulationMonitor] - Notice from spectre during transient analysis `tran'.
    Multithreading is disabled due to the size of the design being too small. {"history": "ExplorerRun.0", "point": 4, "testname": "project_1_inverter_1", "cornername": "Nominal"}
[2025-04-22 01:03:14.870 -0400] [INFO] [cadence.virtuoso.ade.simulationMonitor] - Intrinsic tran analysis time:    CPU = 14.333 ms, elapsed = 18.7838 ms. {"history": "ExplorerRun.0", "point": 4, "testname": "project_1_inverter_1", "cornername": "Nominal"}
[2025-04-22 01:03:14.870 -0400] [INFO] [cadence.virtuoso.ade.simulationMonitor] - Total time required for tran analysis `tran': CPU = 17.067 ms, elapsed = 22.7768 ms, util. = 74.9%. {"history": "ExplorerRun.0", "point": 4, "testname": "project_1_inverter_1", "cornername": "Nominal"}
[2025-04-22 01:03:14.870 -0400] [INFO] [cadence.virtuoso.ade.simulationMonitor] - Peak resident memory used = 195 Mbytes. {"history": "ExplorerRun.0", "point": 4, "testname": "project_1_inverter_1", "cornername": "Nominal"}
[2025-04-22 01:03:14.872 -0400] [INFO] [cadence.virtuoso.ade.simulationMonitor] - Time used: CPU = 431 ms, elapsed = 497 ms, util. = 86.7%. {"history": "ExplorerRun.0", "point": 4, "testname": "project_1_inverter_1", "cornername": "Nominal"}
[2025-04-22 01:03:14.872 -0400] [INFO] [cadence.virtuoso.ade.simulationMonitor] - Time spent in licensing: elapsed = 37.9 ms, percentage of total = 7.63%. {"history": "ExplorerRun.0", "point": 4, "testname": "project_1_inverter_1", "cornername": "Nominal"}
[2025-04-22 01:03:14.873 -0400] [INFO] [cadence.virtuoso.ade.simulationMonitor] - Peak memory used = 196 Mbytes. {"history": "ExplorerRun.0", "point": 4, "testname": "project_1_inverter_1", "cornername": "Nominal"}
[2025-04-22 01:03:14.875 -0400] [PROCESS] [cadence.virtuoso.ade.simulationMonitor] - Simulation started at: 1:03:11 AM, Tue Apr 22, 2025, ended at: 1:03:12 AM, Tue Apr 22, 2025, with elapsed time (wall clock): 497 ms. {"history": "ExplorerRun.0", "point": 4, "testname": "project_1_inverter_1", "cornername": "Nominal"}
[2025-04-22 01:03:14.875 -0400] [PROCESS] [cadence.virtuoso.ade.simulationMonitor] - spectre completes with 0 errors, 2 warnings, and 5 notices. {"history": "ExplorerRun.0", "point": 4, "testname": "project_1_inverter_1", "cornername": "Nominal"}
[2025-04-22 01:03:14.875 -0400] [PROCESS] [cadence.virtuoso.ade.simulationMonitor] - Finished simulating for one point {"hostname": "ece-linlabsrv01.ece.gatech.edu", "processid": 1123903, "history": "ExplorerRun.0", "testname": "project_1_inverter_1", "cornername": "Nominal", "point": 4, "logfile": "/nethome/rgoel68/ECE3150/logs_rgoel68/logs0/Job5.log", "simid": "4", "event": "finish", "category": "simulation"}
[2025-04-22 01:03:14.875 -0400] [PROCESS] [cadence.virtuoso.ade.simulationMonitor] - Simulator exited {"hostname": "ece-linlabsrv01.ece.gatech.edu", "processid": 1123903, "history": "ExplorerRun.0", "testname": "project_1_inverter_1", "cornername": "Nominal", "point": 4, "logfile": "/nethome/rgoel68/ECE3150/logs_rgoel68/logs0/Job5.log", "exitStatus": "0"}
[2025-04-22 01:03:14.875 -0400] [PROCESS] [cadence.virtuoso.ade.simulationMonitor] - Finished Simulation {"hostname": "ece-linlabsrv01.ece.gatech.edu", "processid": 1123903, "history": "ExplorerRun.0", "testname": "project_1_inverter_1", "cornername": "Nominal", "point": 4, "logfile": "/nethome/rgoel68/ECE3150/logs_rgoel68/logs0/Job5.log", "simid": "4", "event": "finish", "category": "obsolete"}
[2025-04-22 01:03:16.411 -0400] [PROCESS] [cadence.virtuoso.ade.simulationMonitor] - Point Finished {"hostname": "ece-linlabsrv01.ece.gatech.edu", "processid": 1123903, "history": "ExplorerRun.0", "testname": "project_1_inverter_1", "cornername": "Nominal", "point": 4, "logfile": "/nethome/rgoel68/ECE3150/logs_rgoel68/logs0/Job5.log", "event": "finish", "category": "sim-eval"}
[2025-04-22 01:03:16.413 -0400] [PROCESS] [cadence.virtuoso.ade.simulationMonitor] - HostInfo:
Host name (type):	ece-linlabsrv01.ece.gatech.edu (x86_64)
Operating system:	Linux 4.18.0-553.44.1.el8_10.x86_64 #1 SMP Wed Mar 5 10:48:41 EST 2025 {"hostname": "ece-linlabsrv01.ece.gatech.edu", "processid": 1123903, "history": "ExplorerRun.0", "testname": "project_1_inverter_1", "cornername": "Nominal", "point": 4, "logfile": "/nethome/rgoel68/ECE3150/logs_rgoel68/logs0/Job5.log", "nodename": "ece-linlabsrv01.ece.gatech.edu", "domainname": "(none)", "machine": "x86_64", "sysname": "Linux", "release": "4.18.0-553.44.1.el8_10.x86_64", "version": "#1 SMP Wed Mar 5 10:48:41 EST 2025"}
[2025-04-22 01:03:16.414 -0400] [PROCESS] [cadence.virtuoso.ade.simulationMonitor] - UsageInfo:
pid=1123903
totalPhysicalMemory=186.850849GB,Used=151.822235GB,totalVirtualMemory=250.850845GB,Used=210.095692GB
Cpu: Cores=112, Load average:22.790000,31.230000,32.090000 {"hostname": "ece-linlabsrv01.ece.gatech.edu", "processid": 1123903, "history": "ExplorerRun.0", "testname": "project_1_inverter_1", "cornername": "Nominal", "point": 4, "logfile": "/nethome/rgoel68/ECE3150/logs_rgoel68/logs0/Job5.log", "pid": "1123903", "totalPhysicalMemory": "186.850849", "physicalMemoryUsed": "151.822235", "totalVirtualMemory": "250.850845", "virtualMemoryUsed": "210.095692", "cpuCores": "112", "processes": "20832", "loadAverage1": "22.790000", "loadAverage5": "31.230000", "loadAverage15": "32.090000", "loadAverage1Percent": "0.203482"}
[2025-04-22 01:03:16.417 -0400] [EVENT] [cadence.virtuoso.ade.simulationMonitor] - NewPoint {"history": "ExplorerRun.0", "point": 5, "testname": "project_1_inverter_1", "cornername": "Nominal", "event": "NewPoint", "EventSource": "Simulation Monitor", "HistoryName": "ExplorerRun.0", "logFile": "/nethome/rgoel68/ECE3150/logs_rgoel68/logs0/Job5.log", "logFileSize": "43204", "category": "simulation"}
[2025-04-22 01:03:16.620 -0400] [EVENT] [cadence.virtuoso.ade.simulationMonitor] - NewPoint {"history": "ExplorerRun.0", "point": 5, "testname": "project_1_inverter_1", "cornername": "Nominal", "event": "NewPoint", "EventSource": "spectre", "HistoryName": "ExplorerRun.0", "logFile": "/nethome/rgoel68/simulation/project_1/inverter/maestro/results/maestro/ExplorerRun.0/5/project_1_inverter_1/psf/spectre.out", "logFileSize": "-1", "category": "simulation"}
[2025-04-22 01:03:16.824 -0400] [PROCESS] [cadence.virtuoso.ade.simulationMonitor] - Simulator launched {"hostname": "ece-linlabsrv01.ece.gatech.edu", "processid": 1123903, "history": "ExplorerRun.0", "testname": "project_1_inverter_1", "cornername": "Nominal", "point": 5, "logfile": "/nethome/rgoel68/ECE3150/logs_rgoel68/logs0/Job5.log", "simid": "5", "event": "launch", "category": "simulation"}
[2025-04-22 01:03:20.011 -0400] [INFO] [cadence.virtuoso.ade.simulationMonitor] - Peak resident memory used = 177 Mbytes. {"history": "ExplorerRun.0", "point": 5, "testname": "project_1_inverter_1", "cornername": "Nominal"}
[2025-04-22 01:03:20.011 -0400] [WARN] [cadence.virtuoso.ade.simulationMonitor] -     WARNING (SFE-102): "netlist" 6: Parameter `ld', specified for model `PMOS_VTL' of primitive `bsim4', has been ignored because it is an invalid instance parameter. Specify a valid model parameter and rerun the simulation. Type `spectre -h bsim4' to get more information on valid model parameters. {"history": "ExplorerRun.0", "point": 5, "testname": "project_1_inverter_1", "cornername": "Nominal"}
[2025-04-22 01:03:20.011 -0400] [WARN] [cadence.virtuoso.ade.simulationMonitor] -     WARNING (SFE-102): "netlist" 8: Parameter `ld', specified for model `NMOS_VTL' of primitive `bsim4', has been ignored because it is an invalid instance parameter. Specify a valid model parameter and rerun the simulation. Type `spectre -h bsim4' to get more information on valid model parameters. {"history": "ExplorerRun.0", "point": 5, "testname": "project_1_inverter_1", "cornername": "Nominal"}
[2025-04-22 01:03:20.011 -0400] [INFO] [cadence.virtuoso.ade.simulationMonitor] - Peak resident memory used = 186 Mbytes. {"history": "ExplorerRun.0", "point": 5, "testname": "project_1_inverter_1", "cornername": "Nominal"}
[2025-04-22 01:03:20.011 -0400] [INFO] [cadence.virtuoso.ade.simulationMonitor] - Peak resident memory used = 186 Mbytes. {"history": "ExplorerRun.0", "point": 5, "testname": "project_1_inverter_1", "cornername": "Nominal"}
[2025-04-22 01:03:20.011 -0400] [INFO] [cadence.virtuoso.ade.simulationMonitor] - Notice from spectre during initial setup.
    Multithreading is disabled due to the size of the design being too small. {"history": "ExplorerRun.0", "point": 5, "testname": "project_1_inverter_1", "cornername": "Nominal"}
[2025-04-22 01:03:20.014 -0400] [INFO] [cadence.virtuoso.ade.simulationMonitor] -               nodes 3 {"history": "ExplorerRun.0", "point": 5, "testname": "project_1_inverter_1", "cornername": "Nominal"}
[2025-04-22 01:03:20.014 -0400] [INFO] [cadence.virtuoso.ade.simulationMonitor] - Notice from spectre during initial setup.
    Protected devices exist and are not included in the circuit inventory.
    APS enabled. {"history": "ExplorerRun.0", "point": 5, "testname": "project_1_inverter_1", "cornername": "Nominal"}
[2025-04-22 01:03:20.015 -0400] [INFO] [cadence.virtuoso.ade.simulationMonitor] - Peak resident memory used = 189 Mbytes. {"history": "ExplorerRun.0", "point": 5, "testname": "project_1_inverter_1", "cornername": "Nominal"}
[2025-04-22 01:03:20.015 -0400] [INFO] [cadence.virtuoso.ade.simulationMonitor] -    -   (APS) Multi-threading. The recommended number of threads is 1, consider adding +mt=1 on command line. {"history": "ExplorerRun.0", "point": 5, "testname": "project_1_inverter_1", "cornername": "Nominal"}
[2025-04-22 01:03:20.015 -0400] [INFO] [cadence.virtuoso.ade.simulationMonitor] - Notice from spectre during transient analysis `tran'.
    Multithreading is disabled due to the size of the design being too small. {"history": "ExplorerRun.0", "point": 5, "testname": "project_1_inverter_1", "cornername": "Nominal"}
[2025-04-22 01:03:20.016 -0400] [INFO] [cadence.virtuoso.ade.simulationMonitor] - Intrinsic tran analysis time:    CPU = 7.733 ms, elapsed = 12.6481 ms. {"history": "ExplorerRun.0", "point": 5, "testname": "project_1_inverter_1", "cornername": "Nominal"}
[2025-04-22 01:03:20.016 -0400] [INFO] [cadence.virtuoso.ade.simulationMonitor] - Total time required for tran analysis `tran': CPU = 10.58 ms, elapsed = 16.7611 ms, util. = 63.1%. {"history": "ExplorerRun.0", "point": 5, "testname": "project_1_inverter_1", "cornername": "Nominal"}
[2025-04-22 01:03:20.016 -0400] [INFO] [cadence.virtuoso.ade.simulationMonitor] - Peak resident memory used = 197 Mbytes. {"history": "ExplorerRun.0", "point": 5, "testname": "project_1_inverter_1", "cornername": "Nominal"}
[2025-04-22 01:03:20.017 -0400] [INFO] [cadence.virtuoso.ade.simulationMonitor] - Time used: CPU = 405 ms, elapsed = 471 ms, util. = 86.2%. {"history": "ExplorerRun.0", "point": 5, "testname": "project_1_inverter_1", "cornername": "Nominal"}
[2025-04-22 01:03:20.017 -0400] [INFO] [cadence.virtuoso.ade.simulationMonitor] - Time spent in licensing: elapsed = 36.3 ms, percentage of total = 7.7%. {"history": "ExplorerRun.0", "point": 5, "testname": "project_1_inverter_1", "cornername": "Nominal"}
[2025-04-22 01:03:20.018 -0400] [INFO] [cadence.virtuoso.ade.simulationMonitor] - Peak memory used = 198 Mbytes. {"history": "ExplorerRun.0", "point": 5, "testname": "project_1_inverter_1", "cornername": "Nominal"}
[2025-04-22 01:03:20.020 -0400] [PROCESS] [cadence.virtuoso.ade.simulationMonitor] - Simulation started at: 1:03:17 AM, Tue Apr 22, 2025, ended at: 1:03:17 AM, Tue Apr 22, 2025, with elapsed time (wall clock): 471 ms. {"history": "ExplorerRun.0", "point": 5, "testname": "project_1_inverter_1", "cornername": "Nominal"}
[2025-04-22 01:03:20.020 -0400] [PROCESS] [cadence.virtuoso.ade.simulationMonitor] - spectre completes with 0 errors, 2 warnings, and 5 notices. {"history": "ExplorerRun.0", "point": 5, "testname": "project_1_inverter_1", "cornername": "Nominal"}
[2025-04-22 01:03:20.020 -0400] [PROCESS] [cadence.virtuoso.ade.simulationMonitor] - Finished simulating for one point {"hostname": "ece-linlabsrv01.ece.gatech.edu", "processid": 1123903, "history": "ExplorerRun.0", "testname": "project_1_inverter_1", "cornername": "Nominal", "point": 5, "logfile": "/nethome/rgoel68/ECE3150/logs_rgoel68/logs0/Job5.log", "simid": "5", "event": "finish", "category": "simulation"}
[2025-04-22 01:03:20.020 -0400] [PROCESS] [cadence.virtuoso.ade.simulationMonitor] - Simulator exited {"hostname": "ece-linlabsrv01.ece.gatech.edu", "processid": 1123903, "history": "ExplorerRun.0", "testname": "project_1_inverter_1", "cornername": "Nominal", "point": 5, "logfile": "/nethome/rgoel68/ECE3150/logs_rgoel68/logs0/Job5.log", "exitStatus": "0"}
[2025-04-22 01:03:20.020 -0400] [PROCESS] [cadence.virtuoso.ade.simulationMonitor] - Finished Simulation {"hostname": "ece-linlabsrv01.ece.gatech.edu", "processid": 1123903, "history": "ExplorerRun.0", "testname": "project_1_inverter_1", "cornername": "Nominal", "point": 5, "logfile": "/nethome/rgoel68/ECE3150/logs_rgoel68/logs0/Job5.log", "simid": "5", "event": "finish", "category": "obsolete"}
[2025-04-22 01:03:21.526 -0400] [PROCESS] [cadence.virtuoso.ade.simulationMonitor] - Point Finished {"hostname": "ece-linlabsrv01.ece.gatech.edu", "processid": 1123903, "history": "ExplorerRun.0", "testname": "project_1_inverter_1", "cornername": "Nominal", "point": 5, "logfile": "/nethome/rgoel68/ECE3150/logs_rgoel68/logs0/Job5.log", "event": "finish", "category": "sim-eval"}
[2025-04-22 01:03:22.528 -0400] [PROCESS] [cadence.virtuoso.ade.simulationMonitor] - Stay with the runId '3', Linger time '300', currentRunSyn '7', currentTestSyn '8' {"hostname": "ece-linlabsrv01.ece.gatech.edu", "processid": 1123903, "history": "ExplorerRun.0", "testname": "project_1_inverter_1", "cornername": "Nominal", "point": 5, "logfile": "/nethome/rgoel68/ECE3150/logs_rgoel68/logs0/Job5.log"}
[2025-04-22 01:08:22.370 -0400] [PROCESS] [cadence.virtuoso.ade.simulationMonitor] - Current memory used: 83.5195 MBytes, peak memory used: 83.5195 MBytes {"hostname": "ece-linlabsrv01.ece.gatech.edu", "processid": 1123903, "history": "ExplorerRun.0", "testname": "project_1_inverter_1", "cornername": "Nominal", "point": 5, "logfile": "/nethome/rgoel68/ECE3150/logs_rgoel68/logs0/Job5.log"}
[2025-04-22 01:08:22.371 -0400] [PROCESS] [cadence.virtuoso.ade.simulationMonitor] - Simulation Monitor process exits. {"hostname": "ece-linlabsrv01.ece.gatech.edu", "processid": 1123903, "history": "ExplorerRun.0", "testname": "project_1_inverter_1", "cornername": "Nominal", "point": 5, "logfile": "/nethome/rgoel68/ECE3150/logs_rgoel68/logs0/Job5.log"}
