[Simulation Monitor: 6]
[2025-04-21 13:29:16.495 -0400] [PROCESS] [cadence.virtuoso.ade.simulationMonitor] - Started the simulation monitor process {"hostname": "ece-linlabsrv01.ece.gatech.edu", "processid": 831231, "logfile": "/nethome/rgoel68/ECE3150/logs_rgoel68/logs0/Job6.log", "simulation monitor command line": "/tools/software/cadence/ic/23.10.120/tools.lnx86/dfII/bin/64bit/spectreMonitor --davinciService DaVinciService_1521812_1745251648 --axlsession fnxSession0 -lscs 000175E1894CBE06FF0966E38F1FFC06BC4D65B0C578C406D07B6FA78410926AD02470F28B50992BD92E69ED90048F74DD2F32AE9C019928D92E0EE50F737C6AD44B00001DC9 -beanhost ece-linlabsrv01.ece.gatech.edu -beanport 11727 -beanLogFile /nethome/rgoel68/ECE3150/logs_rgoel68/logs0/amps_Job6.log -beanbinlog  --domain 0 --interactive yes --netlistOpt no --useMultiPointEvaluation yes --exprEvalShowJobStderr yes --evalSimParallel no --maxSims 0 --historyName ExplorerRun.0 --historyUUID  --exprEvaluator vds --mcMapping mc1.mapping --checkLogStatusInterval 0 --checkSimulatorLogTimeout 1200 --exprEvalMaxTries 3 --maxNFSSyncWait 60 -adeBrokerAddress ece-linlabsrv01.ece.gatech.edu:34573 --fromADE true --virtuosoBinary virtuoso --guiDisplay ece-linlabsrv01.ece.gatech.edu:185 --globalStatus 60 --evaluateMultiMC yes --evalOnSimFail SkipFailedAnalyses --numRetriesOnError 1 --fenixMode explorer --lingertimeout 300 -ahdlLockTimeout 60 --sdbLib project3 --sdbCell D_Flip_flop --sdbView maestro --heartBeatFileDir /dev/shm --id 6 --uuid 19dec29c-d37f-4e04-82f6-f42258989ce1 --log /nethome/rgoel68/ECE3150/logs_rgoel68/logs0/Job6.log "}
[2025-04-21 13:29:16.496 -0400] [PROCESS] [cadence.virtuoso.ade.simulationMonitor] - Started the simulation monitor process {"hostname": "ece-linlabsrv01.ece.gatech.edu", "processid": 831231, "logfile": "/nethome/rgoel68/ECE3150/logs_rgoel68/logs0/Job6.log", "current directory": "/nethome/rgoel68/ECE3150"}
[2025-04-21 13:29:16.496 -0400] [PROCESS] [cadence.virtuoso.ade.simulationMonitor] - Simulation Monitor has successfully started up. Trying to set up communication channels to other components ... {"hostname": "ece-linlabsrv01.ece.gatech.edu", "processid": 831231, "logfile": "/nethome/rgoel68/ECE3150/logs_rgoel68/logs0/Job6.log"}
[2025-04-21 13:29:16.497 -0400] [PROCESS] [cadence.virtuoso.ade.simulationMonitor] - Communication channels have been successfully set up. Start processing events ... {"hostname": "ece-linlabsrv01.ece.gatech.edu", "processid": 831231, "logfile": "/nethome/rgoel68/ECE3150/logs_rgoel68/logs0/Job6.log"}
[2025-04-21 13:29:16.498 -0400] [PROCESS] [cadence.virtuoso.ade.simulationMonitor] - Considering to start history {"hostname": "ece-linlabsrv01.ece.gatech.edu", "processid": 831231, "history": "ExplorerRun.0", "logfile": "/nethome/rgoel68/ECE3150/logs_rgoel68/logs0/Job6.log"}
[2025-04-21 13:29:16.500 -0400] [PROCESS] [cadence.virtuoso.ade.simulationMonitor] - HostInfo:
Host name (type):	ece-linlabsrv01.ece.gatech.edu (x86_64)
Operating system:	Linux 4.18.0-553.44.1.el8_10.x86_64 #1 SMP Wed Mar 5 10:48:41 EST 2025 {"hostname": "ece-linlabsrv01.ece.gatech.edu", "processid": 831231, "history": "ExplorerRun.0", "logfile": "/nethome/rgoel68/ECE3150/logs_rgoel68/logs0/Job6.log", "nodename": "ece-linlabsrv01.ece.gatech.edu", "domainname": "(none)", "machine": "x86_64", "sysname": "Linux", "release": "4.18.0-553.44.1.el8_10.x86_64", "version": "#1 SMP Wed Mar 5 10:48:41 EST 2025"}
[2025-04-21 13:29:16.500 -0400] [PROCESS] [cadence.virtuoso.ade.simulationMonitor] - UsageInfo:
pid=831231
totalPhysicalMemory=186.850849GB,Used=132.107075GB,totalVirtualMemory=250.850845GB,Used=177.272587GB
Cpu: Cores=112, Load average:8.590000,11.010000,8.190000 {"hostname": "ece-linlabsrv01.ece.gatech.edu", "processid": 831231, "history": "ExplorerRun.0", "logfile": "/nethome/rgoel68/ECE3150/logs_rgoel68/logs0/Job6.log", "pid": "831231", "totalPhysicalMemory": "186.850849", "physicalMemoryUsed": "132.107075", "totalVirtualMemory": "250.850845", "virtualMemoryUsed": "177.272587", "cpuCores": "112", "processes": "18106", "loadAverage1": "8.590000", "loadAverage5": "11.010000", "loadAverage15": "8.190000", "loadAverage1Percent": "0.076696"}
[2025-04-21 13:29:16.503 -0400] [EVENT] [cadence.virtuoso.ade.simulationMonitor] - NewPoint {"history": "ExplorerRun.0", "point": 1, "testname": "project_3_D_Flip_flop_1", "cornername": "Nominal", "event": "NewPoint", "EventSource": "Simulation Monitor", "HistoryName": "ExplorerRun.0", "logFile": "/nethome/rgoel68/ECE3150/logs_rgoel68/logs0/Job6.log", "logFileSize": "4165", "category": "simulation"}
[2025-04-21 13:29:16.705 -0400] [EVENT] [cadence.virtuoso.ade.simulationMonitor] - NewPoint {"history": "ExplorerRun.0", "point": 1, "testname": "project_3_D_Flip_flop_1", "cornername": "Nominal", "event": "NewPoint", "EventSource": "spectre", "HistoryName": "ExplorerRun.0", "logFile": "/nethome/rgoel68/simulation/project3/D_Flip_flop/maestro/results/maestro/ExplorerRun.0/1/project_3_D_Flip_flop_1/psf/spectre.out", "logFileSize": "-1", "category": "simulation"}
[2025-04-21 13:29:16.910 -0400] [PROCESS] [cadence.virtuoso.ade.simulationMonitor] - Simulator launched {"hostname": "ece-linlabsrv01.ece.gatech.edu", "processid": 831231, "history": "ExplorerRun.0", "testname": "project_3_D_Flip_flop_1", "cornername": "Nominal", "point": 1, "logfile": "/nethome/rgoel68/ECE3150/logs_rgoel68/logs0/Job6.log", "simid": "1", "event": "launch", "category": "simulation"}
[2025-04-21 13:29:16.913 -0400] [PROCESS] [cadence.virtuoso.ade.simulationMonitor] - Expression evaluator launched {"hostname": "ece-linlabsrv01.ece.gatech.edu", "processid": 831231, "history": "ExplorerRun.0", "testname": "project_3_D_Flip_flop_1", "cornername": "Nominal", "point": 1, "logfile": "/nethome/rgoel68/ECE3150/logs_rgoel68/logs0/Job6.log"}
[2025-04-21 13:29:19.351 -0400] [INFO] [cadence.virtuoso.ade.simulationMonitor] - Notice from spectre during Digital Vector read-in.
    Process Vector Files.
    File read: /nethome/rgoel68/ECE3150/dff_char.vec {"history": "ExplorerRun.0", "point": 1, "testname": "project_3_D_Flip_flop_1", "cornername": "Nominal"}
[2025-04-21 13:29:19.352 -0400] [INFO] [cadence.virtuoso.ade.simulationMonitor] - Peak resident memory used = 175 Mbytes. {"history": "ExplorerRun.0", "point": 1, "testname": "project_3_D_Flip_flop_1", "cornername": "Nominal"}
[2025-04-21 13:29:19.352 -0400] [WARN] [cadence.virtuoso.ade.simulationMonitor] -     WARNING (SFE-102): "input.scs" 26: Parameter `ld', specified for model `PMOS_VTL' of primitive `bsim4', has been ignored because it is an invalid instance parameter. Specify a valid model parameter and rerun the simulation. Type `spectre -h bsim4' to get more information on valid model parameters. {"history": "ExplorerRun.0", "point": 1, "testname": "project_3_D_Flip_flop_1", "cornername": "Nominal"}
[2025-04-21 13:29:19.352 -0400] [WARN] [cadence.virtuoso.ade.simulationMonitor] -     WARNING (SFE-102): "input.scs" 28: Parameter `ld', specified for model `PMOS_VTL' of primitive `bsim4', has been ignored because it is an invalid instance parameter. Specify a valid model parameter and rerun the simulation. Type `spectre -h bsim4' to get more information on valid model parameters. {"history": "ExplorerRun.0", "point": 1, "testname": "project_3_D_Flip_flop_1", "cornername": "Nominal"}
[2025-04-21 13:29:19.352 -0400] [WARN] [cadence.virtuoso.ade.simulationMonitor] -     WARNING (SFE-102): "input.scs" 30: Parameter `ld', specified for model `NMOS_VTL' of primitive `bsim4', has been ignored because it is an invalid instance parameter. Specify a valid model parameter and rerun the simulation. Type `spectre -h bsim4' to get more information on valid model parameters. {"history": "ExplorerRun.0", "point": 1, "testname": "project_3_D_Flip_flop_1", "cornername": "Nominal"}
[2025-04-21 13:29:19.352 -0400] [WARN] [cadence.virtuoso.ade.simulationMonitor] -     WARNING (SFE-102): "input.scs" 32: Parameter `ld', specified for model `NMOS_VTL' of primitive `bsim4', has been ignored because it is an invalid instance parameter. Specify a valid model parameter and rerun the simulation. Type `spectre -h bsim4' to get more information on valid model parameters. {"history": "ExplorerRun.0", "point": 1, "testname": "project_3_D_Flip_flop_1", "cornername": "Nominal"}
[2025-04-21 13:29:19.352 -0400] [WARN] [cadence.virtuoso.ade.simulationMonitor] -     WARNING (SFE-102): "input.scs" 26: Parameter `ld', specified for model `PMOS_VTL' of primitive `bsim4', has been ignored because it is an invalid instance parameter. Specify a valid model parameter and rerun the simulation. Type `spectre -h bsim4' to get more information on valid model parameters.
        Further occurrences of this warning will be suppressed. {"history": "ExplorerRun.0", "point": 1, "testname": "project_3_D_Flip_flop_1", "cornername": "Nominal"}
[2025-04-21 13:29:19.352 -0400] [INFO] [cadence.virtuoso.ade.simulationMonitor] - Peak resident memory used = 184 Mbytes. {"history": "ExplorerRun.0", "point": 1, "testname": "project_3_D_Flip_flop_1", "cornername": "Nominal"}
[2025-04-21 13:29:19.352 -0400] [INFO] [cadence.virtuoso.ade.simulationMonitor] - Peak resident memory used = 185 Mbytes. {"history": "ExplorerRun.0", "point": 1, "testname": "project_3_D_Flip_flop_1", "cornername": "Nominal"}
[2025-04-21 13:29:19.353 -0400] [INFO] [cadence.virtuoso.ade.simulationMonitor] - Notice from spectre during initial setup.
    Multithreading is disabled due to the size of the design being too small. {"history": "ExplorerRun.0", "point": 1, "testname": "project_3_D_Flip_flop_1", "cornername": "Nominal"}
[2025-04-21 13:29:19.356 -0400] [INFO] [cadence.virtuoso.ade.simulationMonitor] -               nodes 23 {"history": "ExplorerRun.0", "point": 1, "testname": "project_3_D_Flip_flop_1", "cornername": "Nominal"}
[2025-04-21 13:29:19.356 -0400] [INFO] [cadence.virtuoso.ade.simulationMonitor] - Notice from spectre during initial setup.
    Protected devices exist and are not included in the circuit inventory.
    APS enabled.
    35 warnings suppressed. {"history": "ExplorerRun.0", "point": 1, "testname": "project_3_D_Flip_flop_1", "cornername": "Nominal"}
[2025-04-21 13:29:19.356 -0400] [INFO] [cadence.virtuoso.ade.simulationMonitor] - Peak resident memory used = 188 Mbytes. {"history": "ExplorerRun.0", "point": 1, "testname": "project_3_D_Flip_flop_1", "cornername": "Nominal"}
[2025-04-21 13:29:19.357 -0400] [INFO] [cadence.virtuoso.ade.simulationMonitor] -    -   (APS) Multi-threading. The recommended number of threads is 1, consider adding +mt=1 on command line. {"history": "ExplorerRun.0", "point": 1, "testname": "project_3_D_Flip_flop_1", "cornername": "Nominal"}
[2025-04-21 13:29:19.357 -0400] [INFO] [cadence.virtuoso.ade.simulationMonitor] - Notice from spectre during IC analysis, during transient analysis `tran'.
    GminDC = 1 pS is large enough to noticeably affect the DC solution.
        dV(I4.net9) = 90.4493 uV
        Use the `gmin_check' option to eliminate or expand this report. {"history": "ExplorerRun.0", "point": 1, "testname": "project_3_D_Flip_flop_1", "cornername": "Nominal"}
[2025-04-21 13:29:19.357 -0400] [INFO] [cadence.virtuoso.ade.simulationMonitor] - Notice from spectre during transient analysis `tran'.
    Multithreading is disabled due to the size of the design being too small. {"history": "ExplorerRun.0", "point": 1, "testname": "project_3_D_Flip_flop_1", "cornername": "Nominal"}
[2025-04-21 13:29:19.357 -0400] [INFO] [cadence.virtuoso.ade.simulationMonitor] - Notice from spectre at time = 10 ns during transient analysis `tran'.
    Found trapezoidal ringing on node _vvdd!:p. {"history": "ExplorerRun.0", "point": 1, "testname": "project_3_D_Flip_flop_1", "cornername": "Nominal"}
[2025-04-21 13:29:19.357 -0400] [INFO] [cadence.virtuoso.ade.simulationMonitor] - Notice from spectre at time = 17.9414 ns during transient analysis `tran'.
    Found trapezoidal ringing on node I2.M3:int_b. {"history": "ExplorerRun.0", "point": 1, "testname": "project_3_D_Flip_flop_1", "cornername": "Nominal"}
[2025-04-21 13:29:19.357 -0400] [INFO] [cadence.virtuoso.ade.simulationMonitor] - Notice from spectre at time = 25 ns during transient analysis `tran'.
    Found trapezoidal ringing on node _vvdd!:p. {"history": "ExplorerRun.0", "point": 1, "testname": "project_3_D_Flip_flop_1", "cornername": "Nominal"}
[2025-04-21 13:29:19.357 -0400] [INFO] [cadence.virtuoso.ade.simulationMonitor] - Notice from spectre at time = 30 ns during transient analysis `tran'.
    Found trapezoidal ringing on node _vvdd!:p. {"history": "ExplorerRun.0", "point": 1, "testname": "project_3_D_Flip_flop_1", "cornername": "Nominal"}
[2025-04-21 13:29:19.357 -0400] [INFO] [cadence.virtuoso.ade.simulationMonitor] - Notice from spectre at time = 36.3129 ns during transient analysis `tran'.
    Found trapezoidal ringing on node _vvdd!:p.
        Further occurrences of this notice will be suppressed. {"history": "ExplorerRun.0", "point": 1, "testname": "project_3_D_Flip_flop_1", "cornername": "Nominal"}
[2025-04-21 13:29:19.358 -0400] [INFO] [cadence.virtuoso.ade.simulationMonitor] - Notice from spectre during transient analysis `tran'.
    Trapezoidal ringing is detected during tran analysis.
        Please use method=trap for better results and performance. {"history": "ExplorerRun.0", "point": 1, "testname": "project_3_D_Flip_flop_1", "cornername": "Nominal"}
[2025-04-21 13:29:19.358 -0400] [INFO] [cadence.virtuoso.ade.simulationMonitor] - Intrinsic tran analysis time:    CPU = 140.694 ms, elapsed = 1.11916 s. {"history": "ExplorerRun.0", "point": 1, "testname": "project_3_D_Flip_flop_1", "cornername": "Nominal"}
[2025-04-21 13:29:19.358 -0400] [INFO] [cadence.virtuoso.ade.simulationMonitor] - Total time required for tran analysis `tran': CPU = 146.64 ms, elapsed = 1.12654 s, util. = 13%. {"history": "ExplorerRun.0", "point": 1, "testname": "project_3_D_Flip_flop_1", "cornername": "Nominal"}
[2025-04-21 13:29:19.359 -0400] [INFO] [cadence.virtuoso.ade.simulationMonitor] - Peak resident memory used = 196 Mbytes. {"history": "ExplorerRun.0", "point": 1, "testname": "project_3_D_Flip_flop_1", "cornername": "Nominal"}
[2025-04-21 13:29:19.359 -0400] [INFO] [cadence.virtuoso.ade.simulationMonitor] - Notice from spectre.
    5 notices suppressed. {"history": "ExplorerRun.0", "point": 1, "testname": "project_3_D_Flip_flop_1", "cornername": "Nominal"}
[2025-04-21 13:29:19.361 -0400] [INFO] [cadence.virtuoso.ade.simulationMonitor] - Time used: CPU = 529 ms, elapsed = 1.78 s, util. = 29.7%. {"history": "ExplorerRun.0", "point": 1, "testname": "project_3_D_Flip_flop_1", "cornername": "Nominal"}
[2025-04-21 13:29:19.361 -0400] [INFO] [cadence.virtuoso.ade.simulationMonitor] - Time spent in licensing: elapsed = 51 ms. {"history": "ExplorerRun.0", "point": 1, "testname": "project_3_D_Flip_flop_1", "cornername": "Nominal"}
[2025-04-21 13:29:19.361 -0400] [INFO] [cadence.virtuoso.ade.simulationMonitor] - Peak memory used = 196 Mbytes. {"history": "ExplorerRun.0", "point": 1, "testname": "project_3_D_Flip_flop_1", "cornername": "Nominal"}
[2025-04-21 13:29:19.363 -0400] [PROCESS] [cadence.virtuoso.ade.simulationMonitor] - Simulation started at: 1:29:17 PM, Mon Apr 21, 2025, ended at: 1:29:19 PM, Mon Apr 21, 2025, with elapsed time (wall clock): 1.78 s. {"history": "ExplorerRun.0", "point": 1, "testname": "project_3_D_Flip_flop_1", "cornername": "Nominal"}
[2025-04-21 13:29:19.363 -0400] [PROCESS] [cadence.virtuoso.ade.simulationMonitor] - spectre completes with 0 errors, 5 warnings, and 16 notices. {"history": "ExplorerRun.0", "point": 1, "testname": "project_3_D_Flip_flop_1", "cornername": "Nominal"}
[2025-04-21 13:29:19.363 -0400] [PROCESS] [cadence.virtuoso.ade.simulationMonitor] - Finished simulating for one point {"hostname": "ece-linlabsrv01.ece.gatech.edu", "processid": 831231, "history": "ExplorerRun.0", "testname": "project_3_D_Flip_flop_1", "cornername": "Nominal", "point": 1, "logfile": "/nethome/rgoel68/ECE3150/logs_rgoel68/logs0/Job6.log", "simid": "1", "event": "finish", "category": "simulation"}
[2025-04-21 13:29:19.363 -0400] [PROCESS] [cadence.virtuoso.ade.simulationMonitor] - Simulator exited {"hostname": "ece-linlabsrv01.ece.gatech.edu", "processid": 831231, "history": "ExplorerRun.0", "testname": "project_3_D_Flip_flop_1", "cornername": "Nominal", "point": 1, "logfile": "/nethome/rgoel68/ECE3150/logs_rgoel68/logs0/Job6.log", "exitStatus": "0"}
[2025-04-21 13:29:19.364 -0400] [PROCESS] [cadence.virtuoso.ade.simulationMonitor] - Finished Simulation {"hostname": "ece-linlabsrv01.ece.gatech.edu", "processid": 831231, "history": "ExplorerRun.0", "testname": "project_3_D_Flip_flop_1", "cornername": "Nominal", "point": 1, "logfile": "/nethome/rgoel68/ECE3150/logs_rgoel68/logs0/Job6.log", "simid": "1", "event": "finish", "category": "obsolete"}
[2025-04-21 13:29:22.367 -0400] [PROCESS] [cadence.virtuoso.ade.simulationMonitor] - Point Finished {"hostname": "ece-linlabsrv01.ece.gatech.edu", "processid": 831231, "history": "ExplorerRun.0", "testname": "project_3_D_Flip_flop_1", "cornername": "Nominal", "point": 1, "logfile": "/nethome/rgoel68/ECE3150/logs_rgoel68/logs0/Job6.log", "event": "finish", "category": "sim-eval"}
[2025-04-21 13:29:23.369 -0400] [PROCESS] [cadence.virtuoso.ade.simulationMonitor] - Stay with the runId '15', Linger time '300', currentRunSyn '31', currentTestSyn '32' {"hostname": "ece-linlabsrv01.ece.gatech.edu", "processid": 831231, "history": "ExplorerRun.0", "testname": "project_3_D_Flip_flop_1", "cornername": "Nominal", "point": 1, "logfile": "/nethome/rgoel68/ECE3150/logs_rgoel68/logs0/Job6.log"}
[2025-04-21 13:30:36.770 -0400] [INFO] [cadence.virtuoso.ade.simulationMonitor] - SimulationMonitor has terminated the vds process '832582', reason: 'Force to stop the expression evalutor process because of new run' {"history": "ExplorerRun.0", "point": 1, "testname": "project_3_D_Flip_flop_1", "cornername": "Nominal"}
[2025-04-21 13:30:36.775 -0400] [PROCESS] [cadence.virtuoso.ade.simulationMonitor] - HostInfo:
Host name (type):	ece-linlabsrv01.ece.gatech.edu (x86_64)
Operating system:	Linux 4.18.0-553.44.1.el8_10.x86_64 #1 SMP Wed Mar 5 10:48:41 EST 2025 {"hostname": "ece-linlabsrv01.ece.gatech.edu", "processid": 831231, "history": "ExplorerRun.0", "testname": "project_3_D_Flip_flop_1", "cornername": "Nominal", "point": 1, "logfile": "/nethome/rgoel68/ECE3150/logs_rgoel68/logs0/Job6.log", "nodename": "ece-linlabsrv01.ece.gatech.edu", "domainname": "(none)", "machine": "x86_64", "sysname": "Linux", "release": "4.18.0-553.44.1.el8_10.x86_64", "version": "#1 SMP Wed Mar 5 10:48:41 EST 2025"}
[2025-04-21 13:30:36.775 -0400] [PROCESS] [cadence.virtuoso.ade.simulationMonitor] - UsageInfo:
pid=831231
totalPhysicalMemory=186.850849GB,Used=133.055561GB,totalVirtualMemory=250.850845GB,Used=178.221073GB
Cpu: Cores=112, Load average:6.380000,10.300000,8.210000 {"hostname": "ece-linlabsrv01.ece.gatech.edu", "processid": 831231, "history": "ExplorerRun.0", "testname": "project_3_D_Flip_flop_1", "cornername": "Nominal", "point": 1, "logfile": "/nethome/rgoel68/ECE3150/logs_rgoel68/logs0/Job6.log", "pid": "831231", "totalPhysicalMemory": "186.850849", "physicalMemoryUsed": "133.055561", "totalVirtualMemory": "250.850845", "virtualMemoryUsed": "178.221073", "cpuCores": "112", "processes": "18225", "loadAverage1": "6.380000", "loadAverage5": "10.300000", "loadAverage15": "8.210000", "loadAverage1Percent": "0.056964"}
[2025-04-21 13:30:36.779 -0400] [EVENT] [cadence.virtuoso.ade.simulationMonitor] - NewPoint {"history": "ExplorerRun.0", "point": 1, "testname": "project_3_D_Flip_flop_1", "cornername": "Nominal", "event": "NewPoint", "EventSource": "Simulation Monitor", "HistoryName": "ExplorerRun.0", "logFile": "/nethome/rgoel68/ECE3150/logs_rgoel68/logs0/Job6.log", "logFileSize": "19487", "category": "simulation"}
[2025-04-21 13:30:36.981 -0400] [EVENT] [cadence.virtuoso.ade.simulationMonitor] - NewPoint {"history": "ExplorerRun.0", "point": 1, "testname": "project_3_D_Flip_flop_1", "cornername": "Nominal", "event": "NewPoint", "EventSource": "spectre", "HistoryName": "ExplorerRun.0", "logFile": "/nethome/rgoel68/simulation/project3/D_Flip_flop/maestro/results/maestro/ExplorerRun.0/1/project_3_D_Flip_flop_1/psf/spectre.out", "logFileSize": "-1", "category": "simulation"}
[2025-04-21 13:30:37.279 -0400] [PROCESS] [cadence.virtuoso.ade.simulationMonitor] - Simulator launched {"hostname": "ece-linlabsrv01.ece.gatech.edu", "processid": 831231, "history": "ExplorerRun.0", "testname": "project_3_D_Flip_flop_1", "cornername": "Nominal", "point": 1, "logfile": "/nethome/rgoel68/ECE3150/logs_rgoel68/logs0/Job6.log", "simid": "2", "event": "launch", "category": "simulation"}
[2025-04-21 13:30:37.283 -0400] [PROCESS] [cadence.virtuoso.ade.simulationMonitor] - Expression evaluator launched {"hostname": "ece-linlabsrv01.ece.gatech.edu", "processid": 831231, "history": "ExplorerRun.0", "testname": "project_3_D_Flip_flop_1", "cornername": "Nominal", "point": 1, "logfile": "/nethome/rgoel68/ECE3150/logs_rgoel68/logs0/Job6.log"}
[2025-04-21 13:30:39.723 -0400] [INFO] [cadence.virtuoso.ade.simulationMonitor] - Notice from spectre during Digital Vector read-in.
    Process Vector Files.
    File read: /nethome/rgoel68/ECE3150/dff_char.vec {"history": "ExplorerRun.0", "point": 1, "testname": "project_3_D_Flip_flop_1", "cornername": "Nominal"}
[2025-04-21 13:30:39.723 -0400] [INFO] [cadence.virtuoso.ade.simulationMonitor] - Peak resident memory used = 176 Mbytes. {"history": "ExplorerRun.0", "point": 1, "testname": "project_3_D_Flip_flop_1", "cornername": "Nominal"}
[2025-04-21 13:30:39.723 -0400] [WARN] [cadence.virtuoso.ade.simulationMonitor] -     WARNING (SFE-102): "input.scs" 26: Parameter `ld', specified for model `PMOS_VTL' of primitive `bsim4', has been ignored because it is an invalid instance parameter. Specify a valid model parameter and rerun the simulation. Type `spectre -h bsim4' to get more information on valid model parameters. {"history": "ExplorerRun.0", "point": 1, "testname": "project_3_D_Flip_flop_1", "cornername": "Nominal"}
[2025-04-21 13:30:39.723 -0400] [WARN] [cadence.virtuoso.ade.simulationMonitor] -     WARNING (SFE-102): "input.scs" 28: Parameter `ld', specified for model `PMOS_VTL' of primitive `bsim4', has been ignored because it is an invalid instance parameter. Specify a valid model parameter and rerun the simulation. Type `spectre -h bsim4' to get more information on valid model parameters. {"history": "ExplorerRun.0", "point": 1, "testname": "project_3_D_Flip_flop_1", "cornername": "Nominal"}
[2025-04-21 13:30:39.723 -0400] [WARN] [cadence.virtuoso.ade.simulationMonitor] -     WARNING (SFE-102): "input.scs" 30: Parameter `ld', specified for model `NMOS_VTL' of primitive `bsim4', has been ignored because it is an invalid instance parameter. Specify a valid model parameter and rerun the simulation. Type `spectre -h bsim4' to get more information on valid model parameters. {"history": "ExplorerRun.0", "point": 1, "testname": "project_3_D_Flip_flop_1", "cornername": "Nominal"}
[2025-04-21 13:30:39.723 -0400] [WARN] [cadence.virtuoso.ade.simulationMonitor] -     WARNING (SFE-102): "input.scs" 32: Parameter `ld', specified for model `NMOS_VTL' of primitive `bsim4', has been ignored because it is an invalid instance parameter. Specify a valid model parameter and rerun the simulation. Type `spectre -h bsim4' to get more information on valid model parameters. {"history": "ExplorerRun.0", "point": 1, "testname": "project_3_D_Flip_flop_1", "cornername": "Nominal"}
[2025-04-21 13:30:39.723 -0400] [WARN] [cadence.virtuoso.ade.simulationMonitor] -     WARNING (SFE-102): "input.scs" 26: Parameter `ld', specified for model `PMOS_VTL' of primitive `bsim4', has been ignored because it is an invalid instance parameter. Specify a valid model parameter and rerun the simulation. Type `spectre -h bsim4' to get more information on valid model parameters.
        Further occurrences of this warning will be suppressed. {"history": "ExplorerRun.0", "point": 1, "testname": "project_3_D_Flip_flop_1", "cornername": "Nominal"}
[2025-04-21 13:30:39.723 -0400] [INFO] [cadence.virtuoso.ade.simulationMonitor] - Peak resident memory used = 184 Mbytes. {"history": "ExplorerRun.0", "point": 1, "testname": "project_3_D_Flip_flop_1", "cornername": "Nominal"}
[2025-04-21 13:30:39.723 -0400] [INFO] [cadence.virtuoso.ade.simulationMonitor] - Peak resident memory used = 185 Mbytes. {"history": "ExplorerRun.0", "point": 1, "testname": "project_3_D_Flip_flop_1", "cornername": "Nominal"}
[2025-04-21 13:30:39.723 -0400] [INFO] [cadence.virtuoso.ade.simulationMonitor] - Notice from spectre during initial setup.
    Multithreading is disabled due to the size of the design being too small. {"history": "ExplorerRun.0", "point": 1, "testname": "project_3_D_Flip_flop_1", "cornername": "Nominal"}
[2025-04-21 13:30:39.726 -0400] [INFO] [cadence.virtuoso.ade.simulationMonitor] -               nodes 23 {"history": "ExplorerRun.0", "point": 1, "testname": "project_3_D_Flip_flop_1", "cornername": "Nominal"}
[2025-04-21 13:30:39.726 -0400] [INFO] [cadence.virtuoso.ade.simulationMonitor] - Notice from spectre during initial setup.
    Protected devices exist and are not included in the circuit inventory.
    APS enabled.
    35 warnings suppressed. {"history": "ExplorerRun.0", "point": 1, "testname": "project_3_D_Flip_flop_1", "cornername": "Nominal"}
[2025-04-21 13:30:39.726 -0400] [INFO] [cadence.virtuoso.ade.simulationMonitor] - Peak resident memory used = 189 Mbytes. {"history": "ExplorerRun.0", "point": 1, "testname": "project_3_D_Flip_flop_1", "cornername": "Nominal"}
[2025-04-21 13:30:39.727 -0400] [INFO] [cadence.virtuoso.ade.simulationMonitor] -    -   (APS) Multi-threading. The recommended number of threads is 1, consider adding +mt=1 on command line. {"history": "ExplorerRun.0", "point": 1, "testname": "project_3_D_Flip_flop_1", "cornername": "Nominal"}
[2025-04-21 13:30:39.727 -0400] [INFO] [cadence.virtuoso.ade.simulationMonitor] - Notice from spectre during IC analysis, during transient analysis `tran'.
    GminDC = 1 pS is large enough to noticeably affect the DC solution.
        dV(I4.net9) = 90.4493 uV
        Use the `gmin_check' option to eliminate or expand this report. {"history": "ExplorerRun.0", "point": 1, "testname": "project_3_D_Flip_flop_1", "cornername": "Nominal"}
[2025-04-21 13:30:39.727 -0400] [INFO] [cadence.virtuoso.ade.simulationMonitor] - Notice from spectre during transient analysis `tran'.
    Multithreading is disabled due to the size of the design being too small. {"history": "ExplorerRun.0", "point": 1, "testname": "project_3_D_Flip_flop_1", "cornername": "Nominal"}
[2025-04-21 13:30:39.727 -0400] [INFO] [cadence.virtuoso.ade.simulationMonitor] - Notice from spectre at time = 10 ns during transient analysis `tran'.
    Found trapezoidal ringing on node _vvdd!:p. {"history": "ExplorerRun.0", "point": 1, "testname": "project_3_D_Flip_flop_1", "cornername": "Nominal"}
[2025-04-21 13:30:39.727 -0400] [INFO] [cadence.virtuoso.ade.simulationMonitor] - Notice from spectre at time = 25 ns during transient analysis `tran'.
    Found trapezoidal ringing on node _vvdd!:p. {"history": "ExplorerRun.0", "point": 1, "testname": "project_3_D_Flip_flop_1", "cornername": "Nominal"}
[2025-04-21 13:30:39.727 -0400] [INFO] [cadence.virtuoso.ade.simulationMonitor] - Notice from spectre at time = 30 ns during transient analysis `tran'.
    Found trapezoidal ringing on node _vvdd!:p. {"history": "ExplorerRun.0", "point": 1, "testname": "project_3_D_Flip_flop_1", "cornername": "Nominal"}
[2025-04-21 13:30:39.727 -0400] [INFO] [cadence.virtuoso.ade.simulationMonitor] - Notice from spectre at time = 36.3129 ns during transient analysis `tran'.
    Found trapezoidal ringing on node _vvdd!:p. {"history": "ExplorerRun.0", "point": 1, "testname": "project_3_D_Flip_flop_1", "cornername": "Nominal"}
[2025-04-21 13:30:39.727 -0400] [INFO] [cadence.virtuoso.ade.simulationMonitor] - Notice from spectre at time = 37.1129 ns during transient analysis `tran'.
    Found trapezoidal ringing on node _vvdd!:p.
        Further occurrences of this notice will be suppressed. {"history": "ExplorerRun.0", "point": 1, "testname": "project_3_D_Flip_flop_1", "cornername": "Nominal"}
[2025-04-21 13:30:39.727 -0400] [INFO] [cadence.virtuoso.ade.simulationMonitor] - Notice from spectre during transient analysis `tran'.
    Trapezoidal ringing is detected during tran analysis.
        Please use method=trap for better results and performance. {"history": "ExplorerRun.0", "point": 1, "testname": "project_3_D_Flip_flop_1", "cornername": "Nominal"}
[2025-04-21 13:30:39.728 -0400] [INFO] [cadence.virtuoso.ade.simulationMonitor] - Intrinsic tran analysis time:    CPU = 143.395 ms, elapsed = 151.643 ms. {"history": "ExplorerRun.0", "point": 1, "testname": "project_3_D_Flip_flop_1", "cornername": "Nominal"}
[2025-04-21 13:30:39.728 -0400] [INFO] [cadence.virtuoso.ade.simulationMonitor] - Total time required for tran analysis `tran': CPU = 149.252 ms, elapsed = 158.927 ms, util. = 93.9%. {"history": "ExplorerRun.0", "point": 1, "testname": "project_3_D_Flip_flop_1", "cornername": "Nominal"}
[2025-04-21 13:30:39.728 -0400] [INFO] [cadence.virtuoso.ade.simulationMonitor] - Peak resident memory used = 196 Mbytes. {"history": "ExplorerRun.0", "point": 1, "testname": "project_3_D_Flip_flop_1", "cornername": "Nominal"}
[2025-04-21 13:30:39.728 -0400] [INFO] [cadence.virtuoso.ade.simulationMonitor] - Notice from spectre.
    4 notices suppressed. {"history": "ExplorerRun.0", "point": 1, "testname": "project_3_D_Flip_flop_1", "cornername": "Nominal"}
[2025-04-21 13:30:39.729 -0400] [INFO] [cadence.virtuoso.ade.simulationMonitor] - Time used: CPU = 561 ms, elapsed = 736 ms, util. = 76.2%. {"history": "ExplorerRun.0", "point": 1, "testname": "project_3_D_Flip_flop_1", "cornername": "Nominal"}
[2025-04-21 13:30:39.729 -0400] [INFO] [cadence.virtuoso.ade.simulationMonitor] - Time spent in licensing: elapsed = 96.6 ms, percentage of total = 13.1%. {"history": "ExplorerRun.0", "point": 1, "testname": "project_3_D_Flip_flop_1", "cornername": "Nominal"}
[2025-04-21 13:30:39.730 -0400] [INFO] [cadence.virtuoso.ade.simulationMonitor] - Peak memory used = 197 Mbytes. {"history": "ExplorerRun.0", "point": 1, "testname": "project_3_D_Flip_flop_1", "cornername": "Nominal"}
[2025-04-21 13:30:39.731 -0400] [PROCESS] [cadence.virtuoso.ade.simulationMonitor] - Simulation started at: 1:30:37 PM, Mon Apr 21, 2025, ended at: 1:30:38 PM, Mon Apr 21, 2025, with elapsed time (wall clock): 736 ms. {"history": "ExplorerRun.0", "point": 1, "testname": "project_3_D_Flip_flop_1", "cornername": "Nominal"}
[2025-04-21 13:30:39.731 -0400] [PROCESS] [cadence.virtuoso.ade.simulationMonitor] - spectre completes with 0 errors, 5 warnings, and 16 notices. {"history": "ExplorerRun.0", "point": 1, "testname": "project_3_D_Flip_flop_1", "cornername": "Nominal"}
[2025-04-21 13:30:39.731 -0400] [PROCESS] [cadence.virtuoso.ade.simulationMonitor] - Finished simulating for one point {"hostname": "ece-linlabsrv01.ece.gatech.edu", "processid": 831231, "history": "ExplorerRun.0", "testname": "project_3_D_Flip_flop_1", "cornername": "Nominal", "point": 1, "logfile": "/nethome/rgoel68/ECE3150/logs_rgoel68/logs0/Job6.log", "simid": "2", "event": "finish", "category": "simulation"}
[2025-04-21 13:30:39.731 -0400] [PROCESS] [cadence.virtuoso.ade.simulationMonitor] - Simulator exited {"hostname": "ece-linlabsrv01.ece.gatech.edu", "processid": 831231, "history": "ExplorerRun.0", "testname": "project_3_D_Flip_flop_1", "cornername": "Nominal", "point": 1, "logfile": "/nethome/rgoel68/ECE3150/logs_rgoel68/logs0/Job6.log", "exitStatus": "0"}
[2025-04-21 13:30:39.732 -0400] [PROCESS] [cadence.virtuoso.ade.simulationMonitor] - Finished Simulation {"hostname": "ece-linlabsrv01.ece.gatech.edu", "processid": 831231, "history": "ExplorerRun.0", "testname": "project_3_D_Flip_flop_1", "cornername": "Nominal", "point": 1, "logfile": "/nethome/rgoel68/ECE3150/logs_rgoel68/logs0/Job6.log", "simid": "2", "event": "finish", "category": "obsolete"}
[2025-04-21 13:30:43.234 -0400] [PROCESS] [cadence.virtuoso.ade.simulationMonitor] - Point Finished {"hostname": "ece-linlabsrv01.ece.gatech.edu", "processid": 831231, "history": "ExplorerRun.0", "testname": "project_3_D_Flip_flop_1", "cornername": "Nominal", "point": 1, "logfile": "/nethome/rgoel68/ECE3150/logs_rgoel68/logs0/Job6.log", "event": "finish", "category": "sim-eval"}
[2025-04-21 13:30:44.236 -0400] [PROCESS] [cadence.virtuoso.ade.simulationMonitor] - Stay with the runId '16', Linger time '300', currentRunSyn '33', currentTestSyn '34' {"hostname": "ece-linlabsrv01.ece.gatech.edu", "processid": 831231, "history": "ExplorerRun.0", "testname": "project_3_D_Flip_flop_1", "cornername": "Nominal", "point": 1, "logfile": "/nethome/rgoel68/ECE3150/logs_rgoel68/logs0/Job6.log"}
[2025-04-21 13:32:00.975 -0400] [INFO] [cadence.virtuoso.ade.simulationMonitor] - SimulationMonitor has terminated the vds process '901095', reason: 'Force to stop the expression evalutor process because of new run' {"history": "ExplorerRun.0", "point": 1, "testname": "project_3_D_Flip_flop_1", "cornername": "Nominal"}
[2025-04-21 13:32:00.976 -0400] [PROCESS] [cadence.virtuoso.ade.simulationMonitor] - HostInfo:
Host name (type):	ece-linlabsrv01.ece.gatech.edu (x86_64)
Operating system:	Linux 4.18.0-553.44.1.el8_10.x86_64 #1 SMP Wed Mar 5 10:48:41 EST 2025 {"hostname": "ece-linlabsrv01.ece.gatech.edu", "processid": 831231, "history": "ExplorerRun.0", "testname": "project_3_D_Flip_flop_1", "cornername": "Nominal", "point": 1, "logfile": "/nethome/rgoel68/ECE3150/logs_rgoel68/logs0/Job6.log", "nodename": "ece-linlabsrv01.ece.gatech.edu", "domainname": "(none)", "machine": "x86_64", "sysname": "Linux", "release": "4.18.0-553.44.1.el8_10.x86_64", "version": "#1 SMP Wed Mar 5 10:48:41 EST 2025"}
[2025-04-21 13:32:00.976 -0400] [PROCESS] [cadence.virtuoso.ade.simulationMonitor] - UsageInfo:
pid=831231
totalPhysicalMemory=186.850849GB,Used=133.249969GB,totalVirtualMemory=250.850845GB,Used=178.415482GB
Cpu: Cores=112, Load average:5.770000,9.810000,8.270000 {"hostname": "ece-linlabsrv01.ece.gatech.edu", "processid": 831231, "history": "ExplorerRun.0", "testname": "project_3_D_Flip_flop_1", "cornername": "Nominal", "point": 1, "logfile": "/nethome/rgoel68/ECE3150/logs_rgoel68/logs0/Job6.log", "pid": "831231", "totalPhysicalMemory": "186.850849", "physicalMemoryUsed": "133.249969", "totalVirtualMemory": "250.850845", "virtualMemoryUsed": "178.415482", "cpuCores": "112", "processes": "18224", "loadAverage1": "5.770000", "loadAverage5": "9.810000", "loadAverage15": "8.270000", "loadAverage1Percent": "0.051518"}
[2025-04-21 13:32:01.004 -0400] [EVENT] [cadence.virtuoso.ade.simulationMonitor] - NewPoint {"history": "ExplorerRun.0", "point": 1, "testname": "project_3_D_Flip_flop_1", "cornername": "Nominal", "event": "NewPoint", "EventSource": "Simulation Monitor", "HistoryName": "ExplorerRun.0", "logFile": "/nethome/rgoel68/ECE3150/logs_rgoel68/logs0/Job6.log", "logFileSize": "34841", "category": "simulation"}
[2025-04-21 13:32:01.205 -0400] [EVENT] [cadence.virtuoso.ade.simulationMonitor] - NewPoint {"history": "ExplorerRun.0", "point": 1, "testname": "project_3_D_Flip_flop_1", "cornername": "Nominal", "event": "NewPoint", "EventSource": "spectre", "HistoryName": "ExplorerRun.0", "logFile": "/nethome/rgoel68/simulation/project3/D_Flip_flop/maestro/results/maestro/ExplorerRun.0/1/project_3_D_Flip_flop_1/psf/spectre.out", "logFileSize": "-1", "category": "simulation"}
[2025-04-21 13:32:01.444 -0400] [PROCESS] [cadence.virtuoso.ade.simulationMonitor] - Simulator launched {"hostname": "ece-linlabsrv01.ece.gatech.edu", "processid": 831231, "history": "ExplorerRun.0", "testname": "project_3_D_Flip_flop_1", "cornername": "Nominal", "point": 1, "logfile": "/nethome/rgoel68/ECE3150/logs_rgoel68/logs0/Job6.log", "simid": "3", "event": "launch", "category": "simulation"}
[2025-04-21 13:32:01.450 -0400] [PROCESS] [cadence.virtuoso.ade.simulationMonitor] - Expression evaluator launched {"hostname": "ece-linlabsrv01.ece.gatech.edu", "processid": 831231, "history": "ExplorerRun.0", "testname": "project_3_D_Flip_flop_1", "cornername": "Nominal", "point": 1, "logfile": "/nethome/rgoel68/ECE3150/logs_rgoel68/logs0/Job6.log"}
[2025-04-21 13:32:03.908 -0400] [INFO] [cadence.virtuoso.ade.simulationMonitor] - Notice from spectre during Digital Vector read-in.
    Process Vector Files.
    File read: /nethome/rgoel68/ECE3150/dff_char.vec {"history": "ExplorerRun.0", "point": 1, "testname": "project_3_D_Flip_flop_1", "cornername": "Nominal"}
[2025-04-21 13:32:03.908 -0400] [INFO] [cadence.virtuoso.ade.simulationMonitor] - Peak resident memory used = 176 Mbytes. {"history": "ExplorerRun.0", "point": 1, "testname": "project_3_D_Flip_flop_1", "cornername": "Nominal"}
[2025-04-21 13:32:03.908 -0400] [WARN] [cadence.virtuoso.ade.simulationMonitor] -     WARNING (SFE-102): "input.scs" 26: Parameter `ld', specified for model `PMOS_VTL' of primitive `bsim4', has been ignored because it is an invalid instance parameter. Specify a valid model parameter and rerun the simulation. Type `spectre -h bsim4' to get more information on valid model parameters. {"history": "ExplorerRun.0", "point": 1, "testname": "project_3_D_Flip_flop_1", "cornername": "Nominal"}
[2025-04-21 13:32:03.908 -0400] [WARN] [cadence.virtuoso.ade.simulationMonitor] -     WARNING (SFE-102): "input.scs" 28: Parameter `ld', specified for model `PMOS_VTL' of primitive `bsim4', has been ignored because it is an invalid instance parameter. Specify a valid model parameter and rerun the simulation. Type `spectre -h bsim4' to get more information on valid model parameters. {"history": "ExplorerRun.0", "point": 1, "testname": "project_3_D_Flip_flop_1", "cornername": "Nominal"}
[2025-04-21 13:32:03.908 -0400] [WARN] [cadence.virtuoso.ade.simulationMonitor] -     WARNING (SFE-102): "input.scs" 30: Parameter `ld', specified for model `NMOS_VTL' of primitive `bsim4', has been ignored because it is an invalid instance parameter. Specify a valid model parameter and rerun the simulation. Type `spectre -h bsim4' to get more information on valid model parameters. {"history": "ExplorerRun.0", "point": 1, "testname": "project_3_D_Flip_flop_1", "cornername": "Nominal"}
[2025-04-21 13:32:03.908 -0400] [WARN] [cadence.virtuoso.ade.simulationMonitor] -     WARNING (SFE-102): "input.scs" 32: Parameter `ld', specified for model `NMOS_VTL' of primitive `bsim4', has been ignored because it is an invalid instance parameter. Specify a valid model parameter and rerun the simulation. Type `spectre -h bsim4' to get more information on valid model parameters. {"history": "ExplorerRun.0", "point": 1, "testname": "project_3_D_Flip_flop_1", "cornername": "Nominal"}
[2025-04-21 13:32:03.908 -0400] [WARN] [cadence.virtuoso.ade.simulationMonitor] -     WARNING (SFE-102): "input.scs" 26: Parameter `ld', specified for model `PMOS_VTL' of primitive `bsim4', has been ignored because it is an invalid instance parameter. Specify a valid model parameter and rerun the simulation. Type `spectre -h bsim4' to get more information on valid model parameters.
        Further occurrences of this warning will be suppressed. {"history": "ExplorerRun.0", "point": 1, "testname": "project_3_D_Flip_flop_1", "cornername": "Nominal"}
[2025-04-21 13:32:03.908 -0400] [INFO] [cadence.virtuoso.ade.simulationMonitor] - Peak resident memory used = 184 Mbytes. {"history": "ExplorerRun.0", "point": 1, "testname": "project_3_D_Flip_flop_1", "cornername": "Nominal"}
[2025-04-21 13:32:03.908 -0400] [INFO] [cadence.virtuoso.ade.simulationMonitor] - Peak resident memory used = 185 Mbytes. {"history": "ExplorerRun.0", "point": 1, "testname": "project_3_D_Flip_flop_1", "cornername": "Nominal"}
[2025-04-21 13:32:03.908 -0400] [INFO] [cadence.virtuoso.ade.simulationMonitor] - Notice from spectre during initial setup.
    Multithreading is disabled due to the size of the design being too small. {"history": "ExplorerRun.0", "point": 1, "testname": "project_3_D_Flip_flop_1", "cornername": "Nominal"}
[2025-04-21 13:32:03.911 -0400] [INFO] [cadence.virtuoso.ade.simulationMonitor] -               nodes 23 {"history": "ExplorerRun.0", "point": 1, "testname": "project_3_D_Flip_flop_1", "cornername": "Nominal"}
[2025-04-21 13:32:03.911 -0400] [INFO] [cadence.virtuoso.ade.simulationMonitor] - Notice from spectre during initial setup.
    Protected devices exist and are not included in the circuit inventory.
    APS enabled.
    35 warnings suppressed. {"history": "ExplorerRun.0", "point": 1, "testname": "project_3_D_Flip_flop_1", "cornername": "Nominal"}
[2025-04-21 13:32:03.911 -0400] [INFO] [cadence.virtuoso.ade.simulationMonitor] - Peak resident memory used = 188 Mbytes. {"history": "ExplorerRun.0", "point": 1, "testname": "project_3_D_Flip_flop_1", "cornername": "Nominal"}
[2025-04-21 13:32:03.912 -0400] [INFO] [cadence.virtuoso.ade.simulationMonitor] -    -   (APS) Multi-threading. The recommended number of threads is 1, consider adding +mt=1 on command line. {"history": "ExplorerRun.0", "point": 1, "testname": "project_3_D_Flip_flop_1", "cornername": "Nominal"}
[2025-04-21 13:32:03.912 -0400] [INFO] [cadence.virtuoso.ade.simulationMonitor] - Notice from spectre during IC analysis, during transient analysis `tran'.
    GminDC = 1 pS is large enough to noticeably affect the DC solution.
        dV(I4.net9) = 90.4493 uV
        Use the `gmin_check' option to eliminate or expand this report. {"history": "ExplorerRun.0", "point": 1, "testname": "project_3_D_Flip_flop_1", "cornername": "Nominal"}
[2025-04-21 13:32:03.912 -0400] [INFO] [cadence.virtuoso.ade.simulationMonitor] - Notice from spectre during transient analysis `tran'.
    Multithreading is disabled due to the size of the design being too small. {"history": "ExplorerRun.0", "point": 1, "testname": "project_3_D_Flip_flop_1", "cornername": "Nominal"}
[2025-04-21 13:32:03.912 -0400] [INFO] [cadence.virtuoso.ade.simulationMonitor] - Notice from spectre at time = 10 ns during transient analysis `tran'.
    Found trapezoidal ringing on node _vvdd!:p. {"history": "ExplorerRun.0", "point": 1, "testname": "project_3_D_Flip_flop_1", "cornername": "Nominal"}
[2025-04-21 13:32:03.912 -0400] [INFO] [cadence.virtuoso.ade.simulationMonitor] - Notice from spectre at time = 17.7593 ns during transient analysis `tran'.
    Found trapezoidal ringing on node I2.M3:int_b. {"history": "ExplorerRun.0", "point": 1, "testname": "project_3_D_Flip_flop_1", "cornername": "Nominal"}
[2025-04-21 13:32:03.912 -0400] [INFO] [cadence.virtuoso.ade.simulationMonitor] - Notice from spectre at time = 17.9668 ns during transient analysis `tran'.
    Found trapezoidal ringing on node I2.M3:int_b. {"history": "ExplorerRun.0", "point": 1, "testname": "project_3_D_Flip_flop_1", "cornername": "Nominal"}
[2025-04-21 13:32:03.912 -0400] [INFO] [cadence.virtuoso.ade.simulationMonitor] - Notice from spectre at time = 25 ns during transient analysis `tran'.
    Found trapezoidal ringing on node _vvdd!:p. {"history": "ExplorerRun.0", "point": 1, "testname": "project_3_D_Flip_flop_1", "cornername": "Nominal"}
[2025-04-21 13:32:03.912 -0400] [INFO] [cadence.virtuoso.ade.simulationMonitor] - Notice from spectre at time = 30 ns during transient analysis `tran'.
    Found trapezoidal ringing on node _vvdd!:p.
        Further occurrences of this notice will be suppressed. {"history": "ExplorerRun.0", "point": 1, "testname": "project_3_D_Flip_flop_1", "cornername": "Nominal"}
[2025-04-21 13:32:03.912 -0400] [INFO] [cadence.virtuoso.ade.simulationMonitor] - Notice from spectre during transient analysis `tran'.
    Trapezoidal ringing is detected during tran analysis.
        Please use method=trap for better results and performance. {"history": "ExplorerRun.0", "point": 1, "testname": "project_3_D_Flip_flop_1", "cornername": "Nominal"}
[2025-04-21 13:32:03.913 -0400] [INFO] [cadence.virtuoso.ade.simulationMonitor] - Intrinsic tran analysis time:    CPU = 194.303 ms, elapsed = 276.449 ms. {"history": "ExplorerRun.0", "point": 1, "testname": "project_3_D_Flip_flop_1", "cornername": "Nominal"}
[2025-04-21 13:32:03.913 -0400] [INFO] [cadence.virtuoso.ade.simulationMonitor] - Total time required for tran analysis `tran': CPU = 202.851 ms, elapsed = 318.305 ms, util. = 63.7%. {"history": "ExplorerRun.0", "point": 1, "testname": "project_3_D_Flip_flop_1", "cornername": "Nominal"}
[2025-04-21 13:32:03.913 -0400] [INFO] [cadence.virtuoso.ade.simulationMonitor] - Peak resident memory used = 196 Mbytes. {"history": "ExplorerRun.0", "point": 1, "testname": "project_3_D_Flip_flop_1", "cornername": "Nominal"}
[2025-04-21 13:32:03.913 -0400] [INFO] [cadence.virtuoso.ade.simulationMonitor] - Notice from spectre.
    6 notices suppressed. {"history": "ExplorerRun.0", "point": 1, "testname": "project_3_D_Flip_flop_1", "cornername": "Nominal"}
[2025-04-21 13:32:03.914 -0400] [INFO] [cadence.virtuoso.ade.simulationMonitor] - Time used: CPU = 607 ms, elapsed = 949 ms, util. = 63.9%. {"history": "ExplorerRun.0", "point": 1, "testname": "project_3_D_Flip_flop_1", "cornername": "Nominal"}
[2025-04-21 13:32:03.914 -0400] [INFO] [cadence.virtuoso.ade.simulationMonitor] - Time spent in licensing: elapsed = 237 ms, percentage of total = 24.9%. {"history": "ExplorerRun.0", "point": 1, "testname": "project_3_D_Flip_flop_1", "cornername": "Nominal"}
[2025-04-21 13:32:03.915 -0400] [INFO] [cadence.virtuoso.ade.simulationMonitor] - Peak memory used = 197 Mbytes. {"history": "ExplorerRun.0", "point": 1, "testname": "project_3_D_Flip_flop_1", "cornername": "Nominal"}
[2025-04-21 13:32:03.916 -0400] [PROCESS] [cadence.virtuoso.ade.simulationMonitor] - Simulation started at: 1:32:01 PM, Mon Apr 21, 2025, ended at: 1:32:02 PM, Mon Apr 21, 2025, with elapsed time (wall clock): 949 ms. {"history": "ExplorerRun.0", "point": 1, "testname": "project_3_D_Flip_flop_1", "cornername": "Nominal"}
[2025-04-21 13:32:03.917 -0400] [PROCESS] [cadence.virtuoso.ade.simulationMonitor] - spectre completes with 0 errors, 5 warnings, and 16 notices. {"history": "ExplorerRun.0", "point": 1, "testname": "project_3_D_Flip_flop_1", "cornername": "Nominal"}
[2025-04-21 13:32:03.917 -0400] [PROCESS] [cadence.virtuoso.ade.simulationMonitor] - Finished simulating for one point {"hostname": "ece-linlabsrv01.ece.gatech.edu", "processid": 831231, "history": "ExplorerRun.0", "testname": "project_3_D_Flip_flop_1", "cornername": "Nominal", "point": 1, "logfile": "/nethome/rgoel68/ECE3150/logs_rgoel68/logs0/Job6.log", "simid": "3", "event": "finish", "category": "simulation"}
[2025-04-21 13:32:03.917 -0400] [PROCESS] [cadence.virtuoso.ade.simulationMonitor] - Simulator exited {"hostname": "ece-linlabsrv01.ece.gatech.edu", "processid": 831231, "history": "ExplorerRun.0", "testname": "project_3_D_Flip_flop_1", "cornername": "Nominal", "point": 1, "logfile": "/nethome/rgoel68/ECE3150/logs_rgoel68/logs0/Job6.log", "exitStatus": "0"}
[2025-04-21 13:32:03.917 -0400] [PROCESS] [cadence.virtuoso.ade.simulationMonitor] - Finished Simulation {"hostname": "ece-linlabsrv01.ece.gatech.edu", "processid": 831231, "history": "ExplorerRun.0", "testname": "project_3_D_Flip_flop_1", "cornername": "Nominal", "point": 1, "logfile": "/nethome/rgoel68/ECE3150/logs_rgoel68/logs0/Job6.log", "simid": "3", "event": "finish", "category": "obsolete"}
[2025-04-21 13:32:07.420 -0400] [PROCESS] [cadence.virtuoso.ade.simulationMonitor] - Point Finished {"hostname": "ece-linlabsrv01.ece.gatech.edu", "processid": 831231, "history": "ExplorerRun.0", "testname": "project_3_D_Flip_flop_1", "cornername": "Nominal", "point": 1, "logfile": "/nethome/rgoel68/ECE3150/logs_rgoel68/logs0/Job6.log", "event": "finish", "category": "sim-eval"}
[2025-04-21 13:33:33.487 -0400] [INFO] [cadence.virtuoso.ade.simulationMonitor] - SimulationMonitor has terminated the vds process '994618', reason: 'Force to stop the expression evalutor process because of new run' {"history": "ExplorerRun.0", "point": 1, "testname": "project_3_D_Flip_flop_1", "cornername": "Nominal"}
[2025-04-21 13:33:33.488 -0400] [PROCESS] [cadence.virtuoso.ade.simulationMonitor] - HostInfo:
Host name (type):	ece-linlabsrv01.ece.gatech.edu (x86_64)
Operating system:	Linux 4.18.0-553.44.1.el8_10.x86_64 #1 SMP Wed Mar 5 10:48:41 EST 2025 {"hostname": "ece-linlabsrv01.ece.gatech.edu", "processid": 831231, "history": "ExplorerRun.0", "testname": "project_3_D_Flip_flop_1", "cornername": "Nominal", "point": 1, "logfile": "/nethome/rgoel68/ECE3150/logs_rgoel68/logs0/Job6.log", "nodename": "ece-linlabsrv01.ece.gatech.edu", "domainname": "(none)", "machine": "x86_64", "sysname": "Linux", "release": "4.18.0-553.44.1.el8_10.x86_64", "version": "#1 SMP Wed Mar 5 10:48:41 EST 2025"}
[2025-04-21 13:33:33.488 -0400] [PROCESS] [cadence.virtuoso.ade.simulationMonitor] - UsageInfo:
pid=831231
totalPhysicalMemory=186.850849GB,Used=133.389259GB,totalVirtualMemory=250.850845GB,Used=178.554771GB
Cpu: Cores=112, Load average:18.070000,11.690000,9.010000 {"hostname": "ece-linlabsrv01.ece.gatech.edu", "processid": 831231, "history": "ExplorerRun.0", "testname": "project_3_D_Flip_flop_1", "cornername": "Nominal", "point": 1, "logfile": "/nethome/rgoel68/ECE3150/logs_rgoel68/logs0/Job6.log", "pid": "831231", "totalPhysicalMemory": "186.850849", "physicalMemoryUsed": "133.389259", "totalVirtualMemory": "250.850845", "virtualMemoryUsed": "178.554771", "cpuCores": "112", "processes": "18218", "loadAverage1": "18.070000", "loadAverage5": "11.690000", "loadAverage15": "9.010000", "loadAverage1Percent": "0.161339"}
[2025-04-21 13:33:33.492 -0400] [EVENT] [cadence.virtuoso.ade.simulationMonitor] - NewPoint {"history": "ExplorerRun.0", "point": 1, "testname": "project_3_D_Flip_flop_1", "cornername": "Nominal", "event": "NewPoint", "EventSource": "Simulation Monitor", "HistoryName": "ExplorerRun.0", "logFile": "/nethome/rgoel68/ECE3150/logs_rgoel68/logs0/Job6.log", "logFileSize": "49795", "category": "simulation"}
[2025-04-21 13:33:33.694 -0400] [EVENT] [cadence.virtuoso.ade.simulationMonitor] - NewPoint {"history": "ExplorerRun.0", "point": 1, "testname": "project_3_D_Flip_flop_1", "cornername": "Nominal", "event": "NewPoint", "EventSource": "spectre", "HistoryName": "ExplorerRun.0", "logFile": "/nethome/rgoel68/simulation/project3/D_Flip_flop/maestro/results/maestro/ExplorerRun.0/1/project_3_D_Flip_flop_1/psf/spectre.out", "logFileSize": "-1", "category": "simulation"}
[2025-04-21 13:33:33.988 -0400] [PROCESS] [cadence.virtuoso.ade.simulationMonitor] - Simulator launched {"hostname": "ece-linlabsrv01.ece.gatech.edu", "processid": 831231, "history": "ExplorerRun.0", "testname": "project_3_D_Flip_flop_1", "cornername": "Nominal", "point": 1, "logfile": "/nethome/rgoel68/ECE3150/logs_rgoel68/logs0/Job6.log", "simid": "4", "event": "launch", "category": "simulation"}
[2025-04-21 13:33:33.992 -0400] [PROCESS] [cadence.virtuoso.ade.simulationMonitor] - Expression evaluator launched {"hostname": "ece-linlabsrv01.ece.gatech.edu", "processid": 831231, "history": "ExplorerRun.0", "testname": "project_3_D_Flip_flop_1", "cornername": "Nominal", "point": 1, "logfile": "/nethome/rgoel68/ECE3150/logs_rgoel68/logs0/Job6.log"}
[2025-04-21 13:33:36.470 -0400] [INFO] [cadence.virtuoso.ade.simulationMonitor] - Notice from spectre during Digital Vector read-in.
    Process Vector Files.
    File read: /nethome/rgoel68/ECE3150/dff_char.vec {"history": "ExplorerRun.0", "point": 1, "testname": "project_3_D_Flip_flop_1", "cornername": "Nominal"}
[2025-04-21 13:33:36.470 -0400] [INFO] [cadence.virtuoso.ade.simulationMonitor] - Peak resident memory used = 175 Mbytes. {"history": "ExplorerRun.0", "point": 1, "testname": "project_3_D_Flip_flop_1", "cornername": "Nominal"}
[2025-04-21 13:33:36.470 -0400] [WARN] [cadence.virtuoso.ade.simulationMonitor] -     WARNING (SFE-102): "input.scs" 26: Parameter `ld', specified for model `PMOS_VTL' of primitive `bsim4', has been ignored because it is an invalid instance parameter. Specify a valid model parameter and rerun the simulation. Type `spectre -h bsim4' to get more information on valid model parameters. {"history": "ExplorerRun.0", "point": 1, "testname": "project_3_D_Flip_flop_1", "cornername": "Nominal"}
[2025-04-21 13:33:36.471 -0400] [WARN] [cadence.virtuoso.ade.simulationMonitor] -     WARNING (SFE-102): "input.scs" 28: Parameter `ld', specified for model `PMOS_VTL' of primitive `bsim4', has been ignored because it is an invalid instance parameter. Specify a valid model parameter and rerun the simulation. Type `spectre -h bsim4' to get more information on valid model parameters. {"history": "ExplorerRun.0", "point": 1, "testname": "project_3_D_Flip_flop_1", "cornername": "Nominal"}
[2025-04-21 13:33:36.471 -0400] [WARN] [cadence.virtuoso.ade.simulationMonitor] -     WARNING (SFE-102): "input.scs" 30: Parameter `ld', specified for model `NMOS_VTL' of primitive `bsim4', has been ignored because it is an invalid instance parameter. Specify a valid model parameter and rerun the simulation. Type `spectre -h bsim4' to get more information on valid model parameters. {"history": "ExplorerRun.0", "point": 1, "testname": "project_3_D_Flip_flop_1", "cornername": "Nominal"}
[2025-04-21 13:33:36.471 -0400] [WARN] [cadence.virtuoso.ade.simulationMonitor] -     WARNING (SFE-102): "input.scs" 32: Parameter `ld', specified for model `NMOS_VTL' of primitive `bsim4', has been ignored because it is an invalid instance parameter. Specify a valid model parameter and rerun the simulation. Type `spectre -h bsim4' to get more information on valid model parameters. {"history": "ExplorerRun.0", "point": 1, "testname": "project_3_D_Flip_flop_1", "cornername": "Nominal"}
[2025-04-21 13:33:36.471 -0400] [WARN] [cadence.virtuoso.ade.simulationMonitor] -     WARNING (SFE-102): "input.scs" 26: Parameter `ld', specified for model `PMOS_VTL' of primitive `bsim4', has been ignored because it is an invalid instance parameter. Specify a valid model parameter and rerun the simulation. Type `spectre -h bsim4' to get more information on valid model parameters.
        Further occurrences of this warning will be suppressed. {"history": "ExplorerRun.0", "point": 1, "testname": "project_3_D_Flip_flop_1", "cornername": "Nominal"}
[2025-04-21 13:33:36.471 -0400] [INFO] [cadence.virtuoso.ade.simulationMonitor] - Peak resident memory used = 183 Mbytes. {"history": "ExplorerRun.0", "point": 1, "testname": "project_3_D_Flip_flop_1", "cornername": "Nominal"}
[2025-04-21 13:33:36.471 -0400] [INFO] [cadence.virtuoso.ade.simulationMonitor] - Peak resident memory used = 184 Mbytes. {"history": "ExplorerRun.0", "point": 1, "testname": "project_3_D_Flip_flop_1", "cornername": "Nominal"}
[2025-04-21 13:33:36.471 -0400] [INFO] [cadence.virtuoso.ade.simulationMonitor] - Notice from spectre during initial setup.
    Multithreading is disabled due to the size of the design being too small. {"history": "ExplorerRun.0", "point": 1, "testname": "project_3_D_Flip_flop_1", "cornername": "Nominal"}
[2025-04-21 13:33:36.474 -0400] [INFO] [cadence.virtuoso.ade.simulationMonitor] -               nodes 23 {"history": "ExplorerRun.0", "point": 1, "testname": "project_3_D_Flip_flop_1", "cornername": "Nominal"}
[2025-04-21 13:33:36.474 -0400] [INFO] [cadence.virtuoso.ade.simulationMonitor] - Notice from spectre during initial setup.
    Protected devices exist and are not included in the circuit inventory.
    APS enabled.
    35 warnings suppressed. {"history": "ExplorerRun.0", "point": 1, "testname": "project_3_D_Flip_flop_1", "cornername": "Nominal"}
[2025-04-21 13:33:36.475 -0400] [INFO] [cadence.virtuoso.ade.simulationMonitor] - Peak resident memory used = 188 Mbytes. {"history": "ExplorerRun.0", "point": 1, "testname": "project_3_D_Flip_flop_1", "cornername": "Nominal"}
[2025-04-21 13:33:36.475 -0400] [INFO] [cadence.virtuoso.ade.simulationMonitor] -    -   (APS) Multi-threading. The recommended number of threads is 1, consider adding +mt=1 on command line. {"history": "ExplorerRun.0", "point": 1, "testname": "project_3_D_Flip_flop_1", "cornername": "Nominal"}
[2025-04-21 13:33:36.475 -0400] [INFO] [cadence.virtuoso.ade.simulationMonitor] - Notice from spectre during IC analysis, during transient analysis `tran'.
    GminDC = 1 pS is large enough to noticeably affect the DC solution.
        dV(I4.net9) = 90.4493 uV
        Use the `gmin_check' option to eliminate or expand this report. {"history": "ExplorerRun.0", "point": 1, "testname": "project_3_D_Flip_flop_1", "cornername": "Nominal"}
[2025-04-21 13:33:36.475 -0400] [INFO] [cadence.virtuoso.ade.simulationMonitor] - Notice from spectre during transient analysis `tran'.
    Multithreading is disabled due to the size of the design being too small. {"history": "ExplorerRun.0", "point": 1, "testname": "project_3_D_Flip_flop_1", "cornername": "Nominal"}
[2025-04-21 13:33:36.475 -0400] [INFO] [cadence.virtuoso.ade.simulationMonitor] - Notice from spectre at time = 10 ns during transient analysis `tran'.
    Found trapezoidal ringing on node _vvdd!:p. {"history": "ExplorerRun.0", "point": 1, "testname": "project_3_D_Flip_flop_1", "cornername": "Nominal"}
[2025-04-21 13:33:36.475 -0400] [INFO] [cadence.virtuoso.ade.simulationMonitor] - Notice from spectre at time = 25 ns during transient analysis `tran'.
    Found trapezoidal ringing on node _vvdd!:p. {"history": "ExplorerRun.0", "point": 1, "testname": "project_3_D_Flip_flop_1", "cornername": "Nominal"}
[2025-04-21 13:33:36.475 -0400] [INFO] [cadence.virtuoso.ade.simulationMonitor] - Notice from spectre at time = 30 ns during transient analysis `tran'.
    Found trapezoidal ringing on node _vvdd!:p. {"history": "ExplorerRun.0", "point": 1, "testname": "project_3_D_Flip_flop_1", "cornername": "Nominal"}
[2025-04-21 13:33:36.476 -0400] [INFO] [cadence.virtuoso.ade.simulationMonitor] - Notice from spectre at time = 36.3129 ns during transient analysis `tran'.
    Found trapezoidal ringing on node _vvdd!:p. {"history": "ExplorerRun.0", "point": 1, "testname": "project_3_D_Flip_flop_1", "cornername": "Nominal"}
[2025-04-21 13:33:36.476 -0400] [INFO] [cadence.virtuoso.ade.simulationMonitor] - Notice from spectre at time = 37.1129 ns during transient analysis `tran'.
    Found trapezoidal ringing on node _vvdd!:p.
        Further occurrences of this notice will be suppressed. {"history": "ExplorerRun.0", "point": 1, "testname": "project_3_D_Flip_flop_1", "cornername": "Nominal"}
[2025-04-21 13:33:36.476 -0400] [INFO] [cadence.virtuoso.ade.simulationMonitor] - Notice from spectre during transient analysis `tran'.
    Trapezoidal ringing is detected during tran analysis.
        Please use method=trap for better results and performance. {"history": "ExplorerRun.0", "point": 1, "testname": "project_3_D_Flip_flop_1", "cornername": "Nominal"}
[2025-04-21 13:33:36.476 -0400] [INFO] [cadence.virtuoso.ade.simulationMonitor] - Intrinsic tran analysis time:    CPU = 154.363 ms, elapsed = 160.175 ms. {"history": "ExplorerRun.0", "point": 1, "testname": "project_3_D_Flip_flop_1", "cornername": "Nominal"}
[2025-04-21 13:33:36.476 -0400] [INFO] [cadence.virtuoso.ade.simulationMonitor] - Total time required for tran analysis `tran': CPU = 160.123 ms, elapsed = 167.254 ms, util. = 95.7%. {"history": "ExplorerRun.0", "point": 1, "testname": "project_3_D_Flip_flop_1", "cornername": "Nominal"}
[2025-04-21 13:33:36.476 -0400] [INFO] [cadence.virtuoso.ade.simulationMonitor] - Peak resident memory used = 196 Mbytes. {"history": "ExplorerRun.0", "point": 1, "testname": "project_3_D_Flip_flop_1", "cornername": "Nominal"}
[2025-04-21 13:33:36.476 -0400] [INFO] [cadence.virtuoso.ade.simulationMonitor] - Notice from spectre.
    4 notices suppressed. {"history": "ExplorerRun.0", "point": 1, "testname": "project_3_D_Flip_flop_1", "cornername": "Nominal"}
[2025-04-21 13:33:36.477 -0400] [INFO] [cadence.virtuoso.ade.simulationMonitor] - Time used: CPU = 574 ms, elapsed = 630 ms, util. = 91.2%. {"history": "ExplorerRun.0", "point": 1, "testname": "project_3_D_Flip_flop_1", "cornername": "Nominal"}
[2025-04-21 13:33:36.478 -0400] [INFO] [cadence.virtuoso.ade.simulationMonitor] - Time spent in licensing: elapsed = 35.1 ms, percentage of total = 5.57%. {"history": "ExplorerRun.0", "point": 1, "testname": "project_3_D_Flip_flop_1", "cornername": "Nominal"}
[2025-04-21 13:33:36.478 -0400] [INFO] [cadence.virtuoso.ade.simulationMonitor] - Peak memory used = 196 Mbytes. {"history": "ExplorerRun.0", "point": 1, "testname": "project_3_D_Flip_flop_1", "cornername": "Nominal"}
[2025-04-21 13:33:36.480 -0400] [PROCESS] [cadence.virtuoso.ade.simulationMonitor] - Simulation started at: 1:33:34 PM, Mon Apr 21, 2025, ended at: 1:33:34 PM, Mon Apr 21, 2025, with elapsed time (wall clock): 630 ms. {"history": "ExplorerRun.0", "point": 1, "testname": "project_3_D_Flip_flop_1", "cornername": "Nominal"}
[2025-04-21 13:33:36.480 -0400] [PROCESS] [cadence.virtuoso.ade.simulationMonitor] - spectre completes with 0 errors, 5 warnings, and 16 notices. {"history": "ExplorerRun.0", "point": 1, "testname": "project_3_D_Flip_flop_1", "cornername": "Nominal"}
[2025-04-21 13:33:36.480 -0400] [PROCESS] [cadence.virtuoso.ade.simulationMonitor] - Finished simulating for one point {"hostname": "ece-linlabsrv01.ece.gatech.edu", "processid": 831231, "history": "ExplorerRun.0", "testname": "project_3_D_Flip_flop_1", "cornername": "Nominal", "point": 1, "logfile": "/nethome/rgoel68/ECE3150/logs_rgoel68/logs0/Job6.log", "simid": "4", "event": "finish", "category": "simulation"}
[2025-04-21 13:33:36.480 -0400] [PROCESS] [cadence.virtuoso.ade.simulationMonitor] - Simulator exited {"hostname": "ece-linlabsrv01.ece.gatech.edu", "processid": 831231, "history": "ExplorerRun.0", "testname": "project_3_D_Flip_flop_1", "cornername": "Nominal", "point": 1, "logfile": "/nethome/rgoel68/ECE3150/logs_rgoel68/logs0/Job6.log", "exitStatus": "0"}
[2025-04-21 13:33:36.480 -0400] [PROCESS] [cadence.virtuoso.ade.simulationMonitor] - Finished Simulation {"hostname": "ece-linlabsrv01.ece.gatech.edu", "processid": 831231, "history": "ExplorerRun.0", "testname": "project_3_D_Flip_flop_1", "cornername": "Nominal", "point": 1, "logfile": "/nethome/rgoel68/ECE3150/logs_rgoel68/logs0/Job6.log", "simid": "4", "event": "finish", "category": "obsolete"}
[2025-04-21 13:33:39.983 -0400] [PROCESS] [cadence.virtuoso.ade.simulationMonitor] - Point Finished {"hostname": "ece-linlabsrv01.ece.gatech.edu", "processid": 831231, "history": "ExplorerRun.0", "testname": "project_3_D_Flip_flop_1", "cornername": "Nominal", "point": 1, "logfile": "/nethome/rgoel68/ECE3150/logs_rgoel68/logs0/Job6.log", "event": "finish", "category": "sim-eval"}
[2025-04-21 13:34:37.733 -0400] [INFO] [cadence.virtuoso.ade.simulationMonitor] - SimulationMonitor has terminated the vds process '1126483', reason: 'Force to stop the expression evalutor process because of new run' {"history": "ExplorerRun.0", "point": 1, "testname": "project_3_D_Flip_flop_1", "cornername": "Nominal"}
[2025-04-21 13:34:37.734 -0400] [PROCESS] [cadence.virtuoso.ade.simulationMonitor] - HostInfo:
Host name (type):	ece-linlabsrv01.ece.gatech.edu (x86_64)
Operating system:	Linux 4.18.0-553.44.1.el8_10.x86_64 #1 SMP Wed Mar 5 10:48:41 EST 2025 {"hostname": "ece-linlabsrv01.ece.gatech.edu", "processid": 831231, "history": "ExplorerRun.0", "testname": "project_3_D_Flip_flop_1", "cornername": "Nominal", "point": 1, "logfile": "/nethome/rgoel68/ECE3150/logs_rgoel68/logs0/Job6.log", "nodename": "ece-linlabsrv01.ece.gatech.edu", "domainname": "(none)", "machine": "x86_64", "sysname": "Linux", "release": "4.18.0-553.44.1.el8_10.x86_64", "version": "#1 SMP Wed Mar 5 10:48:41 EST 2025"}
[2025-04-21 13:34:37.735 -0400] [PROCESS] [cadence.virtuoso.ade.simulationMonitor] - UsageInfo:
pid=831231
totalPhysicalMemory=186.850849GB,Used=133.504425GB,totalVirtualMemory=250.850845GB,Used=178.669937GB
Cpu: Cores=112, Load average:13.840000,11.520000,9.110000 {"hostname": "ece-linlabsrv01.ece.gatech.edu", "processid": 831231, "history": "ExplorerRun.0", "testname": "project_3_D_Flip_flop_1", "cornername": "Nominal", "point": 1, "logfile": "/nethome/rgoel68/ECE3150/logs_rgoel68/logs0/Job6.log", "pid": "831231", "totalPhysicalMemory": "186.850849", "physicalMemoryUsed": "133.504425", "totalVirtualMemory": "250.850845", "virtualMemoryUsed": "178.669937", "cpuCores": "112", "processes": "18223", "loadAverage1": "13.840000", "loadAverage5": "11.520000", "loadAverage15": "9.110000", "loadAverage1Percent": "0.123571"}
[2025-04-21 13:34:37.758 -0400] [EVENT] [cadence.virtuoso.ade.simulationMonitor] - NewPoint {"history": "ExplorerRun.0", "point": 1, "testname": "project_3_D_Flip_flop_1", "cornername": "Nominal", "event": "NewPoint", "EventSource": "Simulation Monitor", "HistoryName": "ExplorerRun.0", "logFile": "/nethome/rgoel68/ECE3150/logs_rgoel68/logs0/Job6.log", "logFileSize": "64745", "category": "simulation"}
[2025-04-21 13:34:37.963 -0400] [EVENT] [cadence.virtuoso.ade.simulationMonitor] - NewPoint {"history": "ExplorerRun.0", "point": 1, "testname": "project_3_D_Flip_flop_1", "cornername": "Nominal", "event": "NewPoint", "EventSource": "spectre", "HistoryName": "ExplorerRun.0", "logFile": "/nethome/rgoel68/simulation/project3/D_Flip_flop/maestro/results/maestro/ExplorerRun.0/1/project_3_D_Flip_flop_1/psf/spectre.out", "logFileSize": "-1", "category": "simulation"}
[2025-04-21 13:34:38.185 -0400] [PROCESS] [cadence.virtuoso.ade.simulationMonitor] - Simulator launched {"hostname": "ece-linlabsrv01.ece.gatech.edu", "processid": 831231, "history": "ExplorerRun.0", "testname": "project_3_D_Flip_flop_1", "cornername": "Nominal", "point": 1, "logfile": "/nethome/rgoel68/ECE3150/logs_rgoel68/logs0/Job6.log", "simid": "5", "event": "launch", "category": "simulation"}
[2025-04-21 13:34:38.190 -0400] [PROCESS] [cadence.virtuoso.ade.simulationMonitor] - Expression evaluator launched {"hostname": "ece-linlabsrv01.ece.gatech.edu", "processid": 831231, "history": "ExplorerRun.0", "testname": "project_3_D_Flip_flop_1", "cornername": "Nominal", "point": 1, "logfile": "/nethome/rgoel68/ECE3150/logs_rgoel68/logs0/Job6.log"}
[2025-04-21 13:34:40.705 -0400] [INFO] [cadence.virtuoso.ade.simulationMonitor] - Notice from spectre during Digital Vector read-in.
    Process Vector Files.
    File read: /nethome/rgoel68/ECE3150/dff_char.vec {"history": "ExplorerRun.0", "point": 1, "testname": "project_3_D_Flip_flop_1", "cornername": "Nominal"}
[2025-04-21 13:34:40.705 -0400] [INFO] [cadence.virtuoso.ade.simulationMonitor] - Peak resident memory used = 177 Mbytes. {"history": "ExplorerRun.0", "point": 1, "testname": "project_3_D_Flip_flop_1", "cornername": "Nominal"}
[2025-04-21 13:34:40.705 -0400] [WARN] [cadence.virtuoso.ade.simulationMonitor] -     WARNING (SFE-102): "input.scs" 26: Parameter `ld', specified for model `PMOS_VTL' of primitive `bsim4', has been ignored because it is an invalid instance parameter. Specify a valid model parameter and rerun the simulation. Type `spectre -h bsim4' to get more information on valid model parameters. {"history": "ExplorerRun.0", "point": 1, "testname": "project_3_D_Flip_flop_1", "cornername": "Nominal"}
[2025-04-21 13:34:40.706 -0400] [WARN] [cadence.virtuoso.ade.simulationMonitor] -     WARNING (SFE-102): "input.scs" 28: Parameter `ld', specified for model `PMOS_VTL' of primitive `bsim4', has been ignored because it is an invalid instance parameter. Specify a valid model parameter and rerun the simulation. Type `spectre -h bsim4' to get more information on valid model parameters. {"history": "ExplorerRun.0", "point": 1, "testname": "project_3_D_Flip_flop_1", "cornername": "Nominal"}
[2025-04-21 13:34:40.706 -0400] [WARN] [cadence.virtuoso.ade.simulationMonitor] -     WARNING (SFE-102): "input.scs" 30: Parameter `ld', specified for model `NMOS_VTL' of primitive `bsim4', has been ignored because it is an invalid instance parameter. Specify a valid model parameter and rerun the simulation. Type `spectre -h bsim4' to get more information on valid model parameters. {"history": "ExplorerRun.0", "point": 1, "testname": "project_3_D_Flip_flop_1", "cornername": "Nominal"}
[2025-04-21 13:34:40.706 -0400] [WARN] [cadence.virtuoso.ade.simulationMonitor] -     WARNING (SFE-102): "input.scs" 32: Parameter `ld', specified for model `NMOS_VTL' of primitive `bsim4', has been ignored because it is an invalid instance parameter. Specify a valid model parameter and rerun the simulation. Type `spectre -h bsim4' to get more information on valid model parameters. {"history": "ExplorerRun.0", "point": 1, "testname": "project_3_D_Flip_flop_1", "cornername": "Nominal"}
[2025-04-21 13:34:40.706 -0400] [WARN] [cadence.virtuoso.ade.simulationMonitor] -     WARNING (SFE-102): "input.scs" 26: Parameter `ld', specified for model `PMOS_VTL' of primitive `bsim4', has been ignored because it is an invalid instance parameter. Specify a valid model parameter and rerun the simulation. Type `spectre -h bsim4' to get more information on valid model parameters.
        Further occurrences of this warning will be suppressed. {"history": "ExplorerRun.0", "point": 1, "testname": "project_3_D_Flip_flop_1", "cornername": "Nominal"}
[2025-04-21 13:34:40.706 -0400] [INFO] [cadence.virtuoso.ade.simulationMonitor] - Peak resident memory used = 185 Mbytes. {"history": "ExplorerRun.0", "point": 1, "testname": "project_3_D_Flip_flop_1", "cornername": "Nominal"}
[2025-04-21 13:34:40.706 -0400] [INFO] [cadence.virtuoso.ade.simulationMonitor] - Peak resident memory used = 186 Mbytes. {"history": "ExplorerRun.0", "point": 1, "testname": "project_3_D_Flip_flop_1", "cornername": "Nominal"}
[2025-04-21 13:34:40.706 -0400] [INFO] [cadence.virtuoso.ade.simulationMonitor] - Notice from spectre during initial setup.
    Multithreading is disabled due to the size of the design being too small. {"history": "ExplorerRun.0", "point": 1, "testname": "project_3_D_Flip_flop_1", "cornername": "Nominal"}
[2025-04-21 13:34:40.709 -0400] [INFO] [cadence.virtuoso.ade.simulationMonitor] -               nodes 23 {"history": "ExplorerRun.0", "point": 1, "testname": "project_3_D_Flip_flop_1", "cornername": "Nominal"}
[2025-04-21 13:34:40.710 -0400] [INFO] [cadence.virtuoso.ade.simulationMonitor] - Notice from spectre during initial setup.
    Protected devices exist and are not included in the circuit inventory.
    APS enabled.
    35 warnings suppressed. {"history": "ExplorerRun.0", "point": 1, "testname": "project_3_D_Flip_flop_1", "cornername": "Nominal"}
[2025-04-21 13:34:40.710 -0400] [INFO] [cadence.virtuoso.ade.simulationMonitor] - Peak resident memory used = 190 Mbytes. {"history": "ExplorerRun.0", "point": 1, "testname": "project_3_D_Flip_flop_1", "cornername": "Nominal"}
[2025-04-21 13:34:40.710 -0400] [INFO] [cadence.virtuoso.ade.simulationMonitor] -    -   (APS) Multi-threading. The recommended number of threads is 1, consider adding +mt=1 on command line. {"history": "ExplorerRun.0", "point": 1, "testname": "project_3_D_Flip_flop_1", "cornername": "Nominal"}
[2025-04-21 13:34:40.711 -0400] [INFO] [cadence.virtuoso.ade.simulationMonitor] - Notice from spectre during IC analysis, during transient analysis `tran'.
    GminDC = 1 pS is large enough to noticeably affect the DC solution.
        dV(I4.net9) = 90.4493 uV
        Use the `gmin_check' option to eliminate or expand this report. {"history": "ExplorerRun.0", "point": 1, "testname": "project_3_D_Flip_flop_1", "cornername": "Nominal"}
[2025-04-21 13:34:40.711 -0400] [INFO] [cadence.virtuoso.ade.simulationMonitor] - Notice from spectre during transient analysis `tran'.
    Multithreading is disabled due to the size of the design being too small. {"history": "ExplorerRun.0", "point": 1, "testname": "project_3_D_Flip_flop_1", "cornername": "Nominal"}
[2025-04-21 13:34:40.711 -0400] [INFO] [cadence.virtuoso.ade.simulationMonitor] - Notice from spectre at time = 10 ns during transient analysis `tran'.
    Found trapezoidal ringing on node _vvdd!:p. {"history": "ExplorerRun.0", "point": 1, "testname": "project_3_D_Flip_flop_1", "cornername": "Nominal"}
[2025-04-21 13:34:40.711 -0400] [INFO] [cadence.virtuoso.ade.simulationMonitor] - Notice from spectre at time = 25 ns during transient analysis `tran'.
    Found trapezoidal ringing on node _vvdd!:p. {"history": "ExplorerRun.0", "point": 1, "testname": "project_3_D_Flip_flop_1", "cornername": "Nominal"}
[2025-04-21 13:34:40.711 -0400] [INFO] [cadence.virtuoso.ade.simulationMonitor] - Notice from spectre at time = 30 ns during transient analysis `tran'.
    Found trapezoidal ringing on node _vvdd!:p. {"history": "ExplorerRun.0", "point": 1, "testname": "project_3_D_Flip_flop_1", "cornername": "Nominal"}
[2025-04-21 13:34:40.711 -0400] [INFO] [cadence.virtuoso.ade.simulationMonitor] - Notice from spectre at time = 36.3129 ns during transient analysis `tran'.
    Found trapezoidal ringing on node _vvdd!:p. {"history": "ExplorerRun.0", "point": 1, "testname": "project_3_D_Flip_flop_1", "cornername": "Nominal"}
[2025-04-21 13:34:40.711 -0400] [INFO] [cadence.virtuoso.ade.simulationMonitor] - Notice from spectre at time = 37.1129 ns during transient analysis `tran'.
    Found trapezoidal ringing on node _vvdd!:p.
        Further occurrences of this notice will be suppressed. {"history": "ExplorerRun.0", "point": 1, "testname": "project_3_D_Flip_flop_1", "cornername": "Nominal"}
[2025-04-21 13:34:40.711 -0400] [INFO] [cadence.virtuoso.ade.simulationMonitor] - Notice from spectre during transient analysis `tran'.
    Trapezoidal ringing is detected during tran analysis.
        Please use method=trap for better results and performance. {"history": "ExplorerRun.0", "point": 1, "testname": "project_3_D_Flip_flop_1", "cornername": "Nominal"}
[2025-04-21 13:34:40.712 -0400] [INFO] [cadence.virtuoso.ade.simulationMonitor] - Intrinsic tran analysis time:    CPU = 126.117 ms, elapsed = 148.036 ms. {"history": "ExplorerRun.0", "point": 1, "testname": "project_3_D_Flip_flop_1", "cornername": "Nominal"}
[2025-04-21 13:34:40.712 -0400] [INFO] [cadence.virtuoso.ade.simulationMonitor] - Total time required for tran analysis `tran': CPU = 131.738 ms, elapsed = 155.125 ms, util. = 84.9%. {"history": "ExplorerRun.0", "point": 1, "testname": "project_3_D_Flip_flop_1", "cornername": "Nominal"}
[2025-04-21 13:34:40.712 -0400] [INFO] [cadence.virtuoso.ade.simulationMonitor] - Peak resident memory used = 198 Mbytes. {"history": "ExplorerRun.0", "point": 1, "testname": "project_3_D_Flip_flop_1", "cornername": "Nominal"}
[2025-04-21 13:34:40.712 -0400] [INFO] [cadence.virtuoso.ade.simulationMonitor] - Notice from spectre.
    4 notices suppressed. {"history": "ExplorerRun.0", "point": 1, "testname": "project_3_D_Flip_flop_1", "cornername": "Nominal"}
[2025-04-21 13:34:40.713 -0400] [INFO] [cadence.virtuoso.ade.simulationMonitor] - Time used: CPU = 545 ms, elapsed = 614 ms, util. = 88.7%. {"history": "ExplorerRun.0", "point": 1, "testname": "project_3_D_Flip_flop_1", "cornername": "Nominal"}
[2025-04-21 13:34:40.713 -0400] [INFO] [cadence.virtuoso.ade.simulationMonitor] - Time spent in licensing: elapsed = 35.5 ms, percentage of total = 5.77%. {"history": "ExplorerRun.0", "point": 1, "testname": "project_3_D_Flip_flop_1", "cornername": "Nominal"}
[2025-04-21 13:34:40.714 -0400] [INFO] [cadence.virtuoso.ade.simulationMonitor] - Peak memory used = 198 Mbytes. {"history": "ExplorerRun.0", "point": 1, "testname": "project_3_D_Flip_flop_1", "cornername": "Nominal"}
[2025-04-21 13:34:40.716 -0400] [PROCESS] [cadence.virtuoso.ade.simulationMonitor] - Simulation started at: 1:34:38 PM, Mon Apr 21, 2025, ended at: 1:34:39 PM, Mon Apr 21, 2025, with elapsed time (wall clock): 614 ms. {"history": "ExplorerRun.0", "point": 1, "testname": "project_3_D_Flip_flop_1", "cornername": "Nominal"}
[2025-04-21 13:34:40.716 -0400] [PROCESS] [cadence.virtuoso.ade.simulationMonitor] - spectre completes with 0 errors, 5 warnings, and 16 notices. {"history": "ExplorerRun.0", "point": 1, "testname": "project_3_D_Flip_flop_1", "cornername": "Nominal"}
[2025-04-21 13:34:40.716 -0400] [PROCESS] [cadence.virtuoso.ade.simulationMonitor] - Finished simulating for one point {"hostname": "ece-linlabsrv01.ece.gatech.edu", "processid": 831231, "history": "ExplorerRun.0", "testname": "project_3_D_Flip_flop_1", "cornername": "Nominal", "point": 1, "logfile": "/nethome/rgoel68/ECE3150/logs_rgoel68/logs0/Job6.log", "simid": "5", "event": "finish", "category": "simulation"}
[2025-04-21 13:34:40.716 -0400] [PROCESS] [cadence.virtuoso.ade.simulationMonitor] - Simulator exited {"hostname": "ece-linlabsrv01.ece.gatech.edu", "processid": 831231, "history": "ExplorerRun.0", "testname": "project_3_D_Flip_flop_1", "cornername": "Nominal", "point": 1, "logfile": "/nethome/rgoel68/ECE3150/logs_rgoel68/logs0/Job6.log", "exitStatus": "0"}
[2025-04-21 13:34:40.716 -0400] [PROCESS] [cadence.virtuoso.ade.simulationMonitor] - Finished Simulation {"hostname": "ece-linlabsrv01.ece.gatech.edu", "processid": 831231, "history": "ExplorerRun.0", "testname": "project_3_D_Flip_flop_1", "cornername": "Nominal", "point": 1, "logfile": "/nethome/rgoel68/ECE3150/logs_rgoel68/logs0/Job6.log", "simid": "5", "event": "finish", "category": "obsolete"}
[2025-04-21 13:34:44.240 -0400] [PROCESS] [cadence.virtuoso.ade.simulationMonitor] - Point Finished {"hostname": "ece-linlabsrv01.ece.gatech.edu", "processid": 831231, "history": "ExplorerRun.0", "testname": "project_3_D_Flip_flop_1", "cornername": "Nominal", "point": 1, "logfile": "/nethome/rgoel68/ECE3150/logs_rgoel68/logs0/Job6.log", "event": "finish", "category": "sim-eval"}
[2025-04-21 13:39:45.406 -0400] [PROCESS] [cadence.virtuoso.ade.simulationMonitor] - Current memory used: 83.0859 MBytes, peak memory used: 83.0859 MBytes {"hostname": "ece-linlabsrv01.ece.gatech.edu", "processid": 831231, "history": "ExplorerRun.0", "testname": "project_3_D_Flip_flop_1", "cornername": "Nominal", "point": 1, "logfile": "/nethome/rgoel68/ECE3150/logs_rgoel68/logs0/Job6.log"}
[2025-04-21 13:39:45.406 -0400] [PROCESS] [cadence.virtuoso.ade.simulationMonitor] - Simulation Monitor process exits. {"hostname": "ece-linlabsrv01.ece.gatech.edu", "processid": 831231, "history": "ExplorerRun.0", "testname": "project_3_D_Flip_flop_1", "cornername": "Nominal", "point": 1, "logfile": "/nethome/rgoel68/ECE3150/logs_rgoel68/logs0/Job6.log"}
