[Simulation Monitor: 7]
[2025-04-22 01:10:01.546 -0400] [PROCESS] [cadence.virtuoso.ade.simulationMonitor] - Started the simulation monitor process {"hostname": "ece-linlabsrv01.ece.gatech.edu", "processid": 1447662, "logfile": "/nethome/rgoel68/ECE3150/logs_rgoel68/logs0/Job7.log", "simulation monitor command line": "/tools/software/cadence/ic/23.10.120/tools.lnx86/dfII/bin/64bit/spectreMonitor --davinciService DaVinciService_486488_1745297253 --axlsession fnxSession0 -lscs 000175E1894CBE06FF0966E38F1FFC06BC4D65B0C578C406D07B6FA78410926AD02470F28B50992BD92E69ED90048F74DD2F32AE9C019928D92E0EE4ABB6D8AFD44A00001DF4 -beanhost ece-linlabsrv01.ece.gatech.edu -beanport 11854 -beanLogFile /nethome/rgoel68/ECE3150/logs_rgoel68/logs0/amps_Job7.log -beanbinlog  --domain 0 --interactive yes --netlistOpt no --useMultiPointEvaluation yes --exprEvalShowJobStderr yes --evalSimParallel no --maxSims 0 --historyName ExplorerRun.0 --historyUUID  --exprEvaluator vds --mcMapping mc1.mapping --checkLogStatusInterval 0 --checkSimulatorLogTimeout 1200 --exprEvalMaxTries 3 --maxNFSSyncWait 60 -adeBrokerAddress ece-linlabsrv01.ece.gatech.edu:42847 --fromADE true --virtuosoBinary virtuoso --guiDisplay ece-linlabsrv01.ece.gatech.edu:140 --globalStatus 60 --evaluateMultiMC yes --evalOnSimFail SkipFailedAnalyses --numRetriesOnError 1 --fenixMode explorer --lingertimeout 300 -ahdlLockTimeout 60 --sdbLib project_1 --sdbCell inverter --sdbView maestro --heartBeatFileDir /dev/shm --id 7 --uuid 60d93dda-8f2e-42c8-ac3d-52925ff781be --log /nethome/rgoel68/ECE3150/logs_rgoel68/logs0/Job7.log "}
[2025-04-22 01:10:01.547 -0400] [PROCESS] [cadence.virtuoso.ade.simulationMonitor] - Started the simulation monitor process {"hostname": "ece-linlabsrv01.ece.gatech.edu", "processid": 1447662, "logfile": "/nethome/rgoel68/ECE3150/logs_rgoel68/logs0/Job7.log", "current directory": "/nethome/rgoel68/ECE3150"}
[2025-04-22 01:10:01.547 -0400] [PROCESS] [cadence.virtuoso.ade.simulationMonitor] - Simulation Monitor has successfully started up. Trying to set up communication channels to other components ... {"hostname": "ece-linlabsrv01.ece.gatech.edu", "processid": 1447662, "logfile": "/nethome/rgoel68/ECE3150/logs_rgoel68/logs0/Job7.log"}
[2025-04-22 01:10:01.549 -0400] [PROCESS] [cadence.virtuoso.ade.simulationMonitor] - Communication channels have been successfully set up. Start processing events ... {"hostname": "ece-linlabsrv01.ece.gatech.edu", "processid": 1447662, "logfile": "/nethome/rgoel68/ECE3150/logs_rgoel68/logs0/Job7.log"}
[2025-04-22 01:10:01.549 -0400] [PROCESS] [cadence.virtuoso.ade.simulationMonitor] - Considering to start history {"hostname": "ece-linlabsrv01.ece.gatech.edu", "processid": 1447662, "history": "ExplorerRun.0", "logfile": "/nethome/rgoel68/ECE3150/logs_rgoel68/logs0/Job7.log"}
[2025-04-22 01:10:01.553 -0400] [PROCESS] [cadence.virtuoso.ade.simulationMonitor] - HostInfo:
Host name (type):	ece-linlabsrv01.ece.gatech.edu (x86_64)
Operating system:	Linux 4.18.0-553.44.1.el8_10.x86_64 #1 SMP Wed Mar 5 10:48:41 EST 2025 {"hostname": "ece-linlabsrv01.ece.gatech.edu", "processid": 1447662, "history": "ExplorerRun.0", "logfile": "/nethome/rgoel68/ECE3150/logs_rgoel68/logs0/Job7.log", "nodename": "ece-linlabsrv01.ece.gatech.edu", "domainname": "(none)", "machine": "x86_64", "sysname": "Linux", "release": "4.18.0-553.44.1.el8_10.x86_64", "version": "#1 SMP Wed Mar 5 10:48:41 EST 2025"}
[2025-04-22 01:10:01.554 -0400] [PROCESS] [cadence.virtuoso.ade.simulationMonitor] - UsageInfo:
pid=1447662
totalPhysicalMemory=186.850849GB,Used=148.989071GB,totalVirtualMemory=250.850845GB,Used=207.258865GB
Cpu: Cores=112, Load average:25.350000,24.370000,28.600000 {"hostname": "ece-linlabsrv01.ece.gatech.edu", "processid": 1447662, "history": "ExplorerRun.0", "logfile": "/nethome/rgoel68/ECE3150/logs_rgoel68/logs0/Job7.log", "pid": "1447662", "totalPhysicalMemory": "186.850849", "physicalMemoryUsed": "148.989071", "totalVirtualMemory": "250.850845", "virtualMemoryUsed": "207.258865", "cpuCores": "112", "processes": "20331", "loadAverage1": "25.350000", "loadAverage5": "24.370000", "loadAverage15": "28.600000", "loadAverage1Percent": "0.226339"}
[2025-04-22 01:10:01.558 -0400] [EVENT] [cadence.virtuoso.ade.simulationMonitor] - NewPoint {"history": "ExplorerRun.0", "point": 1, "testname": "project_1_inverter_1", "cornername": "Nominal", "event": "NewPoint", "EventSource": "Simulation Monitor", "HistoryName": "ExplorerRun.0", "logFile": "/nethome/rgoel68/ECE3150/logs_rgoel68/logs0/Job7.log", "logFileSize": "4175", "category": "simulation"}
[2025-04-22 01:10:01.763 -0400] [EVENT] [cadence.virtuoso.ade.simulationMonitor] - NewPoint {"history": "ExplorerRun.0", "point": 1, "testname": "project_1_inverter_1", "cornername": "Nominal", "event": "NewPoint", "EventSource": "spectre", "HistoryName": "ExplorerRun.0", "logFile": "/nethome/rgoel68/simulation/project_1/inverter/maestro/results/maestro/ExplorerRun.0/1/project_1_inverter_1/psf/spectre.out", "logFileSize": "-1", "category": "simulation"}
[2025-04-22 01:10:02.069 -0400] [PROCESS] [cadence.virtuoso.ade.simulationMonitor] - Simulator launched {"hostname": "ece-linlabsrv01.ece.gatech.edu", "processid": 1447662, "history": "ExplorerRun.0", "testname": "project_1_inverter_1", "cornername": "Nominal", "point": 1, "logfile": "/nethome/rgoel68/ECE3150/logs_rgoel68/logs0/Job7.log", "simid": "1", "event": "launch", "category": "simulation"}
[2025-04-22 01:10:02.075 -0400] [PROCESS] [cadence.virtuoso.ade.simulationMonitor] - Expression evaluator launched {"hostname": "ece-linlabsrv01.ece.gatech.edu", "processid": 1447662, "history": "ExplorerRun.0", "testname": "project_1_inverter_1", "cornername": "Nominal", "point": 1, "logfile": "/nethome/rgoel68/ECE3150/logs_rgoel68/logs0/Job7.log"}
[2025-04-22 01:10:05.228 -0400] [INFO] [cadence.virtuoso.ade.simulationMonitor] - Peak resident memory used = 175 Mbytes. {"history": "ExplorerRun.0", "point": 1, "testname": "project_1_inverter_1", "cornername": "Nominal"}
[2025-04-22 01:10:05.228 -0400] [WARN] [cadence.virtuoso.ade.simulationMonitor] -     WARNING (SFE-102): "netlist" 6: Parameter `ld', specified for model `PMOS_VTL' of primitive `bsim4', has been ignored because it is an invalid instance parameter. Specify a valid model parameter and rerun the simulation. Type `spectre -h bsim4' to get more information on valid model parameters. {"history": "ExplorerRun.0", "point": 1, "testname": "project_1_inverter_1", "cornername": "Nominal"}
[2025-04-22 01:10:05.228 -0400] [WARN] [cadence.virtuoso.ade.simulationMonitor] -     WARNING (SFE-102): "netlist" 8: Parameter `ld', specified for model `NMOS_VTL' of primitive `bsim4', has been ignored because it is an invalid instance parameter. Specify a valid model parameter and rerun the simulation. Type `spectre -h bsim4' to get more information on valid model parameters. {"history": "ExplorerRun.0", "point": 1, "testname": "project_1_inverter_1", "cornername": "Nominal"}
[2025-04-22 01:10:05.228 -0400] [INFO] [cadence.virtuoso.ade.simulationMonitor] - Peak resident memory used = 183 Mbytes. {"history": "ExplorerRun.0", "point": 1, "testname": "project_1_inverter_1", "cornername": "Nominal"}
[2025-04-22 01:10:05.228 -0400] [INFO] [cadence.virtuoso.ade.simulationMonitor] - Peak resident memory used = 183 Mbytes. {"history": "ExplorerRun.0", "point": 1, "testname": "project_1_inverter_1", "cornername": "Nominal"}
[2025-04-22 01:10:05.228 -0400] [INFO] [cadence.virtuoso.ade.simulationMonitor] - Notice from spectre during initial setup.
    Multithreading is disabled due to the size of the design being too small. {"history": "ExplorerRun.0", "point": 1, "testname": "project_1_inverter_1", "cornername": "Nominal"}
[2025-04-22 01:10:05.231 -0400] [INFO] [cadence.virtuoso.ade.simulationMonitor] -               nodes 3 {"history": "ExplorerRun.0", "point": 1, "testname": "project_1_inverter_1", "cornername": "Nominal"}
[2025-04-22 01:10:05.232 -0400] [INFO] [cadence.virtuoso.ade.simulationMonitor] - Notice from spectre during initial setup.
    Protected devices exist and are not included in the circuit inventory.
    APS enabled. {"history": "ExplorerRun.0", "point": 1, "testname": "project_1_inverter_1", "cornername": "Nominal"}
[2025-04-22 01:10:05.232 -0400] [INFO] [cadence.virtuoso.ade.simulationMonitor] - Peak resident memory used = 187 Mbytes. {"history": "ExplorerRun.0", "point": 1, "testname": "project_1_inverter_1", "cornername": "Nominal"}
[2025-04-22 01:10:05.232 -0400] [INFO] [cadence.virtuoso.ade.simulationMonitor] -    -   (APS) Multi-threading. The recommended number of threads is 1, consider adding +mt=1 on command line. {"history": "ExplorerRun.0", "point": 1, "testname": "project_1_inverter_1", "cornername": "Nominal"}
[2025-04-22 01:10:05.232 -0400] [INFO] [cadence.virtuoso.ade.simulationMonitor] - Notice from spectre during transient analysis `tran'.
    Multithreading is disabled due to the size of the design being too small. {"history": "ExplorerRun.0", "point": 1, "testname": "project_1_inverter_1", "cornername": "Nominal"}
[2025-04-22 01:10:05.232 -0400] [INFO] [cadence.virtuoso.ade.simulationMonitor] - Notice from spectre at time = 222 ps during transient analysis `tran'.
    Found trapezoidal ringing on node _vvdd!:p. {"history": "ExplorerRun.0", "point": 1, "testname": "project_1_inverter_1", "cornername": "Nominal"}
[2025-04-22 01:10:05.233 -0400] [INFO] [cadence.virtuoso.ade.simulationMonitor] - Notice from spectre at time = 262 ps during transient analysis `tran'.
    Found trapezoidal ringing on node _vvdd!:p. {"history": "ExplorerRun.0", "point": 1, "testname": "project_1_inverter_1", "cornername": "Nominal"}
[2025-04-22 01:10:05.233 -0400] [INFO] [cadence.virtuoso.ade.simulationMonitor] - Notice from spectre at time = 302 ps during transient analysis `tran'.
    Found trapezoidal ringing on node _vvdd!:p. {"history": "ExplorerRun.0", "point": 1, "testname": "project_1_inverter_1", "cornername": "Nominal"}
[2025-04-22 01:10:05.233 -0400] [INFO] [cadence.virtuoso.ade.simulationMonitor] - Notice from spectre at time = 342 ps during transient analysis `tran'.
    Found trapezoidal ringing on node _vvdd!:p. {"history": "ExplorerRun.0", "point": 1, "testname": "project_1_inverter_1", "cornername": "Nominal"}
[2025-04-22 01:10:05.233 -0400] [INFO] [cadence.virtuoso.ade.simulationMonitor] - Notice from spectre at time = 382 ps during transient analysis `tran'.
    Found trapezoidal ringing on node _vvdd!:p.
        Further occurrences of this notice will be suppressed. {"history": "ExplorerRun.0", "point": 1, "testname": "project_1_inverter_1", "cornername": "Nominal"}
[2025-04-22 01:10:05.233 -0400] [INFO] [cadence.virtuoso.ade.simulationMonitor] - Notice from spectre during transient analysis `tran'.
    Trapezoidal ringing is detected during tran analysis.
        Please use method=trap for better results and performance. {"history": "ExplorerRun.0", "point": 1, "testname": "project_1_inverter_1", "cornername": "Nominal"}
[2025-04-22 01:10:05.234 -0400] [INFO] [cadence.virtuoso.ade.simulationMonitor] - Intrinsic tran analysis time:    CPU = 7.211 ms, elapsed = 13.3941 ms. {"history": "ExplorerRun.0", "point": 1, "testname": "project_1_inverter_1", "cornername": "Nominal"}
[2025-04-22 01:10:05.234 -0400] [INFO] [cadence.virtuoso.ade.simulationMonitor] - Total time required for tran analysis `tran': CPU = 9.608 ms, elapsed = 17.3161 ms, util. = 55.5%. {"history": "ExplorerRun.0", "point": 1, "testname": "project_1_inverter_1", "cornername": "Nominal"}
[2025-04-22 01:10:05.234 -0400] [INFO] [cadence.virtuoso.ade.simulationMonitor] - Peak resident memory used = 195 Mbytes. {"history": "ExplorerRun.0", "point": 1, "testname": "project_1_inverter_1", "cornername": "Nominal"}
[2025-04-22 01:10:05.234 -0400] [INFO] [cadence.virtuoso.ade.simulationMonitor] - Notice from spectre.
    3 notices suppressed. {"history": "ExplorerRun.0", "point": 1, "testname": "project_1_inverter_1", "cornername": "Nominal"}
[2025-04-22 01:10:05.235 -0400] [INFO] [cadence.virtuoso.ade.simulationMonitor] - Time used: CPU = 391 ms, elapsed = 468 ms, util. = 83.4%. {"history": "ExplorerRun.0", "point": 1, "testname": "project_1_inverter_1", "cornername": "Nominal"}
[2025-04-22 01:10:05.235 -0400] [INFO] [cadence.virtuoso.ade.simulationMonitor] - Time spent in licensing: elapsed = 36.7 ms, percentage of total = 7.84%. {"history": "ExplorerRun.0", "point": 1, "testname": "project_1_inverter_1", "cornername": "Nominal"}
[2025-04-22 01:10:05.236 -0400] [INFO] [cadence.virtuoso.ade.simulationMonitor] - Peak memory used = 196 Mbytes. {"history": "ExplorerRun.0", "point": 1, "testname": "project_1_inverter_1", "cornername": "Nominal"}
[2025-04-22 01:10:05.237 -0400] [PROCESS] [cadence.virtuoso.ade.simulationMonitor] - Simulation started at: 1:10:02 AM, Tue Apr 22, 2025, ended at: 1:10:02 AM, Tue Apr 22, 2025, with elapsed time (wall clock): 468 ms. {"history": "ExplorerRun.0", "point": 1, "testname": "project_1_inverter_1", "cornername": "Nominal"}
[2025-04-22 01:10:05.237 -0400] [PROCESS] [cadence.virtuoso.ade.simulationMonitor] - spectre completes with 0 errors, 2 warnings, and 12 notices. {"history": "ExplorerRun.0", "point": 1, "testname": "project_1_inverter_1", "cornername": "Nominal"}
[2025-04-22 01:10:05.237 -0400] [PROCESS] [cadence.virtuoso.ade.simulationMonitor] - Finished simulating for one point {"hostname": "ece-linlabsrv01.ece.gatech.edu", "processid": 1447662, "history": "ExplorerRun.0", "testname": "project_1_inverter_1", "cornername": "Nominal", "point": 1, "logfile": "/nethome/rgoel68/ECE3150/logs_rgoel68/logs0/Job7.log", "simid": "1", "event": "finish", "category": "simulation"}
[2025-04-22 01:10:05.238 -0400] [PROCESS] [cadence.virtuoso.ade.simulationMonitor] - Simulator exited {"hostname": "ece-linlabsrv01.ece.gatech.edu", "processid": 1447662, "history": "ExplorerRun.0", "testname": "project_1_inverter_1", "cornername": "Nominal", "point": 1, "logfile": "/nethome/rgoel68/ECE3150/logs_rgoel68/logs0/Job7.log", "exitStatus": "0"}
[2025-04-22 01:10:05.238 -0400] [PROCESS] [cadence.virtuoso.ade.simulationMonitor] - Finished Simulation {"hostname": "ece-linlabsrv01.ece.gatech.edu", "processid": 1447662, "history": "ExplorerRun.0", "testname": "project_1_inverter_1", "cornername": "Nominal", "point": 1, "logfile": "/nethome/rgoel68/ECE3150/logs_rgoel68/logs0/Job7.log", "simid": "1", "event": "finish", "category": "obsolete"}
[2025-04-22 01:10:08.241 -0400] [PROCESS] [cadence.virtuoso.ade.simulationMonitor] - Point Finished {"hostname": "ece-linlabsrv01.ece.gatech.edu", "processid": 1447662, "history": "ExplorerRun.0", "testname": "project_1_inverter_1", "cornername": "Nominal", "point": 1, "logfile": "/nethome/rgoel68/ECE3150/logs_rgoel68/logs0/Job7.log", "event": "finish", "category": "sim-eval"}
[2025-04-22 01:10:08.243 -0400] [PROCESS] [cadence.virtuoso.ade.simulationMonitor] - HostInfo:
Host name (type):	ece-linlabsrv01.ece.gatech.edu (x86_64)
Operating system:	Linux 4.18.0-553.44.1.el8_10.x86_64 #1 SMP Wed Mar 5 10:48:41 EST 2025 {"hostname": "ece-linlabsrv01.ece.gatech.edu", "processid": 1447662, "history": "ExplorerRun.0", "testname": "project_1_inverter_1", "cornername": "Nominal", "point": 1, "logfile": "/nethome/rgoel68/ECE3150/logs_rgoel68/logs0/Job7.log", "nodename": "ece-linlabsrv01.ece.gatech.edu", "domainname": "(none)", "machine": "x86_64", "sysname": "Linux", "release": "4.18.0-553.44.1.el8_10.x86_64", "version": "#1 SMP Wed Mar 5 10:48:41 EST 2025"}
[2025-04-22 01:10:08.243 -0400] [PROCESS] [cadence.virtuoso.ade.simulationMonitor] - UsageInfo:
pid=1447662
totalPhysicalMemory=186.850849GB,Used=149.307228GB,totalVirtualMemory=250.850845GB,Used=207.577023GB
Cpu: Cores=112, Load average:24.760000,24.260000,28.540000 {"hostname": "ece-linlabsrv01.ece.gatech.edu", "processid": 1447662, "history": "ExplorerRun.0", "testname": "project_1_inverter_1", "cornername": "Nominal", "point": 1, "logfile": "/nethome/rgoel68/ECE3150/logs_rgoel68/logs0/Job7.log", "pid": "1447662", "totalPhysicalMemory": "186.850849", "physicalMemoryUsed": "149.307228", "totalVirtualMemory": "250.850845", "virtualMemoryUsed": "207.577023", "cpuCores": "112", "processes": "20222", "loadAverage1": "24.760000", "loadAverage5": "24.260000", "loadAverage15": "28.540000", "loadAverage1Percent": "0.221071"}
[2025-04-22 01:10:08.247 -0400] [EVENT] [cadence.virtuoso.ade.simulationMonitor] - NewPoint {"history": "ExplorerRun.0", "point": 2, "testname": "project_1_inverter_1", "cornername": "Nominal", "event": "NewPoint", "EventSource": "Simulation Monitor", "HistoryName": "ExplorerRun.0", "logFile": "/nethome/rgoel68/ECE3150/logs_rgoel68/logs0/Job7.log", "logFileSize": "16368", "category": "simulation"}
[2025-04-22 01:10:08.449 -0400] [EVENT] [cadence.virtuoso.ade.simulationMonitor] - NewPoint {"history": "ExplorerRun.0", "point": 2, "testname": "project_1_inverter_1", "cornername": "Nominal", "event": "NewPoint", "EventSource": "spectre", "HistoryName": "ExplorerRun.0", "logFile": "/nethome/rgoel68/simulation/project_1/inverter/maestro/results/maestro/ExplorerRun.0/2/project_1_inverter_1/psf/spectre.out", "logFileSize": "-1", "category": "simulation"}
[2025-04-22 01:10:08.655 -0400] [PROCESS] [cadence.virtuoso.ade.simulationMonitor] - Simulator launched {"hostname": "ece-linlabsrv01.ece.gatech.edu", "processid": 1447662, "history": "ExplorerRun.0", "testname": "project_1_inverter_1", "cornername": "Nominal", "point": 2, "logfile": "/nethome/rgoel68/ECE3150/logs_rgoel68/logs0/Job7.log", "simid": "2", "event": "launch", "category": "simulation"}
[2025-04-22 01:10:11.833 -0400] [INFO] [cadence.virtuoso.ade.simulationMonitor] - Peak resident memory used = 165 Mbytes. {"history": "ExplorerRun.0", "point": 2, "testname": "project_1_inverter_1", "cornername": "Nominal"}
[2025-04-22 01:10:11.833 -0400] [WARN] [cadence.virtuoso.ade.simulationMonitor] -     WARNING (SFE-102): "netlist" 6: Parameter `ld', specified for model `PMOS_VTL' of primitive `bsim4', has been ignored because it is an invalid instance parameter. Specify a valid model parameter and rerun the simulation. Type `spectre -h bsim4' to get more information on valid model parameters. {"history": "ExplorerRun.0", "point": 2, "testname": "project_1_inverter_1", "cornername": "Nominal"}
[2025-04-22 01:10:11.833 -0400] [WARN] [cadence.virtuoso.ade.simulationMonitor] -     WARNING (SFE-102): "netlist" 8: Parameter `ld', specified for model `NMOS_VTL' of primitive `bsim4', has been ignored because it is an invalid instance parameter. Specify a valid model parameter and rerun the simulation. Type `spectre -h bsim4' to get more information on valid model parameters. {"history": "ExplorerRun.0", "point": 2, "testname": "project_1_inverter_1", "cornername": "Nominal"}
[2025-04-22 01:10:11.833 -0400] [INFO] [cadence.virtuoso.ade.simulationMonitor] - Peak resident memory used = 174 Mbytes. {"history": "ExplorerRun.0", "point": 2, "testname": "project_1_inverter_1", "cornername": "Nominal"}
[2025-04-22 01:10:11.833 -0400] [INFO] [cadence.virtuoso.ade.simulationMonitor] - Peak resident memory used = 174 Mbytes. {"history": "ExplorerRun.0", "point": 2, "testname": "project_1_inverter_1", "cornername": "Nominal"}
[2025-04-22 01:10:11.833 -0400] [INFO] [cadence.virtuoso.ade.simulationMonitor] - Notice from spectre during initial setup.
    Multithreading is disabled due to the size of the design being too small. {"history": "ExplorerRun.0", "point": 2, "testname": "project_1_inverter_1", "cornername": "Nominal"}
[2025-04-22 01:10:11.836 -0400] [INFO] [cadence.virtuoso.ade.simulationMonitor] -               nodes 3 {"history": "ExplorerRun.0", "point": 2, "testname": "project_1_inverter_1", "cornername": "Nominal"}
[2025-04-22 01:10:11.836 -0400] [INFO] [cadence.virtuoso.ade.simulationMonitor] - Notice from spectre during initial setup.
    Protected devices exist and are not included in the circuit inventory.
    APS enabled. {"history": "ExplorerRun.0", "point": 2, "testname": "project_1_inverter_1", "cornername": "Nominal"}
[2025-04-22 01:10:11.836 -0400] [INFO] [cadence.virtuoso.ade.simulationMonitor] - Peak resident memory used = 177 Mbytes. {"history": "ExplorerRun.0", "point": 2, "testname": "project_1_inverter_1", "cornername": "Nominal"}
[2025-04-22 01:10:11.837 -0400] [INFO] [cadence.virtuoso.ade.simulationMonitor] -    -   (APS) Multi-threading. The recommended number of threads is 1, consider adding +mt=1 on command line. {"history": "ExplorerRun.0", "point": 2, "testname": "project_1_inverter_1", "cornername": "Nominal"}
[2025-04-22 01:10:11.837 -0400] [INFO] [cadence.virtuoso.ade.simulationMonitor] - Notice from spectre during transient analysis `tran'.
    Multithreading is disabled due to the size of the design being too small. {"history": "ExplorerRun.0", "point": 2, "testname": "project_1_inverter_1", "cornername": "Nominal"}
[2025-04-22 01:10:11.837 -0400] [INFO] [cadence.virtuoso.ade.simulationMonitor] - Notice from spectre at time = 222 ps during transient analysis `tran'.
    Found trapezoidal ringing on node _vvdd!:p. {"history": "ExplorerRun.0", "point": 2, "testname": "project_1_inverter_1", "cornername": "Nominal"}
[2025-04-22 01:10:11.837 -0400] [INFO] [cadence.virtuoso.ade.simulationMonitor] - Notice from spectre at time = 262 ps during transient analysis `tran'.
    Found trapezoidal ringing on node _vvdd!:p. {"history": "ExplorerRun.0", "point": 2, "testname": "project_1_inverter_1", "cornername": "Nominal"}
[2025-04-22 01:10:11.837 -0400] [INFO] [cadence.virtuoso.ade.simulationMonitor] - Notice from spectre during transient analysis `tran'.
    Trapezoidal ringing is detected during tran analysis.
        Please use method=trap for better results and performance. {"history": "ExplorerRun.0", "point": 2, "testname": "project_1_inverter_1", "cornername": "Nominal"}
[2025-04-22 01:10:11.838 -0400] [INFO] [cadence.virtuoso.ade.simulationMonitor] - Intrinsic tran analysis time:    CPU = 7 ms, elapsed = 12.63 ms. {"history": "ExplorerRun.0", "point": 2, "testname": "project_1_inverter_1", "cornername": "Nominal"}
[2025-04-22 01:10:11.838 -0400] [INFO] [cadence.virtuoso.ade.simulationMonitor] - Total time required for tran analysis `tran': CPU = 9.225 ms, elapsed = 16.3729 ms, util. = 56.3%. {"history": "ExplorerRun.0", "point": 2, "testname": "project_1_inverter_1", "cornername": "Nominal"}
[2025-04-22 01:10:11.838 -0400] [INFO] [cadence.virtuoso.ade.simulationMonitor] - Peak resident memory used = 185 Mbytes. {"history": "ExplorerRun.0", "point": 2, "testname": "project_1_inverter_1", "cornername": "Nominal"}
[2025-04-22 01:10:11.839 -0400] [INFO] [cadence.virtuoso.ade.simulationMonitor] - Time used: CPU = 406 ms, elapsed = 524 ms, util. = 77.5%. {"history": "ExplorerRun.0", "point": 2, "testname": "project_1_inverter_1", "cornername": "Nominal"}
[2025-04-22 01:10:11.839 -0400] [INFO] [cadence.virtuoso.ade.simulationMonitor] - Time spent in licensing: elapsed = 75.4 ms, percentage of total = 14.4%. {"history": "ExplorerRun.0", "point": 2, "testname": "project_1_inverter_1", "cornername": "Nominal"}
[2025-04-22 01:10:11.840 -0400] [INFO] [cadence.virtuoso.ade.simulationMonitor] - Peak memory used = 186 Mbytes. {"history": "ExplorerRun.0", "point": 2, "testname": "project_1_inverter_1", "cornername": "Nominal"}
[2025-04-22 01:10:11.841 -0400] [PROCESS] [cadence.virtuoso.ade.simulationMonitor] - Simulation started at: 1:10:08 AM, Tue Apr 22, 2025, ended at: 1:10:09 AM, Tue Apr 22, 2025, with elapsed time (wall clock): 524 ms. {"history": "ExplorerRun.0", "point": 2, "testname": "project_1_inverter_1", "cornername": "Nominal"}
[2025-04-22 01:10:11.841 -0400] [PROCESS] [cadence.virtuoso.ade.simulationMonitor] - spectre completes with 0 errors, 2 warnings, and 8 notices. {"history": "ExplorerRun.0", "point": 2, "testname": "project_1_inverter_1", "cornername": "Nominal"}
[2025-04-22 01:10:11.841 -0400] [PROCESS] [cadence.virtuoso.ade.simulationMonitor] - Finished simulating for one point {"hostname": "ece-linlabsrv01.ece.gatech.edu", "processid": 1447662, "history": "ExplorerRun.0", "testname": "project_1_inverter_1", "cornername": "Nominal", "point": 2, "logfile": "/nethome/rgoel68/ECE3150/logs_rgoel68/logs0/Job7.log", "simid": "2", "event": "finish", "category": "simulation"}
[2025-04-22 01:10:11.842 -0400] [PROCESS] [cadence.virtuoso.ade.simulationMonitor] - Simulator exited {"hostname": "ece-linlabsrv01.ece.gatech.edu", "processid": 1447662, "history": "ExplorerRun.0", "testname": "project_1_inverter_1", "cornername": "Nominal", "point": 2, "logfile": "/nethome/rgoel68/ECE3150/logs_rgoel68/logs0/Job7.log", "exitStatus": "0"}
[2025-04-22 01:10:11.842 -0400] [PROCESS] [cadence.virtuoso.ade.simulationMonitor] - Finished Simulation {"hostname": "ece-linlabsrv01.ece.gatech.edu", "processid": 1447662, "history": "ExplorerRun.0", "testname": "project_1_inverter_1", "cornername": "Nominal", "point": 2, "logfile": "/nethome/rgoel68/ECE3150/logs_rgoel68/logs0/Job7.log", "simid": "2", "event": "finish", "category": "obsolete"}
[2025-04-22 01:10:13.344 -0400] [PROCESS] [cadence.virtuoso.ade.simulationMonitor] - Point Finished {"hostname": "ece-linlabsrv01.ece.gatech.edu", "processid": 1447662, "history": "ExplorerRun.0", "testname": "project_1_inverter_1", "cornername": "Nominal", "point": 2, "logfile": "/nethome/rgoel68/ECE3150/logs_rgoel68/logs0/Job7.log", "event": "finish", "category": "sim-eval"}
[2025-04-22 01:10:13.346 -0400] [PROCESS] [cadence.virtuoso.ade.simulationMonitor] - HostInfo:
Host name (type):	ece-linlabsrv01.ece.gatech.edu (x86_64)
Operating system:	Linux 4.18.0-553.44.1.el8_10.x86_64 #1 SMP Wed Mar 5 10:48:41 EST 2025 {"hostname": "ece-linlabsrv01.ece.gatech.edu", "processid": 1447662, "history": "ExplorerRun.0", "testname": "project_1_inverter_1", "cornername": "Nominal", "point": 2, "logfile": "/nethome/rgoel68/ECE3150/logs_rgoel68/logs0/Job7.log", "nodename": "ece-linlabsrv01.ece.gatech.edu", "domainname": "(none)", "machine": "x86_64", "sysname": "Linux", "release": "4.18.0-553.44.1.el8_10.x86_64", "version": "#1 SMP Wed Mar 5 10:48:41 EST 2025"}
[2025-04-22 01:10:13.346 -0400] [PROCESS] [cadence.virtuoso.ade.simulationMonitor] - UsageInfo:
pid=1447662
totalPhysicalMemory=186.850849GB,Used=149.547390GB,totalVirtualMemory=250.850845GB,Used=207.817184GB
Cpu: Cores=112, Load average:24.220000,24.160000,28.480000 {"hostname": "ece-linlabsrv01.ece.gatech.edu", "processid": 1447662, "history": "ExplorerRun.0", "testname": "project_1_inverter_1", "cornername": "Nominal", "point": 2, "logfile": "/nethome/rgoel68/ECE3150/logs_rgoel68/logs0/Job7.log", "pid": "1447662", "totalPhysicalMemory": "186.850849", "physicalMemoryUsed": "149.547390", "totalVirtualMemory": "250.850845", "virtualMemoryUsed": "207.817184", "cpuCores": "112", "processes": "20328", "loadAverage1": "24.220000", "loadAverage5": "24.160000", "loadAverage15": "28.480000", "loadAverage1Percent": "0.216250"}
[2025-04-22 01:10:13.349 -0400] [EVENT] [cadence.virtuoso.ade.simulationMonitor] - NewPoint {"history": "ExplorerRun.0", "point": 3, "testname": "project_1_inverter_1", "cornername": "Nominal", "event": "NewPoint", "EventSource": "Simulation Monitor", "HistoryName": "ExplorerRun.0", "logFile": "/nethome/rgoel68/ECE3150/logs_rgoel68/logs0/Job7.log", "logFileSize": "27000", "category": "simulation"}
[2025-04-22 01:10:13.552 -0400] [EVENT] [cadence.virtuoso.ade.simulationMonitor] - NewPoint {"history": "ExplorerRun.0", "point": 3, "testname": "project_1_inverter_1", "cornername": "Nominal", "event": "NewPoint", "EventSource": "spectre", "HistoryName": "ExplorerRun.0", "logFile": "/nethome/rgoel68/simulation/project_1/inverter/maestro/results/maestro/ExplorerRun.0/3/project_1_inverter_1/psf/spectre.out", "logFileSize": "-1", "category": "simulation"}
[2025-04-22 01:10:13.760 -0400] [PROCESS] [cadence.virtuoso.ade.simulationMonitor] - Simulator launched {"hostname": "ece-linlabsrv01.ece.gatech.edu", "processid": 1447662, "history": "ExplorerRun.0", "testname": "project_1_inverter_1", "cornername": "Nominal", "point": 3, "logfile": "/nethome/rgoel68/ECE3150/logs_rgoel68/logs0/Job7.log", "simid": "3", "event": "launch", "category": "simulation"}
[2025-04-22 01:10:16.856 -0400] [INFO] [cadence.virtuoso.ade.simulationMonitor] - Peak resident memory used = 164 Mbytes. {"history": "ExplorerRun.0", "point": 3, "testname": "project_1_inverter_1", "cornername": "Nominal"}
[2025-04-22 01:10:16.856 -0400] [WARN] [cadence.virtuoso.ade.simulationMonitor] -     WARNING (SFE-102): "netlist" 6: Parameter `ld', specified for model `PMOS_VTL' of primitive `bsim4', has been ignored because it is an invalid instance parameter. Specify a valid model parameter and rerun the simulation. Type `spectre -h bsim4' to get more information on valid model parameters. {"history": "ExplorerRun.0", "point": 3, "testname": "project_1_inverter_1", "cornername": "Nominal"}
[2025-04-22 01:10:16.856 -0400] [WARN] [cadence.virtuoso.ade.simulationMonitor] -     WARNING (SFE-102): "netlist" 8: Parameter `ld', specified for model `NMOS_VTL' of primitive `bsim4', has been ignored because it is an invalid instance parameter. Specify a valid model parameter and rerun the simulation. Type `spectre -h bsim4' to get more information on valid model parameters. {"history": "ExplorerRun.0", "point": 3, "testname": "project_1_inverter_1", "cornername": "Nominal"}
[2025-04-22 01:10:16.856 -0400] [INFO] [cadence.virtuoso.ade.simulationMonitor] - Peak resident memory used = 173 Mbytes. {"history": "ExplorerRun.0", "point": 3, "testname": "project_1_inverter_1", "cornername": "Nominal"}
[2025-04-22 01:10:16.856 -0400] [INFO] [cadence.virtuoso.ade.simulationMonitor] - Peak resident memory used = 173 Mbytes. {"history": "ExplorerRun.0", "point": 3, "testname": "project_1_inverter_1", "cornername": "Nominal"}
[2025-04-22 01:10:16.856 -0400] [INFO] [cadence.virtuoso.ade.simulationMonitor] - Notice from spectre during initial setup.
    Multithreading is disabled due to the size of the design being too small. {"history": "ExplorerRun.0", "point": 3, "testname": "project_1_inverter_1", "cornername": "Nominal"}
[2025-04-22 01:10:16.859 -0400] [INFO] [cadence.virtuoso.ade.simulationMonitor] -               nodes 3 {"history": "ExplorerRun.0", "point": 3, "testname": "project_1_inverter_1", "cornername": "Nominal"}
[2025-04-22 01:10:16.859 -0400] [INFO] [cadence.virtuoso.ade.simulationMonitor] - Notice from spectre during initial setup.
    Protected devices exist and are not included in the circuit inventory.
    APS enabled. {"history": "ExplorerRun.0", "point": 3, "testname": "project_1_inverter_1", "cornername": "Nominal"}
[2025-04-22 01:10:16.859 -0400] [INFO] [cadence.virtuoso.ade.simulationMonitor] - Peak resident memory used = 177 Mbytes. {"history": "ExplorerRun.0", "point": 3, "testname": "project_1_inverter_1", "cornername": "Nominal"}
[2025-04-22 01:10:16.860 -0400] [INFO] [cadence.virtuoso.ade.simulationMonitor] -    -   (APS) Multi-threading. The recommended number of threads is 1, consider adding +mt=1 on command line. {"history": "ExplorerRun.0", "point": 3, "testname": "project_1_inverter_1", "cornername": "Nominal"}
[2025-04-22 01:10:16.860 -0400] [INFO] [cadence.virtuoso.ade.simulationMonitor] - Notice from spectre during transient analysis `tran'.
    Multithreading is disabled due to the size of the design being too small. {"history": "ExplorerRun.0", "point": 3, "testname": "project_1_inverter_1", "cornername": "Nominal"}
[2025-04-22 01:10:16.860 -0400] [INFO] [cadence.virtuoso.ade.simulationMonitor] - Intrinsic tran analysis time:    CPU = 7.082 ms, elapsed = 12.495 ms. {"history": "ExplorerRun.0", "point": 3, "testname": "project_1_inverter_1", "cornername": "Nominal"}
[2025-04-22 01:10:16.860 -0400] [INFO] [cadence.virtuoso.ade.simulationMonitor] - Total time required for tran analysis `tran': CPU = 9.323 ms, elapsed = 16.212 ms, util. = 57.5%. {"history": "ExplorerRun.0", "point": 3, "testname": "project_1_inverter_1", "cornername": "Nominal"}
[2025-04-22 01:10:16.860 -0400] [INFO] [cadence.virtuoso.ade.simulationMonitor] - Peak resident memory used = 184 Mbytes. {"history": "ExplorerRun.0", "point": 3, "testname": "project_1_inverter_1", "cornername": "Nominal"}
[2025-04-22 01:10:16.861 -0400] [INFO] [cadence.virtuoso.ade.simulationMonitor] - Time used: CPU = 399 ms, elapsed = 474 ms, util. = 84%. {"history": "ExplorerRun.0", "point": 3, "testname": "project_1_inverter_1", "cornername": "Nominal"}
[2025-04-22 01:10:16.861 -0400] [INFO] [cadence.virtuoso.ade.simulationMonitor] - Time spent in licensing: elapsed = 40.3 ms, percentage of total = 8.51%. {"history": "ExplorerRun.0", "point": 3, "testname": "project_1_inverter_1", "cornername": "Nominal"}
[2025-04-22 01:10:16.862 -0400] [INFO] [cadence.virtuoso.ade.simulationMonitor] - Peak memory used = 185 Mbytes. {"history": "ExplorerRun.0", "point": 3, "testname": "project_1_inverter_1", "cornername": "Nominal"}
[2025-04-22 01:10:16.865 -0400] [PROCESS] [cadence.virtuoso.ade.simulationMonitor] - Simulation started at: 1:10:14 AM, Tue Apr 22, 2025, ended at: 1:10:14 AM, Tue Apr 22, 2025, with elapsed time (wall clock): 474 ms. {"history": "ExplorerRun.0", "point": 3, "testname": "project_1_inverter_1", "cornername": "Nominal"}
[2025-04-22 01:10:16.865 -0400] [PROCESS] [cadence.virtuoso.ade.simulationMonitor] - spectre completes with 0 errors, 2 warnings, and 5 notices. {"history": "ExplorerRun.0", "point": 3, "testname": "project_1_inverter_1", "cornername": "Nominal"}
[2025-04-22 01:10:16.865 -0400] [PROCESS] [cadence.virtuoso.ade.simulationMonitor] - Finished simulating for one point {"hostname": "ece-linlabsrv01.ece.gatech.edu", "processid": 1447662, "history": "ExplorerRun.0", "testname": "project_1_inverter_1", "cornername": "Nominal", "point": 3, "logfile": "/nethome/rgoel68/ECE3150/logs_rgoel68/logs0/Job7.log", "simid": "3", "event": "finish", "category": "simulation"}
[2025-04-22 01:10:16.865 -0400] [PROCESS] [cadence.virtuoso.ade.simulationMonitor] - Simulator exited {"hostname": "ece-linlabsrv01.ece.gatech.edu", "processid": 1447662, "history": "ExplorerRun.0", "testname": "project_1_inverter_1", "cornername": "Nominal", "point": 3, "logfile": "/nethome/rgoel68/ECE3150/logs_rgoel68/logs0/Job7.log", "exitStatus": "0"}
[2025-04-22 01:10:16.865 -0400] [PROCESS] [cadence.virtuoso.ade.simulationMonitor] - Finished Simulation {"hostname": "ece-linlabsrv01.ece.gatech.edu", "processid": 1447662, "history": "ExplorerRun.0", "testname": "project_1_inverter_1", "cornername": "Nominal", "point": 3, "logfile": "/nethome/rgoel68/ECE3150/logs_rgoel68/logs0/Job7.log", "simid": "3", "event": "finish", "category": "obsolete"}
[2025-04-22 01:10:18.368 -0400] [PROCESS] [cadence.virtuoso.ade.simulationMonitor] - Point Finished {"hostname": "ece-linlabsrv01.ece.gatech.edu", "processid": 1447662, "history": "ExplorerRun.0", "testname": "project_1_inverter_1", "cornername": "Nominal", "point": 3, "logfile": "/nethome/rgoel68/ECE3150/logs_rgoel68/logs0/Job7.log", "event": "finish", "category": "sim-eval"}
[2025-04-22 01:10:18.369 -0400] [PROCESS] [cadence.virtuoso.ade.simulationMonitor] - HostInfo:
Host name (type):	ece-linlabsrv01.ece.gatech.edu (x86_64)
Operating system:	Linux 4.18.0-553.44.1.el8_10.x86_64 #1 SMP Wed Mar 5 10:48:41 EST 2025 {"hostname": "ece-linlabsrv01.ece.gatech.edu", "processid": 1447662, "history": "ExplorerRun.0", "testname": "project_1_inverter_1", "cornername": "Nominal", "point": 3, "logfile": "/nethome/rgoel68/ECE3150/logs_rgoel68/logs0/Job7.log", "nodename": "ece-linlabsrv01.ece.gatech.edu", "domainname": "(none)", "machine": "x86_64", "sysname": "Linux", "release": "4.18.0-553.44.1.el8_10.x86_64", "version": "#1 SMP Wed Mar 5 10:48:41 EST 2025"}
[2025-04-22 01:10:18.370 -0400] [PROCESS] [cadence.virtuoso.ade.simulationMonitor] - UsageInfo:
pid=1447662
totalPhysicalMemory=186.850849GB,Used=150.659206GB,totalVirtualMemory=250.850845GB,Used=208.929001GB
Cpu: Cores=112, Load average:23.560000,24.020000,28.420000 {"hostname": "ece-linlabsrv01.ece.gatech.edu", "processid": 1447662, "history": "ExplorerRun.0", "testname": "project_1_inverter_1", "cornername": "Nominal", "point": 3, "logfile": "/nethome/rgoel68/ECE3150/logs_rgoel68/logs0/Job7.log", "pid": "1447662", "totalPhysicalMemory": "186.850849", "physicalMemoryUsed": "150.659206", "totalVirtualMemory": "250.850845", "virtualMemoryUsed": "208.929001", "cpuCores": "112", "processes": "20363", "loadAverage1": "23.560000", "loadAverage5": "24.020000", "loadAverage15": "28.420000", "loadAverage1Percent": "0.210357"}
[2025-04-22 01:10:18.373 -0400] [EVENT] [cadence.virtuoso.ade.simulationMonitor] - NewPoint {"history": "ExplorerRun.0", "point": 4, "testname": "project_1_inverter_1", "cornername": "Nominal", "event": "NewPoint", "EventSource": "Simulation Monitor", "HistoryName": "ExplorerRun.0", "logFile": "/nethome/rgoel68/ECE3150/logs_rgoel68/logs0/Job7.log", "logFileSize": "36665", "category": "simulation"}
[2025-04-22 01:10:18.575 -0400] [EVENT] [cadence.virtuoso.ade.simulationMonitor] - NewPoint {"history": "ExplorerRun.0", "point": 4, "testname": "project_1_inverter_1", "cornername": "Nominal", "event": "NewPoint", "EventSource": "spectre", "HistoryName": "ExplorerRun.0", "logFile": "/nethome/rgoel68/simulation/project_1/inverter/maestro/results/maestro/ExplorerRun.0/4/project_1_inverter_1/psf/spectre.out", "logFileSize": "-1", "category": "simulation"}
[2025-04-22 01:10:18.786 -0400] [PROCESS] [cadence.virtuoso.ade.simulationMonitor] - Simulator launched {"hostname": "ece-linlabsrv01.ece.gatech.edu", "processid": 1447662, "history": "ExplorerRun.0", "testname": "project_1_inverter_1", "cornername": "Nominal", "point": 4, "logfile": "/nethome/rgoel68/ECE3150/logs_rgoel68/logs0/Job7.log", "simid": "4", "event": "launch", "category": "simulation"}
[2025-04-22 01:10:21.952 -0400] [INFO] [cadence.virtuoso.ade.simulationMonitor] - Peak resident memory used = 175 Mbytes. {"history": "ExplorerRun.0", "point": 4, "testname": "project_1_inverter_1", "cornername": "Nominal"}
[2025-04-22 01:10:21.952 -0400] [WARN] [cadence.virtuoso.ade.simulationMonitor] -     WARNING (SFE-102): "netlist" 6: Parameter `ld', specified for model `PMOS_VTL' of primitive `bsim4', has been ignored because it is an invalid instance parameter. Specify a valid model parameter and rerun the simulation. Type `spectre -h bsim4' to get more information on valid model parameters. {"history": "ExplorerRun.0", "point": 4, "testname": "project_1_inverter_1", "cornername": "Nominal"}
[2025-04-22 01:10:21.952 -0400] [WARN] [cadence.virtuoso.ade.simulationMonitor] -     WARNING (SFE-102): "netlist" 8: Parameter `ld', specified for model `NMOS_VTL' of primitive `bsim4', has been ignored because it is an invalid instance parameter. Specify a valid model parameter and rerun the simulation. Type `spectre -h bsim4' to get more information on valid model parameters. {"history": "ExplorerRun.0", "point": 4, "testname": "project_1_inverter_1", "cornername": "Nominal"}
[2025-04-22 01:10:21.952 -0400] [INFO] [cadence.virtuoso.ade.simulationMonitor] - Peak resident memory used = 184 Mbytes. {"history": "ExplorerRun.0", "point": 4, "testname": "project_1_inverter_1", "cornername": "Nominal"}
[2025-04-22 01:10:21.952 -0400] [INFO] [cadence.virtuoso.ade.simulationMonitor] - Peak resident memory used = 184 Mbytes. {"history": "ExplorerRun.0", "point": 4, "testname": "project_1_inverter_1", "cornername": "Nominal"}
[2025-04-22 01:10:21.952 -0400] [INFO] [cadence.virtuoso.ade.simulationMonitor] - Notice from spectre during initial setup.
    Multithreading is disabled due to the size of the design being too small. {"history": "ExplorerRun.0", "point": 4, "testname": "project_1_inverter_1", "cornername": "Nominal"}
[2025-04-22 01:10:21.955 -0400] [INFO] [cadence.virtuoso.ade.simulationMonitor] -               nodes 3 {"history": "ExplorerRun.0", "point": 4, "testname": "project_1_inverter_1", "cornername": "Nominal"}
[2025-04-22 01:10:21.955 -0400] [INFO] [cadence.virtuoso.ade.simulationMonitor] - Notice from spectre during initial setup.
    Protected devices exist and are not included in the circuit inventory.
    APS enabled. {"history": "ExplorerRun.0", "point": 4, "testname": "project_1_inverter_1", "cornername": "Nominal"}
[2025-04-22 01:10:21.955 -0400] [INFO] [cadence.virtuoso.ade.simulationMonitor] - Peak resident memory used = 187 Mbytes. {"history": "ExplorerRun.0", "point": 4, "testname": "project_1_inverter_1", "cornername": "Nominal"}
[2025-04-22 01:10:21.956 -0400] [INFO] [cadence.virtuoso.ade.simulationMonitor] -    -   (APS) Multi-threading. The recommended number of threads is 1, consider adding +mt=1 on command line. {"history": "ExplorerRun.0", "point": 4, "testname": "project_1_inverter_1", "cornername": "Nominal"}
[2025-04-22 01:10:21.956 -0400] [INFO] [cadence.virtuoso.ade.simulationMonitor] - Notice from spectre during transient analysis `tran'.
    Multithreading is disabled due to the size of the design being too small. {"history": "ExplorerRun.0", "point": 4, "testname": "project_1_inverter_1", "cornername": "Nominal"}
[2025-04-22 01:10:21.956 -0400] [INFO] [cadence.virtuoso.ade.simulationMonitor] - Intrinsic tran analysis time:    CPU = 6.996 ms, elapsed = 11.6301 ms. {"history": "ExplorerRun.0", "point": 4, "testname": "project_1_inverter_1", "cornername": "Nominal"}
[2025-04-22 01:10:21.956 -0400] [INFO] [cadence.virtuoso.ade.simulationMonitor] - Total time required for tran analysis `tran': CPU = 9.228 ms, elapsed = 15.3439 ms, util. = 60.1%. {"history": "ExplorerRun.0", "point": 4, "testname": "project_1_inverter_1", "cornername": "Nominal"}
[2025-04-22 01:10:21.957 -0400] [INFO] [cadence.virtuoso.ade.simulationMonitor] - Peak resident memory used = 195 Mbytes. {"history": "ExplorerRun.0", "point": 4, "testname": "project_1_inverter_1", "cornername": "Nominal"}
[2025-04-22 01:10:21.958 -0400] [INFO] [cadence.virtuoso.ade.simulationMonitor] - Time used: CPU = 416 ms, elapsed = 473 ms, util. = 87.8%. {"history": "ExplorerRun.0", "point": 4, "testname": "project_1_inverter_1", "cornername": "Nominal"}
[2025-04-22 01:10:21.958 -0400] [INFO] [cadence.virtuoso.ade.simulationMonitor] - Time spent in licensing: elapsed = 36.9 ms, percentage of total = 7.8%. {"history": "ExplorerRun.0", "point": 4, "testname": "project_1_inverter_1", "cornername": "Nominal"}
[2025-04-22 01:10:21.958 -0400] [INFO] [cadence.virtuoso.ade.simulationMonitor] - Peak memory used = 196 Mbytes. {"history": "ExplorerRun.0", "point": 4, "testname": "project_1_inverter_1", "cornername": "Nominal"}
[2025-04-22 01:10:21.960 -0400] [PROCESS] [cadence.virtuoso.ade.simulationMonitor] - Simulation started at: 1:10:19 AM, Tue Apr 22, 2025, ended at: 1:10:19 AM, Tue Apr 22, 2025, with elapsed time (wall clock): 473 ms. {"history": "ExplorerRun.0", "point": 4, "testname": "project_1_inverter_1", "cornername": "Nominal"}
[2025-04-22 01:10:21.960 -0400] [PROCESS] [cadence.virtuoso.ade.simulationMonitor] - spectre completes with 0 errors, 2 warnings, and 5 notices. {"history": "ExplorerRun.0", "point": 4, "testname": "project_1_inverter_1", "cornername": "Nominal"}
[2025-04-22 01:10:21.960 -0400] [PROCESS] [cadence.virtuoso.ade.simulationMonitor] - Finished simulating for one point {"hostname": "ece-linlabsrv01.ece.gatech.edu", "processid": 1447662, "history": "ExplorerRun.0", "testname": "project_1_inverter_1", "cornername": "Nominal", "point": 4, "logfile": "/nethome/rgoel68/ECE3150/logs_rgoel68/logs0/Job7.log", "simid": "4", "event": "finish", "category": "simulation"}
[2025-04-22 01:10:21.960 -0400] [PROCESS] [cadence.virtuoso.ade.simulationMonitor] - Simulator exited {"hostname": "ece-linlabsrv01.ece.gatech.edu", "processid": 1447662, "history": "ExplorerRun.0", "testname": "project_1_inverter_1", "cornername": "Nominal", "point": 4, "logfile": "/nethome/rgoel68/ECE3150/logs_rgoel68/logs0/Job7.log", "exitStatus": "0"}
[2025-04-22 01:10:21.960 -0400] [PROCESS] [cadence.virtuoso.ade.simulationMonitor] - Finished Simulation {"hostname": "ece-linlabsrv01.ece.gatech.edu", "processid": 1447662, "history": "ExplorerRun.0", "testname": "project_1_inverter_1", "cornername": "Nominal", "point": 4, "logfile": "/nethome/rgoel68/ECE3150/logs_rgoel68/logs0/Job7.log", "simid": "4", "event": "finish", "category": "obsolete"}
[2025-04-22 01:10:22.962 -0400] [PROCESS] [cadence.virtuoso.ade.simulationMonitor] - Point Finished {"hostname": "ece-linlabsrv01.ece.gatech.edu", "processid": 1447662, "history": "ExplorerRun.0", "testname": "project_1_inverter_1", "cornername": "Nominal", "point": 4, "logfile": "/nethome/rgoel68/ECE3150/logs_rgoel68/logs0/Job7.log", "event": "finish", "category": "sim-eval"}
[2025-04-22 01:10:22.965 -0400] [PROCESS] [cadence.virtuoso.ade.simulationMonitor] - HostInfo:
Host name (type):	ece-linlabsrv01.ece.gatech.edu (x86_64)
Operating system:	Linux 4.18.0-553.44.1.el8_10.x86_64 #1 SMP Wed Mar 5 10:48:41 EST 2025 {"hostname": "ece-linlabsrv01.ece.gatech.edu", "processid": 1447662, "history": "ExplorerRun.0", "testname": "project_1_inverter_1", "cornername": "Nominal", "point": 4, "logfile": "/nethome/rgoel68/ECE3150/logs_rgoel68/logs0/Job7.log", "nodename": "ece-linlabsrv01.ece.gatech.edu", "domainname": "(none)", "machine": "x86_64", "sysname": "Linux", "release": "4.18.0-553.44.1.el8_10.x86_64", "version": "#1 SMP Wed Mar 5 10:48:41 EST 2025"}
[2025-04-22 01:10:22.965 -0400] [PROCESS] [cadence.virtuoso.ade.simulationMonitor] - UsageInfo:
pid=1447662
totalPhysicalMemory=186.850849GB,Used=150.685368GB,totalVirtualMemory=250.850845GB,Used=208.955162GB
Cpu: Cores=112, Load average:22.800000,23.850000,28.340000 {"hostname": "ece-linlabsrv01.ece.gatech.edu", "processid": 1447662, "history": "ExplorerRun.0", "testname": "project_1_inverter_1", "cornername": "Nominal", "point": 4, "logfile": "/nethome/rgoel68/ECE3150/logs_rgoel68/logs0/Job7.log", "pid": "1447662", "totalPhysicalMemory": "186.850849", "physicalMemoryUsed": "150.685368", "totalVirtualMemory": "250.850845", "virtualMemoryUsed": "208.955162", "cpuCores": "112", "processes": "20235", "loadAverage1": "22.800000", "loadAverage5": "23.850000", "loadAverage15": "28.340000", "loadAverage1Percent": "0.203571"}
[2025-04-22 01:10:22.969 -0400] [EVENT] [cadence.virtuoso.ade.simulationMonitor] - NewPoint {"history": "ExplorerRun.0", "point": 5, "testname": "project_1_inverter_1", "cornername": "Nominal", "event": "NewPoint", "EventSource": "Simulation Monitor", "HistoryName": "ExplorerRun.0", "logFile": "/nethome/rgoel68/ECE3150/logs_rgoel68/logs0/Job7.log", "logFileSize": "46333", "category": "simulation"}
[2025-04-22 01:10:23.170 -0400] [EVENT] [cadence.virtuoso.ade.simulationMonitor] - NewPoint {"history": "ExplorerRun.0", "point": 5, "testname": "project_1_inverter_1", "cornername": "Nominal", "event": "NewPoint", "EventSource": "spectre", "HistoryName": "ExplorerRun.0", "logFile": "/nethome/rgoel68/simulation/project_1/inverter/maestro/results/maestro/ExplorerRun.0/5/project_1_inverter_1/psf/spectre.out", "logFileSize": "-1", "category": "simulation"}
[2025-04-22 01:10:23.375 -0400] [PROCESS] [cadence.virtuoso.ade.simulationMonitor] - Simulator launched {"hostname": "ece-linlabsrv01.ece.gatech.edu", "processid": 1447662, "history": "ExplorerRun.0", "testname": "project_1_inverter_1", "cornername": "Nominal", "point": 5, "logfile": "/nethome/rgoel68/ECE3150/logs_rgoel68/logs0/Job7.log", "simid": "5", "event": "launch", "category": "simulation"}
[2025-04-22 01:10:26.497 -0400] [INFO] [cadence.virtuoso.ade.simulationMonitor] - Peak resident memory used = 165 Mbytes. {"history": "ExplorerRun.0", "point": 5, "testname": "project_1_inverter_1", "cornername": "Nominal"}
[2025-04-22 01:10:26.497 -0400] [WARN] [cadence.virtuoso.ade.simulationMonitor] -     WARNING (SFE-102): "netlist" 6: Parameter `ld', specified for model `PMOS_VTL' of primitive `bsim4', has been ignored because it is an invalid instance parameter. Specify a valid model parameter and rerun the simulation. Type `spectre -h bsim4' to get more information on valid model parameters. {"history": "ExplorerRun.0", "point": 5, "testname": "project_1_inverter_1", "cornername": "Nominal"}
[2025-04-22 01:10:26.497 -0400] [WARN] [cadence.virtuoso.ade.simulationMonitor] -     WARNING (SFE-102): "netlist" 8: Parameter `ld', specified for model `NMOS_VTL' of primitive `bsim4', has been ignored because it is an invalid instance parameter. Specify a valid model parameter and rerun the simulation. Type `spectre -h bsim4' to get more information on valid model parameters. {"history": "ExplorerRun.0", "point": 5, "testname": "project_1_inverter_1", "cornername": "Nominal"}
[2025-04-22 01:10:26.497 -0400] [INFO] [cadence.virtuoso.ade.simulationMonitor] - Peak resident memory used = 174 Mbytes. {"history": "ExplorerRun.0", "point": 5, "testname": "project_1_inverter_1", "cornername": "Nominal"}
[2025-04-22 01:10:26.497 -0400] [INFO] [cadence.virtuoso.ade.simulationMonitor] - Peak resident memory used = 174 Mbytes. {"history": "ExplorerRun.0", "point": 5, "testname": "project_1_inverter_1", "cornername": "Nominal"}
[2025-04-22 01:10:26.497 -0400] [INFO] [cadence.virtuoso.ade.simulationMonitor] - Notice from spectre during initial setup.
    Multithreading is disabled due to the size of the design being too small. {"history": "ExplorerRun.0", "point": 5, "testname": "project_1_inverter_1", "cornername": "Nominal"}
[2025-04-22 01:10:26.500 -0400] [INFO] [cadence.virtuoso.ade.simulationMonitor] -               nodes 3 {"history": "ExplorerRun.0", "point": 5, "testname": "project_1_inverter_1", "cornername": "Nominal"}
[2025-04-22 01:10:26.500 -0400] [INFO] [cadence.virtuoso.ade.simulationMonitor] - Notice from spectre during initial setup.
    Protected devices exist and are not included in the circuit inventory.
    APS enabled. {"history": "ExplorerRun.0", "point": 5, "testname": "project_1_inverter_1", "cornername": "Nominal"}
[2025-04-22 01:10:26.500 -0400] [INFO] [cadence.virtuoso.ade.simulationMonitor] - Peak resident memory used = 177 Mbytes. {"history": "ExplorerRun.0", "point": 5, "testname": "project_1_inverter_1", "cornername": "Nominal"}
[2025-04-22 01:10:26.501 -0400] [INFO] [cadence.virtuoso.ade.simulationMonitor] -    -   (APS) Multi-threading. The recommended number of threads is 1, consider adding +mt=1 on command line. {"history": "ExplorerRun.0", "point": 5, "testname": "project_1_inverter_1", "cornername": "Nominal"}
[2025-04-22 01:10:26.501 -0400] [INFO] [cadence.virtuoso.ade.simulationMonitor] - Notice from spectre during transient analysis `tran'.
    Multithreading is disabled due to the size of the design being too small. {"history": "ExplorerRun.0", "point": 5, "testname": "project_1_inverter_1", "cornername": "Nominal"}
[2025-04-22 01:10:26.502 -0400] [INFO] [cadence.virtuoso.ade.simulationMonitor] - Intrinsic tran analysis time:    CPU = 7.162 ms, elapsed = 14.184 ms. {"history": "ExplorerRun.0", "point": 5, "testname": "project_1_inverter_1", "cornername": "Nominal"}
[2025-04-22 01:10:26.502 -0400] [INFO] [cadence.virtuoso.ade.simulationMonitor] - Total time required for tran analysis `tran': CPU = 9.568 ms, elapsed = 18.095 ms, util. = 52.9%. {"history": "ExplorerRun.0", "point": 5, "testname": "project_1_inverter_1", "cornername": "Nominal"}
[2025-04-22 01:10:26.502 -0400] [INFO] [cadence.virtuoso.ade.simulationMonitor] - Peak resident memory used = 185 Mbytes. {"history": "ExplorerRun.0", "point": 5, "testname": "project_1_inverter_1", "cornername": "Nominal"}
[2025-04-22 01:10:26.503 -0400] [INFO] [cadence.virtuoso.ade.simulationMonitor] - Time used: CPU = 416 ms, elapsed = 498 ms, util. = 83.6%. {"history": "ExplorerRun.0", "point": 5, "testname": "project_1_inverter_1", "cornername": "Nominal"}
[2025-04-22 01:10:26.503 -0400] [INFO] [cadence.virtuoso.ade.simulationMonitor] - Time spent in licensing: elapsed = 42.5 ms, percentage of total = 8.54%. {"history": "ExplorerRun.0", "point": 5, "testname": "project_1_inverter_1", "cornername": "Nominal"}
[2025-04-22 01:10:26.503 -0400] [INFO] [cadence.virtuoso.ade.simulationMonitor] - Peak memory used = 186 Mbytes. {"history": "ExplorerRun.0", "point": 5, "testname": "project_1_inverter_1", "cornername": "Nominal"}
[2025-04-22 01:10:26.505 -0400] [PROCESS] [cadence.virtuoso.ade.simulationMonitor] - Simulation started at: 1:10:23 AM, Tue Apr 22, 2025, ended at: 1:10:24 AM, Tue Apr 22, 2025, with elapsed time (wall clock): 498 ms. {"history": "ExplorerRun.0", "point": 5, "testname": "project_1_inverter_1", "cornername": "Nominal"}
[2025-04-22 01:10:26.505 -0400] [PROCESS] [cadence.virtuoso.ade.simulationMonitor] - spectre completes with 0 errors, 2 warnings, and 5 notices. {"history": "ExplorerRun.0", "point": 5, "testname": "project_1_inverter_1", "cornername": "Nominal"}
[2025-04-22 01:10:26.505 -0400] [PROCESS] [cadence.virtuoso.ade.simulationMonitor] - Finished simulating for one point {"hostname": "ece-linlabsrv01.ece.gatech.edu", "processid": 1447662, "history": "ExplorerRun.0", "testname": "project_1_inverter_1", "cornername": "Nominal", "point": 5, "logfile": "/nethome/rgoel68/ECE3150/logs_rgoel68/logs0/Job7.log", "simid": "5", "event": "finish", "category": "simulation"}
[2025-04-22 01:10:26.505 -0400] [PROCESS] [cadence.virtuoso.ade.simulationMonitor] - Simulator exited {"hostname": "ece-linlabsrv01.ece.gatech.edu", "processid": 1447662, "history": "ExplorerRun.0", "testname": "project_1_inverter_1", "cornername": "Nominal", "point": 5, "logfile": "/nethome/rgoel68/ECE3150/logs_rgoel68/logs0/Job7.log", "exitStatus": "0"}
[2025-04-22 01:10:26.505 -0400] [PROCESS] [cadence.virtuoso.ade.simulationMonitor] - Finished Simulation {"hostname": "ece-linlabsrv01.ece.gatech.edu", "processid": 1447662, "history": "ExplorerRun.0", "testname": "project_1_inverter_1", "cornername": "Nominal", "point": 5, "logfile": "/nethome/rgoel68/ECE3150/logs_rgoel68/logs0/Job7.log", "simid": "5", "event": "finish", "category": "obsolete"}
[2025-04-22 01:10:28.008 -0400] [PROCESS] [cadence.virtuoso.ade.simulationMonitor] - Point Finished {"hostname": "ece-linlabsrv01.ece.gatech.edu", "processid": 1447662, "history": "ExplorerRun.0", "testname": "project_1_inverter_1", "cornername": "Nominal", "point": 5, "logfile": "/nethome/rgoel68/ECE3150/logs_rgoel68/logs0/Job7.log", "event": "finish", "category": "sim-eval"}
[2025-04-22 01:10:29.010 -0400] [PROCESS] [cadence.virtuoso.ade.simulationMonitor] - Stay with the runId '4', Linger time '300', currentRunSyn '9', currentTestSyn '10' {"hostname": "ece-linlabsrv01.ece.gatech.edu", "processid": 1447662, "history": "ExplorerRun.0", "testname": "project_1_inverter_1", "cornername": "Nominal", "point": 5, "logfile": "/nethome/rgoel68/ECE3150/logs_rgoel68/logs0/Job7.log"}
[2025-04-22 01:15:29.137 -0400] [PROCESS] [cadence.virtuoso.ade.simulationMonitor] - Current memory used: 81.0273 MBytes, peak memory used: 81.0273 MBytes {"hostname": "ece-linlabsrv01.ece.gatech.edu", "processid": 1447662, "history": "ExplorerRun.0", "testname": "project_1_inverter_1", "cornername": "Nominal", "point": 5, "logfile": "/nethome/rgoel68/ECE3150/logs_rgoel68/logs0/Job7.log"}
[2025-04-22 01:15:29.138 -0400] [PROCESS] [cadence.virtuoso.ade.simulationMonitor] - Simulation Monitor process exits. {"hostname": "ece-linlabsrv01.ece.gatech.edu", "processid": 1447662, "history": "ExplorerRun.0", "testname": "project_1_inverter_1", "cornername": "Nominal", "point": 5, "logfile": "/nethome/rgoel68/ECE3150/logs_rgoel68/logs0/Job7.log"}
