[Simulation Monitor: 8]
[2025-04-21 15:13:38.538 -0400] [PROCESS] [cadence.virtuoso.ade.simulationMonitor] - Started the simulation monitor process {"hostname": "ece-linlabsrv01.ece.gatech.edu", "processid": 1774747, "logfile": "/nethome/rgoel68/ECE3150/logs_rgoel68/logs0/Job8.log", "simulation monitor command line": "/tools/software/cadence/ic/23.10.120/tools.lnx86/dfII/bin/64bit/spectreMonitor --davinciService DaVinciService_1521812_1745251648 --axlsession fnxSession0 -lscs 000175E1894CBE06FF0966E38F1FFC06BC4D65B0C578C406D07B6FA78410926AD02470F28B50992BD92E69ED90048F74DD2F32AE9C019928D92E0EE517FD64E4D44B00001DCD -beanhost ece-linlabsrv01.ece.gatech.edu -beanport 11727 -beanLogFile /nethome/rgoel68/ECE3150/logs_rgoel68/logs0/amps_Job8.log -beanbinlog  --domain 0 --interactive yes --netlistOpt no --useMultiPointEvaluation yes --exprEvalShowJobStderr yes --evalSimParallel no --maxSims 0 --historyName ExplorerRun.0 --historyUUID  --exprEvaluator vds --mcMapping mc1.mapping --checkLogStatusInterval 0 --checkSimulatorLogTimeout 1200 --exprEvalMaxTries 3 --maxNFSSyncWait 60 -adeBrokerAddress ece-linlabsrv01.ece.gatech.edu:34573 --fromADE true --virtuosoBinary virtuoso --guiDisplay ece-linlabsrv01.ece.gatech.edu:185 --globalStatus 60 --evaluateMultiMC yes --evalOnSimFail SkipFailedAnalyses --numRetriesOnError 1 --fenixMode explorer --lingertimeout 300 -ahdlLockTimeout 60 --sdbLib project3 --sdbCell D_Flip_flop --sdbView maestro --heartBeatFileDir /dev/shm --id 8 --uuid 9e84eec2-d6af-4fc7-b8a3-9560c19dd326 --log /nethome/rgoel68/ECE3150/logs_rgoel68/logs0/Job8.log "}
[2025-04-21 15:13:38.538 -0400] [PROCESS] [cadence.virtuoso.ade.simulationMonitor] - Started the simulation monitor process {"hostname": "ece-linlabsrv01.ece.gatech.edu", "processid": 1774747, "logfile": "/nethome/rgoel68/ECE3150/logs_rgoel68/logs0/Job8.log", "current directory": "/nethome/rgoel68/ECE3150"}
[2025-04-21 15:13:38.538 -0400] [PROCESS] [cadence.virtuoso.ade.simulationMonitor] - Simulation Monitor has successfully started up. Trying to set up communication channels to other components ... {"hostname": "ece-linlabsrv01.ece.gatech.edu", "processid": 1774747, "logfile": "/nethome/rgoel68/ECE3150/logs_rgoel68/logs0/Job8.log"}
[2025-04-21 15:13:38.540 -0400] [PROCESS] [cadence.virtuoso.ade.simulationMonitor] - Communication channels have been successfully set up. Start processing events ... {"hostname": "ece-linlabsrv01.ece.gatech.edu", "processid": 1774747, "logfile": "/nethome/rgoel68/ECE3150/logs_rgoel68/logs0/Job8.log"}
[2025-04-21 15:13:38.540 -0400] [PROCESS] [cadence.virtuoso.ade.simulationMonitor] - Considering to start history {"hostname": "ece-linlabsrv01.ece.gatech.edu", "processid": 1774747, "history": "ExplorerRun.0", "logfile": "/nethome/rgoel68/ECE3150/logs_rgoel68/logs0/Job8.log"}
[2025-04-21 15:13:38.542 -0400] [PROCESS] [cadence.virtuoso.ade.simulationMonitor] - HostInfo:
Host name (type):	ece-linlabsrv01.ece.gatech.edu (x86_64)
Operating system:	Linux 4.18.0-553.44.1.el8_10.x86_64 #1 SMP Wed Mar 5 10:48:41 EST 2025 {"hostname": "ece-linlabsrv01.ece.gatech.edu", "processid": 1774747, "history": "ExplorerRun.0", "logfile": "/nethome/rgoel68/ECE3150/logs_rgoel68/logs0/Job8.log", "nodename": "ece-linlabsrv01.ece.gatech.edu", "domainname": "(none)", "machine": "x86_64", "sysname": "Linux", "release": "4.18.0-553.44.1.el8_10.x86_64", "version": "#1 SMP Wed Mar 5 10:48:41 EST 2025"}
[2025-04-21 15:13:38.542 -0400] [PROCESS] [cadence.virtuoso.ade.simulationMonitor] - UsageInfo:
pid=1774747
totalPhysicalMemory=186.850849GB,Used=164.141632GB,totalVirtualMemory=250.850845GB,Used=209.306507GB
Cpu: Cores=112, Load average:6.720000,17.450000,21.490000 {"hostname": "ece-linlabsrv01.ece.gatech.edu", "processid": 1774747, "history": "ExplorerRun.0", "logfile": "/nethome/rgoel68/ECE3150/logs_rgoel68/logs0/Job8.log", "pid": "1774747", "totalPhysicalMemory": "186.850849", "physicalMemoryUsed": "164.141632", "totalVirtualMemory": "250.850845", "virtualMemoryUsed": "209.306507", "cpuCores": "112", "processes": "21155", "loadAverage1": "6.720000", "loadAverage5": "17.450000", "loadAverage15": "21.490000", "loadAverage1Percent": "0.060000"}
[2025-04-21 15:13:38.546 -0400] [EVENT] [cadence.virtuoso.ade.simulationMonitor] - NewPoint {"history": "ExplorerRun.0", "point": 1, "testname": "project_3_D_Flip_flop_1", "cornername": "Nominal", "event": "NewPoint", "EventSource": "Simulation Monitor", "HistoryName": "ExplorerRun.0", "logFile": "/nethome/rgoel68/ECE3150/logs_rgoel68/logs0/Job8.log", "logFileSize": "4176", "category": "simulation"}
[2025-04-21 15:13:38.747 -0400] [EVENT] [cadence.virtuoso.ade.simulationMonitor] - NewPoint {"history": "ExplorerRun.0", "point": 1, "testname": "project_3_D_Flip_flop_1", "cornername": "Nominal", "event": "NewPoint", "EventSource": "spectre", "HistoryName": "ExplorerRun.0", "logFile": "/nethome/rgoel68/simulation/project3/D_Flip_flop/maestro/results/maestro/ExplorerRun.0/1/project_3_D_Flip_flop_1/psf/spectre.out", "logFileSize": "-1", "category": "simulation"}
[2025-04-21 15:13:38.965 -0400] [PROCESS] [cadence.virtuoso.ade.simulationMonitor] - Simulator launched {"hostname": "ece-linlabsrv01.ece.gatech.edu", "processid": 1774747, "history": "ExplorerRun.0", "testname": "project_3_D_Flip_flop_1", "cornername": "Nominal", "point": 1, "logfile": "/nethome/rgoel68/ECE3150/logs_rgoel68/logs0/Job8.log", "simid": "1", "event": "launch", "category": "simulation"}
[2025-04-21 15:13:38.968 -0400] [PROCESS] [cadence.virtuoso.ade.simulationMonitor] - Expression evaluator launched {"hostname": "ece-linlabsrv01.ece.gatech.edu", "processid": 1774747, "history": "ExplorerRun.0", "testname": "project_3_D_Flip_flop_1", "cornername": "Nominal", "point": 1, "logfile": "/nethome/rgoel68/ECE3150/logs_rgoel68/logs0/Job8.log"}
[2025-04-21 15:13:42.279 -0400] [INFO] [cadence.virtuoso.ade.simulationMonitor] - Notice from spectre during Digital Vector read-in.
    Process Vector Files.
    File read: /nethome/rgoel68/ECE3150/dff_char.vec {"history": "ExplorerRun.0", "point": 1, "testname": "project_3_D_Flip_flop_1", "cornername": "Nominal"}
[2025-04-21 15:13:42.279 -0400] [INFO] [cadence.virtuoso.ade.simulationMonitor] - Peak resident memory used = 176 Mbytes. {"history": "ExplorerRun.0", "point": 1, "testname": "project_3_D_Flip_flop_1", "cornername": "Nominal"}
[2025-04-21 15:13:42.279 -0400] [WARN] [cadence.virtuoso.ade.simulationMonitor] -     WARNING (SFE-102): "input.scs" 26: Parameter `ld', specified for model `PMOS_VTL' of primitive `bsim4', has been ignored because it is an invalid instance parameter. Specify a valid model parameter and rerun the simulation. Type `spectre -h bsim4' to get more information on valid model parameters. {"history": "ExplorerRun.0", "point": 1, "testname": "project_3_D_Flip_flop_1", "cornername": "Nominal"}
[2025-04-21 15:13:42.279 -0400] [WARN] [cadence.virtuoso.ade.simulationMonitor] -     WARNING (SFE-102): "input.scs" 28: Parameter `ld', specified for model `PMOS_VTL' of primitive `bsim4', has been ignored because it is an invalid instance parameter. Specify a valid model parameter and rerun the simulation. Type `spectre -h bsim4' to get more information on valid model parameters. {"history": "ExplorerRun.0", "point": 1, "testname": "project_3_D_Flip_flop_1", "cornername": "Nominal"}
[2025-04-21 15:13:42.279 -0400] [WARN] [cadence.virtuoso.ade.simulationMonitor] -     WARNING (SFE-102): "input.scs" 30: Parameter `ld', specified for model `NMOS_VTL' of primitive `bsim4', has been ignored because it is an invalid instance parameter. Specify a valid model parameter and rerun the simulation. Type `spectre -h bsim4' to get more information on valid model parameters. {"history": "ExplorerRun.0", "point": 1, "testname": "project_3_D_Flip_flop_1", "cornername": "Nominal"}
[2025-04-21 15:13:42.279 -0400] [WARN] [cadence.virtuoso.ade.simulationMonitor] -     WARNING (SFE-102): "input.scs" 32: Parameter `ld', specified for model `NMOS_VTL' of primitive `bsim4', has been ignored because it is an invalid instance parameter. Specify a valid model parameter and rerun the simulation. Type `spectre -h bsim4' to get more information on valid model parameters. {"history": "ExplorerRun.0", "point": 1, "testname": "project_3_D_Flip_flop_1", "cornername": "Nominal"}
[2025-04-21 15:13:42.279 -0400] [WARN] [cadence.virtuoso.ade.simulationMonitor] -     WARNING (SFE-102): "input.scs" 26: Parameter `ld', specified for model `PMOS_VTL' of primitive `bsim4', has been ignored because it is an invalid instance parameter. Specify a valid model parameter and rerun the simulation. Type `spectre -h bsim4' to get more information on valid model parameters.
        Further occurrences of this warning will be suppressed. {"history": "ExplorerRun.0", "point": 1, "testname": "project_3_D_Flip_flop_1", "cornername": "Nominal"}
[2025-04-21 15:13:42.279 -0400] [INFO] [cadence.virtuoso.ade.simulationMonitor] - Peak resident memory used = 184 Mbytes. {"history": "ExplorerRun.0", "point": 1, "testname": "project_3_D_Flip_flop_1", "cornername": "Nominal"}
[2025-04-21 15:13:42.279 -0400] [INFO] [cadence.virtuoso.ade.simulationMonitor] - Peak resident memory used = 185 Mbytes. {"history": "ExplorerRun.0", "point": 1, "testname": "project_3_D_Flip_flop_1", "cornername": "Nominal"}
[2025-04-21 15:13:42.279 -0400] [INFO] [cadence.virtuoso.ade.simulationMonitor] - Notice from spectre during initial setup.
    Multithreading is disabled due to the size of the design being too small. {"history": "ExplorerRun.0", "point": 1, "testname": "project_3_D_Flip_flop_1", "cornername": "Nominal"}
[2025-04-21 15:13:42.282 -0400] [INFO] [cadence.virtuoso.ade.simulationMonitor] -               nodes 23 {"history": "ExplorerRun.0", "point": 1, "testname": "project_3_D_Flip_flop_1", "cornername": "Nominal"}
[2025-04-21 15:13:42.282 -0400] [INFO] [cadence.virtuoso.ade.simulationMonitor] - Notice from spectre during initial setup.
    Protected devices exist and are not included in the circuit inventory.
    APS enabled.
    35 warnings suppressed. {"history": "ExplorerRun.0", "point": 1, "testname": "project_3_D_Flip_flop_1", "cornername": "Nominal"}
[2025-04-21 15:13:42.282 -0400] [INFO] [cadence.virtuoso.ade.simulationMonitor] - Peak resident memory used = 188 Mbytes. {"history": "ExplorerRun.0", "point": 1, "testname": "project_3_D_Flip_flop_1", "cornername": "Nominal"}
[2025-04-21 15:13:42.283 -0400] [INFO] [cadence.virtuoso.ade.simulationMonitor] -    -   (APS) Multi-threading. The recommended number of threads is 1, consider adding +mt=1 on command line. {"history": "ExplorerRun.0", "point": 1, "testname": "project_3_D_Flip_flop_1", "cornername": "Nominal"}
[2025-04-21 15:13:42.283 -0400] [INFO] [cadence.virtuoso.ade.simulationMonitor] - Notice from spectre during IC analysis, during transient analysis `tran'.
    GminDC = 1 pS is large enough to noticeably affect the DC solution.
        dV(I4.net9) = 90.4493 uV
        Use the `gmin_check' option to eliminate or expand this report. {"history": "ExplorerRun.0", "point": 1, "testname": "project_3_D_Flip_flop_1", "cornername": "Nominal"}
[2025-04-21 15:13:42.283 -0400] [INFO] [cadence.virtuoso.ade.simulationMonitor] - Notice from spectre during transient analysis `tran'.
    Multithreading is disabled due to the size of the design being too small. {"history": "ExplorerRun.0", "point": 1, "testname": "project_3_D_Flip_flop_1", "cornername": "Nominal"}
[2025-04-21 15:13:42.283 -0400] [INFO] [cadence.virtuoso.ade.simulationMonitor] - Notice from spectre at time = 10 ns during transient analysis `tran'.
    Found trapezoidal ringing on node _vvdd!:p. {"history": "ExplorerRun.0", "point": 1, "testname": "project_3_D_Flip_flop_1", "cornername": "Nominal"}
[2025-04-21 15:13:42.283 -0400] [INFO] [cadence.virtuoso.ade.simulationMonitor] - Notice from spectre at time = 19.5788 ns during transient analysis `tran'.
    Found trapezoidal ringing on node _vvdd!:p. {"history": "ExplorerRun.0", "point": 1, "testname": "project_3_D_Flip_flop_1", "cornername": "Nominal"}
[2025-04-21 15:13:42.283 -0400] [INFO] [cadence.virtuoso.ade.simulationMonitor] - Notice from spectre at time = 20 ns during transient analysis `tran'.
    Found trapezoidal ringing on node _vvdd!:p. {"history": "ExplorerRun.0", "point": 1, "testname": "project_3_D_Flip_flop_1", "cornername": "Nominal"}
[2025-04-21 15:13:42.283 -0400] [INFO] [cadence.virtuoso.ade.simulationMonitor] - Notice from spectre at time = 25 ns during transient analysis `tran'.
    Found trapezoidal ringing on node _vvdd!:p. {"history": "ExplorerRun.0", "point": 1, "testname": "project_3_D_Flip_flop_1", "cornername": "Nominal"}
[2025-04-21 15:13:42.283 -0400] [INFO] [cadence.virtuoso.ade.simulationMonitor] - Notice from spectre at time = 30 ns during transient analysis `tran'.
    Found trapezoidal ringing on node _vvdd!:p.
        Further occurrences of this notice will be suppressed. {"history": "ExplorerRun.0", "point": 1, "testname": "project_3_D_Flip_flop_1", "cornername": "Nominal"}
[2025-04-21 15:13:42.283 -0400] [INFO] [cadence.virtuoso.ade.simulationMonitor] - Notice from spectre during transient analysis `tran'.
    Trapezoidal ringing is detected during tran analysis.
        Please use method=trap for better results and performance. {"history": "ExplorerRun.0", "point": 1, "testname": "project_3_D_Flip_flop_1", "cornername": "Nominal"}
[2025-04-21 15:13:42.284 -0400] [INFO] [cadence.virtuoso.ade.simulationMonitor] - Intrinsic tran analysis time:    CPU = 166.76 ms, elapsed = 172.67 ms. {"history": "ExplorerRun.0", "point": 1, "testname": "project_3_D_Flip_flop_1", "cornername": "Nominal"}
[2025-04-21 15:13:42.284 -0400] [INFO] [cadence.virtuoso.ade.simulationMonitor] - Total time required for tran analysis `tran': CPU = 172.622 ms, elapsed = 179.862 ms, util. = 96%. {"history": "ExplorerRun.0", "point": 1, "testname": "project_3_D_Flip_flop_1", "cornername": "Nominal"}
[2025-04-21 15:13:42.284 -0400] [INFO] [cadence.virtuoso.ade.simulationMonitor] - Peak resident memory used = 196 Mbytes. {"history": "ExplorerRun.0", "point": 1, "testname": "project_3_D_Flip_flop_1", "cornername": "Nominal"}
[2025-04-21 15:13:42.284 -0400] [INFO] [cadence.virtuoso.ade.simulationMonitor] - Notice from spectre.
    6 notices suppressed. {"history": "ExplorerRun.0", "point": 1, "testname": "project_3_D_Flip_flop_1", "cornername": "Nominal"}
[2025-04-21 15:13:42.285 -0400] [INFO] [cadence.virtuoso.ade.simulationMonitor] - Time used: CPU = 592 ms, elapsed = 850 ms, util. = 69.7%. {"history": "ExplorerRun.0", "point": 1, "testname": "project_3_D_Flip_flop_1", "cornername": "Nominal"}
[2025-04-21 15:13:42.285 -0400] [INFO] [cadence.virtuoso.ade.simulationMonitor] - Time spent in licensing: elapsed = 74.2 ms, percentage of total = 8.74%. {"history": "ExplorerRun.0", "point": 1, "testname": "project_3_D_Flip_flop_1", "cornername": "Nominal"}
[2025-04-21 15:13:42.285 -0400] [INFO] [cadence.virtuoso.ade.simulationMonitor] - Peak memory used = 197 Mbytes. {"history": "ExplorerRun.0", "point": 1, "testname": "project_3_D_Flip_flop_1", "cornername": "Nominal"}
[2025-04-21 15:13:42.287 -0400] [PROCESS] [cadence.virtuoso.ade.simulationMonitor] - Simulation started at: 3:13:39 PM, Mon Apr 21, 2025, ended at: 3:13:40 PM, Mon Apr 21, 2025, with elapsed time (wall clock): 850 ms. {"history": "ExplorerRun.0", "point": 1, "testname": "project_3_D_Flip_flop_1", "cornername": "Nominal"}
[2025-04-21 15:13:42.287 -0400] [PROCESS] [cadence.virtuoso.ade.simulationMonitor] - spectre completes with 0 errors, 5 warnings, and 16 notices. {"history": "ExplorerRun.0", "point": 1, "testname": "project_3_D_Flip_flop_1", "cornername": "Nominal"}
[2025-04-21 15:13:42.287 -0400] [PROCESS] [cadence.virtuoso.ade.simulationMonitor] - Finished simulating for one point {"hostname": "ece-linlabsrv01.ece.gatech.edu", "processid": 1774747, "history": "ExplorerRun.0", "testname": "project_3_D_Flip_flop_1", "cornername": "Nominal", "point": 1, "logfile": "/nethome/rgoel68/ECE3150/logs_rgoel68/logs0/Job8.log", "simid": "1", "event": "finish", "category": "simulation"}
[2025-04-21 15:13:42.287 -0400] [PROCESS] [cadence.virtuoso.ade.simulationMonitor] - Simulator exited {"hostname": "ece-linlabsrv01.ece.gatech.edu", "processid": 1774747, "history": "ExplorerRun.0", "testname": "project_3_D_Flip_flop_1", "cornername": "Nominal", "point": 1, "logfile": "/nethome/rgoel68/ECE3150/logs_rgoel68/logs0/Job8.log", "exitStatus": "0"}
[2025-04-21 15:13:42.287 -0400] [PROCESS] [cadence.virtuoso.ade.simulationMonitor] - Finished Simulation {"hostname": "ece-linlabsrv01.ece.gatech.edu", "processid": 1774747, "history": "ExplorerRun.0", "testname": "project_3_D_Flip_flop_1", "cornername": "Nominal", "point": 1, "logfile": "/nethome/rgoel68/ECE3150/logs_rgoel68/logs0/Job8.log", "simid": "1", "event": "finish", "category": "obsolete"}
[2025-04-21 15:13:44.790 -0400] [PROCESS] [cadence.virtuoso.ade.simulationMonitor] - Point Finished {"hostname": "ece-linlabsrv01.ece.gatech.edu", "processid": 1774747, "history": "ExplorerRun.0", "testname": "project_3_D_Flip_flop_1", "cornername": "Nominal", "point": 1, "logfile": "/nethome/rgoel68/ECE3150/logs_rgoel68/logs0/Job8.log", "event": "finish", "category": "sim-eval"}
[2025-04-21 15:13:45.792 -0400] [PROCESS] [cadence.virtuoso.ade.simulationMonitor] - Stay with the runId '44', Linger time '300', currentRunSyn '89', currentTestSyn '90' {"hostname": "ece-linlabsrv01.ece.gatech.edu", "processid": 1774747, "history": "ExplorerRun.0", "testname": "project_3_D_Flip_flop_1", "cornername": "Nominal", "point": 1, "logfile": "/nethome/rgoel68/ECE3150/logs_rgoel68/logs0/Job8.log"}
[2025-04-21 15:14:08.239 -0400] [INFO] [cadence.virtuoso.ade.simulationMonitor] - SimulationMonitor has terminated the vds process '1775927', reason: 'Force to stop the expression evalutor process because of new run' {"history": "ExplorerRun.0", "point": 1, "testname": "project_3_D_Flip_flop_1", "cornername": "Nominal"}
[2025-04-21 15:14:08.240 -0400] [PROCESS] [cadence.virtuoso.ade.simulationMonitor] - HostInfo:
Host name (type):	ece-linlabsrv01.ece.gatech.edu (x86_64)
Operating system:	Linux 4.18.0-553.44.1.el8_10.x86_64 #1 SMP Wed Mar 5 10:48:41 EST 2025 {"hostname": "ece-linlabsrv01.ece.gatech.edu", "processid": 1774747, "history": "ExplorerRun.0", "testname": "project_3_D_Flip_flop_1", "cornername": "Nominal", "point": 1, "logfile": "/nethome/rgoel68/ECE3150/logs_rgoel68/logs0/Job8.log", "nodename": "ece-linlabsrv01.ece.gatech.edu", "domainname": "(none)", "machine": "x86_64", "sysname": "Linux", "release": "4.18.0-553.44.1.el8_10.x86_64", "version": "#1 SMP Wed Mar 5 10:48:41 EST 2025"}
[2025-04-21 15:14:08.240 -0400] [PROCESS] [cadence.virtuoso.ade.simulationMonitor] - UsageInfo:
pid=1774747
totalPhysicalMemory=186.850849GB,Used=164.527847GB,totalVirtualMemory=250.850845GB,Used=209.692722GB
Cpu: Cores=112, Load average:12.180000,17.810000,21.480000 {"hostname": "ece-linlabsrv01.ece.gatech.edu", "processid": 1774747, "history": "ExplorerRun.0", "testname": "project_3_D_Flip_flop_1", "cornername": "Nominal", "point": 1, "logfile": "/nethome/rgoel68/ECE3150/logs_rgoel68/logs0/Job8.log", "pid": "1774747", "totalPhysicalMemory": "186.850849", "physicalMemoryUsed": "164.527847", "totalVirtualMemory": "250.850845", "virtualMemoryUsed": "209.692722", "cpuCores": "112", "processes": "21366", "loadAverage1": "12.180000", "loadAverage5": "17.810000", "loadAverage15": "21.480000", "loadAverage1Percent": "0.108750"}
[2025-04-21 15:14:08.244 -0400] [EVENT] [cadence.virtuoso.ade.simulationMonitor] - NewPoint {"history": "ExplorerRun.0", "point": 1, "testname": "project_3_D_Flip_flop_1", "cornername": "Nominal", "event": "NewPoint", "EventSource": "Simulation Monitor", "HistoryName": "ExplorerRun.0", "logFile": "/nethome/rgoel68/ECE3150/logs_rgoel68/logs0/Job8.log", "logFileSize": "19538", "category": "simulation"}
[2025-04-21 15:14:08.446 -0400] [EVENT] [cadence.virtuoso.ade.simulationMonitor] - NewPoint {"history": "ExplorerRun.0", "point": 1, "testname": "project_3_D_Flip_flop_1", "cornername": "Nominal", "event": "NewPoint", "EventSource": "spectre", "HistoryName": "ExplorerRun.0", "logFile": "/nethome/rgoel68/simulation/project3/D_Flip_flop/maestro/results/maestro/ExplorerRun.0/1/project_3_D_Flip_flop_1/psf/spectre.out", "logFileSize": "-1", "category": "simulation"}
[2025-04-21 15:14:08.673 -0400] [PROCESS] [cadence.virtuoso.ade.simulationMonitor] - Simulator launched {"hostname": "ece-linlabsrv01.ece.gatech.edu", "processid": 1774747, "history": "ExplorerRun.0", "testname": "project_3_D_Flip_flop_1", "cornername": "Nominal", "point": 1, "logfile": "/nethome/rgoel68/ECE3150/logs_rgoel68/logs0/Job8.log", "simid": "2", "event": "launch", "category": "simulation"}
[2025-04-21 15:14:08.679 -0400] [PROCESS] [cadence.virtuoso.ade.simulationMonitor] - Expression evaluator launched {"hostname": "ece-linlabsrv01.ece.gatech.edu", "processid": 1774747, "history": "ExplorerRun.0", "testname": "project_3_D_Flip_flop_1", "cornername": "Nominal", "point": 1, "logfile": "/nethome/rgoel68/ECE3150/logs_rgoel68/logs0/Job8.log"}
[2025-04-21 15:14:12.159 -0400] [INFO] [cadence.virtuoso.ade.simulationMonitor] - Notice from spectre during Digital Vector read-in.
    Process Vector Files.
    File read: /nethome/rgoel68/ECE3150/dff_char.vec {"history": "ExplorerRun.0", "point": 1, "testname": "project_3_D_Flip_flop_1", "cornername": "Nominal"}
[2025-04-21 15:14:12.159 -0400] [INFO] [cadence.virtuoso.ade.simulationMonitor] - Peak resident memory used = 163 Mbytes. {"history": "ExplorerRun.0", "point": 1, "testname": "project_3_D_Flip_flop_1", "cornername": "Nominal"}
[2025-04-21 15:14:12.159 -0400] [WARN] [cadence.virtuoso.ade.simulationMonitor] -     WARNING (SFE-102): "input.scs" 26: Parameter `ld', specified for model `PMOS_VTL' of primitive `bsim4', has been ignored because it is an invalid instance parameter. Specify a valid model parameter and rerun the simulation. Type `spectre -h bsim4' to get more information on valid model parameters. {"history": "ExplorerRun.0", "point": 1, "testname": "project_3_D_Flip_flop_1", "cornername": "Nominal"}
[2025-04-21 15:14:12.159 -0400] [WARN] [cadence.virtuoso.ade.simulationMonitor] -     WARNING (SFE-102): "input.scs" 28: Parameter `ld', specified for model `PMOS_VTL' of primitive `bsim4', has been ignored because it is an invalid instance parameter. Specify a valid model parameter and rerun the simulation. Type `spectre -h bsim4' to get more information on valid model parameters. {"history": "ExplorerRun.0", "point": 1, "testname": "project_3_D_Flip_flop_1", "cornername": "Nominal"}
[2025-04-21 15:14:12.159 -0400] [WARN] [cadence.virtuoso.ade.simulationMonitor] -     WARNING (SFE-102): "input.scs" 30: Parameter `ld', specified for model `NMOS_VTL' of primitive `bsim4', has been ignored because it is an invalid instance parameter. Specify a valid model parameter and rerun the simulation. Type `spectre -h bsim4' to get more information on valid model parameters. {"history": "ExplorerRun.0", "point": 1, "testname": "project_3_D_Flip_flop_1", "cornername": "Nominal"}
[2025-04-21 15:14:12.159 -0400] [WARN] [cadence.virtuoso.ade.simulationMonitor] -     WARNING (SFE-102): "input.scs" 32: Parameter `ld', specified for model `NMOS_VTL' of primitive `bsim4', has been ignored because it is an invalid instance parameter. Specify a valid model parameter and rerun the simulation. Type `spectre -h bsim4' to get more information on valid model parameters. {"history": "ExplorerRun.0", "point": 1, "testname": "project_3_D_Flip_flop_1", "cornername": "Nominal"}
[2025-04-21 15:14:12.159 -0400] [WARN] [cadence.virtuoso.ade.simulationMonitor] -     WARNING (SFE-102): "input.scs" 26: Parameter `ld', specified for model `PMOS_VTL' of primitive `bsim4', has been ignored because it is an invalid instance parameter. Specify a valid model parameter and rerun the simulation. Type `spectre -h bsim4' to get more information on valid model parameters.
        Further occurrences of this warning will be suppressed. {"history": "ExplorerRun.0", "point": 1, "testname": "project_3_D_Flip_flop_1", "cornername": "Nominal"}
[2025-04-21 15:14:12.159 -0400] [INFO] [cadence.virtuoso.ade.simulationMonitor] - Peak resident memory used = 171 Mbytes. {"history": "ExplorerRun.0", "point": 1, "testname": "project_3_D_Flip_flop_1", "cornername": "Nominal"}
[2025-04-21 15:14:12.159 -0400] [INFO] [cadence.virtuoso.ade.simulationMonitor] - Peak resident memory used = 172 Mbytes. {"history": "ExplorerRun.0", "point": 1, "testname": "project_3_D_Flip_flop_1", "cornername": "Nominal"}
[2025-04-21 15:14:12.159 -0400] [INFO] [cadence.virtuoso.ade.simulationMonitor] - Notice from spectre during initial setup.
    Multithreading is disabled due to the size of the design being too small. {"history": "ExplorerRun.0", "point": 1, "testname": "project_3_D_Flip_flop_1", "cornername": "Nominal"}
[2025-04-21 15:14:12.162 -0400] [INFO] [cadence.virtuoso.ade.simulationMonitor] -               nodes 23 {"history": "ExplorerRun.0", "point": 1, "testname": "project_3_D_Flip_flop_1", "cornername": "Nominal"}
[2025-04-21 15:14:12.162 -0400] [INFO] [cadence.virtuoso.ade.simulationMonitor] - Notice from spectre during initial setup.
    Protected devices exist and are not included in the circuit inventory.
    APS enabled.
    35 warnings suppressed. {"history": "ExplorerRun.0", "point": 1, "testname": "project_3_D_Flip_flop_1", "cornername": "Nominal"}
[2025-04-21 15:14:12.162 -0400] [INFO] [cadence.virtuoso.ade.simulationMonitor] - Peak resident memory used = 176 Mbytes. {"history": "ExplorerRun.0", "point": 1, "testname": "project_3_D_Flip_flop_1", "cornername": "Nominal"}
[2025-04-21 15:14:12.163 -0400] [INFO] [cadence.virtuoso.ade.simulationMonitor] -    -   (APS) Multi-threading. The recommended number of threads is 1, consider adding +mt=1 on command line. {"history": "ExplorerRun.0", "point": 1, "testname": "project_3_D_Flip_flop_1", "cornername": "Nominal"}
[2025-04-21 15:14:12.163 -0400] [INFO] [cadence.virtuoso.ade.simulationMonitor] - Notice from spectre during IC analysis, during transient analysis `tran'.
    GminDC = 1 pS is large enough to noticeably affect the DC solution.
        dV(I4.net9) = 90.4493 uV
        Use the `gmin_check' option to eliminate or expand this report. {"history": "ExplorerRun.0", "point": 1, "testname": "project_3_D_Flip_flop_1", "cornername": "Nominal"}
[2025-04-21 15:14:12.163 -0400] [INFO] [cadence.virtuoso.ade.simulationMonitor] - Notice from spectre during transient analysis `tran'.
    Multithreading is disabled due to the size of the design being too small. {"history": "ExplorerRun.0", "point": 1, "testname": "project_3_D_Flip_flop_1", "cornername": "Nominal"}
[2025-04-21 15:14:12.163 -0400] [INFO] [cadence.virtuoso.ade.simulationMonitor] - Notice from spectre at time = 10 ns during transient analysis `tran'.
    Found trapezoidal ringing on node _vvdd!:p. {"history": "ExplorerRun.0", "point": 1, "testname": "project_3_D_Flip_flop_1", "cornername": "Nominal"}
[2025-04-21 15:14:12.163 -0400] [INFO] [cadence.virtuoso.ade.simulationMonitor] - Notice from spectre at time = 19.364 ns during transient analysis `tran'.
    Found trapezoidal ringing on node _vvdd!:p. {"history": "ExplorerRun.0", "point": 1, "testname": "project_3_D_Flip_flop_1", "cornername": "Nominal"}
[2025-04-21 15:14:12.163 -0400] [INFO] [cadence.virtuoso.ade.simulationMonitor] - Notice from spectre at time = 20 ns during transient analysis `tran'.
    Found trapezoidal ringing on node _vvdd!:p. {"history": "ExplorerRun.0", "point": 1, "testname": "project_3_D_Flip_flop_1", "cornername": "Nominal"}
[2025-04-21 15:14:12.163 -0400] [INFO] [cadence.virtuoso.ade.simulationMonitor] - Notice from spectre at time = 37.3862 ns during transient analysis `tran'.
    Found trapezoidal ringing on node _vvdd!:p. {"history": "ExplorerRun.0", "point": 1, "testname": "project_3_D_Flip_flop_1", "cornername": "Nominal"}
[2025-04-21 15:14:12.163 -0400] [INFO] [cadence.virtuoso.ade.simulationMonitor] - Notice from spectre at time = 38.1862 ns during transient analysis `tran'.
    Found trapezoidal ringing on node _vvdd!:p.
        Further occurrences of this notice will be suppressed. {"history": "ExplorerRun.0", "point": 1, "testname": "project_3_D_Flip_flop_1", "cornername": "Nominal"}
[2025-04-21 15:14:12.163 -0400] [INFO] [cadence.virtuoso.ade.simulationMonitor] - Notice from spectre during transient analysis `tran'.
    Trapezoidal ringing is detected during tran analysis.
        Please use method=trap for better results and performance. {"history": "ExplorerRun.0", "point": 1, "testname": "project_3_D_Flip_flop_1", "cornername": "Nominal"}
[2025-04-21 15:14:12.164 -0400] [INFO] [cadence.virtuoso.ade.simulationMonitor] - Intrinsic tran analysis time:    CPU = 187.358 ms, elapsed = 193.978 ms. {"history": "ExplorerRun.0", "point": 1, "testname": "project_3_D_Flip_flop_1", "cornername": "Nominal"}
[2025-04-21 15:14:12.164 -0400] [INFO] [cadence.virtuoso.ade.simulationMonitor] - Total time required for tran analysis `tran': CPU = 193.931 ms, elapsed = 202.2 ms, util. = 95.9%. {"history": "ExplorerRun.0", "point": 1, "testname": "project_3_D_Flip_flop_1", "cornername": "Nominal"}
[2025-04-21 15:14:12.164 -0400] [INFO] [cadence.virtuoso.ade.simulationMonitor] - Peak resident memory used = 183 Mbytes. {"history": "ExplorerRun.0", "point": 1, "testname": "project_3_D_Flip_flop_1", "cornername": "Nominal"}
[2025-04-21 15:14:12.164 -0400] [INFO] [cadence.virtuoso.ade.simulationMonitor] - Notice from spectre.
    3 notices suppressed. {"history": "ExplorerRun.0", "point": 1, "testname": "project_3_D_Flip_flop_1", "cornername": "Nominal"}
[2025-04-21 15:14:12.165 -0400] [INFO] [cadence.virtuoso.ade.simulationMonitor] - Time used: CPU = 627 ms, elapsed = 686 ms, util. = 91.4%. {"history": "ExplorerRun.0", "point": 1, "testname": "project_3_D_Flip_flop_1", "cornername": "Nominal"}
[2025-04-21 15:14:12.165 -0400] [INFO] [cadence.virtuoso.ade.simulationMonitor] - Time spent in licensing: elapsed = 38 ms, percentage of total = 5.54%. {"history": "ExplorerRun.0", "point": 1, "testname": "project_3_D_Flip_flop_1", "cornername": "Nominal"}
[2025-04-21 15:14:12.165 -0400] [INFO] [cadence.virtuoso.ade.simulationMonitor] - Peak memory used = 184 Mbytes. {"history": "ExplorerRun.0", "point": 1, "testname": "project_3_D_Flip_flop_1", "cornername": "Nominal"}
[2025-04-21 15:14:12.167 -0400] [PROCESS] [cadence.virtuoso.ade.simulationMonitor] - Simulation started at: 3:14:09 PM, Mon Apr 21, 2025, ended at: 3:14:09 PM, Mon Apr 21, 2025, with elapsed time (wall clock): 686 ms. {"history": "ExplorerRun.0", "point": 1, "testname": "project_3_D_Flip_flop_1", "cornername": "Nominal"}
[2025-04-21 15:14:12.167 -0400] [PROCESS] [cadence.virtuoso.ade.simulationMonitor] - spectre completes with 0 errors, 5 warnings, and 16 notices. {"history": "ExplorerRun.0", "point": 1, "testname": "project_3_D_Flip_flop_1", "cornername": "Nominal"}
[2025-04-21 15:14:12.167 -0400] [PROCESS] [cadence.virtuoso.ade.simulationMonitor] - Finished simulating for one point {"hostname": "ece-linlabsrv01.ece.gatech.edu", "processid": 1774747, "history": "ExplorerRun.0", "testname": "project_3_D_Flip_flop_1", "cornername": "Nominal", "point": 1, "logfile": "/nethome/rgoel68/ECE3150/logs_rgoel68/logs0/Job8.log", "simid": "2", "event": "finish", "category": "simulation"}
[2025-04-21 15:14:12.167 -0400] [PROCESS] [cadence.virtuoso.ade.simulationMonitor] - Simulator exited {"hostname": "ece-linlabsrv01.ece.gatech.edu", "processid": 1774747, "history": "ExplorerRun.0", "testname": "project_3_D_Flip_flop_1", "cornername": "Nominal", "point": 1, "logfile": "/nethome/rgoel68/ECE3150/logs_rgoel68/logs0/Job8.log", "exitStatus": "0"}
[2025-04-21 15:14:12.167 -0400] [PROCESS] [cadence.virtuoso.ade.simulationMonitor] - Finished Simulation {"hostname": "ece-linlabsrv01.ece.gatech.edu", "processid": 1774747, "history": "ExplorerRun.0", "testname": "project_3_D_Flip_flop_1", "cornername": "Nominal", "point": 1, "logfile": "/nethome/rgoel68/ECE3150/logs_rgoel68/logs0/Job8.log", "simid": "2", "event": "finish", "category": "obsolete"}
[2025-04-21 15:14:15.169 -0400] [PROCESS] [cadence.virtuoso.ade.simulationMonitor] - Point Finished {"hostname": "ece-linlabsrv01.ece.gatech.edu", "processid": 1774747, "history": "ExplorerRun.0", "testname": "project_3_D_Flip_flop_1", "cornername": "Nominal", "point": 1, "logfile": "/nethome/rgoel68/ECE3150/logs_rgoel68/logs0/Job8.log", "event": "finish", "category": "sim-eval"}
[2025-04-21 15:15:58.788 -0400] [INFO] [cadence.virtuoso.ade.simulationMonitor] - SimulationMonitor has terminated the vds process '1819271', reason: 'Force to stop the expression evalutor process because of new run' {"history": "ExplorerRun.0", "point": 1, "testname": "project_3_D_Flip_flop_1", "cornername": "Nominal"}
[2025-04-21 15:15:58.789 -0400] [PROCESS] [cadence.virtuoso.ade.simulationMonitor] - HostInfo:
Host name (type):	ece-linlabsrv01.ece.gatech.edu (x86_64)
Operating system:	Linux 4.18.0-553.44.1.el8_10.x86_64 #1 SMP Wed Mar 5 10:48:41 EST 2025 {"hostname": "ece-linlabsrv01.ece.gatech.edu", "processid": 1774747, "history": "ExplorerRun.0", "testname": "project_3_D_Flip_flop_1", "cornername": "Nominal", "point": 1, "logfile": "/nethome/rgoel68/ECE3150/logs_rgoel68/logs0/Job8.log", "nodename": "ece-linlabsrv01.ece.gatech.edu", "domainname": "(none)", "machine": "x86_64", "sysname": "Linux", "release": "4.18.0-553.44.1.el8_10.x86_64", "version": "#1 SMP Wed Mar 5 10:48:41 EST 2025"}
[2025-04-21 15:15:58.790 -0400] [PROCESS] [cadence.virtuoso.ade.simulationMonitor] - UsageInfo:
pid=1774747
totalPhysicalMemory=186.850849GB,Used=165.675480GB,totalVirtualMemory=250.850845GB,Used=210.840355GB
Cpu: Cores=112, Load average:4.530000,13.360000,19.460000 {"hostname": "ece-linlabsrv01.ece.gatech.edu", "processid": 1774747, "history": "ExplorerRun.0", "testname": "project_3_D_Flip_flop_1", "cornername": "Nominal", "point": 1, "logfile": "/nethome/rgoel68/ECE3150/logs_rgoel68/logs0/Job8.log", "pid": "1774747", "totalPhysicalMemory": "186.850849", "physicalMemoryUsed": "165.675480", "totalVirtualMemory": "250.850845", "virtualMemoryUsed": "210.840355", "cpuCores": "112", "processes": "21465", "loadAverage1": "4.530000", "loadAverage5": "13.360000", "loadAverage15": "19.460000", "loadAverage1Percent": "0.040446"}
[2025-04-21 15:15:58.798 -0400] [EVENT] [cadence.virtuoso.ade.simulationMonitor] - NewPoint {"history": "ExplorerRun.0", "point": 1, "testname": "project_3_D_Flip_flop_1", "cornername": "Nominal", "event": "NewPoint", "EventSource": "Simulation Monitor", "HistoryName": "ExplorerRun.0", "logFile": "/nethome/rgoel68/ECE3150/logs_rgoel68/logs0/Job8.log", "logFileSize": "34498", "category": "simulation"}
[2025-04-21 15:15:59.000 -0400] [EVENT] [cadence.virtuoso.ade.simulationMonitor] - NewPoint {"history": "ExplorerRun.0", "point": 1, "testname": "project_3_D_Flip_flop_1", "cornername": "Nominal", "event": "NewPoint", "EventSource": "spectre", "HistoryName": "ExplorerRun.0", "logFile": "/nethome/rgoel68/simulation/project3/D_Flip_flop/maestro/results/maestro/ExplorerRun.0/1/project_3_D_Flip_flop_1/psf/spectre.out", "logFileSize": "-1", "category": "simulation"}
[2025-04-21 15:15:59.214 -0400] [PROCESS] [cadence.virtuoso.ade.simulationMonitor] - Simulator launched {"hostname": "ece-linlabsrv01.ece.gatech.edu", "processid": 1774747, "history": "ExplorerRun.0", "testname": "project_3_D_Flip_flop_1", "cornername": "Nominal", "point": 1, "logfile": "/nethome/rgoel68/ECE3150/logs_rgoel68/logs0/Job8.log", "simid": "3", "event": "launch", "category": "simulation"}
[2025-04-21 15:15:59.220 -0400] [PROCESS] [cadence.virtuoso.ade.simulationMonitor] - Expression evaluator launched {"hostname": "ece-linlabsrv01.ece.gatech.edu", "processid": 1774747, "history": "ExplorerRun.0", "testname": "project_3_D_Flip_flop_1", "cornername": "Nominal", "point": 1, "logfile": "/nethome/rgoel68/ECE3150/logs_rgoel68/logs0/Job8.log"}
[2025-04-21 15:16:02.617 -0400] [INFO] [cadence.virtuoso.ade.simulationMonitor] - Notice from spectre during Digital Vector read-in.
    Process Vector Files.
    File read: /nethome/rgoel68/ECE3150/dff_char.vec {"history": "ExplorerRun.0", "point": 1, "testname": "project_3_D_Flip_flop_1", "cornername": "Nominal"}
[2025-04-21 15:16:02.617 -0400] [INFO] [cadence.virtuoso.ade.simulationMonitor] - Peak resident memory used = 175 Mbytes. {"history": "ExplorerRun.0", "point": 1, "testname": "project_3_D_Flip_flop_1", "cornername": "Nominal"}
[2025-04-21 15:16:02.617 -0400] [WARN] [cadence.virtuoso.ade.simulationMonitor] -     WARNING (SFE-102): "input.scs" 26: Parameter `ld', specified for model `PMOS_VTL' of primitive `bsim4', has been ignored because it is an invalid instance parameter. Specify a valid model parameter and rerun the simulation. Type `spectre -h bsim4' to get more information on valid model parameters. {"history": "ExplorerRun.0", "point": 1, "testname": "project_3_D_Flip_flop_1", "cornername": "Nominal"}
[2025-04-21 15:16:02.617 -0400] [WARN] [cadence.virtuoso.ade.simulationMonitor] -     WARNING (SFE-102): "input.scs" 28: Parameter `ld', specified for model `PMOS_VTL' of primitive `bsim4', has been ignored because it is an invalid instance parameter. Specify a valid model parameter and rerun the simulation. Type `spectre -h bsim4' to get more information on valid model parameters. {"history": "ExplorerRun.0", "point": 1, "testname": "project_3_D_Flip_flop_1", "cornername": "Nominal"}
[2025-04-21 15:16:02.617 -0400] [WARN] [cadence.virtuoso.ade.simulationMonitor] -     WARNING (SFE-102): "input.scs" 30: Parameter `ld', specified for model `NMOS_VTL' of primitive `bsim4', has been ignored because it is an invalid instance parameter. Specify a valid model parameter and rerun the simulation. Type `spectre -h bsim4' to get more information on valid model parameters. {"history": "ExplorerRun.0", "point": 1, "testname": "project_3_D_Flip_flop_1", "cornername": "Nominal"}
[2025-04-21 15:16:02.617 -0400] [WARN] [cadence.virtuoso.ade.simulationMonitor] -     WARNING (SFE-102): "input.scs" 32: Parameter `ld', specified for model `NMOS_VTL' of primitive `bsim4', has been ignored because it is an invalid instance parameter. Specify a valid model parameter and rerun the simulation. Type `spectre -h bsim4' to get more information on valid model parameters. {"history": "ExplorerRun.0", "point": 1, "testname": "project_3_D_Flip_flop_1", "cornername": "Nominal"}
[2025-04-21 15:16:02.617 -0400] [WARN] [cadence.virtuoso.ade.simulationMonitor] -     WARNING (SFE-102): "input.scs" 26: Parameter `ld', specified for model `PMOS_VTL' of primitive `bsim4', has been ignored because it is an invalid instance parameter. Specify a valid model parameter and rerun the simulation. Type `spectre -h bsim4' to get more information on valid model parameters.
        Further occurrences of this warning will be suppressed. {"history": "ExplorerRun.0", "point": 1, "testname": "project_3_D_Flip_flop_1", "cornername": "Nominal"}
[2025-04-21 15:16:02.617 -0400] [INFO] [cadence.virtuoso.ade.simulationMonitor] - Peak resident memory used = 183 Mbytes. {"history": "ExplorerRun.0", "point": 1, "testname": "project_3_D_Flip_flop_1", "cornername": "Nominal"}
[2025-04-21 15:16:02.617 -0400] [INFO] [cadence.virtuoso.ade.simulationMonitor] - Peak resident memory used = 184 Mbytes. {"history": "ExplorerRun.0", "point": 1, "testname": "project_3_D_Flip_flop_1", "cornername": "Nominal"}
[2025-04-21 15:16:02.617 -0400] [INFO] [cadence.virtuoso.ade.simulationMonitor] - Notice from spectre during initial setup.
    Multithreading is disabled due to the size of the design being too small. {"history": "ExplorerRun.0", "point": 1, "testname": "project_3_D_Flip_flop_1", "cornername": "Nominal"}
[2025-04-21 15:16:02.620 -0400] [INFO] [cadence.virtuoso.ade.simulationMonitor] -               nodes 23 {"history": "ExplorerRun.0", "point": 1, "testname": "project_3_D_Flip_flop_1", "cornername": "Nominal"}
[2025-04-21 15:16:02.620 -0400] [INFO] [cadence.virtuoso.ade.simulationMonitor] - Notice from spectre during initial setup.
    Protected devices exist and are not included in the circuit inventory.
    APS enabled.
    35 warnings suppressed. {"history": "ExplorerRun.0", "point": 1, "testname": "project_3_D_Flip_flop_1", "cornername": "Nominal"}
[2025-04-21 15:16:02.620 -0400] [INFO] [cadence.virtuoso.ade.simulationMonitor] - Peak resident memory used = 188 Mbytes. {"history": "ExplorerRun.0", "point": 1, "testname": "project_3_D_Flip_flop_1", "cornername": "Nominal"}
[2025-04-21 15:16:02.621 -0400] [INFO] [cadence.virtuoso.ade.simulationMonitor] -    -   (APS) Multi-threading. The recommended number of threads is 1, consider adding +mt=1 on command line. {"history": "ExplorerRun.0", "point": 1, "testname": "project_3_D_Flip_flop_1", "cornername": "Nominal"}
[2025-04-21 15:16:02.621 -0400] [INFO] [cadence.virtuoso.ade.simulationMonitor] - Notice from spectre during IC analysis, during transient analysis `tran'.
    GminDC = 1 pS is large enough to noticeably affect the DC solution.
        dV(I4.net9) = 90.4493 uV
        Use the `gmin_check' option to eliminate or expand this report. {"history": "ExplorerRun.0", "point": 1, "testname": "project_3_D_Flip_flop_1", "cornername": "Nominal"}
[2025-04-21 15:16:02.621 -0400] [INFO] [cadence.virtuoso.ade.simulationMonitor] - Notice from spectre during transient analysis `tran'.
    Multithreading is disabled due to the size of the design being too small. {"history": "ExplorerRun.0", "point": 1, "testname": "project_3_D_Flip_flop_1", "cornername": "Nominal"}
[2025-04-21 15:16:02.621 -0400] [INFO] [cadence.virtuoso.ade.simulationMonitor] - Notice from spectre at time = 10 ns during transient analysis `tran'.
    Found trapezoidal ringing on node _vvdd!:p. {"history": "ExplorerRun.0", "point": 1, "testname": "project_3_D_Flip_flop_1", "cornername": "Nominal"}
[2025-04-21 15:16:02.621 -0400] [INFO] [cadence.virtuoso.ade.simulationMonitor] - Notice from spectre at time = 24.5919 ns during transient analysis `tran'.
    Found trapezoidal ringing on node _vvdd!:p. {"history": "ExplorerRun.0", "point": 1, "testname": "project_3_D_Flip_flop_1", "cornername": "Nominal"}
[2025-04-21 15:16:02.621 -0400] [INFO] [cadence.virtuoso.ade.simulationMonitor] - Notice from spectre at time = 25 ns during transient analysis `tran'.
    Found trapezoidal ringing on node _vvdd!:p. {"history": "ExplorerRun.0", "point": 1, "testname": "project_3_D_Flip_flop_1", "cornername": "Nominal"}
[2025-04-21 15:16:02.621 -0400] [INFO] [cadence.virtuoso.ade.simulationMonitor] - Notice from spectre at time = 37.3862 ns during transient analysis `tran'.
    Found trapezoidal ringing on node _vvdd!:p. {"history": "ExplorerRun.0", "point": 1, "testname": "project_3_D_Flip_flop_1", "cornername": "Nominal"}
[2025-04-21 15:16:02.621 -0400] [INFO] [cadence.virtuoso.ade.simulationMonitor] - Notice from spectre at time = 38.1862 ns during transient analysis `tran'.
    Found trapezoidal ringing on node _vvdd!:p.
        Further occurrences of this notice will be suppressed. {"history": "ExplorerRun.0", "point": 1, "testname": "project_3_D_Flip_flop_1", "cornername": "Nominal"}
[2025-04-21 15:16:02.621 -0400] [INFO] [cadence.virtuoso.ade.simulationMonitor] - Notice from spectre during transient analysis `tran'.
    Trapezoidal ringing is detected during tran analysis.
        Please use method=trap for better results and performance. {"history": "ExplorerRun.0", "point": 1, "testname": "project_3_D_Flip_flop_1", "cornername": "Nominal"}
[2025-04-21 15:16:02.622 -0400] [INFO] [cadence.virtuoso.ade.simulationMonitor] - Intrinsic tran analysis time:    CPU = 104.019 ms, elapsed = 108.761 ms. {"history": "ExplorerRun.0", "point": 1, "testname": "project_3_D_Flip_flop_1", "cornername": "Nominal"}
[2025-04-21 15:16:02.622 -0400] [INFO] [cadence.virtuoso.ade.simulationMonitor] - Total time required for tran analysis `tran': CPU = 109.688 ms, elapsed = 115.652 ms, util. = 94.8%. {"history": "ExplorerRun.0", "point": 1, "testname": "project_3_D_Flip_flop_1", "cornername": "Nominal"}
[2025-04-21 15:16:02.622 -0400] [INFO] [cadence.virtuoso.ade.simulationMonitor] - Peak resident memory used = 195 Mbytes. {"history": "ExplorerRun.0", "point": 1, "testname": "project_3_D_Flip_flop_1", "cornername": "Nominal"}
[2025-04-21 15:16:02.622 -0400] [INFO] [cadence.virtuoso.ade.simulationMonitor] - Notice from spectre.
    3 notices suppressed. {"history": "ExplorerRun.0", "point": 1, "testname": "project_3_D_Flip_flop_1", "cornername": "Nominal"}
[2025-04-21 15:16:02.623 -0400] [INFO] [cadence.virtuoso.ade.simulationMonitor] - Time used: CPU = 493 ms, elapsed = 563 ms, util. = 87.6%. {"history": "ExplorerRun.0", "point": 1, "testname": "project_3_D_Flip_flop_1", "cornername": "Nominal"}
[2025-04-21 15:16:02.623 -0400] [INFO] [cadence.virtuoso.ade.simulationMonitor] - Time spent in licensing: elapsed = 36.2 ms, percentage of total = 6.43%. {"history": "ExplorerRun.0", "point": 1, "testname": "project_3_D_Flip_flop_1", "cornername": "Nominal"}
[2025-04-21 15:16:02.624 -0400] [INFO] [cadence.virtuoso.ade.simulationMonitor] - Peak memory used = 196 Mbytes. {"history": "ExplorerRun.0", "point": 1, "testname": "project_3_D_Flip_flop_1", "cornername": "Nominal"}
[2025-04-21 15:16:02.625 -0400] [PROCESS] [cadence.virtuoso.ade.simulationMonitor] - Simulation started at: 3:15:59 PM, Mon Apr 21, 2025, ended at: 3:16:00 PM, Mon Apr 21, 2025, with elapsed time (wall clock): 563 ms. {"history": "ExplorerRun.0", "point": 1, "testname": "project_3_D_Flip_flop_1", "cornername": "Nominal"}
[2025-04-21 15:16:02.625 -0400] [PROCESS] [cadence.virtuoso.ade.simulationMonitor] - spectre completes with 0 errors, 5 warnings, and 16 notices. {"history": "ExplorerRun.0", "point": 1, "testname": "project_3_D_Flip_flop_1", "cornername": "Nominal"}
[2025-04-21 15:16:02.625 -0400] [PROCESS] [cadence.virtuoso.ade.simulationMonitor] - Finished simulating for one point {"hostname": "ece-linlabsrv01.ece.gatech.edu", "processid": 1774747, "history": "ExplorerRun.0", "testname": "project_3_D_Flip_flop_1", "cornername": "Nominal", "point": 1, "logfile": "/nethome/rgoel68/ECE3150/logs_rgoel68/logs0/Job8.log", "simid": "3", "event": "finish", "category": "simulation"}
[2025-04-21 15:16:02.625 -0400] [PROCESS] [cadence.virtuoso.ade.simulationMonitor] - Simulator exited {"hostname": "ece-linlabsrv01.ece.gatech.edu", "processid": 1774747, "history": "ExplorerRun.0", "testname": "project_3_D_Flip_flop_1", "cornername": "Nominal", "point": 1, "logfile": "/nethome/rgoel68/ECE3150/logs_rgoel68/logs0/Job8.log", "exitStatus": "0"}
[2025-04-21 15:16:02.626 -0400] [PROCESS] [cadence.virtuoso.ade.simulationMonitor] - Finished Simulation {"hostname": "ece-linlabsrv01.ece.gatech.edu", "processid": 1774747, "history": "ExplorerRun.0", "testname": "project_3_D_Flip_flop_1", "cornername": "Nominal", "point": 1, "logfile": "/nethome/rgoel68/ECE3150/logs_rgoel68/logs0/Job8.log", "simid": "3", "event": "finish", "category": "obsolete"}
[2025-04-21 15:16:06.128 -0400] [PROCESS] [cadence.virtuoso.ade.simulationMonitor] - Point Finished {"hostname": "ece-linlabsrv01.ece.gatech.edu", "processid": 1774747, "history": "ExplorerRun.0", "testname": "project_3_D_Flip_flop_1", "cornername": "Nominal", "point": 1, "logfile": "/nethome/rgoel68/ECE3150/logs_rgoel68/logs0/Job8.log", "event": "finish", "category": "sim-eval"}
[2025-04-21 15:21:07.507 -0400] [PROCESS] [cadence.virtuoso.ade.simulationMonitor] - Current memory used: 80.7305 MBytes, peak memory used: 80.9961 MBytes {"hostname": "ece-linlabsrv01.ece.gatech.edu", "processid": 1774747, "history": "ExplorerRun.0", "testname": "project_3_D_Flip_flop_1", "cornername": "Nominal", "point": 1, "logfile": "/nethome/rgoel68/ECE3150/logs_rgoel68/logs0/Job8.log"}
[2025-04-21 15:21:07.507 -0400] [PROCESS] [cadence.virtuoso.ade.simulationMonitor] - Simulation Monitor process exits. {"hostname": "ece-linlabsrv01.ece.gatech.edu", "processid": 1774747, "history": "ExplorerRun.0", "testname": "project_3_D_Flip_flop_1", "cornername": "Nominal", "point": 1, "logfile": "/nethome/rgoel68/ECE3150/logs_rgoel68/logs0/Job8.log"}
