[Simulation Monitor: 9]
[2025-04-16 01:33:35.571 -0400] [PROCESS] [cadence.virtuoso.ade.simulationMonitor] - Started the simulation monitor process {"hostname": "ece-linlabsrv01.ece.gatech.edu", "processid": 570173, "logfile": "/nethome/rgoel68/ECE3150/logs_rgoel68/logs0/Job9.log", "simulation monitor command line": "/tools/software/cadence/ic/23.10.120/tools.lnx86/dfII/bin/64bit/spectreMonitor --davinciService DaVinciService_1035569_1744774677 --axlsession fnxSession0 -lscs 000175E1894CBE06FF0966E38F1FFC06BC4D65B0C578C406D07B6FA78410926AD02470F28B50992BD92E69ED90048F74DD2F32AE9C019928D92E011CCE30BD29DBB200001DC6 -beanhost ece-linlabsrv01.ece.gatech.edu -beanport 11440 -beanLogFile /nethome/rgoel68/ECE3150/logs_rgoel68/logs0/amps_Job9.log -beanbinlog  --domain 0 --interactive yes --netlistOpt no --useMultiPointEvaluation yes --exprEvalShowJobStderr yes --evalSimParallel no --maxSims 0 --historyName ExplorerRun.0 --historyUUID  --exprEvaluator vds --mcMapping mc1.mapping --checkLogStatusInterval 0 --checkSimulatorLogTimeout 1200 --exprEvalMaxTries 3 --maxNFSSyncWait 60 -adeBrokerAddress ece-linlabsrv01.ece.gatech.edu:46499 --fromADE true --virtuosoBinary virtuoso --guiDisplay ece-linlabsrv01.ece.gatech.edu:154 --globalStatus 60 --evaluateMultiMC yes --evalOnSimFail SkipFailedAnalyses --numRetriesOnError 1 --fenixMode explorer --lingertimeout 300 -ahdlLockTimeout 60 --sdbLib project_3 --sdbCell Synchronous_16_bit_add_subtractor --sdbView maestro --heartBeatFileDir /dev/shm --id 9 --uuid f45b9fe1-4c81-4afb-bc1c-79ca58f61139 --log /nethome/rgoel68/ECE3150/logs_rgoel68/logs0/Job9.log "}
[2025-04-16 01:33:35.571 -0400] [PROCESS] [cadence.virtuoso.ade.simulationMonitor] - Started the simulation monitor process {"hostname": "ece-linlabsrv01.ece.gatech.edu", "processid": 570173, "logfile": "/nethome/rgoel68/ECE3150/logs_rgoel68/logs0/Job9.log", "current directory": "/nethome/rgoel68/ECE3150"}
[2025-04-16 01:33:35.571 -0400] [PROCESS] [cadence.virtuoso.ade.simulationMonitor] - Simulation Monitor has successfully started up. Trying to set up communication channels to other components ... {"hostname": "ece-linlabsrv01.ece.gatech.edu", "processid": 570173, "logfile": "/nethome/rgoel68/ECE3150/logs_rgoel68/logs0/Job9.log"}
[2025-04-16 01:33:35.573 -0400] [PROCESS] [cadence.virtuoso.ade.simulationMonitor] - Communication channels have been successfully set up. Start processing events ... {"hostname": "ece-linlabsrv01.ece.gatech.edu", "processid": 570173, "logfile": "/nethome/rgoel68/ECE3150/logs_rgoel68/logs0/Job9.log"}
[2025-04-16 01:33:35.573 -0400] [PROCESS] [cadence.virtuoso.ade.simulationMonitor] - Considering to start history {"hostname": "ece-linlabsrv01.ece.gatech.edu", "processid": 570173, "history": "ExplorerRun.0", "logfile": "/nethome/rgoel68/ECE3150/logs_rgoel68/logs0/Job9.log"}
[2025-04-16 01:33:35.575 -0400] [PROCESS] [cadence.virtuoso.ade.simulationMonitor] - HostInfo:
Host name (type):	ece-linlabsrv01.ece.gatech.edu (x86_64)
Operating system:	Linux 4.18.0-553.44.1.el8_10.x86_64 #1 SMP Wed Mar 5 10:48:41 EST 2025 {"hostname": "ece-linlabsrv01.ece.gatech.edu", "processid": 570173, "history": "ExplorerRun.0", "logfile": "/nethome/rgoel68/ECE3150/logs_rgoel68/logs0/Job9.log", "nodename": "ece-linlabsrv01.ece.gatech.edu", "domainname": "(none)", "machine": "x86_64", "sysname": "Linux", "release": "4.18.0-553.44.1.el8_10.x86_64", "version": "#1 SMP Wed Mar 5 10:48:41 EST 2025"}
[2025-04-16 01:33:35.576 -0400] [PROCESS] [cadence.virtuoso.ade.simulationMonitor] - UsageInfo:
pid=570173
totalPhysicalMemory=186.850849GB,Used=110.873657GB,totalVirtualMemory=250.850845GB,Used=138.069649GB
Cpu: Cores=112, Load average:5.060000,8.070000,6.360000 {"hostname": "ece-linlabsrv01.ece.gatech.edu", "processid": 570173, "history": "ExplorerRun.0", "logfile": "/nethome/rgoel68/ECE3150/logs_rgoel68/logs0/Job9.log", "pid": "570173", "totalPhysicalMemory": "186.850849", "physicalMemoryUsed": "110.873657", "totalVirtualMemory": "250.850845", "virtualMemoryUsed": "138.069649", "cpuCores": "112", "processes": "12811", "loadAverage1": "5.060000", "loadAverage5": "8.070000", "loadAverage15": "6.360000", "loadAverage1Percent": "0.045179"}
[2025-04-16 01:33:35.579 -0400] [EVENT] [cadence.virtuoso.ade.simulationMonitor] - NewPoint {"history": "ExplorerRun.0", "point": 1, "testname": "project_3_Synchronous_16_bit_add_subtractor_1", "cornername": "Nominal", "event": "NewPoint", "EventSource": "Simulation Monitor", "HistoryName": "ExplorerRun.0", "logFile": "/nethome/rgoel68/ECE3150/logs_rgoel68/logs0/Job9.log", "logFileSize": "4186", "category": "simulation"}
[2025-04-16 01:33:35.780 -0400] [EVENT] [cadence.virtuoso.ade.simulationMonitor] - NewPoint {"history": "ExplorerRun.0", "point": 1, "testname": "project_3_Synchronous_16_bit_add_subtractor_1", "cornername": "Nominal", "event": "NewPoint", "EventSource": "spectre", "HistoryName": "ExplorerRun.0", "logFile": "/nethome/rgoel68/simulation/project_3/Synchronous_16_bit_add_subtractor/maestro/results/maestro/ExplorerRun.0/1/project_3_Synchronous_16_bit_add_subtractor_1/psf/spectre.out", "logFileSize": "-1", "category": "simulation"}
[2025-04-16 01:33:35.997 -0400] [PROCESS] [cadence.virtuoso.ade.simulationMonitor] - Simulator launched {"hostname": "ece-linlabsrv01.ece.gatech.edu", "processid": 570173, "history": "ExplorerRun.0", "testname": "project_3_Synchronous_16_bit_add_subtractor_1", "cornername": "Nominal", "point": 1, "logfile": "/nethome/rgoel68/ECE3150/logs_rgoel68/logs0/Job9.log", "simid": "1", "event": "launch", "category": "simulation"}
[2025-04-16 01:33:36.000 -0400] [PROCESS] [cadence.virtuoso.ade.simulationMonitor] - Expression evaluator launched {"hostname": "ece-linlabsrv01.ece.gatech.edu", "processid": 570173, "history": "ExplorerRun.0", "testname": "project_3_Synchronous_16_bit_add_subtractor_1", "cornername": "Nominal", "point": 1, "logfile": "/nethome/rgoel68/ECE3150/logs_rgoel68/logs0/Job9.log"}
[2025-04-16 01:33:37.214 -0400] [PROCESS] [cadence.virtuoso.ade.simulationMonitor] - Started Simulation {"hostname": "ece-linlabsrv01.ece.gatech.edu", "processid": 570173, "history": "ExplorerRun.0", "testname": "project_3_Synchronous_16_bit_add_subtractor_1", "cornername": "Nominal", "point": 1, "logfile": "/nethome/rgoel68/ECE3150/logs_rgoel68/logs0/Job9.log", "event": "start", "category": "simulation"}
[2025-04-16 01:33:37.215 -0400] [INFO] [cadence.virtuoso.ade.simulationMonitor] - Notice from spectre during Digital Vector read-in.
    Process Vector Files.
    File read: /nethome/rgoel68/ECE3150/sync_adder_vdd_tb.vec {"history": "ExplorerRun.0", "point": 1, "testname": "project_3_Synchronous_16_bit_add_subtractor_1", "cornername": "Nominal"}
[2025-04-16 01:33:37.215 -0400] [INFO] [cadence.virtuoso.ade.simulationMonitor] - Peak resident memory used = 162 Mbytes. {"history": "ExplorerRun.0", "point": 1, "testname": "project_3_Synchronous_16_bit_add_subtractor_1", "cornername": "Nominal"}
[2025-04-16 01:33:37.215 -0400] [WARN] [cadence.virtuoso.ade.simulationMonitor] -     WARNING (SFE-102): "input.scs" 37: Parameter `ld', specified for model `PMOS_VTL' of primitive `bsim4', has been ignored because it is an invalid instance parameter. Specify a valid model parameter and rerun the simulation. Type `spectre -h bsim4' to get more information on valid model parameters. {"history": "ExplorerRun.0", "point": 1, "testname": "project_3_Synchronous_16_bit_add_subtractor_1", "cornername": "Nominal"}
[2025-04-16 01:33:37.215 -0400] [WARN] [cadence.virtuoso.ade.simulationMonitor] -     WARNING (SFE-102): "input.scs" 39: Parameter `ld', specified for model `PMOS_VTL' of primitive `bsim4', has been ignored because it is an invalid instance parameter. Specify a valid model parameter and rerun the simulation. Type `spectre -h bsim4' to get more information on valid model parameters. {"history": "ExplorerRun.0", "point": 1, "testname": "project_3_Synchronous_16_bit_add_subtractor_1", "cornername": "Nominal"}
[2025-04-16 01:33:37.215 -0400] [WARN] [cadence.virtuoso.ade.simulationMonitor] -     WARNING (SFE-102): "input.scs" 41: Parameter `ld', specified for model `PMOS_VTL' of primitive `bsim4', has been ignored because it is an invalid instance parameter. Specify a valid model parameter and rerun the simulation. Type `spectre -h bsim4' to get more information on valid model parameters. {"history": "ExplorerRun.0", "point": 1, "testname": "project_3_Synchronous_16_bit_add_subtractor_1", "cornername": "Nominal"}
[2025-04-16 01:33:37.215 -0400] [WARN] [cadence.virtuoso.ade.simulationMonitor] -     WARNING (SFE-102): "input.scs" 43: Parameter `ld', specified for model `PMOS_VTL' of primitive `bsim4', has been ignored because it is an invalid instance parameter. Specify a valid model parameter and rerun the simulation. Type `spectre -h bsim4' to get more information on valid model parameters. {"history": "ExplorerRun.0", "point": 1, "testname": "project_3_Synchronous_16_bit_add_subtractor_1", "cornername": "Nominal"}
[2025-04-16 01:33:37.215 -0400] [WARN] [cadence.virtuoso.ade.simulationMonitor] -     WARNING (SFE-102): "input.scs" 45: Parameter `ld', specified for model `NMOS_VTL' of primitive `bsim4', has been ignored because it is an invalid instance parameter. Specify a valid model parameter and rerun the simulation. Type `spectre -h bsim4' to get more information on valid model parameters.
        Further occurrences of this warning will be suppressed. {"history": "ExplorerRun.0", "point": 1, "testname": "project_3_Synchronous_16_bit_add_subtractor_1", "cornername": "Nominal"}
[2025-04-16 01:33:37.215 -0400] [INFO] [cadence.virtuoso.ade.simulationMonitor] - Peak resident memory used = 175 Mbytes. {"history": "ExplorerRun.0", "point": 1, "testname": "project_3_Synchronous_16_bit_add_subtractor_1", "cornername": "Nominal"}
[2025-04-16 01:33:37.216 -0400] [INFO] [cadence.virtuoso.ade.simulationMonitor] - Peak resident memory used = 183 Mbytes. {"history": "ExplorerRun.0", "point": 1, "testname": "project_3_Synchronous_16_bit_add_subtractor_1", "cornername": "Nominal"}
[2025-04-16 01:33:37.219 -0400] [INFO] [cadence.virtuoso.ade.simulationMonitor] -               nodes 1504 {"history": "ExplorerRun.0", "point": 1, "testname": "project_3_Synchronous_16_bit_add_subtractor_1", "cornername": "Nominal"}
[2025-04-16 01:33:37.219 -0400] [INFO] [cadence.virtuoso.ade.simulationMonitor] - Notice from spectre during initial setup.
    Protected devices exist and are not included in the circuit inventory.
    APS enabled.
    2833 warnings suppressed. {"history": "ExplorerRun.0", "point": 1, "testname": "project_3_Synchronous_16_bit_add_subtractor_1", "cornername": "Nominal"}
[2025-04-16 01:33:37.219 -0400] [INFO] [cadence.virtuoso.ade.simulationMonitor] - Notice from spectre.
    Multithreading enabled: 8 threads in the system with 112 available processors. {"history": "ExplorerRun.0", "point": 1, "testname": "project_3_Synchronous_16_bit_add_subtractor_1", "cornername": "Nominal"}
[2025-04-16 01:33:37.219 -0400] [INFO] [cadence.virtuoso.ade.simulationMonitor] - Peak resident memory used = 212 Mbytes. {"history": "ExplorerRun.0", "point": 1, "testname": "project_3_Synchronous_16_bit_add_subtractor_1", "cornername": "Nominal"}
[2025-04-16 01:33:37.220 -0400] [INFO] [cadence.virtuoso.ade.simulationMonitor] -    -   (APS) Multi-threading. The recommended number of threads is 8, consider adding +mt=8 on command line. {"history": "ExplorerRun.0", "point": 1, "testname": "project_3_Synchronous_16_bit_add_subtractor_1", "cornername": "Nominal"}
[2025-04-16 01:33:38.220 -0400] [INFO] [cadence.virtuoso.ade.simulationMonitor] - Notice from spectre during IC analysis, during transient analysis `tran'.
    Bad pivoting is found during DC analysis. Option dc_pivot_check=yes is recommended for possible improvement of convergence. {"history": "ExplorerRun.0", "point": 1, "testname": "project_3_Synchronous_16_bit_add_subtractor_1", "cornername": "Nominal"}
[2025-04-16 01:33:38.721 -0400] [INFO] [cadence.virtuoso.ade.simulationMonitor] - Notice from spectre at time = 809.718 ps during transient analysis `tran'.
    Found trapezoidal ringing on node _vvdd!:p. {"history": "ExplorerRun.0", "point": 1, "testname": "project_3_Synchronous_16_bit_add_subtractor_1", "cornername": "Nominal"}
[2025-04-16 01:33:38.721 -0400] [INFO] [cadence.virtuoso.ade.simulationMonitor] - Notice from spectre at time = 904.859 ps during transient analysis `tran'.
    Found trapezoidal ringing on node _vvdd!:p. {"history": "ExplorerRun.0", "point": 1, "testname": "project_3_Synchronous_16_bit_add_subtractor_1", "cornername": "Nominal"}
[2025-04-16 01:33:38.721 -0400] [INFO] [cadence.virtuoso.ade.simulationMonitor] - Notice from spectre at time = 1 ns during transient analysis `tran'.
    Found trapezoidal ringing on node _vvdd!:p. {"history": "ExplorerRun.0", "point": 1, "testname": "project_3_Synchronous_16_bit_add_subtractor_1", "cornername": "Nominal"}
[2025-04-16 01:33:42.224 -0400] [INFO] [cadence.virtuoso.ade.simulationMonitor] - Notice from spectre at time = 4.50005 ns during transient analysis `tran'.
    Found trapezoidal ringing on node I4.I5.I2.M0:int_b. {"history": "ExplorerRun.0", "point": 1, "testname": "project_3_Synchronous_16_bit_add_subtractor_1", "cornername": "Nominal"}
[2025-04-16 01:33:42.225 -0400] [INFO] [cadence.virtuoso.ade.simulationMonitor] - Notice from spectre at time = 4.50007 ns during transient analysis `tran'.
    Found trapezoidal ringing on node I4.I5.I2.M0:int_b.
        Further occurrences of this notice will be suppressed. {"history": "ExplorerRun.0", "point": 1, "testname": "project_3_Synchronous_16_bit_add_subtractor_1", "cornername": "Nominal"}
[2025-04-16 01:33:51.228 -0400] [INFO] [cadence.virtuoso.ade.simulationMonitor] - Notice from spectre during transient analysis `tran'.
    Trapezoidal ringing is detected during tran analysis.
        Please use method=trap for better results and performance. {"history": "ExplorerRun.0", "point": 1, "testname": "project_3_Synchronous_16_bit_add_subtractor_1", "cornername": "Nominal"}
[2025-04-16 01:33:51.229 -0400] [INFO] [cadence.virtuoso.ade.simulationMonitor] - Intrinsic tran analysis time:    CPU = 97.4951 s, elapsed = 12.9381 s. {"history": "ExplorerRun.0", "point": 1, "testname": "project_3_Synchronous_16_bit_add_subtractor_1", "cornername": "Nominal"}
[2025-04-16 01:33:51.229 -0400] [INFO] [cadence.virtuoso.ade.simulationMonitor] - Total time required for tran analysis `tran': CPU = 101.451 s (1m  41.5s), elapsed = 13.7119 s, util. = 740%. {"history": "ExplorerRun.0", "point": 1, "testname": "project_3_Synchronous_16_bit_add_subtractor_1", "cornername": "Nominal"}
[2025-04-16 01:33:51.230 -0400] [INFO] [cadence.virtuoso.ade.simulationMonitor] - Peak resident memory used = 352 Mbytes. {"history": "ExplorerRun.0", "point": 1, "testname": "project_3_Synchronous_16_bit_add_subtractor_1", "cornername": "Nominal"}
[2025-04-16 01:33:51.230 -0400] [INFO] [cadence.virtuoso.ade.simulationMonitor] - Notice from spectre.
    31 notices suppressed. {"history": "ExplorerRun.0", "point": 1, "testname": "project_3_Synchronous_16_bit_add_subtractor_1", "cornername": "Nominal"}
[2025-04-16 01:33:51.731 -0400] [INFO] [cadence.virtuoso.ade.simulationMonitor] - Time used: CPU = 105 s (1m  44.8s), elapsed = 14.9 s, util. = 703%. {"history": "ExplorerRun.0", "point": 1, "testname": "project_3_Synchronous_16_bit_add_subtractor_1", "cornername": "Nominal"}
[2025-04-16 01:33:51.731 -0400] [INFO] [cadence.virtuoso.ade.simulationMonitor] - Time spent in licensing: elapsed = 59 ms. {"history": "ExplorerRun.0", "point": 1, "testname": "project_3_Synchronous_16_bit_add_subtractor_1", "cornername": "Nominal"}
[2025-04-16 01:33:51.732 -0400] [INFO] [cadence.virtuoso.ade.simulationMonitor] - Peak memory used = 352 Mbytes. {"history": "ExplorerRun.0", "point": 1, "testname": "project_3_Synchronous_16_bit_add_subtractor_1", "cornername": "Nominal"}
[2025-04-16 01:33:51.733 -0400] [PROCESS] [cadence.virtuoso.ade.simulationMonitor] - Simulation started at: 1:33:36 AM, Wed Apr 16, 2025, ended at: 1:33:51 AM, Wed Apr 16, 2025, with elapsed time (wall clock): 14.9 s. {"history": "ExplorerRun.0", "point": 1, "testname": "project_3_Synchronous_16_bit_add_subtractor_1", "cornername": "Nominal"}
[2025-04-16 01:33:51.733 -0400] [PROCESS] [cadence.virtuoso.ade.simulationMonitor] - spectre completes with 0 errors, 5 warnings, and 15 notices. {"history": "ExplorerRun.0", "point": 1, "testname": "project_3_Synchronous_16_bit_add_subtractor_1", "cornername": "Nominal"}
[2025-04-16 01:33:51.734 -0400] [PROCESS] [cadence.virtuoso.ade.simulationMonitor] - Finished simulating for one point {"hostname": "ece-linlabsrv01.ece.gatech.edu", "processid": 570173, "history": "ExplorerRun.0", "testname": "project_3_Synchronous_16_bit_add_subtractor_1", "cornername": "Nominal", "point": 1, "logfile": "/nethome/rgoel68/ECE3150/logs_rgoel68/logs0/Job9.log", "simid": "1", "event": "finish", "category": "simulation"}
[2025-04-16 01:33:51.734 -0400] [PROCESS] [cadence.virtuoso.ade.simulationMonitor] - Simulator exited {"hostname": "ece-linlabsrv01.ece.gatech.edu", "processid": 570173, "history": "ExplorerRun.0", "testname": "project_3_Synchronous_16_bit_add_subtractor_1", "cornername": "Nominal", "point": 1, "logfile": "/nethome/rgoel68/ECE3150/logs_rgoel68/logs0/Job9.log", "exitStatus": "0"}
[2025-04-16 01:33:51.734 -0400] [PROCESS] [cadence.virtuoso.ade.simulationMonitor] - Finished Simulation {"hostname": "ece-linlabsrv01.ece.gatech.edu", "processid": 570173, "history": "ExplorerRun.0", "testname": "project_3_Synchronous_16_bit_add_subtractor_1", "cornername": "Nominal", "point": 1, "logfile": "/nethome/rgoel68/ECE3150/logs_rgoel68/logs0/Job9.log", "simid": "1", "event": "finish", "category": "obsolete"}
[2025-04-16 01:33:53.238 -0400] [PROCESS] [cadence.virtuoso.ade.simulationMonitor] - Point Finished {"hostname": "ece-linlabsrv01.ece.gatech.edu", "processid": 570173, "history": "ExplorerRun.0", "testname": "project_3_Synchronous_16_bit_add_subtractor_1", "cornername": "Nominal", "point": 1, "logfile": "/nethome/rgoel68/ECE3150/logs_rgoel68/logs0/Job9.log", "event": "finish", "category": "sim-eval"}
[2025-04-16 01:33:54.240 -0400] [PROCESS] [cadence.virtuoso.ade.simulationMonitor] - Stay with the runId '26', Linger time '300', currentRunSyn '53', currentTestSyn '54' {"hostname": "ece-linlabsrv01.ece.gatech.edu", "processid": 570173, "history": "ExplorerRun.0", "testname": "project_3_Synchronous_16_bit_add_subtractor_1", "cornername": "Nominal", "point": 1, "logfile": "/nethome/rgoel68/ECE3150/logs_rgoel68/logs0/Job9.log"}
[2025-04-16 01:35:24.549 -0400] [INFO] [cadence.virtuoso.ade.simulationMonitor] - SimulationMonitor has terminated the vds process '570347', reason: 'Force to stop the expression evalutor process because of new run' {"history": "ExplorerRun.0", "point": 1, "testname": "project_3_Synchronous_16_bit_add_subtractor_1", "cornername": "Nominal"}
[2025-04-16 01:35:24.550 -0400] [PROCESS] [cadence.virtuoso.ade.simulationMonitor] - HostInfo:
Host name (type):	ece-linlabsrv01.ece.gatech.edu (x86_64)
Operating system:	Linux 4.18.0-553.44.1.el8_10.x86_64 #1 SMP Wed Mar 5 10:48:41 EST 2025 {"hostname": "ece-linlabsrv01.ece.gatech.edu", "processid": 570173, "history": "ExplorerRun.0", "testname": "project_3_Synchronous_16_bit_add_subtractor_1", "cornername": "Nominal", "point": 1, "logfile": "/nethome/rgoel68/ECE3150/logs_rgoel68/logs0/Job9.log", "nodename": "ece-linlabsrv01.ece.gatech.edu", "domainname": "(none)", "machine": "x86_64", "sysname": "Linux", "release": "4.18.0-553.44.1.el8_10.x86_64", "version": "#1 SMP Wed Mar 5 10:48:41 EST 2025"}
[2025-04-16 01:35:24.550 -0400] [PROCESS] [cadence.virtuoso.ade.simulationMonitor] - UsageInfo:
pid=570173
totalPhysicalMemory=186.850849GB,Used=110.677170GB,totalVirtualMemory=250.850845GB,Used=137.873161GB
Cpu: Cores=112, Load average:3.590000,6.770000,6.090000 {"hostname": "ece-linlabsrv01.ece.gatech.edu", "processid": 570173, "history": "ExplorerRun.0", "testname": "project_3_Synchronous_16_bit_add_subtractor_1", "cornername": "Nominal", "point": 1, "logfile": "/nethome/rgoel68/ECE3150/logs_rgoel68/logs0/Job9.log", "pid": "570173", "totalPhysicalMemory": "186.850849", "physicalMemoryUsed": "110.677170", "totalVirtualMemory": "250.850845", "virtualMemoryUsed": "137.873161", "cpuCores": "112", "processes": "12749", "loadAverage1": "3.590000", "loadAverage5": "6.770000", "loadAverage15": "6.090000", "loadAverage1Percent": "0.032054"}
[2025-04-16 01:35:24.554 -0400] [EVENT] [cadence.virtuoso.ade.simulationMonitor] - NewPoint {"history": "ExplorerRun.0", "point": 1, "testname": "project_3_Synchronous_16_bit_add_subtractor_1", "cornername": "Nominal", "event": "NewPoint", "EventSource": "Simulation Monitor", "HistoryName": "ExplorerRun.0", "logFile": "/nethome/rgoel68/ECE3150/logs_rgoel68/logs0/Job9.log", "logFileSize": "20560", "category": "simulation"}
[2025-04-16 01:35:24.756 -0400] [EVENT] [cadence.virtuoso.ade.simulationMonitor] - NewPoint {"history": "ExplorerRun.0", "point": 1, "testname": "project_3_Synchronous_16_bit_add_subtractor_1", "cornername": "Nominal", "event": "NewPoint", "EventSource": "spectre", "HistoryName": "ExplorerRun.0", "logFile": "/nethome/rgoel68/simulation/project_3/Synchronous_16_bit_add_subtractor/maestro/results/maestro/ExplorerRun.0/1/project_3_Synchronous_16_bit_add_subtractor_1/psf/spectre.out", "logFileSize": "-1", "category": "simulation"}
[2025-04-16 01:35:25.008 -0400] [PROCESS] [cadence.virtuoso.ade.simulationMonitor] - Simulator launched {"hostname": "ece-linlabsrv01.ece.gatech.edu", "processid": 570173, "history": "ExplorerRun.0", "testname": "project_3_Synchronous_16_bit_add_subtractor_1", "cornername": "Nominal", "point": 1, "logfile": "/nethome/rgoel68/ECE3150/logs_rgoel68/logs0/Job9.log", "simid": "2", "event": "launch", "category": "simulation"}
[2025-04-16 01:35:25.013 -0400] [PROCESS] [cadence.virtuoso.ade.simulationMonitor] - Expression evaluator launched {"hostname": "ece-linlabsrv01.ece.gatech.edu", "processid": 570173, "history": "ExplorerRun.0", "testname": "project_3_Synchronous_16_bit_add_subtractor_1", "cornername": "Nominal", "point": 1, "logfile": "/nethome/rgoel68/ECE3150/logs_rgoel68/logs0/Job9.log"}
[2025-04-16 01:35:26.306 -0400] [PROCESS] [cadence.virtuoso.ade.simulationMonitor] - Started Simulation {"hostname": "ece-linlabsrv01.ece.gatech.edu", "processid": 570173, "history": "ExplorerRun.0", "testname": "project_3_Synchronous_16_bit_add_subtractor_1", "cornername": "Nominal", "point": 1, "logfile": "/nethome/rgoel68/ECE3150/logs_rgoel68/logs0/Job9.log", "event": "start", "category": "simulation"}
[2025-04-16 01:35:26.306 -0400] [INFO] [cadence.virtuoso.ade.simulationMonitor] - Notice from spectre during Digital Vector read-in.
    Process Vector Files.
    File read: /nethome/rgoel68/ECE3150/sync_adder_vdd_tb.vec {"history": "ExplorerRun.0", "point": 1, "testname": "project_3_Synchronous_16_bit_add_subtractor_1", "cornername": "Nominal"}
[2025-04-16 01:35:26.306 -0400] [INFO] [cadence.virtuoso.ade.simulationMonitor] - Peak resident memory used = 177 Mbytes. {"history": "ExplorerRun.0", "point": 1, "testname": "project_3_Synchronous_16_bit_add_subtractor_1", "cornername": "Nominal"}
[2025-04-16 01:35:26.306 -0400] [WARN] [cadence.virtuoso.ade.simulationMonitor] -     WARNING (SFE-102): "input.scs" 37: Parameter `ld', specified for model `PMOS_VTL' of primitive `bsim4', has been ignored because it is an invalid instance parameter. Specify a valid model parameter and rerun the simulation. Type `spectre -h bsim4' to get more information on valid model parameters. {"history": "ExplorerRun.0", "point": 1, "testname": "project_3_Synchronous_16_bit_add_subtractor_1", "cornername": "Nominal"}
[2025-04-16 01:35:26.306 -0400] [WARN] [cadence.virtuoso.ade.simulationMonitor] -     WARNING (SFE-102): "input.scs" 39: Parameter `ld', specified for model `PMOS_VTL' of primitive `bsim4', has been ignored because it is an invalid instance parameter. Specify a valid model parameter and rerun the simulation. Type `spectre -h bsim4' to get more information on valid model parameters. {"history": "ExplorerRun.0", "point": 1, "testname": "project_3_Synchronous_16_bit_add_subtractor_1", "cornername": "Nominal"}
[2025-04-16 01:35:26.306 -0400] [WARN] [cadence.virtuoso.ade.simulationMonitor] -     WARNING (SFE-102): "input.scs" 41: Parameter `ld', specified for model `PMOS_VTL' of primitive `bsim4', has been ignored because it is an invalid instance parameter. Specify a valid model parameter and rerun the simulation. Type `spectre -h bsim4' to get more information on valid model parameters. {"history": "ExplorerRun.0", "point": 1, "testname": "project_3_Synchronous_16_bit_add_subtractor_1", "cornername": "Nominal"}
[2025-04-16 01:35:26.306 -0400] [WARN] [cadence.virtuoso.ade.simulationMonitor] -     WARNING (SFE-102): "input.scs" 43: Parameter `ld', specified for model `PMOS_VTL' of primitive `bsim4', has been ignored because it is an invalid instance parameter. Specify a valid model parameter and rerun the simulation. Type `spectre -h bsim4' to get more information on valid model parameters. {"history": "ExplorerRun.0", "point": 1, "testname": "project_3_Synchronous_16_bit_add_subtractor_1", "cornername": "Nominal"}
[2025-04-16 01:35:26.306 -0400] [WARN] [cadence.virtuoso.ade.simulationMonitor] -     WARNING (SFE-102): "input.scs" 45: Parameter `ld', specified for model `NMOS_VTL' of primitive `bsim4', has been ignored because it is an invalid instance parameter. Specify a valid model parameter and rerun the simulation. Type `spectre -h bsim4' to get more information on valid model parameters.
        Further occurrences of this warning will be suppressed. {"history": "ExplorerRun.0", "point": 1, "testname": "project_3_Synchronous_16_bit_add_subtractor_1", "cornername": "Nominal"}
[2025-04-16 01:35:26.306 -0400] [INFO] [cadence.virtuoso.ade.simulationMonitor] - Peak resident memory used = 190 Mbytes. {"history": "ExplorerRun.0", "point": 1, "testname": "project_3_Synchronous_16_bit_add_subtractor_1", "cornername": "Nominal"}
[2025-04-16 01:35:26.306 -0400] [INFO] [cadence.virtuoso.ade.simulationMonitor] - Peak resident memory used = 198 Mbytes. {"history": "ExplorerRun.0", "point": 1, "testname": "project_3_Synchronous_16_bit_add_subtractor_1", "cornername": "Nominal"}
[2025-04-16 01:35:26.309 -0400] [INFO] [cadence.virtuoso.ade.simulationMonitor] -               nodes 1504 {"history": "ExplorerRun.0", "point": 1, "testname": "project_3_Synchronous_16_bit_add_subtractor_1", "cornername": "Nominal"}
[2025-04-16 01:35:26.309 -0400] [INFO] [cadence.virtuoso.ade.simulationMonitor] - Notice from spectre during initial setup.
    Protected devices exist and are not included in the circuit inventory.
    APS enabled.
    2833 warnings suppressed. {"history": "ExplorerRun.0", "point": 1, "testname": "project_3_Synchronous_16_bit_add_subtractor_1", "cornername": "Nominal"}
[2025-04-16 01:35:26.810 -0400] [INFO] [cadence.virtuoso.ade.simulationMonitor] - Notice from spectre.
    Multithreading enabled: 8 threads in the system with 112 available processors. {"history": "ExplorerRun.0", "point": 1, "testname": "project_3_Synchronous_16_bit_add_subtractor_1", "cornername": "Nominal"}
[2025-04-16 01:35:26.811 -0400] [INFO] [cadence.virtuoso.ade.simulationMonitor] - Peak resident memory used = 227 Mbytes. {"history": "ExplorerRun.0", "point": 1, "testname": "project_3_Synchronous_16_bit_add_subtractor_1", "cornername": "Nominal"}
[2025-04-16 01:35:26.811 -0400] [INFO] [cadence.virtuoso.ade.simulationMonitor] -    -   (APS) Multi-threading. The recommended number of threads is 8, consider adding +mt=8 on command line. {"history": "ExplorerRun.0", "point": 1, "testname": "project_3_Synchronous_16_bit_add_subtractor_1", "cornername": "Nominal"}
[2025-04-16 01:35:27.312 -0400] [INFO] [cadence.virtuoso.ade.simulationMonitor] - Notice from spectre during IC analysis, during transient analysis `tran'.
    Bad pivoting is found during DC analysis. Option dc_pivot_check=yes is recommended for possible improvement of convergence. {"history": "ExplorerRun.0", "point": 1, "testname": "project_3_Synchronous_16_bit_add_subtractor_1", "cornername": "Nominal"}
[2025-04-16 01:35:27.812 -0400] [INFO] [cadence.virtuoso.ade.simulationMonitor] - Notice from spectre at time = 809.718 ps during transient analysis `tran'.
    Found trapezoidal ringing on node _vvdd!:p. {"history": "ExplorerRun.0", "point": 1, "testname": "project_3_Synchronous_16_bit_add_subtractor_1", "cornername": "Nominal"}
[2025-04-16 01:35:27.812 -0400] [INFO] [cadence.virtuoso.ade.simulationMonitor] - Notice from spectre at time = 904.859 ps during transient analysis `tran'.
    Found trapezoidal ringing on node _vvdd!:p. {"history": "ExplorerRun.0", "point": 1, "testname": "project_3_Synchronous_16_bit_add_subtractor_1", "cornername": "Nominal"}
[2025-04-16 01:35:27.812 -0400] [INFO] [cadence.virtuoso.ade.simulationMonitor] - Notice from spectre at time = 1 ns during transient analysis `tran'.
    Found trapezoidal ringing on node _vvdd!:p. {"history": "ExplorerRun.0", "point": 1, "testname": "project_3_Synchronous_16_bit_add_subtractor_1", "cornername": "Nominal"}
[2025-04-16 01:35:30.814 -0400] [INFO] [cadence.virtuoso.ade.simulationMonitor] - Notice from spectre at time = 4.50005 ns during transient analysis `tran'.
    Found trapezoidal ringing on node I4.I5.I2.M0:int_b. {"history": "ExplorerRun.0", "point": 1, "testname": "project_3_Synchronous_16_bit_add_subtractor_1", "cornername": "Nominal"}
[2025-04-16 01:35:30.814 -0400] [INFO] [cadence.virtuoso.ade.simulationMonitor] - Notice from spectre at time = 4.50007 ns during transient analysis `tran'.
    Found trapezoidal ringing on node I4.I5.I2.M0:int_b.
        Further occurrences of this notice will be suppressed. {"history": "ExplorerRun.0", "point": 1, "testname": "project_3_Synchronous_16_bit_add_subtractor_1", "cornername": "Nominal"}
[2025-04-16 01:35:40.319 -0400] [INFO] [cadence.virtuoso.ade.simulationMonitor] - Notice from spectre during transient analysis `tran'.
    Trapezoidal ringing is detected during tran analysis.
        Please use method=trap for better results and performance. {"history": "ExplorerRun.0", "point": 1, "testname": "project_3_Synchronous_16_bit_add_subtractor_1", "cornername": "Nominal"}
[2025-04-16 01:35:40.320 -0400] [INFO] [cadence.virtuoso.ade.simulationMonitor] - Intrinsic tran analysis time:    CPU = 97.936 s, elapsed = 13.0493 s. {"history": "ExplorerRun.0", "point": 1, "testname": "project_3_Synchronous_16_bit_add_subtractor_1", "cornername": "Nominal"}
[2025-04-16 01:35:40.820 -0400] [INFO] [cadence.virtuoso.ade.simulationMonitor] - Total time required for tran analysis `tran': CPU = 101.779 s (1m  41.8s), elapsed = 13.8051 s, util. = 737%. {"history": "ExplorerRun.0", "point": 1, "testname": "project_3_Synchronous_16_bit_add_subtractor_1", "cornername": "Nominal"}
[2025-04-16 01:35:40.820 -0400] [INFO] [cadence.virtuoso.ade.simulationMonitor] - Peak resident memory used = 367 Mbytes. {"history": "ExplorerRun.0", "point": 1, "testname": "project_3_Synchronous_16_bit_add_subtractor_1", "cornername": "Nominal"}
[2025-04-16 01:35:40.820 -0400] [INFO] [cadence.virtuoso.ade.simulationMonitor] - Notice from spectre.
    31 notices suppressed. {"history": "ExplorerRun.0", "point": 1, "testname": "project_3_Synchronous_16_bit_add_subtractor_1", "cornername": "Nominal"}
[2025-04-16 01:35:40.822 -0400] [INFO] [cadence.virtuoso.ade.simulationMonitor] - Time used: CPU = 105 s (1m  45.3s), elapsed = 15.1 s, util. = 697%. {"history": "ExplorerRun.0", "point": 1, "testname": "project_3_Synchronous_16_bit_add_subtractor_1", "cornername": "Nominal"}
[2025-04-16 01:35:40.822 -0400] [INFO] [cadence.virtuoso.ade.simulationMonitor] - Time spent in licensing: elapsed = 109 ms. {"history": "ExplorerRun.0", "point": 1, "testname": "project_3_Synchronous_16_bit_add_subtractor_1", "cornername": "Nominal"}
[2025-04-16 01:35:40.822 -0400] [INFO] [cadence.virtuoso.ade.simulationMonitor] - Peak memory used = 367 Mbytes. {"history": "ExplorerRun.0", "point": 1, "testname": "project_3_Synchronous_16_bit_add_subtractor_1", "cornername": "Nominal"}
[2025-04-16 01:35:40.824 -0400] [PROCESS] [cadence.virtuoso.ade.simulationMonitor] - Simulation started at: 1:35:25 AM, Wed Apr 16, 2025, ended at: 1:35:40 AM, Wed Apr 16, 2025, with elapsed time (wall clock): 15.1 s. {"history": "ExplorerRun.0", "point": 1, "testname": "project_3_Synchronous_16_bit_add_subtractor_1", "cornername": "Nominal"}
[2025-04-16 01:35:40.824 -0400] [PROCESS] [cadence.virtuoso.ade.simulationMonitor] - spectre completes with 0 errors, 5 warnings, and 15 notices. {"history": "ExplorerRun.0", "point": 1, "testname": "project_3_Synchronous_16_bit_add_subtractor_1", "cornername": "Nominal"}
[2025-04-16 01:35:40.824 -0400] [PROCESS] [cadence.virtuoso.ade.simulationMonitor] - Finished simulating for one point {"hostname": "ece-linlabsrv01.ece.gatech.edu", "processid": 570173, "history": "ExplorerRun.0", "testname": "project_3_Synchronous_16_bit_add_subtractor_1", "cornername": "Nominal", "point": 1, "logfile": "/nethome/rgoel68/ECE3150/logs_rgoel68/logs0/Job9.log", "simid": "2", "event": "finish", "category": "simulation"}
[2025-04-16 01:35:40.824 -0400] [PROCESS] [cadence.virtuoso.ade.simulationMonitor] - Simulator exited {"hostname": "ece-linlabsrv01.ece.gatech.edu", "processid": 570173, "history": "ExplorerRun.0", "testname": "project_3_Synchronous_16_bit_add_subtractor_1", "cornername": "Nominal", "point": 1, "logfile": "/nethome/rgoel68/ECE3150/logs_rgoel68/logs0/Job9.log", "exitStatus": "0"}
[2025-04-16 01:35:40.824 -0400] [PROCESS] [cadence.virtuoso.ade.simulationMonitor] - Finished Simulation {"hostname": "ece-linlabsrv01.ece.gatech.edu", "processid": 570173, "history": "ExplorerRun.0", "testname": "project_3_Synchronous_16_bit_add_subtractor_1", "cornername": "Nominal", "point": 1, "logfile": "/nethome/rgoel68/ECE3150/logs_rgoel68/logs0/Job9.log", "simid": "2", "event": "finish", "category": "obsolete"}
[2025-04-16 01:35:42.826 -0400] [PROCESS] [cadence.virtuoso.ade.simulationMonitor] - Point Finished {"hostname": "ece-linlabsrv01.ece.gatech.edu", "processid": 570173, "history": "ExplorerRun.0", "testname": "project_3_Synchronous_16_bit_add_subtractor_1", "cornername": "Nominal", "point": 1, "logfile": "/nethome/rgoel68/ECE3150/logs_rgoel68/logs0/Job9.log", "event": "finish", "category": "sim-eval"}
[2025-04-16 01:35:43.828 -0400] [PROCESS] [cadence.virtuoso.ade.simulationMonitor] - Stay with the runId '27', Linger time '300', currentRunSyn '55', currentTestSyn '56' {"hostname": "ece-linlabsrv01.ece.gatech.edu", "processid": 570173, "history": "ExplorerRun.0", "testname": "project_3_Synchronous_16_bit_add_subtractor_1", "cornername": "Nominal", "point": 1, "logfile": "/nethome/rgoel68/ECE3150/logs_rgoel68/logs0/Job9.log"}
[2025-04-16 01:35:44.829 -0400] [PROCESS] [cadence.virtuoso.ade.simulationMonitor] - Stay with the runId '27', Linger time '300', currentRunSyn '55', currentTestSyn '56' {"hostname": "ece-linlabsrv01.ece.gatech.edu", "processid": 570173, "history": "ExplorerRun.0", "testname": "project_3_Synchronous_16_bit_add_subtractor_1", "cornername": "Nominal", "point": 1, "logfile": "/nethome/rgoel68/ECE3150/logs_rgoel68/logs0/Job9.log"}
[2025-04-16 01:39:43.473 -0400] [INFO] [cadence.virtuoso.ade.simulationMonitor] - SimulationMonitor has terminated the vds process '652748', reason: 'Force to stop the expression evalutor process because of new run' {"history": "ExplorerRun.0", "point": 1, "testname": "project_3_Synchronous_16_bit_add_subtractor_1", "cornername": "Nominal"}
[2025-04-16 01:39:43.474 -0400] [PROCESS] [cadence.virtuoso.ade.simulationMonitor] - HostInfo:
Host name (type):	ece-linlabsrv01.ece.gatech.edu (x86_64)
Operating system:	Linux 4.18.0-553.44.1.el8_10.x86_64 #1 SMP Wed Mar 5 10:48:41 EST 2025 {"hostname": "ece-linlabsrv01.ece.gatech.edu", "processid": 570173, "history": "ExplorerRun.0", "testname": "project_3_Synchronous_16_bit_add_subtractor_1", "cornername": "Nominal", "point": 1, "logfile": "/nethome/rgoel68/ECE3150/logs_rgoel68/logs0/Job9.log", "nodename": "ece-linlabsrv01.ece.gatech.edu", "domainname": "(none)", "machine": "x86_64", "sysname": "Linux", "release": "4.18.0-553.44.1.el8_10.x86_64", "version": "#1 SMP Wed Mar 5 10:48:41 EST 2025"}
[2025-04-16 01:39:43.474 -0400] [PROCESS] [cadence.virtuoso.ade.simulationMonitor] - UsageInfo:
pid=570173
totalPhysicalMemory=186.850849GB,Used=110.690567GB,totalVirtualMemory=250.850845GB,Used=137.886803GB
Cpu: Cores=112, Load average:10.080000,6.020000,5.770000 {"hostname": "ece-linlabsrv01.ece.gatech.edu", "processid": 570173, "history": "ExplorerRun.0", "testname": "project_3_Synchronous_16_bit_add_subtractor_1", "cornername": "Nominal", "point": 1, "logfile": "/nethome/rgoel68/ECE3150/logs_rgoel68/logs0/Job9.log", "pid": "570173", "totalPhysicalMemory": "186.850849", "physicalMemoryUsed": "110.690567", "totalVirtualMemory": "250.850845", "virtualMemoryUsed": "137.886803", "cpuCores": "112", "processes": "12535", "loadAverage1": "10.080000", "loadAverage5": "6.020000", "loadAverage15": "5.770000", "loadAverage1Percent": "0.090000"}
[2025-04-16 01:39:43.477 -0400] [EVENT] [cadence.virtuoso.ade.simulationMonitor] - NewPoint {"history": "ExplorerRun.0", "point": 1, "testname": "project_3_Synchronous_16_bit_add_subtractor_1", "cornername": "Nominal", "event": "NewPoint", "EventSource": "Simulation Monitor", "HistoryName": "ExplorerRun.0", "logFile": "/nethome/rgoel68/ECE3150/logs_rgoel68/logs0/Job9.log", "logFileSize": "37368", "category": "simulation"}
[2025-04-16 01:39:43.679 -0400] [EVENT] [cadence.virtuoso.ade.simulationMonitor] - NewPoint {"history": "ExplorerRun.0", "point": 1, "testname": "project_3_Synchronous_16_bit_add_subtractor_1", "cornername": "Nominal", "event": "NewPoint", "EventSource": "spectre", "HistoryName": "ExplorerRun.0", "logFile": "/nethome/rgoel68/simulation/project_3/Synchronous_16_bit_add_subtractor/maestro/results/maestro/ExplorerRun.0/1/project_3_Synchronous_16_bit_add_subtractor_1/psf/spectre.out", "logFileSize": "-1", "category": "simulation"}
[2025-04-16 01:39:43.888 -0400] [PROCESS] [cadence.virtuoso.ade.simulationMonitor] - Simulator launched {"hostname": "ece-linlabsrv01.ece.gatech.edu", "processid": 570173, "history": "ExplorerRun.0", "testname": "project_3_Synchronous_16_bit_add_subtractor_1", "cornername": "Nominal", "point": 1, "logfile": "/nethome/rgoel68/ECE3150/logs_rgoel68/logs0/Job9.log", "simid": "3", "event": "launch", "category": "simulation"}
[2025-04-16 01:39:43.893 -0400] [PROCESS] [cadence.virtuoso.ade.simulationMonitor] - Expression evaluator launched {"hostname": "ece-linlabsrv01.ece.gatech.edu", "processid": 570173, "history": "ExplorerRun.0", "testname": "project_3_Synchronous_16_bit_add_subtractor_1", "cornername": "Nominal", "point": 1, "logfile": "/nethome/rgoel68/ECE3150/logs_rgoel68/logs0/Job9.log"}
[2025-04-16 01:39:45.126 -0400] [PROCESS] [cadence.virtuoso.ade.simulationMonitor] - Started Simulation {"hostname": "ece-linlabsrv01.ece.gatech.edu", "processid": 570173, "history": "ExplorerRun.0", "testname": "project_3_Synchronous_16_bit_add_subtractor_1", "cornername": "Nominal", "point": 1, "logfile": "/nethome/rgoel68/ECE3150/logs_rgoel68/logs0/Job9.log", "event": "start", "category": "simulation"}
[2025-04-16 01:39:45.126 -0400] [INFO] [cadence.virtuoso.ade.simulationMonitor] - Notice from spectre during Digital Vector read-in.
    Process Vector Files.
    File read: /nethome/rgoel68/ECE3150/sync_adder_vdd_tb.vec {"history": "ExplorerRun.0", "point": 1, "testname": "project_3_Synchronous_16_bit_add_subtractor_1", "cornername": "Nominal"}
[2025-04-16 01:39:45.126 -0400] [INFO] [cadence.virtuoso.ade.simulationMonitor] - Peak resident memory used = 173 Mbytes. {"history": "ExplorerRun.0", "point": 1, "testname": "project_3_Synchronous_16_bit_add_subtractor_1", "cornername": "Nominal"}
[2025-04-16 01:39:45.127 -0400] [WARN] [cadence.virtuoso.ade.simulationMonitor] -     WARNING (SFE-102): "input.scs" 37: Parameter `ld', specified for model `PMOS_VTL' of primitive `bsim4', has been ignored because it is an invalid instance parameter. Specify a valid model parameter and rerun the simulation. Type `spectre -h bsim4' to get more information on valid model parameters. {"history": "ExplorerRun.0", "point": 1, "testname": "project_3_Synchronous_16_bit_add_subtractor_1", "cornername": "Nominal"}
[2025-04-16 01:39:45.127 -0400] [WARN] [cadence.virtuoso.ade.simulationMonitor] -     WARNING (SFE-102): "input.scs" 39: Parameter `ld', specified for model `PMOS_VTL' of primitive `bsim4', has been ignored because it is an invalid instance parameter. Specify a valid model parameter and rerun the simulation. Type `spectre -h bsim4' to get more information on valid model parameters. {"history": "ExplorerRun.0", "point": 1, "testname": "project_3_Synchronous_16_bit_add_subtractor_1", "cornername": "Nominal"}
[2025-04-16 01:39:45.127 -0400] [WARN] [cadence.virtuoso.ade.simulationMonitor] -     WARNING (SFE-102): "input.scs" 41: Parameter `ld', specified for model `PMOS_VTL' of primitive `bsim4', has been ignored because it is an invalid instance parameter. Specify a valid model parameter and rerun the simulation. Type `spectre -h bsim4' to get more information on valid model parameters. {"history": "ExplorerRun.0", "point": 1, "testname": "project_3_Synchronous_16_bit_add_subtractor_1", "cornername": "Nominal"}
[2025-04-16 01:39:45.127 -0400] [WARN] [cadence.virtuoso.ade.simulationMonitor] -     WARNING (SFE-102): "input.scs" 43: Parameter `ld', specified for model `PMOS_VTL' of primitive `bsim4', has been ignored because it is an invalid instance parameter. Specify a valid model parameter and rerun the simulation. Type `spectre -h bsim4' to get more information on valid model parameters. {"history": "ExplorerRun.0", "point": 1, "testname": "project_3_Synchronous_16_bit_add_subtractor_1", "cornername": "Nominal"}
[2025-04-16 01:39:45.127 -0400] [WARN] [cadence.virtuoso.ade.simulationMonitor] -     WARNING (SFE-102): "input.scs" 45: Parameter `ld', specified for model `NMOS_VTL' of primitive `bsim4', has been ignored because it is an invalid instance parameter. Specify a valid model parameter and rerun the simulation. Type `spectre -h bsim4' to get more information on valid model parameters.
        Further occurrences of this warning will be suppressed. {"history": "ExplorerRun.0", "point": 1, "testname": "project_3_Synchronous_16_bit_add_subtractor_1", "cornername": "Nominal"}
[2025-04-16 01:39:45.127 -0400] [INFO] [cadence.virtuoso.ade.simulationMonitor] - Peak resident memory used = 186 Mbytes. {"history": "ExplorerRun.0", "point": 1, "testname": "project_3_Synchronous_16_bit_add_subtractor_1", "cornername": "Nominal"}
[2025-04-16 01:39:45.127 -0400] [INFO] [cadence.virtuoso.ade.simulationMonitor] - Peak resident memory used = 194 Mbytes. {"history": "ExplorerRun.0", "point": 1, "testname": "project_3_Synchronous_16_bit_add_subtractor_1", "cornername": "Nominal"}
[2025-04-16 01:39:45.130 -0400] [INFO] [cadence.virtuoso.ade.simulationMonitor] -               nodes 1504 {"history": "ExplorerRun.0", "point": 1, "testname": "project_3_Synchronous_16_bit_add_subtractor_1", "cornername": "Nominal"}
[2025-04-16 01:39:45.130 -0400] [INFO] [cadence.virtuoso.ade.simulationMonitor] - Notice from spectre during initial setup.
    Protected devices exist and are not included in the circuit inventory.
    APS enabled.
    2833 warnings suppressed. {"history": "ExplorerRun.0", "point": 1, "testname": "project_3_Synchronous_16_bit_add_subtractor_1", "cornername": "Nominal"}
[2025-04-16 01:39:45.131 -0400] [INFO] [cadence.virtuoso.ade.simulationMonitor] - Notice from spectre.
    Multithreading enabled: 8 threads in the system with 112 available processors. {"history": "ExplorerRun.0", "point": 1, "testname": "project_3_Synchronous_16_bit_add_subtractor_1", "cornername": "Nominal"}
[2025-04-16 01:39:45.131 -0400] [INFO] [cadence.virtuoso.ade.simulationMonitor] - Peak resident memory used = 223 Mbytes. {"history": "ExplorerRun.0", "point": 1, "testname": "project_3_Synchronous_16_bit_add_subtractor_1", "cornername": "Nominal"}
[2025-04-16 01:39:45.131 -0400] [INFO] [cadence.virtuoso.ade.simulationMonitor] -    -   (APS) Multi-threading. The recommended number of threads is 8, consider adding +mt=8 on command line. {"history": "ExplorerRun.0", "point": 1, "testname": "project_3_Synchronous_16_bit_add_subtractor_1", "cornername": "Nominal"}
[2025-04-16 01:39:46.132 -0400] [INFO] [cadence.virtuoso.ade.simulationMonitor] - Notice from spectre during IC analysis, during transient analysis `tran'.
    Bad pivoting is found during DC analysis. Option dc_pivot_check=yes is recommended for possible improvement of convergence. {"history": "ExplorerRun.0", "point": 1, "testname": "project_3_Synchronous_16_bit_add_subtractor_1", "cornername": "Nominal"}
[2025-04-16 01:39:46.632 -0400] [INFO] [cadence.virtuoso.ade.simulationMonitor] - Notice from spectre at time = 709.718 ps during transient analysis `tran'.
    Found trapezoidal ringing on node _vvdd!:p. {"history": "ExplorerRun.0", "point": 1, "testname": "project_3_Synchronous_16_bit_add_subtractor_1", "cornername": "Nominal"}
[2025-04-16 01:39:46.632 -0400] [INFO] [cadence.virtuoso.ade.simulationMonitor] - Notice from spectre at time = 800 ps during transient analysis `tran'.
    Found trapezoidal ringing on node _vvdd!:p. {"history": "ExplorerRun.0", "point": 1, "testname": "project_3_Synchronous_16_bit_add_subtractor_1", "cornername": "Nominal"}
[2025-04-16 01:39:49.633 -0400] [INFO] [cadence.virtuoso.ade.simulationMonitor] - Notice from spectre at time = 3.60004 ns during transient analysis `tran'.
    Found trapezoidal ringing on node I1.I1.I1.I0.M3:int_b. {"history": "ExplorerRun.0", "point": 1, "testname": "project_3_Synchronous_16_bit_add_subtractor_1", "cornername": "Nominal"}
[2025-04-16 01:39:49.633 -0400] [INFO] [cadence.virtuoso.ade.simulationMonitor] - Notice from spectre at time = 3.60007 ns during transient analysis `tran'.
    Found trapezoidal ringing on node I1.I1.I1.I0.M3:int_b. {"history": "ExplorerRun.0", "point": 1, "testname": "project_3_Synchronous_16_bit_add_subtractor_1", "cornername": "Nominal"}
[2025-04-16 01:39:49.633 -0400] [INFO] [cadence.virtuoso.ade.simulationMonitor] - Notice from spectre at time = 3.6001 ns during transient analysis `tran'.
    Found trapezoidal ringing on node I1.I1.I1.I0.M3:int_b.
        Further occurrences of this notice will be suppressed. {"history": "ExplorerRun.0", "point": 1, "testname": "project_3_Synchronous_16_bit_add_subtractor_1", "cornername": "Nominal"}
[2025-04-16 01:39:59.137 -0400] [INFO] [cadence.virtuoso.ade.simulationMonitor] - Notice from spectre during transient analysis `tran'.
    Trapezoidal ringing is detected during tran analysis.
        Please use method=trap for better results and performance. {"history": "ExplorerRun.0", "point": 1, "testname": "project_3_Synchronous_16_bit_add_subtractor_1", "cornername": "Nominal"}
[2025-04-16 01:39:59.139 -0400] [INFO] [cadence.virtuoso.ade.simulationMonitor] - Intrinsic tran analysis time:    CPU = 97.6402 s, elapsed = 13.08 s. {"history": "ExplorerRun.0", "point": 1, "testname": "project_3_Synchronous_16_bit_add_subtractor_1", "cornername": "Nominal"}
[2025-04-16 01:39:59.639 -0400] [INFO] [cadence.virtuoso.ade.simulationMonitor] - Total time required for tran analysis `tran': CPU = 101.562 s (1m  41.6s), elapsed = 13.8515 s, util. = 733%. {"history": "ExplorerRun.0", "point": 1, "testname": "project_3_Synchronous_16_bit_add_subtractor_1", "cornername": "Nominal"}
[2025-04-16 01:39:59.640 -0400] [INFO] [cadence.virtuoso.ade.simulationMonitor] - Peak resident memory used = 363 Mbytes. {"history": "ExplorerRun.0", "point": 1, "testname": "project_3_Synchronous_16_bit_add_subtractor_1", "cornername": "Nominal"}
[2025-04-16 01:39:59.640 -0400] [INFO] [cadence.virtuoso.ade.simulationMonitor] - Notice from spectre.
    34 notices suppressed. {"history": "ExplorerRun.0", "point": 1, "testname": "project_3_Synchronous_16_bit_add_subtractor_1", "cornername": "Nominal"}
[2025-04-16 01:39:59.641 -0400] [INFO] [cadence.virtuoso.ade.simulationMonitor] - Time used: CPU = 105 s (1m  45.0s), elapsed = 15.1 s, util. = 698%. {"history": "ExplorerRun.0", "point": 1, "testname": "project_3_Synchronous_16_bit_add_subtractor_1", "cornername": "Nominal"}
[2025-04-16 01:39:59.641 -0400] [INFO] [cadence.virtuoso.ade.simulationMonitor] - Time spent in licensing: elapsed = 68.3 ms. {"history": "ExplorerRun.0", "point": 1, "testname": "project_3_Synchronous_16_bit_add_subtractor_1", "cornername": "Nominal"}
[2025-04-16 01:39:59.642 -0400] [INFO] [cadence.virtuoso.ade.simulationMonitor] - Peak memory used = 363 Mbytes. {"history": "ExplorerRun.0", "point": 1, "testname": "project_3_Synchronous_16_bit_add_subtractor_1", "cornername": "Nominal"}
[2025-04-16 01:39:59.644 -0400] [PROCESS] [cadence.virtuoso.ade.simulationMonitor] - Simulation started at: 1:39:44 AM, Wed Apr 16, 2025, ended at: 1:39:59 AM, Wed Apr 16, 2025, with elapsed time (wall clock): 15.1 s. {"history": "ExplorerRun.0", "point": 1, "testname": "project_3_Synchronous_16_bit_add_subtractor_1", "cornername": "Nominal"}
[2025-04-16 01:39:59.644 -0400] [PROCESS] [cadence.virtuoso.ade.simulationMonitor] - spectre completes with 0 errors, 5 warnings, and 15 notices. {"history": "ExplorerRun.0", "point": 1, "testname": "project_3_Synchronous_16_bit_add_subtractor_1", "cornername": "Nominal"}
[2025-04-16 01:39:59.644 -0400] [PROCESS] [cadence.virtuoso.ade.simulationMonitor] - Finished simulating for one point {"hostname": "ece-linlabsrv01.ece.gatech.edu", "processid": 570173, "history": "ExplorerRun.0", "testname": "project_3_Synchronous_16_bit_add_subtractor_1", "cornername": "Nominal", "point": 1, "logfile": "/nethome/rgoel68/ECE3150/logs_rgoel68/logs0/Job9.log", "simid": "3", "event": "finish", "category": "simulation"}
[2025-04-16 01:39:59.644 -0400] [PROCESS] [cadence.virtuoso.ade.simulationMonitor] - Simulator exited {"hostname": "ece-linlabsrv01.ece.gatech.edu", "processid": 570173, "history": "ExplorerRun.0", "testname": "project_3_Synchronous_16_bit_add_subtractor_1", "cornername": "Nominal", "point": 1, "logfile": "/nethome/rgoel68/ECE3150/logs_rgoel68/logs0/Job9.log", "exitStatus": "0"}
[2025-04-16 01:39:59.644 -0400] [PROCESS] [cadence.virtuoso.ade.simulationMonitor] - Finished Simulation {"hostname": "ece-linlabsrv01.ece.gatech.edu", "processid": 570173, "history": "ExplorerRun.0", "testname": "project_3_Synchronous_16_bit_add_subtractor_1", "cornername": "Nominal", "point": 1, "logfile": "/nethome/rgoel68/ECE3150/logs_rgoel68/logs0/Job9.log", "simid": "3", "event": "finish", "category": "obsolete"}
[2025-04-16 01:40:01.146 -0400] [PROCESS] [cadence.virtuoso.ade.simulationMonitor] - Point Finished {"hostname": "ece-linlabsrv01.ece.gatech.edu", "processid": 570173, "history": "ExplorerRun.0", "testname": "project_3_Synchronous_16_bit_add_subtractor_1", "cornername": "Nominal", "point": 1, "logfile": "/nethome/rgoel68/ECE3150/logs_rgoel68/logs0/Job9.log", "event": "finish", "category": "sim-eval"}
[2025-04-16 01:40:02.148 -0400] [PROCESS] [cadence.virtuoso.ade.simulationMonitor] - Stay with the runId '28', Linger time '300', currentRunSyn '57', currentTestSyn '58' {"hostname": "ece-linlabsrv01.ece.gatech.edu", "processid": 570173, "history": "ExplorerRun.0", "testname": "project_3_Synchronous_16_bit_add_subtractor_1", "cornername": "Nominal", "point": 1, "logfile": "/nethome/rgoel68/ECE3150/logs_rgoel68/logs0/Job9.log"}
[2025-04-16 01:45:02.097 -0400] [PROCESS] [cadence.virtuoso.ade.simulationMonitor] - Current memory used: 81.0195 MBytes, peak memory used: 81.0195 MBytes {"hostname": "ece-linlabsrv01.ece.gatech.edu", "processid": 570173, "history": "ExplorerRun.0", "testname": "project_3_Synchronous_16_bit_add_subtractor_1", "cornername": "Nominal", "point": 1, "logfile": "/nethome/rgoel68/ECE3150/logs_rgoel68/logs0/Job9.log"}
[2025-04-16 01:45:02.097 -0400] [PROCESS] [cadence.virtuoso.ade.simulationMonitor] - Simulation Monitor process exits. {"hostname": "ece-linlabsrv01.ece.gatech.edu", "processid": 570173, "history": "ExplorerRun.0", "testname": "project_3_Synchronous_16_bit_add_subtractor_1", "cornername": "Nominal", "point": 1, "logfile": "/nethome/rgoel68/ECE3150/logs_rgoel68/logs0/Job9.log"}
