[Logging Service: 14]
[2025-04-21 23:57:51.972 -0400] [INFO] [cadence.virtuoso.ade.loggingservice] - HistoryRecorderManager init {"dbBasePath": "/nethome/rgoel68/ECE3150/project_1/inverter/maestro/results/maestro"}
[2025-04-21 23:57:51.972 -0400] [INFO] [cadence.virtuoso.ade.loggingservice] - useGRPC grpc service... {"brokerAddress": "ece-linlabsrv01.ece.gatech.edu:43423", "serviceName": "DaVinciService_3568846_1745278096", "axlSession": "fnxSession4"}
[2025-04-21 23:57:51.973 -0400] [PROCESS] [cadence.virtuoso.ade.loggingservice] - Logging Service has successfully started. Waiting for incoming messages ... {"hostname": "ece-linlabsrv01.ece.gatech.edu", "processid": 2248165, "logfile": "/nethome/rgoel68/ECE3150/logs_rgoel68/logs0/LoggingService14.log"}
[2025-04-21 23:57:51.989 -0400] [INFO] [cadence.virtuoso.ade.loggingservice] - logging service gRPC started {"listening address": "ece-linlabsrv01.ece.gatech.edu:33597"}
[2025-04-21 23:59:30.273 -0400] [ERROR] [cadence.virtuoso.ade.loggingservice] - ServiceDBAccessSqliteOp::evalSql failed {"reason": "UNIQUE constraint failed: location.point, location.test, location.tool", "sql": "INSERT INTO location (tool, file, point, test, line) VALUES ('unknown', '', '', '', '0');"}
[2025-04-21 23:59:30.274 -0400] [ERROR] [cadence.virtuoso.ade.loggingservice] - ServiceDBAccessSqliteOp::evalSql failed {"reason": "attempt to write a readonly database", "sql": "delete from meta;"}
[2025-04-21 23:59:30.274 -0400] [ERROR] [cadence.virtuoso.ade.loggingservice] - ServiceDBAccessSqliteOp::evalSql failed {"reason": "attempt to write a readonly database", "sql": "insert into meta (key, value) values('HistorySimDir','/nethome/rgoel68/simulation/project_1/inverter/maestro/results/maestro/ExplorerRun.0');"}
[2025-04-21 23:59:30.274 -0400] [ERROR] [cadence.virtuoso.ade.loggingservice] - ServiceDBAccessSqliteOp::evalSql failed {"reason": "attempt to write a readonly database", "sql": "insert into meta (key, value) values('WorkDir','/nethome/rgoel68/ECE3150');"}
[2025-04-21 23:59:30.274 -0400] [ERROR] [cadence.virtuoso.ade.loggingservice] - ServiceDBAccessSqliteOp::evalSql failed {"reason": "attempt to write a readonly database", "sql": "insert into meta (key, value) values('version','1');"}
[2025-04-21 23:59:30.274 -0400] [ERROR] [cadence.virtuoso.ade.loggingservice] - historySqliteRecorder::insert failed {"reason": "attempt to write a readonly database"}
[2025-04-21 23:59:30.274 -0400] [ERROR] [cadence.virtuoso.ade.loggingservice] - historySqliteRecorder::insert failed {"reason": "attempt to write a readonly database"}
[2025-04-21 23:59:31.694 -0400] [ERROR] [cadence.virtuoso.ade.loggingservice] - historySqliteRecorder::insert failed {"reason": "attempt to write a readonly database"}
[2025-04-21 23:59:32.444 -0400] [ERROR] [cadence.virtuoso.ade.loggingservice] - historySqliteRecorder::insert location failed {"reason": "attempt to write a readonly database"}
[2025-04-21 23:59:34.384 -0400] [ERROR] [cadence.virtuoso.ade.loggingservice] - historySqliteRecorder::insert failed {"reason": "attempt to write a readonly database"}
[2025-04-21 23:59:34.385 -0400] [ERROR] [cadence.virtuoso.ade.loggingservice] - historySqliteRecorder::insert failed {"reason": "attempt to write a readonly database"}
[2025-04-21 23:59:35.531 -0400] [ERROR] [cadence.virtuoso.ade.loggingservice] - historySqliteRecorder::insert failed {"reason": "attempt to write a readonly database"}
[2025-04-21 23:59:37.621 -0400] [ERROR] [cadence.virtuoso.ade.loggingservice] - historySqliteRecorder::insert location failed {"reason": "attempt to write a readonly database"}
[2025-04-21 23:59:37.621 -0400] [ERROR] [cadence.virtuoso.ade.loggingservice] - historySqliteRecorder::insert failed {"reason": "attempt to write a readonly database"}
[2025-04-21 23:59:37.657 -0400] [ERROR] [cadence.virtuoso.ade.loggingservice] - historySqliteRecorder::insert failed {"reason": "attempt to write a readonly database"}
[2025-04-21 23:59:39.643 -0400] [ERROR] [cadence.virtuoso.ade.loggingservice] - historySqliteRecorder::insert failed {"reason": "attempt to write a readonly database"}
[2025-04-21 23:59:39.643 -0400] [ERROR] [cadence.virtuoso.ade.loggingservice] - historySqliteRecorder::insert failed {"reason": "attempt to write a readonly database"}
[2025-04-21 23:59:40.645 -0400] [ERROR] [cadence.virtuoso.ade.loggingservice] - historySqliteRecorder::insert location failed {"reason": "attempt to write a readonly database"}
[2025-04-21 23:59:40.646 -0400] [ERROR] [cadence.virtuoso.ade.loggingservice] - historySqliteRecorder::insert failed {"reason": "attempt to write a readonly database"}
[2025-04-21 23:59:40.666 -0400] [ERROR] [cadence.virtuoso.ade.loggingservice] - historySqliteRecorder::insert failed {"reason": "attempt to write a readonly database"}
[2025-04-21 23:59:41.865 -0400] [ERROR] [cadence.virtuoso.ade.loggingservice] - historySqliteRecorder::insert failed {"reason": "attempt to write a readonly database"}
[2025-04-21 23:59:41.865 -0400] [ERROR] [cadence.virtuoso.ade.loggingservice] - historySqliteRecorder::insert failed {"reason": "attempt to write a readonly database"}
[2025-04-21 23:59:42.868 -0400] [ERROR] [cadence.virtuoso.ade.loggingservice] - historySqliteRecorder::insert location failed {"reason": "attempt to write a readonly database"}
[2025-04-21 23:59:42.869 -0400] [ERROR] [cadence.virtuoso.ade.loggingservice] - historySqliteRecorder::insert failed {"reason": "attempt to write a readonly database"}
[2025-04-21 23:59:42.888 -0400] [ERROR] [cadence.virtuoso.ade.loggingservice] - historySqliteRecorder::insert failed {"reason": "attempt to write a readonly database"}
[2025-04-21 23:59:44.077 -0400] [ERROR] [cadence.virtuoso.ade.loggingservice] - historySqliteRecorder::insert failed {"reason": "attempt to write a readonly database"}
[2025-04-21 23:59:44.078 -0400] [ERROR] [cadence.virtuoso.ade.loggingservice] - historySqliteRecorder::insert failed {"reason": "attempt to write a readonly database"}
[2025-04-21 23:59:45.082 -0400] [ERROR] [cadence.virtuoso.ade.loggingservice] - historySqliteRecorder::insert location failed {"reason": "attempt to write a readonly database"}
[2025-04-21 23:59:45.082 -0400] [ERROR] [cadence.virtuoso.ade.loggingservice] - historySqliteRecorder::insert failed {"reason": "attempt to write a readonly database"}
[2025-04-21 23:59:45.104 -0400] [ERROR] [cadence.virtuoso.ade.loggingservice] - historySqliteRecorder::insert failed {"reason": "attempt to write a readonly database"}
[2025-04-21 23:59:47.316 -0400] [ERROR] [cadence.virtuoso.ade.loggingservice] - historySqliteRecorder::insert failed {"reason": "attempt to write a readonly database"}
[2025-04-21 23:59:47.316 -0400] [ERROR] [cadence.virtuoso.ade.loggingservice] - historySqliteRecorder::insert failed {"reason": "attempt to write a readonly database"}
[2025-04-21 23:59:48.320 -0400] [ERROR] [cadence.virtuoso.ade.loggingservice] - historySqliteRecorder::insert location failed {"reason": "attempt to write a readonly database"}
[2025-04-21 23:59:48.320 -0400] [ERROR] [cadence.virtuoso.ade.loggingservice] - historySqliteRecorder::insert failed {"reason": "attempt to write a readonly database"}
[2025-04-21 23:59:48.337 -0400] [ERROR] [cadence.virtuoso.ade.loggingservice] - historySqliteRecorder::insert failed {"reason": "attempt to write a readonly database"}
[2025-04-21 23:59:49.549 -0400] [ERROR] [cadence.virtuoso.ade.loggingservice] - historySqliteRecorder::insert failed {"reason": "attempt to write a readonly database"}
[2025-04-21 23:59:49.550 -0400] [ERROR] [cadence.virtuoso.ade.loggingservice] - historySqliteRecorder::insert failed {"reason": "attempt to write a readonly database"}
[2025-04-22 00:03:16.986 -0400] [PROCESS] [cadence.virtuoso.ade.loggingservice] - get signal Terminated<15> from user:rgoel68, which pid:2248159:/bin/bash {"hostname": "ece-linlabsrv01.ece.gatech.edu", "processid": 2248165, "logfile": "/nethome/rgoel68/ECE3150/logs_rgoel68/logs0/LoggingService14.log", "signal": "15", "signalName": "Terminated", "which": "/bin/bash", "pid": "2248159", "user": "rgoel68", "uid": "3310759"}
[2025-04-22 00:03:16.993 -0400] [PROCESS] [cadence.virtuoso.ade.loggingservice] - Current memory used: 61.6133 MBytes, peak memory used: 61.6133 MBytes {"hostname": "ece-linlabsrv01.ece.gatech.edu", "processid": 2248165, "logfile": "/nethome/rgoel68/ECE3150/logs_rgoel68/logs0/LoggingService14.log"}
[2025-04-22 00:03:16.993 -0400] [PROCESS] [cadence.virtuoso.ade.loggingservice] - Logging Service process exits. {"hostname": "ece-linlabsrv01.ece.gatech.edu", "processid": 2248165, "logfile": "/nethome/rgoel68/ECE3150/logs_rgoel68/logs0/LoggingService14.log"}
