[Logging Service: 16]
[2025-04-22 00:03:17.495 -0400] [INFO] [cadence.virtuoso.ade.loggingservice] - HistoryRecorderManager init {"dbBasePath": "/nethome/rgoel68/ECE3150/project_1/inverter/maestro/results/maestro"}
[2025-04-22 00:03:17.495 -0400] [INFO] [cadence.virtuoso.ade.loggingservice] - useGRPC grpc service... {"brokerAddress": "ece-linlabsrv01.ece.gatech.edu:43423", "serviceName": "DaVinciService_3568846_1745278096", "axlSession": "fnxSession4"}
[2025-04-22 00:03:17.496 -0400] [PROCESS] [cadence.virtuoso.ade.loggingservice] - Logging Service has successfully started. Waiting for incoming messages ... {"hostname": "ece-linlabsrv01.ece.gatech.edu", "processid": 2538762, "logfile": "/nethome/rgoel68/ECE3150/logs_rgoel68/logs0/LoggingService16.log"}
[2025-04-22 00:03:17.514 -0400] [INFO] [cadence.virtuoso.ade.loggingservice] - logging service gRPC started {"listening address": "ece-linlabsrv01.ece.gatech.edu:36445"}
[2025-04-22 00:06:16.631 -0400] [ERROR] [cadence.virtuoso.ade.loggingservice] - ServiceDBAccessSqliteOp::evalSql failed {"reason": "UNIQUE constraint failed: location.point, location.test, location.tool", "sql": "INSERT INTO location (tool, file, point, test, line) VALUES ('unknown', '', '', '', '0');"}
[2025-04-22 00:06:19.738 -0400] [ERROR] [cadence.virtuoso.ade.loggingservice] - historySqliteRecorder::insert failed {"reason": "attempt to write a readonly database"}
[2025-04-22 00:06:19.738 -0400] [ERROR] [cadence.virtuoso.ade.loggingservice] - historySqliteRecorder::insert failed {"reason": "attempt to write a readonly database"}
[2025-04-22 00:06:21.247 -0400] [ERROR] [cadence.virtuoso.ade.loggingservice] - historySqliteRecorder::insert failed {"reason": "attempt to write a readonly database"}
[2025-04-22 00:06:23.292 -0400] [ERROR] [cadence.virtuoso.ade.loggingservice] - historySqliteRecorder::insert location failed {"reason": "attempt to write a readonly database"}
[2025-04-22 00:06:23.293 -0400] [ERROR] [cadence.virtuoso.ade.loggingservice] - historySqliteRecorder::insert failed {"reason": "attempt to write a readonly database"}
[2025-04-22 00:06:23.313 -0400] [ERROR] [cadence.virtuoso.ade.loggingservice] - historySqliteRecorder::insert failed {"reason": "attempt to write a readonly database"}
[2025-04-22 00:06:25.707 -0400] [ERROR] [cadence.virtuoso.ade.loggingservice] - historySqliteRecorder::insert failed {"reason": "attempt to write a readonly database"}
[2025-04-22 00:06:25.707 -0400] [ERROR] [cadence.virtuoso.ade.loggingservice] - historySqliteRecorder::insert failed {"reason": "attempt to write a readonly database"}
[2025-04-22 00:06:26.711 -0400] [ERROR] [cadence.virtuoso.ade.loggingservice] - historySqliteRecorder::insert location failed {"reason": "attempt to write a readonly database"}
[2025-04-22 00:06:26.711 -0400] [ERROR] [cadence.virtuoso.ade.loggingservice] - historySqliteRecorder::insert failed {"reason": "attempt to write a readonly database"}
[2025-04-22 00:06:26.729 -0400] [ERROR] [cadence.virtuoso.ade.loggingservice] - historySqliteRecorder::insert failed {"reason": "attempt to write a readonly database"}
[2025-04-22 00:06:28.097 -0400] [ERROR] [cadence.virtuoso.ade.loggingservice] - historySqliteRecorder::insert failed {"reason": "attempt to write a readonly database"}
[2025-04-22 00:06:28.098 -0400] [ERROR] [cadence.virtuoso.ade.loggingservice] - historySqliteRecorder::insert failed {"reason": "attempt to write a readonly database"}
[2025-04-22 00:06:29.100 -0400] [ERROR] [cadence.virtuoso.ade.loggingservice] - historySqliteRecorder::insert location failed {"reason": "attempt to write a readonly database"}
[2025-04-22 00:06:29.101 -0400] [ERROR] [cadence.virtuoso.ade.loggingservice] - historySqliteRecorder::insert failed {"reason": "attempt to write a readonly database"}
[2025-04-22 00:06:29.122 -0400] [ERROR] [cadence.virtuoso.ade.loggingservice] - historySqliteRecorder::insert failed {"reason": "attempt to write a readonly database"}
[2025-04-22 00:06:30.576 -0400] [ERROR] [cadence.virtuoso.ade.loggingservice] - historySqliteRecorder::insert failed {"reason": "attempt to write a readonly database"}
[2025-04-22 00:06:30.576 -0400] [ERROR] [cadence.virtuoso.ade.loggingservice] - historySqliteRecorder::insert failed {"reason": "attempt to write a readonly database"}
[2025-04-22 00:06:31.580 -0400] [ERROR] [cadence.virtuoso.ade.loggingservice] - historySqliteRecorder::insert location failed {"reason": "attempt to write a readonly database"}
[2025-04-22 00:06:31.581 -0400] [ERROR] [cadence.virtuoso.ade.loggingservice] - historySqliteRecorder::insert failed {"reason": "attempt to write a readonly database"}
[2025-04-22 00:06:31.812 -0400] [ERROR] [cadence.virtuoso.ade.loggingservice] - historySqliteRecorder::insert failed {"reason": "attempt to write a readonly database"}
[2025-04-22 00:06:32.978 -0400] [ERROR] [cadence.virtuoso.ade.loggingservice] - historySqliteRecorder::insert failed {"reason": "attempt to write a readonly database"}
[2025-04-22 00:06:32.979 -0400] [ERROR] [cadence.virtuoso.ade.loggingservice] - historySqliteRecorder::insert failed {"reason": "attempt to write a readonly database"}
[2025-04-22 00:06:33.982 -0400] [ERROR] [cadence.virtuoso.ade.loggingservice] - historySqliteRecorder::insert location failed {"reason": "attempt to write a readonly database"}
[2025-04-22 00:06:33.982 -0400] [ERROR] [cadence.virtuoso.ade.loggingservice] - historySqliteRecorder::insert failed {"reason": "attempt to write a readonly database"}
[2025-04-22 00:06:34.000 -0400] [ERROR] [cadence.virtuoso.ade.loggingservice] - historySqliteRecorder::insert failed {"reason": "attempt to write a readonly database"}
[2025-04-22 00:06:35.151 -0400] [ERROR] [cadence.virtuoso.ade.loggingservice] - historySqliteRecorder::insert failed {"reason": "attempt to write a readonly database"}
[2025-04-22 00:06:35.151 -0400] [ERROR] [cadence.virtuoso.ade.loggingservice] - historySqliteRecorder::insert failed {"reason": "attempt to write a readonly database"}
[2025-04-22 00:08:48.056 -0400] [PROCESS] [cadence.virtuoso.ade.loggingservice] - get signal Terminated<15> from user:rgoel68, which pid:2538622:/bin/bash {"hostname": "ece-linlabsrv01.ece.gatech.edu", "processid": 2538762, "logfile": "/nethome/rgoel68/ECE3150/logs_rgoel68/logs0/LoggingService16.log", "signal": "15", "signalName": "Terminated", "which": "/bin/bash", "pid": "2538622", "user": "rgoel68", "uid": "3310759"}
[2025-04-22 00:08:48.056 -0400] [PROCESS] [cadence.virtuoso.ade.loggingservice] - Current memory used: 60.2695 MBytes, peak memory used: 60.2695 MBytes {"hostname": "ece-linlabsrv01.ece.gatech.edu", "processid": 2538762, "logfile": "/nethome/rgoel68/ECE3150/logs_rgoel68/logs0/LoggingService16.log"}
[2025-04-22 00:08:48.056 -0400] [PROCESS] [cadence.virtuoso.ade.loggingservice] - Logging Service process exits. {"hostname": "ece-linlabsrv01.ece.gatech.edu", "processid": 2538762, "logfile": "/nethome/rgoel68/ECE3150/logs_rgoel68/logs0/LoggingService16.log"}
