\# Program start time:     UTC 2025.04.09 21:41:04.328
\# Local time: EDT (UTC-04:00) 2025.04.09 17:41:04.328
\o Program:		@(#)$CDS: Virtuoso Studio version IC23.1-64b 01/14/2025 22:42 (cpgbld16) $
\o Hierarchy:		/tools/software/cadence/ic/23.10.120/tools.lnx86/dfII/
\o Sub version:		sub-version  IC23.1-64b.ISR12.37  (64-bit addresses)
\# Command line:	/tools/software/cadence/ic/latest/tools.lnx86/dfII/bin/64bit/virtuoso -beanhost ece-linlabsrv01.ece.gatech.edu -beanport 11950 -beanbinlog  -beanLogFile /nethome/rgoel68/ECE3150/logs_rgoel68/logs0/amps_Service20.log -mpssession virtuoso401055 -mpshost ece-linlabsrv01.ece.gatech.edu -davinciService DaVinciService_401055_1744214642 -scopedPid 401055 -axlSession fnxSession4 -axlServiceIdFlag 20 -uuid d242f45e-41c1-4740-a4e7-0007cd6b10bd -heartbeat /dev/shm/swift-heartbeat.7wLfxIWVlZ -log /nethome/rgoel68/ECE3150/logs_rgoel68/logs0/Service20.log -adeBrokerAddress ece-linlabsrv01.ece.gatech.edu:46485 -noautostart -nographE -lscs 000175E1894CBE06FF0966E38F1FFC06BC4D65B0C578C406D07B6FA78410926AD02470F28B50992BD92E69ED90048F74DD2F32AE9C019928D92E01156672156BDBBB00001D9F -interactive -offlineExprEval -upfrontMode -fenixMode explorer -heartbeatTimeout  -lingerTimeout 300 -pointlifetime -1
\# Host name (type):	ece-linlabsrv01.ece.gatech.edu (x86_64)
\# Operating system:	Linux 4.18.0-553.44.1.el8_10.x86_64 #1 SMP Wed Mar 5 10:48:41 EST 2025
\# Linux /etc/issue:	****************************************************************************
\# Linux /etc/issue:	This computer system is the property of the Georgia Institute of Technology.
\# Linux /etc/issue:	Any user of this system must comply with all Institute and Board of Regents
\# Linux /etc/issue:	policies, including the Acceptable Use Policy, Cyber Security Policy and
\# X display name (WxH):	:3924 (1024x868)
\# Available geometry:			TL(0:0) BR(1023:867)
\# X server:			The X.Org Foundation
\# Depth of Visual (Root):	24 (24)
\# Number of Planes Used:	24
\# X version:		11.0 (vendor release 12011000)
\# X resource pool:	base 0x400000, mask 0x1fffff (2097151), shift 0
\# 			current id 0x0, current max 0x1ffffa (2097146)
\# Max data seg size:	     unlimited
\# Max process size:	     unlimited
\# Initial sbrk value:	        766 MB
\# Available memory:	    195,238 MB
\# System memory:	    256,871 MB
\# Maximum memory size:	    256,283 MB
\# Max mem available:	    195,416 MB
\# Initial memory used:	        178 MB
\#        process size:	      1,713 MB
\# Thread usage limits (effective/default):	maxthreads 764799/764799 maxload 112.00/112.00
\# Qt version:		5.15.9
\# Window Manager:	other
\# User Name:		rgoel68
\o Working Directory:	ece-linlabsrv01.ece.gatech.edu:/nethome/rgoel68/ECE3150
\# Process Id:		3465743
\o 
\o COPYRIGHT (C) 1992-2025  CADENCE DESIGN SYSTEMS INC.  ALL RIGHTS RESERVED.
\o           (C) 1992-2025  UNIX SYSTEMS Laboratories INC.,
\o                          Reproduced with permission.
\o 
\o This Cadence Design Systems program and online documentation are
\o proprietary/confidential information and may be disclosed/used only
\o as authorized in a license agreement controlling such use and disclosure.
\o 
\o           RESTRICTED RIGHTS NOTICE (SHORT FORM)
\o Use/reproduction/disclosure is subject to restriction
\o set forth at FAR 1252.227-19 or its equivalent.
\o INFO (CMGR-2107): The following Constraint Manager configuration files have been combined together (in decreasing order of precedence, specified by your search path - setup.loc) 
\o /tools/software/cadence/ic/latest/share/cdssetup/dfII/ci/config.xml
\o /tools/software/cadence/ic/latest/share/cdssetup/dfII/ci/config.xml
\o INFO (CMGR-2107): The following Constraint Manager configuration files have been combined together (in decreasing order of precedence, specified by your search path - setup.loc) 
\o /tools/software/cadence/ic/latest/share/cdssetup/dfII/caa/config.xml
\o /tools/software/cadence/ic/latest/share/cdssetup/dfII/caa/config.xml
\o Loading geView.cxt 
\o Loading menuBuilder.cxt 
\o Loading im.cxt 
\o Loading schView.cxt 
\o Loading selectSv.cxt 
\o Loading pegasusui.cxt
\# 0 lines crushed from the buffer
\# 0 lines crushed from the buffer
\o INFO (DB-170018): (dbPanic) dumping stack
\o libvirtuos_sh.so:voStackTrace+59()
\o virtuoso:dbPanic+374()
\o libvirtuos_sh.so:voDoAbortFuncs+229()
\# Memory report: using         458 MB, process size 2,060 MB at UTC 2025.04.09 21:41:07.417
\o libvirtuos_sh.so:voSigAbortInfo+361()
\o libpthread.so.0:__restore_rt+0()
\o libc.so.6:__select+95()
\o libsman_sh.so:smnStreamSubLoop+966()
\o libcdsIlIpc_sh.so:_Z15_ipcTimeoutLoopj+89()
\o libcdsIlIpc_sh.so:ipcxWait+246()
\o libil_sh.so:iliVcodeEval2C+11788()
\o libil_sh.so:iliVcodeEval2+69()
\o libil_sh.so:ilxSkillEval2+225()
\o libil_sh.so:iliLoadPort+867()
\o libil_sh.so:iliVcodeEval2C+11788()
\o libil_sh.so:iliVcodeEval2+69()
\o libil_sh.so:ilxSkillEval2+225()
\o libil_sh.so:_ilTopLevelSet+159()
\o virtuoso:pvsInit+1373()
\o libil_sh.so:iliVcodeEval2C+9245()
\o libil_sh.so:iliVcodeEval2+69()
\o libil_sh.so:ilxSkillEval2+225()
\o libil_sh.so:iliLoadPort+867()
\o libil_sh.so:iliVcodeEval2C+11788()
\o libil_sh.so:iliVcodeEval2+69()
\o libil_sh.so:ilxSkillEval2+225()
\o libil_sh.so:_ilTopLevelSet+159()
\o libil_sh.so:ilxTopLevelCmd+299()
\o libil_sh.so:ilLoadCapContext+515()
\o libil_sh.so:iliInitClients+1499()
\o virtuoso:main+293()
\o libc.so.6:__libc_start_main+229()
\o virtuoso:_start+41()
