[ADE GUI: 486488]
[2025-04-22 00:47:35.573 -0400] [PROCESS] [cadence.virtuoso.ade.gui] - /nethome/rgoel68/ECE3150/.tmp_rgoel68/.cmddir0/swiftLoggingService0 is starting {"logfile": "/nethome/rgoel68/ECE3150/logs_rgoel68/logs0/LoggingService0.log"}
[2025-04-22 00:47:35.697 -0400] [PROCESS] [cadence.virtuoso.ade.gui] - /nethome/rgoel68/ECE3150/.tmp_rgoel68/.cmddir0/swiftNetlistService1 is starting {"logfile": "/nethome/rgoel68/ECE3150/logs_rgoel68/logs0/Service1.log"}
[2025-04-22 00:47:35.697 -0400] [PROCESS] [cadence.virtuoso.ade.gui] - COLLECTION_JOB_ID = '0'
 {"logfile": "/nethome/rgoel68/ECE3150/logs_rgoel68/logs0/LoggingService0.log"}
[2025-04-22 00:47:35.697 -0400] [PROCESS] [cadence.virtuoso.ade.gui] - Logging Service '508943' is starting up on host 'ece-linlabsrv01.ece.gatech.edu' {"logfile": "/nethome/rgoel68/ECE3150/logs_rgoel68/logs0/LoggingService0.log"}
[2025-04-22 00:47:36.745 -0400] [PROCESS] [cadence.virtuoso.ade.gui] - COLLECTION_JOB_ID = '1'
 {"logfile": "/nethome/rgoel68/ECE3150/logs_rgoel68/logs0/Service1.log"}
[2025-04-22 00:47:36.779 -0400] [PROCESS] [cadence.virtuoso.ade.gui] - Netlist Service '508989' is starting up on host 'ece-linlabsrv01.ece.gatech.edu' {"logfile": "/nethome/rgoel68/ECE3150/logs_rgoel68/logs0/Service1.log"}
[2025-04-22 00:47:47.074 -0400] [EVENT] [cadence.virtuoso.ade.gui] - AddLogFile {"history": "ExplorerRun.0", "event": "AddLogFile", "EventSource": "ADE GUI", "HistoryName": "ExplorerRun.0", "Points": "", "EventLogFile": "/nethome/rgoel68/ECE3150/logs_rgoel68/logs0/virtuoso_ade_debug.log", "EventTool": "ADE GUI", "EventTest": ""}
[2025-04-22 00:47:47.077 -0400] [EVENT] [cadence.virtuoso.ade.gui] - NewHistoryCreated {"event": "NewHistoryCreated", "EventSource": "ADE GUI", "history": "ExplorerRun.0", "HistoryName": "ExplorerRun.0", "WorkDir": "/nethome/rgoel68/ECE3150", "HistorySimDir": "/nethome/rgoel68/simulation/project_1/inverter/maestro/results/maestro/ExplorerRun.0", "HistoryResultsDir": "/nethome/rgoel68/ECE3150/project_1/inverter/maestro/results/maestro"}
[2025-04-22 00:47:47.077 -0400] [PROCESS] [cadence.virtuoso.ade.gui] - History Setup {"hostname": "ece-linlabsrv01.ece.gatech.edu", "processid": 486488, "history": "ExplorerRun.0", "logfile": "/nethome/rgoel68/ECE3150/logs_rgoel68/logs0/virtuoso_ade_debug.log", "jobmode": "LSCS", "runmode": "Single Run, Sweeps and Corners", "lib": "project_1", "cell": "inverter", "view": "maestro", "icversion": "sub-version  IC23.1-64b.ISR12.37 ", "runstart": "Tue Apr 22 00:47:47 2025\n", "timezonelocal": "+000", "spectreversion": "unknown", "jobpolicyname": "", "maxjobs": "unknown", "ncjobpolicyname": "", "ncmaxjobs": "unknown", "numtests": "1", "runfinished": "unknown", "runelapsed": "-1", "numcorners": "1"}
[2025-04-22 00:47:48.128 -0400] [INFO] [cadence.virtuoso.ade.pointevaluator] - Submitted {"history": "ExplorerRun.0"}
[2025-04-22 00:47:58.276 -0400] [PROCESS] [cadence.virtuoso.ade.gui] - /nethome/rgoel68/ECE3150/.tmp_rgoel68/.cmddir0/swiftJob2 is starting {"logfile": "/nethome/rgoel68/ECE3150/logs_rgoel68/logs0/Job2.log"}
[2025-04-22 00:47:58.413 -0400] [PROCESS] [cadence.virtuoso.ade.gui] - COLLECTION_JOB_ID = '2'
 {"logfile": "/nethome/rgoel68/ECE3150/logs_rgoel68/logs0/Job2.log"}
[2025-04-22 00:47:58.413 -0400] [PROCESS] [cadence.virtuoso.ade.gui] - Simulation Monitor process '528008' is starting up on host 'ece-linlabsrv01.ece.gatech.edu' {"logfile": "/nethome/rgoel68/ECE3150/logs_rgoel68/logs0/Job2.log"}
[2025-04-22 00:48:05.592 -0400] [INFO] [cadence.virtuoso.ade.gui] - Point completed {"history": "ExplorerRun.0", "point": 1, "testname": "project_1_inverter_1"}
[2025-04-22 00:48:11.587 -0400] [INFO] [cadence.virtuoso.ade.gui] - Point completed {"history": "ExplorerRun.0", "point": 2, "testname": "project_1_inverter_1"}
[2025-04-22 00:48:16.587 -0400] [INFO] [cadence.virtuoso.ade.gui] - Point completed {"history": "ExplorerRun.0", "point": 3, "testname": "project_1_inverter_1"}
[2025-04-22 00:48:21.586 -0400] [INFO] [cadence.virtuoso.ade.gui] - Point completed {"history": "ExplorerRun.0", "point": 4, "testname": "project_1_inverter_1"}
[2025-04-22 00:48:27.584 -0400] [INFO] [cadence.virtuoso.ade.gui] - Point completed {"history": "ExplorerRun.0", "point": 5, "testname": "project_1_inverter_1"}
[2025-04-22 00:48:28.123 -0400] [EVENT] [cadence.virtuoso.ade.gui] - HistoryFinished {"event": "HistoryFinished", "EventSource": "ADE GUI", "HistoryName": "ExplorerRun.0"}
[2025-04-22 00:53:10.204 -0400] [PROCESS] [cadence.virtuoso.ade.gui] - Netlist Service '508989' stopped with exit code '0' {"logfile": "/nethome/rgoel68/ECE3150/logs_rgoel68/logs0/Service1.log"}
[2025-04-22 00:53:53.365 -0400] [EVENT] [cadence.virtuoso.ade.gui] - AddLogFile {"history": "ExplorerRun.0", "event": "AddLogFile", "EventSource": "ADE GUI", "HistoryName": "ExplorerRun.0", "Points": "", "EventLogFile": "/nethome/rgoel68/ECE3150/logs_rgoel68/logs0/virtuoso_ade_debug.log", "EventTool": "ADE GUI", "EventTest": ""}
[2025-04-22 00:53:53.367 -0400] [EVENT] [cadence.virtuoso.ade.gui] - NewHistoryCreated {"event": "NewHistoryCreated", "EventSource": "ADE GUI", "history": "ExplorerRun.0", "HistoryName": "ExplorerRun.0", "WorkDir": "/nethome/rgoel68/ECE3150", "HistorySimDir": "/nethome/rgoel68/simulation/project_1/inverter/maestro/results/maestro/ExplorerRun.0", "HistoryResultsDir": "/nethome/rgoel68/ECE3150/project_1/inverter/maestro/results/maestro"}
[2025-04-22 00:53:53.368 -0400] [PROCESS] [cadence.virtuoso.ade.gui] - History Setup {"hostname": "ece-linlabsrv01.ece.gatech.edu", "processid": 486488, "history": "ExplorerRun.0", "logfile": "/nethome/rgoel68/ECE3150/logs_rgoel68/logs0/virtuoso_ade_debug.log", "jobmode": "LSCS", "runmode": "Single Run, Sweeps and Corners", "lib": "project_1", "cell": "inverter", "view": "maestro", "icversion": "sub-version  IC23.1-64b.ISR12.37 ", "runstart": "Tue Apr 22 00:53:53 2025\n", "timezonelocal": "+000", "spectreversion": "unknown", "jobpolicyname": "", "maxjobs": "unknown", "ncjobpolicyname": "", "ncmaxjobs": "unknown", "numtests": "1", "runfinished": "unknown", "runelapsed": "-1", "numcorners": "1"}
[2025-04-22 00:53:54.726 -0400] [WARN] [cadence.virtuoso.ade.gui] - Could not find log file for Same Process Job 0. Log message for this job will be printed in the CDS log file. {"history": "ExplorerRun.0", "testname": "project_1_inverter_1", "detailed_message": "", "message_id": "EXPLORER-5028"}
[2025-04-22 00:53:55.861 -0400] [EVENT] [cadence.virtuoso.ade.pointevaluator] - NewPoint {"history": "ExplorerRun.0", "point": 1, "testname": "project_1_inverter_1", "event": "NewPoint", "EventSource": "ADE GUI", "HistoryName": "ExplorerRun.0", "logFile": "/nethome/rgoel68/ECE3150/logs_rgoel68/logs0/virtuoso_ade_debug.log", "logFileSize": "6408", "category": "point-netlist"}
[2025-04-22 00:53:55.862 -0400] [INFO] [cadence.virtuoso.ade.pointevaluator] - Started netlisting {"history": "ExplorerRun.0", "point": 1, "testname": "project_1_inverter_1", "event": "start", "category": "point-netlist"}
[2025-04-22 00:53:57.748 -0400] [INFO] [cadence.virtuoso.ade.pointevaluator] - Finished netlisting {"history": "ExplorerRun.0", "point": 1, "testname": "project_1_inverter_1", "event": "finish", "category": "point-netlist"}
[2025-04-22 00:53:57.748 -0400] [INFO] [cadence.virtuoso.ade.pointevaluator] - Submitted {"history": "ExplorerRun.0", "point": 1, "testname": "project_1_inverter_1"}
[2025-04-22 00:53:59.291 -0400] [PROCESS] [cadence.virtuoso.ade.gui] - /nethome/rgoel68/ECE3150/.tmp_rgoel68/.cmddir0/swiftJob3 is starting {"logfile": "/nethome/rgoel68/ECE3150/logs_rgoel68/logs0/Job3.log"}
[2025-04-22 00:53:59.410 -0400] [PROCESS] [cadence.virtuoso.ade.gui] - COLLECTION_JOB_ID = '3'
 {"logfile": "/nethome/rgoel68/ECE3150/logs_rgoel68/logs0/Job3.log"}
[2025-04-22 00:53:59.411 -0400] [PROCESS] [cadence.virtuoso.ade.gui] - Simulation Monitor process '772226' is starting up on host 'ece-linlabsrv01.ece.gatech.edu' {"logfile": "/nethome/rgoel68/ECE3150/logs_rgoel68/logs0/Job3.log"}
[2025-04-22 00:54:06.587 -0400] [INFO] [cadence.virtuoso.ade.gui] - Point completed {"history": "ExplorerRun.0", "point": 1, "testname": "project_1_inverter_1"}
[2025-04-22 00:54:06.857 -0400] [EVENT] [cadence.virtuoso.ade.gui] - HistoryFinished {"point": 1, "testname": "project_1_inverter_1", "event": "HistoryFinished", "EventSource": "ADE GUI", "HistoryName": "ExplorerRun.0"}
[2025-04-22 00:55:50.930 -0400] [EVENT] [cadence.virtuoso.ade.gui] - AddLogFile {"history": "ExplorerRun.0", "point": 1, "testname": "project_1_inverter_1", "event": "AddLogFile", "EventSource": "ADE GUI", "HistoryName": "ExplorerRun.0", "Points": "", "EventLogFile": "/nethome/rgoel68/ECE3150/logs_rgoel68/logs0/virtuoso_ade_debug.log", "EventTool": "ADE GUI", "EventTest": ""}
[2025-04-22 00:55:50.932 -0400] [EVENT] [cadence.virtuoso.ade.gui] - NewHistoryCreated {"point": 1, "testname": "project_1_inverter_1", "event": "NewHistoryCreated", "EventSource": "ADE GUI", "history": "ExplorerRun.0", "HistoryName": "ExplorerRun.0", "WorkDir": "/nethome/rgoel68/ECE3150", "HistorySimDir": "/nethome/rgoel68/simulation/project_1/inverter/maestro/results/maestro/ExplorerRun.0", "HistoryResultsDir": "/nethome/rgoel68/ECE3150/project_1/inverter/maestro/results/maestro"}
[2025-04-22 00:55:50.933 -0400] [PROCESS] [cadence.virtuoso.ade.gui] - History Setup {"hostname": "ece-linlabsrv01.ece.gatech.edu", "processid": 486488, "history": "ExplorerRun.0", "testname": "project_1_inverter_1", "point": 1, "logfile": "/nethome/rgoel68/ECE3150/logs_rgoel68/logs0/virtuoso_ade_debug.log", "jobmode": "LSCS", "runmode": "Single Run, Sweeps and Corners", "lib": "project_1", "cell": "inverter", "view": "maestro", "icversion": "sub-version  IC23.1-64b.ISR12.37 ", "runstart": "Tue Apr 22 00:55:50 2025\n", "timezonelocal": "+000", "spectreversion": "unknown", "jobpolicyname": "", "maxjobs": "unknown", "ncjobpolicyname": "", "ncmaxjobs": "unknown", "numtests": "1", "runfinished": "unknown", "runelapsed": "-1", "numcorners": "1"}
[2025-04-22 00:55:53.056 -0400] [EVENT] [cadence.virtuoso.ade.pointevaluator] - NewPoint {"history": "ExplorerRun.0", "point": 1, "testname": "project_1_inverter_1", "event": "NewPoint", "EventSource": "ADE GUI", "HistoryName": "ExplorerRun.0", "logFile": "/nethome/rgoel68/ECE3150/logs_rgoel68/logs0/virtuoso_ade_debug.log", "logFileSize": "10000", "category": "point-netlist"}
[2025-04-22 00:55:53.057 -0400] [INFO] [cadence.virtuoso.ade.pointevaluator] - Started netlisting {"history": "ExplorerRun.0", "point": 1, "testname": "project_1_inverter_1", "event": "start", "category": "point-netlist"}
[2025-04-22 00:55:54.686 -0400] [INFO] [cadence.virtuoso.ade.pointevaluator] - Finished netlisting {"history": "ExplorerRun.0", "point": 1, "testname": "project_1_inverter_1", "event": "finish", "category": "point-netlist"}
[2025-04-22 00:55:54.686 -0400] [INFO] [cadence.virtuoso.ade.pointevaluator] - Submitted {"history": "ExplorerRun.0", "point": 1, "testname": "project_1_inverter_1"}
[2025-04-22 00:56:02.584 -0400] [INFO] [cadence.virtuoso.ade.gui] - Point completed {"history": "ExplorerRun.0", "point": 1, "testname": "project_1_inverter_1"}
[2025-04-22 00:56:02.853 -0400] [EVENT] [cadence.virtuoso.ade.gui] - HistoryFinished {"point": 1, "testname": "project_1_inverter_1", "event": "HistoryFinished", "EventSource": "ADE GUI", "HistoryName": "ExplorerRun.0"}
[2025-04-22 01:02:26.961 -0400] [EVENT] [cadence.virtuoso.ade.gui] - AddLogFile {"history": "ExplorerRun.0", "point": 1, "testname": "project_1_inverter_1", "event": "AddLogFile", "EventSource": "ADE GUI", "HistoryName": "ExplorerRun.0", "Points": "", "EventLogFile": "/nethome/rgoel68/ECE3150/logs_rgoel68/logs0/virtuoso_ade_debug.log", "EventTool": "ADE GUI", "EventTest": ""}
[2025-04-22 01:02:26.964 -0400] [EVENT] [cadence.virtuoso.ade.gui] - NewHistoryCreated {"point": 1, "testname": "project_1_inverter_1", "event": "NewHistoryCreated", "EventSource": "ADE GUI", "history": "ExplorerRun.0", "HistoryName": "ExplorerRun.0", "WorkDir": "/nethome/rgoel68/ECE3150", "HistorySimDir": "/nethome/rgoel68/simulation/project_1/inverter/maestro/results/maestro/ExplorerRun.0", "HistoryResultsDir": "/nethome/rgoel68/ECE3150/project_1/inverter/maestro/results/maestro"}
[2025-04-22 01:02:26.965 -0400] [PROCESS] [cadence.virtuoso.ade.gui] - History Setup {"hostname": "ece-linlabsrv01.ece.gatech.edu", "processid": 486488, "history": "ExplorerRun.0", "testname": "project_1_inverter_1", "point": 1, "logfile": "/nethome/rgoel68/ECE3150/logs_rgoel68/logs0/virtuoso_ade_debug.log", "jobmode": "LSCS", "runmode": "Single Run, Sweeps and Corners", "lib": "project_1", "cell": "inverter", "view": "maestro", "icversion": "sub-version  IC23.1-64b.ISR12.37 ", "runstart": "Tue Apr 22 01:02:26 2025\n", "timezonelocal": "+000", "spectreversion": "unknown", "jobpolicyname": "", "maxjobs": "unknown", "ncjobpolicyname": "", "ncmaxjobs": "unknown", "numtests": "1", "runfinished": "unknown", "runelapsed": "-1", "numcorners": "1"}
[2025-04-22 01:02:28.071 -0400] [INFO] [cadence.virtuoso.ade.pointevaluator] - Submitted {"history": "ExplorerRun.0", "point": 1, "testname": "project_1_inverter_1"}
[2025-04-22 01:02:33.088 -0400] [PROCESS] [cadence.virtuoso.ade.gui] - /nethome/rgoel68/ECE3150/.tmp_rgoel68/.cmddir0/swiftNetlistService4 is starting {"logfile": "/nethome/rgoel68/ECE3150/logs_rgoel68/logs0/Service4.log"}
[2025-04-22 01:02:33.205 -0400] [PROCESS] [cadence.virtuoso.ade.gui] - COLLECTION_JOB_ID = '4'
 {"logfile": "/nethome/rgoel68/ECE3150/logs_rgoel68/logs0/Service4.log"}
[2025-04-22 01:02:33.206 -0400] [PROCESS] [cadence.virtuoso.ade.gui] - Netlist Service '1104459' is starting up on host 'ece-linlabsrv01.ece.gatech.edu' {"logfile": "/nethome/rgoel68/ECE3150/logs_rgoel68/logs0/Service4.log"}
[2025-04-22 01:02:53.089 -0400] [PROCESS] [cadence.virtuoso.ade.gui] - /nethome/rgoel68/ECE3150/.tmp_rgoel68/.cmddir0/swiftJob5 is starting {"logfile": "/nethome/rgoel68/ECE3150/logs_rgoel68/logs0/Job5.log"}
[2025-04-22 01:02:53.219 -0400] [PROCESS] [cadence.virtuoso.ade.gui] - COLLECTION_JOB_ID = '5'
 {"logfile": "/nethome/rgoel68/ECE3150/logs_rgoel68/logs0/Job5.log"}
[2025-04-22 01:02:53.220 -0400] [PROCESS] [cadence.virtuoso.ade.gui] - Simulation Monitor process '1123903' is starting up on host 'ece-linlabsrv01.ece.gatech.edu' {"logfile": "/nethome/rgoel68/ECE3150/logs_rgoel68/logs0/Job5.log"}
[2025-04-22 01:03:00.587 -0400] [INFO] [cadence.virtuoso.ade.gui] - Point completed {"history": "ExplorerRun.0", "point": 1, "testname": "project_1_inverter_1"}
[2025-04-22 01:03:05.585 -0400] [INFO] [cadence.virtuoso.ade.gui] - Point completed {"history": "ExplorerRun.0", "point": 2, "testname": "project_1_inverter_1"}
[2025-04-22 01:03:11.587 -0400] [INFO] [cadence.virtuoso.ade.gui] - Point completed {"history": "ExplorerRun.0", "point": 3, "testname": "project_1_inverter_1"}
[2025-04-22 01:03:16.587 -0400] [INFO] [cadence.virtuoso.ade.gui] - Point completed {"history": "ExplorerRun.0", "point": 4, "testname": "project_1_inverter_1"}
[2025-04-22 01:03:21.585 -0400] [INFO] [cadence.virtuoso.ade.gui] - Point completed {"history": "ExplorerRun.0", "point": 5, "testname": "project_1_inverter_1"}
[2025-04-22 01:03:22.103 -0400] [EVENT] [cadence.virtuoso.ade.gui] - HistoryFinished {"point": 1, "testname": "project_1_inverter_1", "event": "HistoryFinished", "EventSource": "ADE GUI", "HistoryName": "ExplorerRun.0"}
[2025-04-22 01:08:05.577 -0400] [PROCESS] [cadence.virtuoso.ade.gui] - Netlist Service '1104459' stopped with exit code '0' {"logfile": "/nethome/rgoel68/ECE3150/logs_rgoel68/logs0/Service4.log"}
[2025-04-22 01:09:29.526 -0400] [EVENT] [cadence.virtuoso.ade.gui] - AddLogFile {"history": "ExplorerRun.0", "point": 1, "testname": "project_1_inverter_1", "event": "AddLogFile", "EventSource": "ADE GUI", "HistoryName": "ExplorerRun.0", "Points": "", "EventLogFile": "/nethome/rgoel68/ECE3150/logs_rgoel68/logs0/virtuoso_ade_debug.log", "EventTool": "ADE GUI", "EventTest": ""}
[2025-04-22 01:09:29.529 -0400] [EVENT] [cadence.virtuoso.ade.gui] - NewHistoryCreated {"point": 1, "testname": "project_1_inverter_1", "event": "NewHistoryCreated", "EventSource": "ADE GUI", "history": "ExplorerRun.0", "HistoryName": "ExplorerRun.0", "WorkDir": "/nethome/rgoel68/ECE3150", "HistorySimDir": "/nethome/rgoel68/simulation/project_1/inverter/maestro/results/maestro/ExplorerRun.0", "HistoryResultsDir": "/nethome/rgoel68/ECE3150/project_1/inverter/maestro/results/maestro"}
[2025-04-22 01:09:29.530 -0400] [PROCESS] [cadence.virtuoso.ade.gui] - History Setup {"hostname": "ece-linlabsrv01.ece.gatech.edu", "processid": 486488, "history": "ExplorerRun.0", "testname": "project_1_inverter_1", "point": 1, "logfile": "/nethome/rgoel68/ECE3150/logs_rgoel68/logs0/virtuoso_ade_debug.log", "jobmode": "LSCS", "runmode": "Single Run, Sweeps and Corners", "lib": "project_1", "cell": "inverter", "view": "maestro", "icversion": "sub-version  IC23.1-64b.ISR12.37 ", "runstart": "Tue Apr 22 01:09:29 2025\n", "timezonelocal": "+000", "spectreversion": "unknown", "jobpolicyname": "", "maxjobs": "unknown", "ncjobpolicyname": "", "ncmaxjobs": "unknown", "numtests": "1", "runfinished": "unknown", "runelapsed": "-1", "numcorners": "1"}
[2025-04-22 01:09:31.342 -0400] [INFO] [cadence.virtuoso.ade.pointevaluator] - Submitted {"history": "ExplorerRun.0", "point": 1, "testname": "project_1_inverter_1"}
[2025-04-22 01:09:36.089 -0400] [PROCESS] [cadence.virtuoso.ade.gui] - /nethome/rgoel68/ECE3150/.tmp_rgoel68/.cmddir0/swiftNetlistService6 is starting {"logfile": "/nethome/rgoel68/ECE3150/logs_rgoel68/logs0/Service6.log"}
[2025-04-22 01:09:36.209 -0400] [PROCESS] [cadence.virtuoso.ade.gui] - COLLECTION_JOB_ID = '6'
 {"logfile": "/nethome/rgoel68/ECE3150/logs_rgoel68/logs0/Service6.log"}
[2025-04-22 01:09:36.210 -0400] [PROCESS] [cadence.virtuoso.ade.gui] - Netlist Service '1426663' is starting up on host 'ece-linlabsrv01.ece.gatech.edu' {"logfile": "/nethome/rgoel68/ECE3150/logs_rgoel68/logs0/Service6.log"}
[2025-04-22 01:10:01.095 -0400] [PROCESS] [cadence.virtuoso.ade.gui] - /nethome/rgoel68/ECE3150/.tmp_rgoel68/.cmddir0/swiftJob7 is starting {"logfile": "/nethome/rgoel68/ECE3150/logs_rgoel68/logs0/Job7.log"}
[2025-04-22 01:10:01.230 -0400] [PROCESS] [cadence.virtuoso.ade.gui] - COLLECTION_JOB_ID = '7'
 {"logfile": "/nethome/rgoel68/ECE3150/logs_rgoel68/logs0/Job7.log"}
[2025-04-22 01:10:01.231 -0400] [PROCESS] [cadence.virtuoso.ade.gui] - Simulation Monitor process '1447662' is starting up on host 'ece-linlabsrv01.ece.gatech.edu' {"logfile": "/nethome/rgoel68/ECE3150/logs_rgoel68/logs0/Job7.log"}
[2025-04-22 01:10:08.587 -0400] [INFO] [cadence.virtuoso.ade.gui] - Point completed {"history": "ExplorerRun.0", "point": 1, "testname": "project_1_inverter_1"}
[2025-04-22 01:10:13.585 -0400] [INFO] [cadence.virtuoso.ade.gui] - Point completed {"history": "ExplorerRun.0", "point": 2, "testname": "project_1_inverter_1"}
[2025-04-22 01:10:18.585 -0400] [INFO] [cadence.virtuoso.ade.gui] - Point completed {"history": "ExplorerRun.0", "point": 3, "testname": "project_1_inverter_1"}
[2025-04-22 01:10:23.587 -0400] [INFO] [cadence.virtuoso.ade.gui] - Point completed {"history": "ExplorerRun.0", "point": 4, "testname": "project_1_inverter_1"}
[2025-04-22 01:10:27.586 -0400] [INFO] [cadence.virtuoso.ade.gui] - Point completed {"history": "ExplorerRun.0", "point": 5, "testname": "project_1_inverter_1"}
[2025-04-22 01:10:28.028 -0400] [EVENT] [cadence.virtuoso.ade.gui] - HistoryFinished {"point": 1, "testname": "project_1_inverter_1", "event": "HistoryFinished", "EventSource": "ADE GUI", "HistoryName": "ExplorerRun.0"}
[2025-04-22 01:15:09.564 -0400] [PROCESS] [cadence.virtuoso.ade.gui] - Netlist Service '1426663' stopped with exit code '0' {"logfile": "/nethome/rgoel68/ECE3150/logs_rgoel68/logs0/Service6.log"}
[2025-04-22 01:24:47.386 -0400] [PROCESS] [cadence.virtuoso.ade.gui] - Logging Service '508943' stopped with exit code '0' {"logfile": "/nethome/rgoel68/ECE3150/logs_rgoel68/logs0/LoggingService0.log"}
[2025-04-22 01:27:06.203 -0400] [PROCESS] [cadence.virtuoso.ade.gui] - /nethome/rgoel68/ECE3150/.tmp_rgoel68/.cmddir0/swiftLoggingService8 is starting {"logfile": "/nethome/rgoel68/ECE3150/logs_rgoel68/logs0/LoggingService8.log"}
[2025-04-22 01:27:06.326 -0400] [PROCESS] [cadence.virtuoso.ade.gui] - /nethome/rgoel68/ECE3150/.tmp_rgoel68/.cmddir0/swiftNetlistService9 is starting {"logfile": "/nethome/rgoel68/ECE3150/logs_rgoel68/logs0/Service9.log"}
[2025-04-22 01:27:06.327 -0400] [PROCESS] [cadence.virtuoso.ade.gui] - COLLECTION_JOB_ID = '8'
 {"logfile": "/nethome/rgoel68/ECE3150/logs_rgoel68/logs0/LoggingService8.log"}
[2025-04-22 01:27:06.327 -0400] [PROCESS] [cadence.virtuoso.ade.gui] - Logging Service '2117311' is starting up on host 'ece-linlabsrv01.ece.gatech.edu' {"logfile": "/nethome/rgoel68/ECE3150/logs_rgoel68/logs0/LoggingService8.log"}
[2025-04-22 01:27:08.562 -0400] [PROCESS] [cadence.virtuoso.ade.gui] - COLLECTION_JOB_ID = '9'
 {"logfile": "/nethome/rgoel68/ECE3150/logs_rgoel68/logs0/Service9.log"}
[2025-04-22 01:27:08.655 -0400] [PROCESS] [cadence.virtuoso.ade.gui] - Netlist Service '2117546' is starting up on host 'ece-linlabsrv01.ece.gatech.edu' {"logfile": "/nethome/rgoel68/ECE3150/logs_rgoel68/logs0/Service9.log"}
[2025-04-22 01:29:48.938 -0400] [EVENT] [cadence.virtuoso.ade.gui] - AddLogFile {"history": "ExplorerRun.0", "event": "AddLogFile", "EventSource": "unknown", "HistoryName": "ExplorerRun.0", "Points": "", "EventLogFile": "", "EventTool": "unknown", "EventTest": ""}
[2025-04-22 01:29:48.940 -0400] [EVENT] [cadence.virtuoso.ade.gui] - NewHistoryCreated {"event": "NewHistoryCreated", "EventSource": "unknown", "history": "ExplorerRun.0", "HistoryName": "ExplorerRun.0", "WorkDir": "/nethome/rgoel68/ECE3150", "HistorySimDir": "/nethome/rgoel68/simulation/project3/inverter_vth/maestro/results/maestro/ExplorerRun.0", "HistoryResultsDir": "/nethome/rgoel68/ECE3150/project3/inverter_vth/maestro/results/maestro"}
[2025-04-22 01:29:48.941 -0400] [PROCESS] [cadence.virtuoso.ade.gui] - History Setup {"hostname": "ece-linlabsrv01.ece.gatech.edu", "processid": 486488, "history": "ExplorerRun.0", "jobmode": "LSCS", "runmode": "Single Run, Sweeps and Corners", "lib": "project3", "cell": "inverter_vth", "view": "maestro", "icversion": "sub-version  IC23.1-64b.ISR12.37 ", "runstart": "Tue Apr 22 01:29:48 2025\n", "timezonelocal": "+000", "spectreversion": "unknown", "jobpolicyname": "", "maxjobs": "unknown", "ncjobpolicyname": "", "ncmaxjobs": "unknown", "numtests": "1", "runfinished": "unknown", "runelapsed": "-1", "numcorners": "1"}
[2025-04-22 01:29:51.080 -0400] [EVENT] [cadence.virtuoso.ade.pointevaluator] - NewPoint {"history": "ExplorerRun.0", "point": 1, "testname": "project3_inverter_vth_1", "event": "NewPoint", "EventSource": "unknown", "HistoryName": "ExplorerRun.0", "logFile": "", "logFileSize": "-1", "category": "point-netlist"}
[2025-04-22 01:29:51.081 -0400] [INFO] [cadence.virtuoso.ade.pointevaluator] - Started netlisting {"history": "ExplorerRun.0", "point": 1, "testname": "project3_inverter_vth_1", "event": "start", "category": "point-netlist"}
[2025-04-22 01:29:53.918 -0400] [INFO] [cadence.virtuoso.ade.pointevaluator] - Finished netlisting {"history": "ExplorerRun.0", "point": 1, "testname": "project3_inverter_vth_1", "event": "finish", "category": "point-netlist"}
[2025-04-22 01:29:53.918 -0400] [INFO] [cadence.virtuoso.ade.pointevaluator] - Submitted {"history": "ExplorerRun.0", "point": 1, "testname": "project3_inverter_vth_1"}
[2025-04-22 01:29:55.046 -0400] [PROCESS] [cadence.virtuoso.ade.gui] - /nethome/rgoel68/ECE3150/.tmp_rgoel68/.cmddir0/swiftJob10 is starting {"logfile": "/nethome/rgoel68/ECE3150/logs_rgoel68/logs0/Job10.log"}
[2025-04-22 01:29:55.163 -0400] [PROCESS] [cadence.virtuoso.ade.gui] - COLLECTION_JOB_ID = '10'
 {"logfile": "/nethome/rgoel68/ECE3150/logs_rgoel68/logs0/Job10.log"}
[2025-04-22 01:29:55.164 -0400] [PROCESS] [cadence.virtuoso.ade.gui] - Simulation Monitor process '2270633' is starting up on host 'ece-linlabsrv01.ece.gatech.edu' {"logfile": "/nethome/rgoel68/ECE3150/logs_rgoel68/logs0/Job10.log"}
[2025-04-22 01:30:02.086 -0400] [INFO] [cadence.virtuoso.ade.gui] - Point completed {"history": "ExplorerRun.0", "point": 1, "testname": "project3_inverter_vth_1"}
[2025-04-22 01:30:02.390 -0400] [EVENT] [cadence.virtuoso.ade.gui] - HistoryFinished {"point": 1, "testname": "project3_inverter_vth_1", "event": "HistoryFinished", "EventSource": "unknown", "HistoryName": "ExplorerRun.0"}
[2025-04-22 01:31:57.253 -0400] [EVENT] [cadence.virtuoso.ade.gui] - AddLogFile {"history": "ExplorerRun.0", "point": 1, "testname": "project3_inverter_vth_1", "event": "AddLogFile", "EventSource": "unknown", "HistoryName": "ExplorerRun.0", "Points": "", "EventLogFile": "", "EventTool": "unknown", "EventTest": ""}
[2025-04-22 01:31:57.255 -0400] [EVENT] [cadence.virtuoso.ade.gui] - NewHistoryCreated {"point": 1, "testname": "project3_inverter_vth_1", "event": "NewHistoryCreated", "EventSource": "unknown", "history": "ExplorerRun.0", "HistoryName": "ExplorerRun.0", "WorkDir": "/nethome/rgoel68/ECE3150", "HistorySimDir": "/nethome/rgoel68/simulation/project3/inverter_vth/maestro/results/maestro/ExplorerRun.0", "HistoryResultsDir": "/nethome/rgoel68/ECE3150/project3/inverter_vth/maestro/results/maestro"}
[2025-04-22 01:31:57.256 -0400] [PROCESS] [cadence.virtuoso.ade.gui] - History Setup {"hostname": "ece-linlabsrv01.ece.gatech.edu", "processid": 486488, "history": "ExplorerRun.0", "testname": "project3_inverter_vth_1", "point": 1, "jobmode": "LSCS", "runmode": "Single Run, Sweeps and Corners", "lib": "project3", "cell": "inverter_vth", "view": "maestro", "icversion": "sub-version  IC23.1-64b.ISR12.37 ", "runstart": "Tue Apr 22 01:31:57 2025\n", "timezonelocal": "+000", "spectreversion": "unknown", "jobpolicyname": "", "maxjobs": "unknown", "ncjobpolicyname": "", "ncmaxjobs": "unknown", "numtests": "1", "runfinished": "unknown", "runelapsed": "-1", "numcorners": "1"}
[2025-04-22 01:31:59.382 -0400] [EVENT] [cadence.virtuoso.ade.pointevaluator] - NewPoint {"history": "ExplorerRun.0", "point": 1, "testname": "project3_inverter_vth_1", "event": "NewPoint", "EventSource": "unknown", "HistoryName": "ExplorerRun.0", "logFile": "", "logFileSize": "-1", "category": "point-netlist"}
[2025-04-22 01:31:59.383 -0400] [INFO] [cadence.virtuoso.ade.pointevaluator] - Started netlisting {"history": "ExplorerRun.0", "point": 1, "testname": "project3_inverter_vth_1", "event": "start", "category": "point-netlist"}
[2025-04-22 01:32:00.785 -0400] [INFO] [cadence.virtuoso.ade.pointevaluator] - Finished netlisting {"history": "ExplorerRun.0", "point": 1, "testname": "project3_inverter_vth_1", "event": "finish", "category": "point-netlist"}
[2025-04-22 01:32:00.786 -0400] [INFO] [cadence.virtuoso.ade.pointevaluator] - Submitted {"history": "ExplorerRun.0", "point": 1, "testname": "project3_inverter_vth_1"}
[2025-04-22 01:32:08.087 -0400] [INFO] [cadence.virtuoso.ade.gui] - Point completed {"history": "ExplorerRun.0", "point": 1, "testname": "project3_inverter_vth_1"}
[2025-04-22 01:32:08.448 -0400] [EVENT] [cadence.virtuoso.ade.gui] - HistoryFinished {"point": 1, "testname": "project3_inverter_vth_1", "event": "HistoryFinished", "EventSource": "unknown", "HistoryName": "ExplorerRun.0"}
[2025-04-22 01:32:18.633 -0400] [PROCESS] [cadence.virtuoso.ade.gui] - Netlist Service '2117546' stopped with exit code '0' {"logfile": "/nethome/rgoel68/ECE3150/logs_rgoel68/logs0/Service9.log"}
[2025-04-22 02:00:27.919 -0400] [PROCESS] [cadence.virtuoso.ade.gui] - Logging Service '2117311' stopped with exit code '0' {"logfile": "/nethome/rgoel68/ECE3150/logs_rgoel68/logs0/LoggingService8.log"}
